<?xml version="1.0" encoding="UTF-8"?>
<testsuite xmlns:xsi="http://www.w3.org/2001/XMLSchema-instance" xsi:noNamespaceSchemaLocation="https://maven.apache.org/surefire/maven-surefire-plugin/xsd/surefire-test-report-3.0.xsd" version="3.0" name="com.taskscheduler.WorkerTest" time="1.374" tests="1" errors="0" skipped="0" failures="0">
  <properties>
    <property name="java.specification.version" value="17"/>
    <property name="sun.cpu.isalist" value="amd64"/>
    <property name="sun.jnu.encoding" value="Cp1252"/>
    <property name="java.class.path" value="C:\Users\watek\Desktop\Assignment_1_ADTs\COMP47500-Adv.-Data-Structures-Assignment-1\Assignment_1_ADTs\TaskSchedulerProject\target\test-classes;C:\Users\watek\Desktop\Assignment_1_ADTs\COMP47500-Adv.-Data-Structures-Assignment-1\Assignment_1_ADTs\TaskSchedulerProject\target\classes;C:\Users\watek\.m2\repository\junit\junit\4.13.2\junit-4.13.2.jar;C:\Users\watek\.m2\repository\org\hamcrest\hamcrest-core\1.3\hamcrest-core-1.3.jar;"/>
    <property name="java.vm.vendor" value="Oracle Corporation"/>
    <property name="sun.arch.data.model" value="64"/>
    <property name="user.variant" value=""/>
    <property name="java.vendor.url" value="https://java.oracle.com/"/>
    <property name="user.timezone" value="Europe/Dublin"/>
    <property name="os.name" value="Windows 11"/>
    <property name="java.vm.specification.version" value="17"/>
    <property name="sun.java.launcher" value="SUN_STANDARD"/>
    <property name="user.country" value="IE"/>
    <property name="sun.boot.library.path" value="C:\Program Files\Java\jdk-17\bin"/>
    <property name="sun.java.command" value="C:\Users\watek\AppData\Local\Temp\surefire13917596855937888570\surefirebooter-20250226133305519_3.jar C:\Users\watek\AppData\Local\Temp\surefire13917596855937888570 2025-02-26T13-33-05_353-jvmRun1 surefire-20250226133305519_1tmp surefire_0-20250226133305519_2tmp"/>
    <property name="jdk.debug" value="release"/>
    <property name="surefire.test.class.path" value="C:\Users\watek\Desktop\Assignment_1_ADTs\COMP47500-Adv.-Data-Structures-Assignment-1\Assignment_1_ADTs\TaskSchedulerProject\target\test-classes;C:\Users\watek\Desktop\Assignment_1_ADTs\COMP47500-Adv.-Data-Structures-Assignment-1\Assignment_1_ADTs\TaskSchedulerProject\target\classes;C:\Users\watek\.m2\repository\junit\junit\4.13.2\junit-4.13.2.jar;C:\Users\watek\.m2\repository\org\hamcrest\hamcrest-core\1.3\hamcrest-core-1.3.jar;"/>
    <property name="sun.cpu.endian" value="little"/>
    <property name="user.home" value="C:\Users\watek"/>
    <property name="user.language" value="en"/>
    <property name="java.specification.vendor" value="Oracle Corporation"/>
    <property name="java.version.date" value="2024-07-16"/>
    <property name="java.home" value="C:\Program Files\Java\jdk-17"/>
    <property name="file.separator" value="\"/>
    <property name="basedir" value="C:\Users\watek\Desktop\Assignment_1_ADTs\COMP47500-Adv.-Data-Structures-Assignment-1\Assignment_1_ADTs\TaskSchedulerProject"/>
    <property name="java.vm.compressedOopsMode" value="Zero based"/>
    <property name="line.separator" value="&#10;"/>
    <property name="java.vm.specification.vendor" value="Oracle Corporation"/>
    <property name="java.specification.name" value="Java Platform API Specification"/>
    <property name="surefire.real.class.path" value="C:\Users\watek\AppData\Local\Temp\surefire13917596855937888570\surefirebooter-20250226133305519_3.jar"/>
    <property name="user.script" value=""/>
    <property name="sun.management.compiler" value="HotSpot 64-Bit Tiered Compilers"/>
    <property name="java.runtime.version" value="17.0.12+8-LTS-286"/>
    <property name="user.name" value="watek"/>
    <property name="path.separator" value=";"/>
    <property name="os.version" value="10.0"/>
    <property name="java.runtime.name" value="Java(TM) SE Runtime Environment"/>
    <property name="file.encoding" value="Cp1252"/>
    <property name="java.vm.name" value="Java HotSpot(TM) 64-Bit Server VM"/>
    <property name="localRepository" value="C:\Users\watek\.m2\repository"/>
    <property name="java.vendor.url.bug" value="https://bugreport.java.com/bugreport/"/>
    <property name="java.io.tmpdir" value="C:\Users\watek\AppData\Local\Temp\"/>
    <property name="java.version" value="17.0.12"/>
    <property name="user.dir" value="C:\Users\watek\Desktop\Assignment_1_ADTs\COMP47500-Adv.-Data-Structures-Assignment-1\Assignment_1_ADTs\TaskSchedulerProject"/>
    <property name="os.arch" value="amd64"/>
    <property name="java.vm.specification.name" value="Java Virtual Machine Specification"/>
    <property name="sun.os.patch.level" value=""/>
    <property name="native.encoding" value="Cp1252"/>
    <property name="java.library.path" value="C:\Program Files\Java\jdk-17\bin;C:\WINDOWS\Sun\Java\bin;C:\WINDOWS\system32;C:\WINDOWS;C:\Program Files\Common Files\Oracle\Java\javapath;C:\Program Files (x86)\Common Files\Oracle\Java\java8path;C:\Program Files (x86)\Common Files\Oracle\Java\javapath;C:\xpressmp\bin;C:\xpressmp\workbench;C:\WINDOWS\system32;C:\WINDOWS;C:\WINDOWS\System32\Wbem;C:\WINDOWS\System32\WindowsPowerShell\v1.0\;C:\WINDOWS\System32\OpenSSH\;C:\Program Files\dotnet\;C:\Program Files\nodejs\;C:\Program Files\Git\cmd;C:\Users\watek\AppData\Local\Microsoft\WindowsApps;C:\Users\watek\AppData\Local\Programs\Microsoft VS Code\bin;C:\Users\watek\AppData\Roaming\npm;C:\Program Files\apache-maven-3.9.9\bin;C:\Users\watek\AppData\Local\Microsoft\WindowsApps;C:\Users\watek\AppData\Local\Programs\Microsoft VS Code\bin;C:\Users\watek\AppData\Roaming\npm;."/>
    <property name="java.vm.info" value="mixed mode, sharing"/>
    <property name="java.vendor" value="Oracle Corporation"/>
    <property name="java.vm.version" value="17.0.12+8-LTS-286"/>
    <property name="sun.io.unicode.encoding" value="UnicodeLittle"/>
    <property name="java.class.version" value="61.0"/>
  </properties>
  <testcase name="testWorkerProcessing" classname="com.taskscheduler.WorkerTest" time="1.374">
    <system-out><![CDATA[Processed Task 50 (HIGH) | Wait: 1ms, Turnaround: 66ms, Thread: Thread-1
Processed Task 49 (HIGH) | Wait: 1ms, Turnaround: 66ms, Thread: Thread-2
Processed Task 47 (HIGH) | Wait: 66ms, Turnaround: 117ms, Thread: Thread-1
Processed Task 48 (HIGH) | Wait: 66ms, Turnaround: 117ms, Thread: Thread-2
Processed Task 46 (HIGH) | Wait: 117ms, Turnaround: 175ms, Thread: Thread-2
Processed Task 45 (HIGH) | Wait: 117ms, Turnaround: 175ms, Thread: Thread-1
Processed Task 44 (HIGH) | Wait: 175ms, Turnaround: 228ms, Thread: Thread-2
Processed Task 43 (HIGH) | Wait: 175ms, Turnaround: 228ms, Thread: Thread-1
Processed Task 42 (HIGH) | Wait: 228ms, Turnaround: 289ms, Thread: Thread-2
Processed Task 41 (HIGH) | Wait: 228ms, Turnaround: 289ms, Thread: Thread-1
Processed Task 40 (HIGH) | Wait: 289ms, Turnaround: 340ms, Thread: Thread-2
Processed Task 39 (HIGH) | Wait: 289ms, Turnaround: 340ms, Thread: Thread-1
Processed Task 37 (HIGH) | Wait: 340ms, Turnaround: 394ms, Thread: Thread-1
Processed Task 38 (HIGH) | Wait: 340ms, Turnaround: 394ms, Thread: Thread-2
Processed Task 35 (HIGH) | Wait: 394ms, Turnaround: 450ms, Thread: Thread-1
Processed Task 36 (HIGH) | Wait: 394ms, Turnaround: 450ms, Thread: Thread-2
Processed Task 33 (HIGH) | Wait: 450ms, Turnaround: 506ms, Thread: Thread-2
Processed Task 34 (HIGH) | Wait: 450ms, Turnaround: 506ms, Thread: Thread-1
Processed Task 32 (HIGH) | Wait: 506ms, Turnaround: 560ms, Thread: Thread-2
Processed Task 31 (HIGH) | Wait: 506ms, Turnaround: 560ms, Thread: Thread-1
Processed Task 30 (HIGH) | Wait: 560ms, Turnaround: 613ms, Thread: Thread-1
Processed Task 29 (HIGH) | Wait: 560ms, Turnaround: 613ms, Thread: Thread-2
Processed Task 28 (HIGH) | Wait: 613ms, Turnaround: 663ms, Thread: Thread-1
Processed Task 27 (HIGH) | Wait: 613ms, Turnaround: 663ms, Thread: Thread-2
Processed Task 25 (HIGH) | Wait: 663ms, Turnaround: 720ms, Thread: Thread-2
Processed Task 26 (HIGH) | Wait: 663ms, Turnaround: 720ms, Thread: Thread-1
Processed Task 24 (HIGH) | Wait: 720ms, Turnaround: 771ms, Thread: Thread-2
Processed Task 23 (HIGH) | Wait: 720ms, Turnaround: 771ms, Thread: Thread-1
Processed Task 21 (HIGH) | Wait: 771ms, Turnaround: 829ms, Thread: Thread-1
Processed Task 22 (HIGH) | Wait: 771ms, Turnaround: 829ms, Thread: Thread-2
Processed Task 19 (HIGH) | Wait: 829ms, Turnaround: 880ms, Thread: Thread-2
Processed Task 20 (HIGH) | Wait: 829ms, Turnaround: 880ms, Thread: Thread-1
Processed Task 18 (HIGH) | Wait: 880ms, Turnaround: 936ms, Thread: Thread-2
Processed Task 17 (HIGH) | Wait: 880ms, Turnaround: 936ms, Thread: Thread-1
Processed Task 15 (HIGH) | Wait: 936ms, Turnaround: 991ms, Thread: Thread-1
Processed Task 16 (HIGH) | Wait: 936ms, Turnaround: 991ms, Thread: Thread-2
Processed Task 13 (HIGH) | Wait: 991ms, Turnaround: 1057ms, Thread: Thread-1
Processed Task 14 (HIGH) | Wait: 991ms, Turnaround: 1057ms, Thread: Thread-2
Processed Task 11 (HIGH) | Wait: 1057ms, Turnaround: 1110ms, Thread: Thread-1
Processed Task 12 (HIGH) | Wait: 1057ms, Turnaround: 1110ms, Thread: Thread-2
Processed Task 10 (HIGH) | Wait: 1110ms, Turnaround: 1164ms, Thread: Thread-2
Processed Task 9 (HIGH) | Wait: 1110ms, Turnaround: 1164ms, Thread: Thread-1
Processed Task 7 (HIGH) | Wait: 1164ms, Turnaround: 1219ms, Thread: Thread-1
Processed Task 8 (HIGH) | Wait: 1164ms, Turnaround: 1219ms, Thread: Thread-2
Processed Task 6 (HIGH) | Wait: 1219ms, Turnaround: 1272ms, Thread: Thread-1
Processed Task 5 (HIGH) | Wait: 1219ms, Turnaround: 1272ms, Thread: Thread-2
Processed Task 3 (HIGH) | Wait: 1272ms, Turnaround: 1326ms, Thread: Thread-2
Processed Task 4 (HIGH) | Wait: 1272ms, Turnaround: 1326ms, Thread: Thread-1
Processed Task 2 (HIGH) | Wait: 1326ms, Turnaround: 1380ms, Thread: Thread-2
Processed Task 1 (HIGH) | Wait: 1326ms, Turnaround: 1380ms, Thread: Thread-1
]]></system-out>
  </testcase>
</testsuite>