<?xml version="1.0" encoding="UTF-8"?>
<testsuite xmlns:xsi="http://www.w3.org/2001/XMLSchema-instance" xsi:noNamespaceSchemaLocation="https://maven.apache.org/surefire/maven-surefire-plugin/xsd/surefire-test-report-3.0.xsd" version="3.0" name="com.taskscheduler.SystemTest" time="106.058" tests="1" errors="0" skipped="0" failures="0">
  <properties>
    <property name="java.specification.version" value="17"/>
    <property name="sun.cpu.isalist" value="amd64"/>
    <property name="sun.jnu.encoding" value="Cp1252"/>
    <property name="java.class.path" value="C:\Users\watek\Desktop\Assignment_1_ADTs\COMP47500-Adv.-Data-Structures-Assignment-1\Assignment_1_ADTs\TaskSchedulerProject\target\test-classes;C:\Users\watek\Desktop\Assignment_1_ADTs\COMP47500-Adv.-Data-Structures-Assignment-1\Assignment_1_ADTs\TaskSchedulerProject\target\classes;C:\Users\watek\.m2\repository\junit\junit\4.13.2\junit-4.13.2.jar;C:\Users\watek\.m2\repository\org\hamcrest\hamcrest-core\1.3\hamcrest-core-1.3.jar;"/>
    <property name="java.vm.vendor" value="Oracle Corporation"/>
    <property name="sun.arch.data.model" value="64"/>
    <property name="user.variant" value=""/>
    <property name="java.vendor.url" value="https://java.oracle.com/"/>
    <property name="user.timezone" value="Europe/Dublin"/>
    <property name="os.name" value="Windows 11"/>
    <property name="java.vm.specification.version" value="17"/>
    <property name="sun.java.launcher" value="SUN_STANDARD"/>
    <property name="user.country" value="IE"/>
    <property name="sun.boot.library.path" value="C:\Program Files\Java\jdk-17\bin"/>
    <property name="sun.java.command" value="C:\Users\watek\AppData\Local\Temp\surefire13917596855937888570\surefirebooter-20250226133305519_3.jar C:\Users\watek\AppData\Local\Temp\surefire13917596855937888570 2025-02-26T13-33-05_353-jvmRun1 surefire-20250226133305519_1tmp surefire_0-20250226133305519_2tmp"/>
    <property name="jdk.debug" value="release"/>
    <property name="surefire.test.class.path" value="C:\Users\watek\Desktop\Assignment_1_ADTs\COMP47500-Adv.-Data-Structures-Assignment-1\Assignment_1_ADTs\TaskSchedulerProject\target\test-classes;C:\Users\watek\Desktop\Assignment_1_ADTs\COMP47500-Adv.-Data-Structures-Assignment-1\Assignment_1_ADTs\TaskSchedulerProject\target\classes;C:\Users\watek\.m2\repository\junit\junit\4.13.2\junit-4.13.2.jar;C:\Users\watek\.m2\repository\org\hamcrest\hamcrest-core\1.3\hamcrest-core-1.3.jar;"/>
    <property name="sun.cpu.endian" value="little"/>
    <property name="user.home" value="C:\Users\watek"/>
    <property name="user.language" value="en"/>
    <property name="java.specification.vendor" value="Oracle Corporation"/>
    <property name="java.version.date" value="2024-07-16"/>
    <property name="java.home" value="C:\Program Files\Java\jdk-17"/>
    <property name="file.separator" value="\"/>
    <property name="basedir" value="C:\Users\watek\Desktop\Assignment_1_ADTs\COMP47500-Adv.-Data-Structures-Assignment-1\Assignment_1_ADTs\TaskSchedulerProject"/>
    <property name="java.vm.compressedOopsMode" value="Zero based"/>
    <property name="line.separator" value="&#10;"/>
    <property name="java.vm.specification.vendor" value="Oracle Corporation"/>
    <property name="java.specification.name" value="Java Platform API Specification"/>
    <property name="surefire.real.class.path" value="C:\Users\watek\AppData\Local\Temp\surefire13917596855937888570\surefirebooter-20250226133305519_3.jar"/>
    <property name="user.script" value=""/>
    <property name="sun.management.compiler" value="HotSpot 64-Bit Tiered Compilers"/>
    <property name="java.runtime.version" value="17.0.12+8-LTS-286"/>
    <property name="user.name" value="watek"/>
    <property name="path.separator" value=";"/>
    <property name="os.version" value="10.0"/>
    <property name="java.runtime.name" value="Java(TM) SE Runtime Environment"/>
    <property name="file.encoding" value="Cp1252"/>
    <property name="java.vm.name" value="Java HotSpot(TM) 64-Bit Server VM"/>
    <property name="localRepository" value="C:\Users\watek\.m2\repository"/>
    <property name="java.vendor.url.bug" value="https://bugreport.java.com/bugreport/"/>
    <property name="java.io.tmpdir" value="C:\Users\watek\AppData\Local\Temp\"/>
    <property name="java.version" value="17.0.12"/>
    <property name="user.dir" value="C:\Users\watek\Desktop\Assignment_1_ADTs\COMP47500-Adv.-Data-Structures-Assignment-1\Assignment_1_ADTs\TaskSchedulerProject"/>
    <property name="os.arch" value="amd64"/>
    <property name="java.vm.specification.name" value="Java Virtual Machine Specification"/>
    <property name="sun.os.patch.level" value=""/>
    <property name="native.encoding" value="Cp1252"/>
    <property name="java.library.path" value="C:\Program Files\Java\jdk-17\bin;C:\WINDOWS\Sun\Java\bin;C:\WINDOWS\system32;C:\WINDOWS;C:\Program Files\Common Files\Oracle\Java\javapath;C:\Program Files (x86)\Common Files\Oracle\Java\java8path;C:\Program Files (x86)\Common Files\Oracle\Java\javapath;C:\xpressmp\bin;C:\xpressmp\workbench;C:\WINDOWS\system32;C:\WINDOWS;C:\WINDOWS\System32\Wbem;C:\WINDOWS\System32\WindowsPowerShell\v1.0\;C:\WINDOWS\System32\OpenSSH\;C:\Program Files\dotnet\;C:\Program Files\nodejs\;C:\Program Files\Git\cmd;C:\Users\watek\AppData\Local\Microsoft\WindowsApps;C:\Users\watek\AppData\Local\Programs\Microsoft VS Code\bin;C:\Users\watek\AppData\Roaming\npm;C:\Program Files\apache-maven-3.9.9\bin;C:\Users\watek\AppData\Local\Microsoft\WindowsApps;C:\Users\watek\AppData\Local\Programs\Microsoft VS Code\bin;C:\Users\watek\AppData\Roaming\npm;."/>
    <property name="java.vm.info" value="mixed mode, sharing"/>
    <property name="java.vendor" value="Oracle Corporation"/>
    <property name="java.vm.version" value="17.0.12+8-LTS-286"/>
    <property name="sun.io.unicode.encoding" value="UnicodeLittle"/>
    <property name="java.class.version" value="61.0"/>
  </properties>
  <testcase name="testFullExperimentRun" classname="com.taskscheduler.SystemTest" time="106.01">
    <system-out><![CDATA[
=============================
Starting run 1 of 50
=============================
Processed Task 100 (HIGH) | Wait: 1ms, Turnaround: 62ms, Thread: pool-2-thread-1
Processed Task 3 (MEDIUM) | Wait: 1ms, Turnaround: 62ms, Thread: pool-2-thread-2
Processed Task 5 (LOW) | Wait: 1ms, Turnaround: 62ms, Thread: pool-2-thread-3
Processed Task 97 (HIGH) | Wait: 62ms, Turnaround: 123ms, Thread: pool-2-thread-1
Processed Task 6 (LOW) | Wait: 62ms, Turnaround: 123ms, Thread: pool-2-thread-3
Processed Task 11 (MEDIUM) | Wait: 62ms, Turnaround: 123ms, Thread: pool-2-thread-2
Processed Task 7 (LOW) | Wait: 123ms, Turnaround: 188ms, Thread: pool-2-thread-3
Processed Task 12 (MEDIUM) | Wait: 123ms, Turnaround: 188ms, Thread: pool-2-thread-2
Processed Task 93 (HIGH) | Wait: 123ms, Turnaround: 188ms, Thread: pool-2-thread-1
Processed Task 14 (MEDIUM) | Wait: 188ms, Turnaround: 241ms, Thread: pool-2-thread-2
Processed Task 91 (HIGH) | Wait: 188ms, Turnaround: 241ms, Thread: pool-2-thread-1
Processed Task 10 (LOW) | Wait: 188ms, Turnaround: 242ms, Thread: pool-2-thread-3
Processed Task 87 (HIGH) | Wait: 241ms, Turnaround: 306ms, Thread: pool-2-thread-1
Processed Task 17 (LOW) | Wait: 242ms, Turnaround: 306ms, Thread: pool-2-thread-3
Processed Task 20 (MEDIUM) | Wait: 241ms, Turnaround: 306ms, Thread: pool-2-thread-2
Processed Task 22 (MEDIUM) | Wait: 306ms, Turnaround: 364ms, Thread: pool-2-thread-2
Processed Task 24 (LOW) | Wait: 306ms, Turnaround: 364ms, Thread: pool-2-thread-3
Processed Task 79 (HIGH) | Wait: 306ms, Turnaround: 364ms, Thread: pool-2-thread-1
Processed Task 78 (HIGH) | Wait: 364ms, Turnaround: 415ms, Thread: pool-2-thread-1
Processed Task 25 (LOW) | Wait: 364ms, Turnaround: 415ms, Thread: pool-2-thread-3
Processed Task 23 (MEDIUM) | Wait: 364ms, Turnaround: 415ms, Thread: pool-2-thread-2
Processed Task 26 (LOW) | Wait: 415ms, Turnaround: 473ms, Thread: pool-2-thread-3
Processed Task 74 (HIGH) | Wait: 415ms, Turnaround: 473ms, Thread: pool-2-thread-1
Processed Task 30 (MEDIUM) | Wait: 415ms, Turnaround: 473ms, Thread: pool-2-thread-2
Processed Task 71 (HIGH) | Wait: 473ms, Turnaround: 536ms, Thread: pool-2-thread-1
Processed Task 27 (LOW) | Wait: 473ms, Turnaround: 536ms, Thread: pool-2-thread-3
Processed Task 34 (MEDIUM) | Wait: 473ms, Turnaround: 536ms, Thread: pool-2-thread-2
Processed Task 40 (MEDIUM) | Wait: 536ms, Turnaround: 589ms, Thread: pool-2-thread-2
Processed Task 69 (HIGH) | Wait: 536ms, Turnaround: 589ms, Thread: pool-2-thread-1
Processed Task 29 (LOW) | Wait: 536ms, Turnaround: 589ms, Thread: pool-2-thread-3
Processed Task 42 (MEDIUM) | Wait: 589ms, Turnaround: 644ms, Thread: pool-2-thread-2
Processed Task 62 (HIGH) | Wait: 589ms, Turnaround: 644ms, Thread: pool-2-thread-1
Processed Task 32 (LOW) | Wait: 589ms, Turnaround: 644ms, Thread: pool-2-thread-3
Processed Task 35 (LOW) | Wait: 644ms, Turnaround: 701ms, Thread: pool-2-thread-3
Processed Task 61 (HIGH) | Wait: 644ms, Turnaround: 701ms, Thread: pool-2-thread-1
Processed Task 44 (MEDIUM) | Wait: 644ms, Turnaround: 701ms, Thread: pool-2-thread-2
Processed Task 60 (HIGH) | Wait: 701ms, Turnaround: 755ms, Thread: pool-2-thread-1
Processed Task 45 (MEDIUM) | Wait: 701ms, Turnaround: 756ms, Thread: pool-2-thread-2
Processed Task 41 (LOW) | Wait: 701ms, Turnaround: 756ms, Thread: pool-2-thread-3
Processed Task 56 (HIGH) | Wait: 755ms, Turnaround: 811ms, Thread: pool-2-thread-1
Processed Task 52 (MEDIUM) | Wait: 756ms, Turnaround: 811ms, Thread: pool-2-thread-2
Processed Task 47 (LOW) | Wait: 756ms, Turnaround: 811ms, Thread: pool-2-thread-3
Processed Task 54 (MEDIUM) | Wait: 811ms, Turnaround: 868ms, Thread: pool-2-thread-2
Processed Task 49 (LOW) | Wait: 811ms, Turnaround: 868ms, Thread: pool-2-thread-3
Processed Task 55 (HIGH) | Wait: 811ms, Turnaround: 868ms, Thread: pool-2-thread-1
Processed Task 51 (HIGH) | Wait: 868ms, Turnaround: 924ms, Thread: pool-2-thread-1
Processed Task 57 (MEDIUM) | Wait: 868ms, Turnaround: 924ms, Thread: pool-2-thread-2
Processed Task 50 (LOW) | Wait: 868ms, Turnaround: 924ms, Thread: pool-2-thread-3
Processed Task 53 (LOW) | Wait: 924ms, Turnaround: 980ms, Thread: pool-2-thread-3
Processed Task 63 (MEDIUM) | Wait: 924ms, Turnaround: 980ms, Thread: pool-2-thread-2
Processed Task 48 (HIGH) | Wait: 924ms, Turnaround: 980ms, Thread: pool-2-thread-1
Processed Task 46 (HIGH) | Wait: 980ms, Turnaround: 1031ms, Thread: pool-2-thread-1
Processed Task 64 (MEDIUM) | Wait: 980ms, Turnaround: 1031ms, Thread: pool-2-thread-2
Processed Task 58 (LOW) | Wait: 980ms, Turnaround: 1031ms, Thread: pool-2-thread-3
Processed Task 59 (LOW) | Wait: 1031ms, Turnaround: 1092ms, Thread: pool-2-thread-3
Processed Task 43 (HIGH) | Wait: 1031ms, Turnaround: 1092ms, Thread: pool-2-thread-1
Processed Task 68 (MEDIUM) | Wait: 1031ms, Turnaround: 1092ms, Thread: pool-2-thread-2
Processed Task 39 (HIGH) | Wait: 1092ms, Turnaround: 1155ms, Thread: pool-2-thread-1
Processed Task 65 (LOW) | Wait: 1092ms, Turnaround: 1155ms, Thread: pool-2-thread-3
Processed Task 70 (MEDIUM) | Wait: 1092ms, Turnaround: 1155ms, Thread: pool-2-thread-2
Processed Task 66 (LOW) | Wait: 1155ms, Turnaround: 1208ms, Thread: pool-2-thread-3
Processed Task 72 (MEDIUM) | Wait: 1155ms, Turnaround: 1208ms, Thread: pool-2-thread-2
Processed Task 38 (HIGH) | Wait: 1155ms, Turnaround: 1208ms, Thread: pool-2-thread-1
Processed Task 73 (MEDIUM) | Wait: 1208ms, Turnaround: 1273ms, Thread: pool-2-thread-2
Processed Task 37 (HIGH) | Wait: 1208ms, Turnaround: 1273ms, Thread: pool-2-thread-1
Processed Task 67 (LOW) | Wait: 1208ms, Turnaround: 1273ms, Thread: pool-2-thread-3
Processed Task 36 (HIGH) | Wait: 1273ms, Turnaround: 1333ms, Thread: pool-2-thread-1
Processed Task 75 (LOW) | Wait: 1273ms, Turnaround: 1333ms, Thread: pool-2-thread-3
Processed Task 76 (MEDIUM) | Wait: 1273ms, Turnaround: 1333ms, Thread: pool-2-thread-2
Processed Task 33 (HIGH) | Wait: 1333ms, Turnaround: 1383ms, Thread: pool-2-thread-1
Processed Task 85 (LOW) | Wait: 1333ms, Turnaround: 1383ms, Thread: pool-2-thread-3
Processed Task 77 (MEDIUM) | Wait: 1333ms, Turnaround: 1383ms, Thread: pool-2-thread-2
Processed Task 80 (MEDIUM) | Wait: 1383ms, Turnaround: 1438ms, Thread: pool-2-thread-2
Processed Task 86 (LOW) | Wait: 1383ms, Turnaround: 1438ms, Thread: pool-2-thread-3
Processed Task 31 (HIGH) | Wait: 1383ms, Turnaround: 1438ms, Thread: pool-2-thread-1
Processed Task 90 (LOW) | Wait: 1438ms, Turnaround: 1491ms, Thread: pool-2-thread-3
Processed Task 28 (HIGH) | Wait: 1438ms, Turnaround: 1491ms, Thread: pool-2-thread-1
Processed Task 81 (MEDIUM) | Wait: 1438ms, Turnaround: 1491ms, Thread: pool-2-thread-2
Processed Task 82 (MEDIUM) | Wait: 1491ms, Turnaround: 1566ms, Thread: pool-2-thread-2
Processed Task 98 (LOW) | Wait: 1491ms, Turnaround: 1566ms, Thread: pool-2-thread-3
Processed Task 21 (HIGH) | Wait: 1491ms, Turnaround: 1566ms, Thread: pool-2-thread-1
Processed Task 19 (HIGH) | Wait: 1566ms, Turnaround: 1623ms, Thread: pool-2-thread-1
Processed Task 83 (MEDIUM) | Wait: 1566ms, Turnaround: 1623ms, Thread: pool-2-thread-2
Processed Task 84 (MEDIUM) | Wait: 1623ms, Turnaround: 1677ms, Thread: pool-2-thread-2
Processed Task 18 (HIGH) | Wait: 1623ms, Turnaround: 1677ms, Thread: pool-2-thread-1
Processed Task 16 (HIGH) | Wait: 1677ms, Turnaround: 1731ms, Thread: pool-2-thread-1
Processed Task 88 (MEDIUM) | Wait: 1677ms, Turnaround: 1731ms, Thread: pool-2-thread-2
Processed Task 15 (HIGH) | Wait: 1731ms, Turnaround: 1790ms, Thread: pool-2-thread-1
Processed Task 89 (MEDIUM) | Wait: 1731ms, Turnaround: 1790ms, Thread: pool-2-thread-2
Processed Task 13 (HIGH) | Wait: 1790ms, Turnaround: 1841ms, Thread: pool-2-thread-1
Processed Task 92 (MEDIUM) | Wait: 1790ms, Turnaround: 1841ms, Thread: pool-2-thread-2
Processed Task 94 (MEDIUM) | Wait: 1841ms, Turnaround: 1895ms, Thread: pool-2-thread-2
Processed Task 9 (HIGH) | Wait: 1841ms, Turnaround: 1895ms, Thread: pool-2-thread-1
Processed Task 8 (HIGH) | Wait: 1895ms, Turnaround: 1950ms, Thread: pool-2-thread-1
Processed Task 95 (MEDIUM) | Wait: 1895ms, Turnaround: 1950ms, Thread: pool-2-thread-2
Processed Task 96 (MEDIUM) | Wait: 1950ms, Turnaround: 2016ms, Thread: pool-2-thread-2
Processed Task 4 (HIGH) | Wait: 1950ms, Turnaround: 2016ms, Thread: pool-2-thread-1
Processed Task 99 (MEDIUM) | Wait: 2016ms, Turnaround: 2069ms, Thread: pool-2-thread-2
Processed Task 2 (HIGH) | Wait: 2016ms, Turnaround: 2069ms, Thread: pool-2-thread-1
Processed Task 1 (HIGH) | Wait: 2070ms, Turnaround: 2124ms, Thread: pool-2-thread-1

----- RESULTS FOR THIS RUN -----
Tasks processed: 100
Total elapsed: 2.13 s
Throughput: 47.06 tasks/s

Wait Time (ms):
  Min = 1
  Max = 2070
  Avg = 954.06
  StdDev = 577.22

Turnaround Time (ms):
  Min = 62
  Max = 2124
  Avg = 1011.61
  StdDev = 576.59
------------------------------


=============================
Starting run 2 of 50
=============================
Processed Task 1 (MEDIUM) | Wait: 0ms, Turnaround: 57ms, Thread: pool-3-thread-2
Processed Task 100 (HIGH) | Wait: 0ms, Turnaround: 57ms, Thread: pool-3-thread-1
Processed Task 18 (LOW) | Wait: 0ms, Turnaround: 57ms, Thread: pool-3-thread-3
Processed Task 20 (LOW) | Wait: 57ms, Turnaround: 119ms, Thread: pool-3-thread-3
Processed Task 6 (MEDIUM) | Wait: 57ms, Turnaround: 119ms, Thread: pool-3-thread-2
Processed Task 97 (HIGH) | Wait: 57ms, Turnaround: 119ms, Thread: pool-3-thread-1
Processed Task 8 (MEDIUM) | Wait: 119ms, Turnaround: 187ms, Thread: pool-3-thread-2
Processed Task 22 (LOW) | Wait: 119ms, Turnaround: 187ms, Thread: pool-3-thread-3
Processed Task 96 (HIGH) | Wait: 119ms, Turnaround: 187ms, Thread: pool-3-thread-1
Processed Task 9 (MEDIUM) | Wait: 187ms, Turnaround: 248ms, Thread: pool-3-thread-2
Processed Task 23 (LOW) | Wait: 187ms, Turnaround: 248ms, Thread: pool-3-thread-3
Processed Task 89 (HIGH) | Wait: 187ms, Turnaround: 248ms, Thread: pool-3-thread-1
Processed Task 88 (HIGH) | Wait: 248ms, Turnaround: 304ms, Thread: pool-3-thread-1
Processed Task 28 (LOW) | Wait: 248ms, Turnaround: 304ms, Thread: pool-3-thread-3
Processed Task 10 (MEDIUM) | Wait: 248ms, Turnaround: 304ms, Thread: pool-3-thread-2
Processed Task 33 (LOW) | Wait: 304ms, Turnaround: 356ms, Thread: pool-3-thread-3
Processed Task 11 (MEDIUM) | Wait: 304ms, Turnaround: 358ms, Thread: pool-3-thread-2
Processed Task 86 (HIGH) | Wait: 304ms, Turnaround: 358ms, Thread: pool-3-thread-1
Processed Task 12 (MEDIUM) | Wait: 358ms, Turnaround: 409ms, Thread: pool-3-thread-2
Processed Task 80 (HIGH) | Wait: 358ms, Turnaround: 409ms, Thread: pool-3-thread-1
Processed Task 34 (LOW) | Wait: 356ms, Turnaround: 409ms, Thread: pool-3-thread-3
Processed Task 78 (HIGH) | Wait: 409ms, Turnaround: 471ms, Thread: pool-3-thread-1
Processed Task 39 (LOW) | Wait: 409ms, Turnaround: 471ms, Thread: pool-3-thread-3
Processed Task 14 (MEDIUM) | Wait: 409ms, Turnaround: 471ms, Thread: pool-3-thread-2
Processed Task 47 (LOW) | Wait: 471ms, Turnaround: 532ms, Thread: pool-3-thread-3
Processed Task 76 (HIGH) | Wait: 471ms, Turnaround: 532ms, Thread: pool-3-thread-1
Processed Task 16 (MEDIUM) | Wait: 471ms, Turnaround: 532ms, Thread: pool-3-thread-2
Processed Task 48 (LOW) | Wait: 532ms, Turnaround: 587ms, Thread: pool-3-thread-3
Processed Task 21 (MEDIUM) | Wait: 532ms, Turnaround: 587ms, Thread: pool-3-thread-2
Processed Task 66 (HIGH) | Wait: 532ms, Turnaround: 587ms, Thread: pool-3-thread-1
Processed Task 49 (LOW) | Wait: 587ms, Turnaround: 651ms, Thread: pool-3-thread-3
Processed Task 65 (HIGH) | Wait: 587ms, Turnaround: 651ms, Thread: pool-3-thread-1
Processed Task 26 (MEDIUM) | Wait: 587ms, Turnaround: 651ms, Thread: pool-3-thread-2
Processed Task 55 (LOW) | Wait: 651ms, Turnaround: 704ms, Thread: pool-3-thread-3
Processed Task 64 (HIGH) | Wait: 651ms, Turnaround: 704ms, Thread: pool-3-thread-1
Processed Task 27 (MEDIUM) | Wait: 651ms, Turnaround: 714ms, Thread: pool-3-thread-2
Processed Task 57 (LOW) | Wait: 704ms, Turnaround: 766ms, Thread: pool-3-thread-3
Processed Task 63 (HIGH) | Wait: 704ms, Turnaround: 766ms, Thread: pool-3-thread-1
Processed Task 29 (MEDIUM) | Wait: 714ms, Turnaround: 766ms, Thread: pool-3-thread-2
Processed Task 58 (LOW) | Wait: 766ms, Turnaround: 825ms, Thread: pool-3-thread-3
Processed Task 32 (MEDIUM) | Wait: 766ms, Turnaround: 825ms, Thread: pool-3-thread-2
Processed Task 59 (HIGH) | Wait: 766ms, Turnaround: 825ms, Thread: pool-3-thread-1
Processed Task 60 (LOW) | Wait: 825ms, Turnaround: 891ms, Thread: pool-3-thread-3
Processed Task 36 (MEDIUM) | Wait: 825ms, Turnaround: 891ms, Thread: pool-3-thread-2
Processed Task 54 (HIGH) | Wait: 825ms, Turnaround: 891ms, Thread: pool-3-thread-1
Processed Task 37 (MEDIUM) | Wait: 891ms, Turnaround: 956ms, Thread: pool-3-thread-2
Processed Task 69 (LOW) | Wait: 891ms, Turnaround: 956ms, Thread: pool-3-thread-3
Processed Task 53 (HIGH) | Wait: 891ms, Turnaround: 956ms, Thread: pool-3-thread-1
Processed Task 51 (HIGH) | Wait: 956ms, Turnaround: 1008ms, Thread: pool-3-thread-1
Processed Task 38 (MEDIUM) | Wait: 956ms, Turnaround: 1008ms, Thread: pool-3-thread-2
Processed Task 73 (LOW) | Wait: 956ms, Turnaround: 1008ms, Thread: pool-3-thread-3
Processed Task 50 (HIGH) | Wait: 1008ms, Turnaround: 1064ms, Thread: pool-3-thread-1
Processed Task 79 (LOW) | Wait: 1008ms, Turnaround: 1064ms, Thread: pool-3-thread-3
Processed Task 40 (MEDIUM) | Wait: 1008ms, Turnaround: 1064ms, Thread: pool-3-thread-2
Processed Task 44 (HIGH) | Wait: 1064ms, Turnaround: 1115ms, Thread: pool-3-thread-1
Processed Task 82 (LOW) | Wait: 1064ms, Turnaround: 1115ms, Thread: pool-3-thread-3
Processed Task 41 (MEDIUM) | Wait: 1064ms, Turnaround: 1115ms, Thread: pool-3-thread-2
Processed Task 90 (LOW) | Wait: 1115ms, Turnaround: 1171ms, Thread: pool-3-thread-3
Processed Task 43 (MEDIUM) | Wait: 1115ms, Turnaround: 1171ms, Thread: pool-3-thread-2
Processed Task 42 (HIGH) | Wait: 1115ms, Turnaround: 1171ms, Thread: pool-3-thread-1
Processed Task 45 (MEDIUM) | Wait: 1171ms, Turnaround: 1221ms, Thread: pool-3-thread-2
Processed Task 35 (HIGH) | Wait: 1171ms, Turnaround: 1222ms, Thread: pool-3-thread-1
Processed Task 93 (LOW) | Wait: 1171ms, Turnaround: 1222ms, Thread: pool-3-thread-3
Processed Task 31 (HIGH) | Wait: 1222ms, Turnaround: 1279ms, Thread: pool-3-thread-1
Processed Task 46 (MEDIUM) | Wait: 1221ms, Turnaround: 1279ms, Thread: pool-3-thread-2
Processed Task 94 (LOW) | Wait: 1222ms, Turnaround: 1279ms, Thread: pool-3-thread-3
Processed Task 52 (MEDIUM) | Wait: 1279ms, Turnaround: 1337ms, Thread: pool-3-thread-2
Processed Task 30 (HIGH) | Wait: 1279ms, Turnaround: 1337ms, Thread: pool-3-thread-1
Processed Task 95 (LOW) | Wait: 1279ms, Turnaround: 1337ms, Thread: pool-3-thread-3
Processed Task 25 (HIGH) | Wait: 1337ms, Turnaround: 1388ms, Thread: pool-3-thread-1
Processed Task 56 (MEDIUM) | Wait: 1337ms, Turnaround: 1388ms, Thread: pool-3-thread-2
Processed Task 98 (LOW) | Wait: 1337ms, Turnaround: 1388ms, Thread: pool-3-thread-3
Processed Task 24 (HIGH) | Wait: 1388ms, Turnaround: 1438ms, Thread: pool-3-thread-1
Processed Task 61 (MEDIUM) | Wait: 1388ms, Turnaround: 1438ms, Thread: pool-3-thread-2
Processed Task 99 (LOW) | Wait: 1388ms, Turnaround: 1442ms, Thread: pool-3-thread-3
Processed Task 62 (MEDIUM) | Wait: 1438ms, Turnaround: 1493ms, Thread: pool-3-thread-2
Processed Task 19 (HIGH) | Wait: 1438ms, Turnaround: 1493ms, Thread: pool-3-thread-1
Processed Task 67 (MEDIUM) | Wait: 1493ms, Turnaround: 1544ms, Thread: pool-3-thread-2
Processed Task 17 (HIGH) | Wait: 1493ms, Turnaround: 1544ms, Thread: pool-3-thread-1
Processed Task 15 (HIGH) | Wait: 1544ms, Turnaround: 1602ms, Thread: pool-3-thread-1
Processed Task 68 (MEDIUM) | Wait: 1544ms, Turnaround: 1602ms, Thread: pool-3-thread-2
Processed Task 13 (HIGH) | Wait: 1602ms, Turnaround: 1655ms, Thread: pool-3-thread-1
Processed Task 70 (MEDIUM) | Wait: 1602ms, Turnaround: 1655ms, Thread: pool-3-thread-2
Processed Task 71 (MEDIUM) | Wait: 1655ms, Turnaround: 1707ms, Thread: pool-3-thread-2
Processed Task 7 (HIGH) | Wait: 1655ms, Turnaround: 1707ms, Thread: pool-3-thread-1
Processed Task 5 (HIGH) | Wait: 1707ms, Turnaround: 1758ms, Thread: pool-3-thread-1
Processed Task 72 (MEDIUM) | Wait: 1707ms, Turnaround: 1758ms, Thread: pool-3-thread-2
Processed Task 4 (HIGH) | Wait: 1758ms, Turnaround: 1815ms, Thread: pool-3-thread-1
Processed Task 74 (MEDIUM) | Wait: 1758ms, Turnaround: 1815ms, Thread: pool-3-thread-2
Processed Task 75 (MEDIUM) | Wait: 1815ms, Turnaround: 1866ms, Thread: pool-3-thread-2
Processed Task 3 (HIGH) | Wait: 1815ms, Turnaround: 1866ms, Thread: pool-3-thread-1
Processed Task 2 (HIGH) | Wait: 1866ms, Turnaround: 1923ms, Thread: pool-3-thread-1
Processed Task 77 (MEDIUM) | Wait: 1866ms, Turnaround: 1923ms, Thread: pool-3-thread-2
Processed Task 81 (MEDIUM) | Wait: 1923ms, Turnaround: 1974ms, Thread: pool-3-thread-2
Processed Task 83 (MEDIUM) | Wait: 1974ms, Turnaround: 2034ms, Thread: pool-3-thread-2
Processed Task 84 (MEDIUM) | Wait: 2034ms, Turnaround: 2085ms, Thread: pool-3-thread-2
Processed Task 85 (MEDIUM) | Wait: 2085ms, Turnaround: 2142ms, Thread: pool-3-thread-2
Processed Task 87 (MEDIUM) | Wait: 2142ms, Turnaround: 2196ms, Thread: pool-3-thread-2
Processed Task 91 (MEDIUM) | Wait: 2196ms, Turnaround: 2247ms, Thread: pool-3-thread-2
Processed Task 92 (MEDIUM) | Wait: 2247ms, Turnaround: 2298ms, Thread: pool-3-thread-2

----- RESULTS FOR THIS RUN -----
Tasks processed: 100
Total elapsed: 2.30 s
Throughput: 43.52 tasks/s

Wait Time (ms):
  Min = 0
  Max = 2247
  Avg = 973.11
  StdDev = 599.53

Turnaround Time (ms):
  Min = 57
  Max = 2298
  Avg = 1029.74
  StdDev = 597.15
------------------------------


=============================
Starting run 3 of 50
=============================
Processed Task 98 (HIGH) | Wait: 0ms, Turnaround: 52ms, Thread: pool-4-thread-1
Processed Task 1 (MEDIUM) | Wait: 0ms, Turnaround: 52ms, Thread: pool-4-thread-2
Processed Task 4 (LOW) | Wait: 0ms, Turnaround: 52ms, Thread: pool-4-thread-3
Processed Task 6 (LOW) | Wait: 52ms, Turnaround: 106ms, Thread: pool-4-thread-3
Processed Task 96 (HIGH) | Wait: 52ms, Turnaround: 106ms, Thread: pool-4-thread-1
Processed Task 8 (MEDIUM) | Wait: 52ms, Turnaround: 106ms, Thread: pool-4-thread-2
Processed Task 86 (HIGH) | Wait: 106ms, Turnaround: 175ms, Thread: pool-4-thread-1
Processed Task 9 (LOW) | Wait: 106ms, Turnaround: 175ms, Thread: pool-4-thread-3
Processed Task 12 (MEDIUM) | Wait: 106ms, Turnaround: 175ms, Thread: pool-4-thread-2
Processed Task 19 (LOW) | Wait: 175ms, Turnaround: 230ms, Thread: pool-4-thread-3
Processed Task 13 (MEDIUM) | Wait: 175ms, Turnaround: 230ms, Thread: pool-4-thread-2
Processed Task 72 (HIGH) | Wait: 175ms, Turnaround: 230ms, Thread: pool-4-thread-1
Processed Task 21 (LOW) | Wait: 230ms, Turnaround: 284ms, Thread: pool-4-thread-3
Processed Task 63 (HIGH) | Wait: 230ms, Turnaround: 284ms, Thread: pool-4-thread-1
Processed Task 16 (MEDIUM) | Wait: 230ms, Turnaround: 284ms, Thread: pool-4-thread-2
Processed Task 62 (HIGH) | Wait: 284ms, Turnaround: 346ms, Thread: pool-4-thread-1
Processed Task 23 (LOW) | Wait: 284ms, Turnaround: 346ms, Thread: pool-4-thread-3
Processed Task 18 (MEDIUM) | Wait: 284ms, Turnaround: 346ms, Thread: pool-4-thread-2
Processed Task 34 (LOW) | Wait: 346ms, Turnaround: 403ms, Thread: pool-4-thread-3
Processed Task 25 (MEDIUM) | Wait: 346ms, Turnaround: 403ms, Thread: pool-4-thread-2
Processed Task 55 (HIGH) | Wait: 346ms, Turnaround: 403ms, Thread: pool-4-thread-1
Processed Task 53 (HIGH) | Wait: 403ms, Turnaround: 455ms, Thread: pool-4-thread-1
Processed Task 27 (MEDIUM) | Wait: 403ms, Turnaround: 455ms, Thread: pool-4-thread-2
Processed Task 36 (LOW) | Wait: 403ms, Turnaround: 455ms, Thread: pool-4-thread-3
Processed Task 49 (HIGH) | Wait: 455ms, Turnaround: 519ms, Thread: pool-4-thread-1
Processed Task 28 (MEDIUM) | Wait: 455ms, Turnaround: 519ms, Thread: pool-4-thread-2
Processed Task 38 (LOW) | Wait: 455ms, Turnaround: 519ms, Thread: pool-4-thread-3
Processed Task 30 (MEDIUM) | Wait: 519ms, Turnaround: 571ms, Thread: pool-4-thread-2
Processed Task 39 (LOW) | Wait: 519ms, Turnaround: 571ms, Thread: pool-4-thread-3
Processed Task 48 (HIGH) | Wait: 519ms, Turnaround: 571ms, Thread: pool-4-thread-1
Processed Task 43 (HIGH) | Wait: 571ms, Turnaround: 628ms, Thread: pool-4-thread-1
Processed Task 42 (LOW) | Wait: 571ms, Turnaround: 628ms, Thread: pool-4-thread-3
Processed Task 31 (MEDIUM) | Wait: 571ms, Turnaround: 628ms, Thread: pool-4-thread-2
Processed Task 44 (LOW) | Wait: 628ms, Turnaround: 700ms, Thread: pool-4-thread-3
Processed Task 41 (HIGH) | Wait: 628ms, Turnaround: 700ms, Thread: pool-4-thread-1
Processed Task 35 (MEDIUM) | Wait: 628ms, Turnaround: 700ms, Thread: pool-4-thread-2
Processed Task 40 (MEDIUM) | Wait: 700ms, Turnaround: 751ms, Thread: pool-4-thread-2
Processed Task 37 (HIGH) | Wait: 700ms, Turnaround: 751ms, Thread: pool-4-thread-1
Processed Task 45 (LOW) | Wait: 700ms, Turnaround: 751ms, Thread: pool-4-thread-3
Processed Task 47 (MEDIUM) | Wait: 751ms, Turnaround: 808ms, Thread: pool-4-thread-2
Processed Task 33 (HIGH) | Wait: 751ms, Turnaround: 808ms, Thread: pool-4-thread-1
Processed Task 46 (LOW) | Wait: 751ms, Turnaround: 808ms, Thread: pool-4-thread-3
Processed Task 50 (MEDIUM) | Wait: 808ms, Turnaround: 859ms, Thread: pool-4-thread-2
Processed Task 51 (LOW) | Wait: 808ms, Turnaround: 859ms, Thread: pool-4-thread-3
Processed Task 32 (HIGH) | Wait: 808ms, Turnaround: 859ms, Thread: pool-4-thread-1
Processed Task 54 (LOW) | Wait: 859ms, Turnaround: 916ms, Thread: pool-4-thread-3
Processed Task 29 (HIGH) | Wait: 859ms, Turnaround: 916ms, Thread: pool-4-thread-1
Processed Task 52 (MEDIUM) | Wait: 859ms, Turnaround: 916ms, Thread: pool-4-thread-2
Processed Task 56 (LOW) | Wait: 916ms, Turnaround: 966ms, Thread: pool-4-thread-3
Processed Task 57 (MEDIUM) | Wait: 916ms, Turnaround: 966ms, Thread: pool-4-thread-2
Processed Task 26 (HIGH) | Wait: 916ms, Turnaround: 966ms, Thread: pool-4-thread-1
Processed Task 60 (MEDIUM) | Wait: 966ms, Turnaround: 1021ms, Thread: pool-4-thread-2
Processed Task 24 (HIGH) | Wait: 966ms, Turnaround: 1021ms, Thread: pool-4-thread-1
Processed Task 58 (LOW) | Wait: 966ms, Turnaround: 1021ms, Thread: pool-4-thread-3
Processed Task 59 (LOW) | Wait: 1021ms, Turnaround: 1072ms, Thread: pool-4-thread-3
Processed Task 64 (MEDIUM) | Wait: 1021ms, Turnaround: 1072ms, Thread: pool-4-thread-2
Processed Task 22 (HIGH) | Wait: 1021ms, Turnaround: 1072ms, Thread: pool-4-thread-1
Processed Task 20 (HIGH) | Wait: 1072ms, Turnaround: 1128ms, Thread: pool-4-thread-1
Processed Task 61 (LOW) | Wait: 1072ms, Turnaround: 1128ms, Thread: pool-4-thread-3
Processed Task 66 (MEDIUM) | Wait: 1072ms, Turnaround: 1128ms, Thread: pool-4-thread-2
Processed Task 67 (MEDIUM) | Wait: 1128ms, Turnaround: 1189ms, Thread: pool-4-thread-2
Processed Task 65 (LOW) | Wait: 1128ms, Turnaround: 1189ms, Thread: pool-4-thread-3
Processed Task 17 (HIGH) | Wait: 1128ms, Turnaround: 1189ms, Thread: pool-4-thread-1
Processed Task 68 (MEDIUM) | Wait: 1189ms, Turnaround: 1240ms, Thread: pool-4-thread-2
Processed Task 70 (LOW) | Wait: 1189ms, Turnaround: 1240ms, Thread: pool-4-thread-3
Processed Task 15 (HIGH) | Wait: 1189ms, Turnaround: 1240ms, Thread: pool-4-thread-1
Processed Task 14 (HIGH) | Wait: 1240ms, Turnaround: 1295ms, Thread: pool-4-thread-1
Processed Task 69 (MEDIUM) | Wait: 1240ms, Turnaround: 1295ms, Thread: pool-4-thread-2
Processed Task 71 (LOW) | Wait: 1240ms, Turnaround: 1295ms, Thread: pool-4-thread-3
Processed Task 74 (MEDIUM) | Wait: 1295ms, Turnaround: 1347ms, Thread: pool-4-thread-2
Processed Task 11 (HIGH) | Wait: 1295ms, Turnaround: 1347ms, Thread: pool-4-thread-1
Processed Task 73 (LOW) | Wait: 1295ms, Turnaround: 1347ms, Thread: pool-4-thread-3
Processed Task 10 (HIGH) | Wait: 1347ms, Turnaround: 1402ms, Thread: pool-4-thread-1
Processed Task 76 (LOW) | Wait: 1347ms, Turnaround: 1402ms, Thread: pool-4-thread-3
Processed Task 75 (MEDIUM) | Wait: 1347ms, Turnaround: 1402ms, Thread: pool-4-thread-2
Processed Task 77 (MEDIUM) | Wait: 1402ms, Turnaround: 1455ms, Thread: pool-4-thread-2
Processed Task 7 (HIGH) | Wait: 1402ms, Turnaround: 1455ms, Thread: pool-4-thread-1
Processed Task 78 (LOW) | Wait: 1402ms, Turnaround: 1455ms, Thread: pool-4-thread-3
Processed Task 5 (HIGH) | Wait: 1455ms, Turnaround: 1506ms, Thread: pool-4-thread-1
Processed Task 79 (LOW) | Wait: 1455ms, Turnaround: 1506ms, Thread: pool-4-thread-3
Processed Task 80 (MEDIUM) | Wait: 1455ms, Turnaround: 1506ms, Thread: pool-4-thread-2
Processed Task 3 (HIGH) | Wait: 1506ms, Turnaround: 1559ms, Thread: pool-4-thread-1
Processed Task 81 (LOW) | Wait: 1506ms, Turnaround: 1559ms, Thread: pool-4-thread-3
Processed Task 82 (MEDIUM) | Wait: 1506ms, Turnaround: 1559ms, Thread: pool-4-thread-2
Processed Task 2 (HIGH) | Wait: 1559ms, Turnaround: 1614ms, Thread: pool-4-thread-1
Processed Task 84 (MEDIUM) | Wait: 1559ms, Turnaround: 1614ms, Thread: pool-4-thread-2
Processed Task 83 (LOW) | Wait: 1559ms, Turnaround: 1614ms, Thread: pool-4-thread-3
Processed Task 87 (MEDIUM) | Wait: 1614ms, Turnaround: 1674ms, Thread: pool-4-thread-2
Processed Task 85 (LOW) | Wait: 1614ms, Turnaround: 1674ms, Thread: pool-4-thread-3
Processed Task 88 (MEDIUM) | Wait: 1674ms, Turnaround: 1729ms, Thread: pool-4-thread-2
Processed Task 89 (LOW) | Wait: 1674ms, Turnaround: 1729ms, Thread: pool-4-thread-3
Processed Task 90 (LOW) | Wait: 1729ms, Turnaround: 1783ms, Thread: pool-4-thread-3
Processed Task 91 (MEDIUM) | Wait: 1729ms, Turnaround: 1783ms, Thread: pool-4-thread-2
Processed Task 93 (MEDIUM) | Wait: 1783ms, Turnaround: 1837ms, Thread: pool-4-thread-2
Processed Task 92 (LOW) | Wait: 1783ms, Turnaround: 1837ms, Thread: pool-4-thread-3
Processed Task 94 (LOW) | Wait: 1837ms, Turnaround: 1889ms, Thread: pool-4-thread-3
Processed Task 99 (MEDIUM) | Wait: 1837ms, Turnaround: 1889ms, Thread: pool-4-thread-2
Processed Task 95 (LOW) | Wait: 1889ms, Turnaround: 1943ms, Thread: pool-4-thread-3
Processed Task 97 (LOW) | Wait: 1943ms, Turnaround: 2007ms, Thread: pool-4-thread-3
Processed Task 100 (LOW) | Wait: 2007ms, Turnaround: 2084ms, Thread: pool-4-thread-3

----- RESULTS FOR THIS RUN -----
Tasks processed: 100
Total elapsed: 2.08 s
Throughput: 47.98 tasks/s

Wait Time (ms):
  Min = 0
  Max = 2007
  Avg = 920.62
  StdDev = 549.58

Turnaround Time (ms):
  Min = 52
  Max = 2084
  Avg = 976.49
  StdDev = 548.83
------------------------------


=============================
Starting run 4 of 50
=============================
Processed Task 6 (MEDIUM) | Wait: 0ms, Turnaround: 52ms, Thread: pool-5-thread-2
Processed Task 1 (LOW) | Wait: 0ms, Turnaround: 52ms, Thread: pool-5-thread-3
Processed Task 97 (HIGH) | Wait: 0ms, Turnaround: 52ms, Thread: pool-5-thread-1
Processed Task 93 (HIGH) | Wait: 52ms, Turnaround: 112ms, Thread: pool-5-thread-1
Processed Task 7 (MEDIUM) | Wait: 52ms, Turnaround: 112ms, Thread: pool-5-thread-2
Processed Task 2 (LOW) | Wait: 52ms, Turnaround: 112ms, Thread: pool-5-thread-3
Processed Task 90 (HIGH) | Wait: 112ms, Turnaround: 163ms, Thread: pool-5-thread-1
Processed Task 10 (LOW) | Wait: 112ms, Turnaround: 163ms, Thread: pool-5-thread-3
Processed Task 8 (MEDIUM) | Wait: 112ms, Turnaround: 163ms, Thread: pool-5-thread-2
Processed Task 17 (LOW) | Wait: 163ms, Turnaround: 213ms, Thread: pool-5-thread-3
Processed Task 13 (MEDIUM) | Wait: 163ms, Turnaround: 213ms, Thread: pool-5-thread-2
Processed Task 89 (HIGH) | Wait: 163ms, Turnaround: 213ms, Thread: pool-5-thread-1
Processed Task 85 (HIGH) | Wait: 213ms, Turnaround: 264ms, Thread: pool-5-thread-1
Processed Task 18 (LOW) | Wait: 213ms, Turnaround: 264ms, Thread: pool-5-thread-3
Processed Task 16 (MEDIUM) | Wait: 213ms, Turnaround: 264ms, Thread: pool-5-thread-2
Processed Task 21 (MEDIUM) | Wait: 264ms, Turnaround: 321ms, Thread: pool-5-thread-2
Processed Task 20 (LOW) | Wait: 264ms, Turnaround: 321ms, Thread: pool-5-thread-3
Processed Task 83 (HIGH) | Wait: 264ms, Turnaround: 321ms, Thread: pool-5-thread-1
Processed Task 24 (MEDIUM) | Wait: 321ms, Turnaround: 377ms, Thread: pool-5-thread-2
Processed Task 27 (LOW) | Wait: 321ms, Turnaround: 377ms, Thread: pool-5-thread-3
Processed Task 81 (HIGH) | Wait: 321ms, Turnaround: 377ms, Thread: pool-5-thread-1
Processed Task 34 (LOW) | Wait: 377ms, Turnaround: 429ms, Thread: pool-5-thread-3
Processed Task 80 (HIGH) | Wait: 377ms, Turnaround: 429ms, Thread: pool-5-thread-1
Processed Task 26 (MEDIUM) | Wait: 377ms, Turnaround: 429ms, Thread: pool-5-thread-2
Processed Task 28 (MEDIUM) | Wait: 429ms, Turnaround: 485ms, Thread: pool-5-thread-2
Processed Task 41 (LOW) | Wait: 429ms, Turnaround: 485ms, Thread: pool-5-thread-3
Processed Task 77 (HIGH) | Wait: 429ms, Turnaround: 485ms, Thread: pool-5-thread-1
Processed Task 48 (LOW) | Wait: 485ms, Turnaround: 536ms, Thread: pool-5-thread-3
Processed Task 32 (MEDIUM) | Wait: 485ms, Turnaround: 536ms, Thread: pool-5-thread-2
Processed Task 74 (HIGH) | Wait: 485ms, Turnaround: 536ms, Thread: pool-5-thread-1
Processed Task 73 (HIGH) | Wait: 536ms, Turnaround: 586ms, Thread: pool-5-thread-1
Processed Task 33 (MEDIUM) | Wait: 536ms, Turnaround: 586ms, Thread: pool-5-thread-2
Processed Task 50 (LOW) | Wait: 536ms, Turnaround: 586ms, Thread: pool-5-thread-3
Processed Task 35 (MEDIUM) | Wait: 586ms, Turnaround: 639ms, Thread: pool-5-thread-2
Processed Task 71 (HIGH) | Wait: 586ms, Turnaround: 639ms, Thread: pool-5-thread-1
Processed Task 53 (LOW) | Wait: 586ms, Turnaround: 639ms, Thread: pool-5-thread-3
Processed Task 66 (HIGH) | Wait: 639ms, Turnaround: 689ms, Thread: pool-5-thread-1
Processed Task 36 (MEDIUM) | Wait: 639ms, Turnaround: 689ms, Thread: pool-5-thread-2
Processed Task 57 (LOW) | Wait: 639ms, Turnaround: 689ms, Thread: pool-5-thread-3
Processed Task 37 (MEDIUM) | Wait: 689ms, Turnaround: 747ms, Thread: pool-5-thread-2
Processed Task 63 (HIGH) | Wait: 689ms, Turnaround: 747ms, Thread: pool-5-thread-1
Processed Task 64 (LOW) | Wait: 689ms, Turnaround: 747ms, Thread: pool-5-thread-3
Processed Task 39 (MEDIUM) | Wait: 747ms, Turnaround: 798ms, Thread: pool-5-thread-2
Processed Task 61 (HIGH) | Wait: 747ms, Turnaround: 798ms, Thread: pool-5-thread-1
Processed Task 68 (LOW) | Wait: 747ms, Turnaround: 798ms, Thread: pool-5-thread-3
Processed Task 75 (LOW) | Wait: 798ms, Turnaround: 855ms, Thread: pool-5-thread-3
Processed Task 60 (HIGH) | Wait: 798ms, Turnaround: 855ms, Thread: pool-5-thread-1
Processed Task 43 (MEDIUM) | Wait: 798ms, Turnaround: 855ms, Thread: pool-5-thread-2
Processed Task 78 (LOW) | Wait: 855ms, Turnaround: 905ms, Thread: pool-5-thread-3
Processed Task 59 (HIGH) | Wait: 855ms, Turnaround: 905ms, Thread: pool-5-thread-1
Processed Task 45 (MEDIUM) | Wait: 855ms, Turnaround: 905ms, Thread: pool-5-thread-2
Processed Task 46 (MEDIUM) | Wait: 905ms, Turnaround: 962ms, Thread: pool-5-thread-2
Processed Task 54 (HIGH) | Wait: 905ms, Turnaround: 962ms, Thread: pool-5-thread-1
Processed Task 79 (LOW) | Wait: 905ms, Turnaround: 962ms, Thread: pool-5-thread-3
Processed Task 47 (MEDIUM) | Wait: 962ms, Turnaround: 1022ms, Thread: pool-5-thread-2
Processed Task 88 (LOW) | Wait: 962ms, Turnaround: 1022ms, Thread: pool-5-thread-3
Processed Task 49 (HIGH) | Wait: 962ms, Turnaround: 1022ms, Thread: pool-5-thread-1
Processed Task 44 (HIGH) | Wait: 1022ms, Turnaround: 1075ms, Thread: pool-5-thread-1
Processed Task 51 (MEDIUM) | Wait: 1022ms, Turnaround: 1075ms, Thread: pool-5-thread-2
Processed Task 92 (LOW) | Wait: 1022ms, Turnaround: 1075ms, Thread: pool-5-thread-3
Processed Task 94 (LOW) | Wait: 1075ms, Turnaround: 1129ms, Thread: pool-5-thread-3
Processed Task 52 (MEDIUM) | Wait: 1075ms, Turnaround: 1129ms, Thread: pool-5-thread-2
Processed Task 42 (HIGH) | Wait: 1075ms, Turnaround: 1129ms, Thread: pool-5-thread-1
Processed Task 55 (MEDIUM) | Wait: 1129ms, Turnaround: 1182ms, Thread: pool-5-thread-2
Processed Task 40 (HIGH) | Wait: 1129ms, Turnaround: 1182ms, Thread: pool-5-thread-1
Processed Task 96 (LOW) | Wait: 1129ms, Turnaround: 1182ms, Thread: pool-5-thread-3
Processed Task 38 (HIGH) | Wait: 1182ms, Turnaround: 1237ms, Thread: pool-5-thread-1
Processed Task 56 (MEDIUM) | Wait: 1182ms, Turnaround: 1237ms, Thread: pool-5-thread-2
Processed Task 31 (HIGH) | Wait: 1237ms, Turnaround: 1289ms, Thread: pool-5-thread-1
Processed Task 58 (MEDIUM) | Wait: 1237ms, Turnaround: 1289ms, Thread: pool-5-thread-2
Processed Task 30 (HIGH) | Wait: 1289ms, Turnaround: 1345ms, Thread: pool-5-thread-1
Processed Task 62 (MEDIUM) | Wait: 1289ms, Turnaround: 1345ms, Thread: pool-5-thread-2
Processed Task 65 (MEDIUM) | Wait: 1345ms, Turnaround: 1398ms, Thread: pool-5-thread-2
Processed Task 29 (HIGH) | Wait: 1345ms, Turnaround: 1398ms, Thread: pool-5-thread-1
Processed Task 67 (MEDIUM) | Wait: 1398ms, Turnaround: 1453ms, Thread: pool-5-thread-2
Processed Task 25 (HIGH) | Wait: 1398ms, Turnaround: 1453ms, Thread: pool-5-thread-1
Processed Task 69 (MEDIUM) | Wait: 1453ms, Turnaround: 1517ms, Thread: pool-5-thread-2
Processed Task 23 (HIGH) | Wait: 1453ms, Turnaround: 1517ms, Thread: pool-5-thread-1
Processed Task 70 (MEDIUM) | Wait: 1517ms, Turnaround: 1570ms, Thread: pool-5-thread-2
Processed Task 22 (HIGH) | Wait: 1522ms, Turnaround: 1600ms, Thread: pool-5-thread-1
Processed Task 72 (MEDIUM) | Wait: 1570ms, Turnaround: 1633ms, Thread: pool-5-thread-2
Processed Task 19 (HIGH) | Wait: 1600ms, Turnaround: 1652ms, Thread: pool-5-thread-1
Processed Task 76 (MEDIUM) | Wait: 1633ms, Turnaround: 1685ms, Thread: pool-5-thread-2
Processed Task 15 (HIGH) | Wait: 1652ms, Turnaround: 1708ms, Thread: pool-5-thread-1
Processed Task 82 (MEDIUM) | Wait: 1685ms, Turnaround: 1741ms, Thread: pool-5-thread-2
Processed Task 14 (HIGH) | Wait: 1708ms, Turnaround: 1759ms, Thread: pool-5-thread-1
Processed Task 84 (MEDIUM) | Wait: 1741ms, Turnaround: 1795ms, Thread: pool-5-thread-2
Processed Task 12 (HIGH) | Wait: 1759ms, Turnaround: 1817ms, Thread: pool-5-thread-1
Processed Task 86 (MEDIUM) | Wait: 1795ms, Turnaround: 1850ms, Thread: pool-5-thread-2
Processed Task 11 (HIGH) | Wait: 1817ms, Turnaround: 1868ms, Thread: pool-5-thread-1
Processed Task 87 (MEDIUM) | Wait: 1850ms, Turnaround: 1909ms, Thread: pool-5-thread-2
Processed Task 9 (HIGH) | Wait: 1868ms, Turnaround: 1933ms, Thread: pool-5-thread-1
Processed Task 91 (MEDIUM) | Wait: 1909ms, Turnaround: 1965ms, Thread: pool-5-thread-2
Processed Task 5 (HIGH) | Wait: 1933ms, Turnaround: 1984ms, Thread: pool-5-thread-1
Processed Task 95 (MEDIUM) | Wait: 1965ms, Turnaround: 2020ms, Thread: pool-5-thread-2
Processed Task 4 (HIGH) | Wait: 1984ms, Turnaround: 2040ms, Thread: pool-5-thread-1
Processed Task 98 (MEDIUM) | Wait: 2020ms, Turnaround: 2075ms, Thread: pool-5-thread-2
Processed Task 3 (HIGH) | Wait: 2040ms, Turnaround: 2091ms, Thread: pool-5-thread-1
Processed Task 99 (MEDIUM) | Wait: 2075ms, Turnaround: 2135ms, Thread: pool-5-thread-2
Processed Task 100 (MEDIUM) | Wait: 2135ms, Turnaround: 2192ms, Thread: pool-5-thread-2

----- RESULTS FOR THIS RUN -----
Tasks processed: 100
Total elapsed: 2.19 s
Throughput: 45.62 tasks/s

Wait Time (ms):
  Min = 0
  Max = 2135
  Avg = 926.63
  StdDev = 601.19

Turnaround Time (ms):
  Min = 52
  Max = 2192
  Avg = 981.23
  StdDev = 602.37
------------------------------


=============================
Starting run 5 of 50
=============================
Processed Task 100 (HIGH) | Wait: 0ms, Turnaround: 54ms, Thread: pool-6-thread-1
Processed Task 1 (LOW) | Wait: 0ms, Turnaround: 54ms, Thread: pool-6-thread-3
Processed Task 6 (MEDIUM) | Wait: 0ms, Turnaround: 54ms, Thread: pool-6-thread-2
Processed Task 7 (MEDIUM) | Wait: 54ms, Turnaround: 108ms, Thread: pool-6-thread-2
Processed Task 97 (HIGH) | Wait: 54ms, Turnaround: 108ms, Thread: pool-6-thread-1
Processed Task 2 (LOW) | Wait: 54ms, Turnaround: 108ms, Thread: pool-6-thread-3
Processed Task 10 (MEDIUM) | Wait: 108ms, Turnaround: 161ms, Thread: pool-6-thread-2
Processed Task 5 (LOW) | Wait: 108ms, Turnaround: 161ms, Thread: pool-6-thread-3
Processed Task 94 (HIGH) | Wait: 108ms, Turnaround: 161ms, Thread: pool-6-thread-1
Processed Task 93 (HIGH) | Wait: 161ms, Turnaround: 217ms, Thread: pool-6-thread-1
Processed Task 12 (MEDIUM) | Wait: 161ms, Turnaround: 217ms, Thread: pool-6-thread-2
Processed Task 8 (LOW) | Wait: 161ms, Turnaround: 217ms, Thread: pool-6-thread-3
Processed Task 92 (HIGH) | Wait: 217ms, Turnaround: 272ms, Thread: pool-6-thread-1
Processed Task 15 (MEDIUM) | Wait: 217ms, Turnaround: 272ms, Thread: pool-6-thread-2
Processed Task 9 (LOW) | Wait: 217ms, Turnaround: 272ms, Thread: pool-6-thread-3
Processed Task 16 (MEDIUM) | Wait: 272ms, Turnaround: 331ms, Thread: pool-6-thread-2
Processed Task 90 (HIGH) | Wait: 272ms, Turnaround: 331ms, Thread: pool-6-thread-1
Processed Task 13 (LOW) | Wait: 272ms, Turnaround: 331ms, Thread: pool-6-thread-3
Processed Task 14 (LOW) | Wait: 331ms, Turnaround: 404ms, Thread: pool-6-thread-3
Processed Task 87 (HIGH) | Wait: 331ms, Turnaround: 404ms, Thread: pool-6-thread-1
Processed Task 17 (MEDIUM) | Wait: 331ms, Turnaround: 404ms, Thread: pool-6-thread-2
Processed Task 24 (LOW) | Wait: 404ms, Turnaround: 455ms, Thread: pool-6-thread-3
Processed Task 20 (MEDIUM) | Wait: 404ms, Turnaround: 455ms, Thread: pool-6-thread-2
Processed Task 84 (HIGH) | Wait: 404ms, Turnaround: 455ms, Thread: pool-6-thread-1
Processed Task 27 (LOW) | Wait: 455ms, Turnaround: 512ms, Thread: pool-6-thread-3
Processed Task 26 (MEDIUM) | Wait: 455ms, Turnaround: 512ms, Thread: pool-6-thread-2
Processed Task 83 (HIGH) | Wait: 455ms, Turnaround: 512ms, Thread: pool-6-thread-1
Processed Task 29 (LOW) | Wait: 512ms, Turnaround: 563ms, Thread: pool-6-thread-3
Processed Task 82 (HIGH) | Wait: 512ms, Turnaround: 563ms, Thread: pool-6-thread-1
Processed Task 30 (MEDIUM) | Wait: 512ms, Turnaround: 563ms, Thread: pool-6-thread-2
Processed Task 77 (HIGH) | Wait: 563ms, Turnaround: 620ms, Thread: pool-6-thread-1
Processed Task 31 (LOW) | Wait: 563ms, Turnaround: 620ms, Thread: pool-6-thread-3
Processed Task 33 (MEDIUM) | Wait: 563ms, Turnaround: 620ms, Thread: pool-6-thread-2
Processed Task 37 (MEDIUM) | Wait: 620ms, Turnaround: 671ms, Thread: pool-6-thread-2
Processed Task 76 (HIGH) | Wait: 620ms, Turnaround: 671ms, Thread: pool-6-thread-1
Processed Task 32 (LOW) | Wait: 620ms, Turnaround: 671ms, Thread: pool-6-thread-3
Processed Task 35 (LOW) | Wait: 671ms, Turnaround: 728ms, Thread: pool-6-thread-3
Processed Task 38 (MEDIUM) | Wait: 671ms, Turnaround: 728ms, Thread: pool-6-thread-2
Processed Task 75 (HIGH) | Wait: 671ms, Turnaround: 728ms, Thread: pool-6-thread-1
Processed Task 36 (LOW) | Wait: 728ms, Turnaround: 779ms, Thread: pool-6-thread-3
Processed Task 71 (HIGH) | Wait: 728ms, Turnaround: 779ms, Thread: pool-6-thread-1
Processed Task 43 (MEDIUM) | Wait: 728ms, Turnaround: 779ms, Thread: pool-6-thread-2
Processed Task 65 (HIGH) | Wait: 779ms, Turnaround: 836ms, Thread: pool-6-thread-1
Processed Task 40 (LOW) | Wait: 779ms, Turnaround: 836ms, Thread: pool-6-thread-3
Processed Task 45 (MEDIUM) | Wait: 779ms, Turnaround: 836ms, Thread: pool-6-thread-2
Processed Task 48 (MEDIUM) | Wait: 836ms, Turnaround: 898ms, Thread: pool-6-thread-2
Processed Task 60 (HIGH) | Wait: 836ms, Turnaround: 898ms, Thread: pool-6-thread-1
Processed Task 41 (LOW) | Wait: 836ms, Turnaround: 898ms, Thread: pool-6-thread-3
Processed Task 50 (MEDIUM) | Wait: 898ms, Turnaround: 954ms, Thread: pool-6-thread-2
Processed Task 57 (HIGH) | Wait: 898ms, Turnaround: 954ms, Thread: pool-6-thread-1
Processed Task 44 (LOW) | Wait: 898ms, Turnaround: 954ms, Thread: pool-6-thread-3
Processed Task 46 (LOW) | Wait: 954ms, Turnaround: 1009ms, Thread: pool-6-thread-3
Processed Task 54 (HIGH) | Wait: 954ms, Turnaround: 1009ms, Thread: pool-6-thread-1
Processed Task 56 (MEDIUM) | Wait: 954ms, Turnaround: 1009ms, Thread: pool-6-thread-2
Processed Task 58 (MEDIUM) | Wait: 1009ms, Turnaround: 1061ms, Thread: pool-6-thread-2
Processed Task 53 (LOW) | Wait: 1009ms, Turnaround: 1061ms, Thread: pool-6-thread-3
Processed Task 52 (HIGH) | Wait: 1009ms, Turnaround: 1061ms, Thread: pool-6-thread-1
Processed Task 55 (LOW) | Wait: 1061ms, Turnaround: 1116ms, Thread: pool-6-thread-3
Processed Task 61 (MEDIUM) | Wait: 1061ms, Turnaround: 1116ms, Thread: pool-6-thread-2
Processed Task 51 (HIGH) | Wait: 1061ms, Turnaround: 1116ms, Thread: pool-6-thread-1
Processed Task 49 (HIGH) | Wait: 1116ms, Turnaround: 1169ms, Thread: pool-6-thread-1
Processed Task 59 (LOW) | Wait: 1116ms, Turnaround: 1169ms, Thread: pool-6-thread-3
Processed Task 62 (MEDIUM) | Wait: 1116ms, Turnaround: 1169ms, Thread: pool-6-thread-2
Processed Task 66 (LOW) | Wait: 1169ms, Turnaround: 1224ms, Thread: pool-6-thread-3
Processed Task 47 (HIGH) | Wait: 1169ms, Turnaround: 1224ms, Thread: pool-6-thread-1
Processed Task 63 (MEDIUM) | Wait: 1169ms, Turnaround: 1224ms, Thread: pool-6-thread-2
Processed Task 64 (MEDIUM) | Wait: 1224ms, Turnaround: 1277ms, Thread: pool-6-thread-2
Processed Task 67 (LOW) | Wait: 1224ms, Turnaround: 1277ms, Thread: pool-6-thread-3
Processed Task 42 (HIGH) | Wait: 1224ms, Turnaround: 1277ms, Thread: pool-6-thread-1
Processed Task 73 (MEDIUM) | Wait: 1277ms, Turnaround: 1332ms, Thread: pool-6-thread-2
Processed Task 39 (HIGH) | Wait: 1277ms, Turnaround: 1332ms, Thread: pool-6-thread-1
Processed Task 68 (LOW) | Wait: 1277ms, Turnaround: 1332ms, Thread: pool-6-thread-3
Processed Task 74 (MEDIUM) | Wait: 1332ms, Turnaround: 1392ms, Thread: pool-6-thread-2
Processed Task 34 (HIGH) | Wait: 1332ms, Turnaround: 1392ms, Thread: pool-6-thread-1
Processed Task 69 (LOW) | Wait: 1332ms, Turnaround: 1392ms, Thread: pool-6-thread-3
Processed Task 79 (MEDIUM) | Wait: 1392ms, Turnaround: 1446ms, Thread: pool-6-thread-2
Processed Task 28 (HIGH) | Wait: 1392ms, Turnaround: 1446ms, Thread: pool-6-thread-1
Processed Task 70 (LOW) | Wait: 1392ms, Turnaround: 1446ms, Thread: pool-6-thread-3
Processed Task 85 (MEDIUM) | Wait: 1446ms, Turnaround: 1499ms, Thread: pool-6-thread-2
Processed Task 25 (HIGH) | Wait: 1446ms, Turnaround: 1499ms, Thread: pool-6-thread-1
Processed Task 72 (LOW) | Wait: 1446ms, Turnaround: 1499ms, Thread: pool-6-thread-3
Processed Task 78 (LOW) | Wait: 1499ms, Turnaround: 1554ms, Thread: pool-6-thread-3
Processed Task 86 (MEDIUM) | Wait: 1499ms, Turnaround: 1554ms, Thread: pool-6-thread-2
Processed Task 23 (HIGH) | Wait: 1499ms, Turnaround: 1554ms, Thread: pool-6-thread-1
Processed Task 80 (LOW) | Wait: 1554ms, Turnaround: 1607ms, Thread: pool-6-thread-3
Processed Task 91 (MEDIUM) | Wait: 1554ms, Turnaround: 1607ms, Thread: pool-6-thread-2
Processed Task 22 (HIGH) | Wait: 1554ms, Turnaround: 1607ms, Thread: pool-6-thread-1
Processed Task 81 (LOW) | Wait: 1607ms, Turnaround: 1662ms, Thread: pool-6-thread-3
Processed Task 21 (HIGH) | Wait: 1607ms, Turnaround: 1662ms, Thread: pool-6-thread-1
Processed Task 96 (MEDIUM) | Wait: 1607ms, Turnaround: 1662ms, Thread: pool-6-thread-2
Processed Task 98 (MEDIUM) | Wait: 1662ms, Turnaround: 1715ms, Thread: pool-6-thread-2
Processed Task 88 (LOW) | Wait: 1662ms, Turnaround: 1715ms, Thread: pool-6-thread-3
Processed Task 19 (HIGH) | Wait: 1662ms, Turnaround: 1715ms, Thread: pool-6-thread-1
Processed Task 89 (LOW) | Wait: 1715ms, Turnaround: 1769ms, Thread: pool-6-thread-3
Processed Task 18 (HIGH) | Wait: 1715ms, Turnaround: 1769ms, Thread: pool-6-thread-1
Processed Task 11 (HIGH) | Wait: 1769ms, Turnaround: 1824ms, Thread: pool-6-thread-1
Processed Task 95 (LOW) | Wait: 1769ms, Turnaround: 1824ms, Thread: pool-6-thread-3
Processed Task 99 (LOW) | Wait: 1824ms, Turnaround: 1876ms, Thread: pool-6-thread-3
Processed Task 4 (HIGH) | Wait: 1824ms, Turnaround: 1876ms, Thread: pool-6-thread-1
Processed Task 3 (HIGH) | Wait: 1876ms, Turnaround: 1936ms, Thread: pool-6-thread-1

----- RESULTS FOR THIS RUN -----
Tasks processed: 100
Total elapsed: 1.94 s
Throughput: 51.65 tasks/s

Wait Time (ms):
  Min = 0
  Max = 1876
  Avg = 902.25
  StdDev = 536.78

Turnaround Time (ms):
  Min = 54
  Max = 1936
  Avg = 957.52
  StdDev = 536.13
------------------------------


=============================
Starting run 6 of 50
=============================
Processed Task 94 (HIGH) | Wait: 0ms, Turnaround: 52ms, Thread: pool-7-thread-1
Processed Task 1 (MEDIUM) | Wait: 0ms, Turnaround: 52ms, Thread: pool-7-thread-2
Processed Task 4 (LOW) | Wait: 0ms, Turnaround: 54ms, Thread: pool-7-thread-3
Processed Task 93 (HIGH) | Wait: 52ms, Turnaround: 103ms, Thread: pool-7-thread-1
Processed Task 2 (MEDIUM) | Wait: 52ms, Turnaround: 103ms, Thread: pool-7-thread-2
Processed Task 9 (LOW) | Wait: 54ms, Turnaround: 104ms, Thread: pool-7-thread-3
Processed Task 6 (MEDIUM) | Wait: 103ms, Turnaround: 157ms, Thread: pool-7-thread-2
Processed Task 92 (HIGH) | Wait: 103ms, Turnaround: 157ms, Thread: pool-7-thread-1
Processed Task 11 (LOW) | Wait: 104ms, Turnaround: 157ms, Thread: pool-7-thread-3
Processed Task 7 (MEDIUM) | Wait: 157ms, Turnaround: 209ms, Thread: pool-7-thread-2
Processed Task 87 (HIGH) | Wait: 157ms, Turnaround: 209ms, Thread: pool-7-thread-1
Processed Task 13 (LOW) | Wait: 157ms, Turnaround: 209ms, Thread: pool-7-thread-3
Processed Task 18 (LOW) | Wait: 209ms, Turnaround: 263ms, Thread: pool-7-thread-3
Processed Task 81 (HIGH) | Wait: 209ms, Turnaround: 263ms, Thread: pool-7-thread-1
Processed Task 14 (MEDIUM) | Wait: 209ms, Turnaround: 263ms, Thread: pool-7-thread-2
Processed Task 80 (HIGH) | Wait: 263ms, Turnaround: 316ms, Thread: pool-7-thread-1
Processed Task 21 (LOW) | Wait: 263ms, Turnaround: 316ms, Thread: pool-7-thread-3
Processed Task 15 (MEDIUM) | Wait: 263ms, Turnaround: 316ms, Thread: pool-7-thread-2
Processed Task 79 (HIGH) | Wait: 316ms, Turnaround: 377ms, Thread: pool-7-thread-1
Processed Task 26 (LOW) | Wait: 316ms, Turnaround: 377ms, Thread: pool-7-thread-3
Processed Task 19 (MEDIUM) | Wait: 316ms, Turnaround: 377ms, Thread: pool-7-thread-2
Processed Task 78 (HIGH) | Wait: 377ms, Turnaround: 427ms, Thread: pool-7-thread-1
Processed Task 24 (MEDIUM) | Wait: 377ms, Turnaround: 427ms, Thread: pool-7-thread-2
Processed Task 27 (LOW) | Wait: 377ms, Turnaround: 427ms, Thread: pool-7-thread-3
Processed Task 25 (MEDIUM) | Wait: 427ms, Turnaround: 480ms, Thread: pool-7-thread-2
Processed Task 33 (LOW) | Wait: 427ms, Turnaround: 480ms, Thread: pool-7-thread-3
Processed Task 75 (HIGH) | Wait: 427ms, Turnaround: 480ms, Thread: pool-7-thread-1
Processed Task 73 (HIGH) | Wait: 480ms, Turnaround: 540ms, Thread: pool-7-thread-1
Processed Task 30 (MEDIUM) | Wait: 480ms, Turnaround: 540ms, Thread: pool-7-thread-2
Processed Task 40 (LOW) | Wait: 480ms, Turnaround: 540ms, Thread: pool-7-thread-3
Processed Task 71 (HIGH) | Wait: 540ms, Turnaround: 590ms, Thread: pool-7-thread-1
Processed Task 41 (LOW) | Wait: 540ms, Turnaround: 590ms, Thread: pool-7-thread-3
Processed Task 32 (MEDIUM) | Wait: 540ms, Turnaround: 590ms, Thread: pool-7-thread-2
Processed Task 43 (LOW) | Wait: 590ms, Turnaround: 644ms, Thread: pool-7-thread-3
Processed Task 34 (MEDIUM) | Wait: 590ms, Turnaround: 644ms, Thread: pool-7-thread-2
Processed Task 70 (HIGH) | Wait: 590ms, Turnaround: 644ms, Thread: pool-7-thread-1
Processed Task 69 (HIGH) | Wait: 644ms, Turnaround: 699ms, Thread: pool-7-thread-1
Processed Task 36 (MEDIUM) | Wait: 644ms, Turnaround: 699ms, Thread: pool-7-thread-2
Processed Task 50 (LOW) | Wait: 644ms, Turnaround: 699ms, Thread: pool-7-thread-3
Processed Task 60 (LOW) | Wait: 699ms, Turnaround: 751ms, Thread: pool-7-thread-3
Processed Task 68 (HIGH) | Wait: 699ms, Turnaround: 751ms, Thread: pool-7-thread-1
Processed Task 37 (MEDIUM) | Wait: 699ms, Turnaround: 751ms, Thread: pool-7-thread-2
Processed Task 62 (HIGH) | Wait: 751ms, Turnaround: 804ms, Thread: pool-7-thread-1
Processed Task 38 (MEDIUM) | Wait: 751ms, Turnaround: 804ms, Thread: pool-7-thread-2
Processed Task 63 (LOW) | Wait: 751ms, Turnaround: 804ms, Thread: pool-7-thread-3
Processed Task 65 (LOW) | Wait: 804ms, Turnaround: 857ms, Thread: pool-7-thread-3
Processed Task 59 (HIGH) | Wait: 804ms, Turnaround: 857ms, Thread: pool-7-thread-1
Processed Task 39 (MEDIUM) | Wait: 804ms, Turnaround: 857ms, Thread: pool-7-thread-2
Processed Task 58 (HIGH) | Wait: 857ms, Turnaround: 914ms, Thread: pool-7-thread-1
Processed Task 67 (LOW) | Wait: 857ms, Turnaround: 914ms, Thread: pool-7-thread-3
Processed Task 42 (MEDIUM) | Wait: 857ms, Turnaround: 914ms, Thread: pool-7-thread-2
Processed Task 57 (HIGH) | Wait: 914ms, Turnaround: 980ms, Thread: pool-7-thread-1
Processed Task 72 (LOW) | Wait: 914ms, Turnaround: 980ms, Thread: pool-7-thread-3
Processed Task 44 (MEDIUM) | Wait: 914ms, Turnaround: 980ms, Thread: pool-7-thread-2
Processed Task 56 (HIGH) | Wait: 980ms, Turnaround: 1039ms, Thread: pool-7-thread-1
Processed Task 46 (MEDIUM) | Wait: 980ms, Turnaround: 1039ms, Thread: pool-7-thread-2
Processed Task 74 (LOW) | Wait: 980ms, Turnaround: 1039ms, Thread: pool-7-thread-3
Processed Task 77 (LOW) | Wait: 1039ms, Turnaround: 1089ms, Thread: pool-7-thread-3
Processed Task 55 (HIGH) | Wait: 1039ms, Turnaround: 1089ms, Thread: pool-7-thread-1
Processed Task 47 (MEDIUM) | Wait: 1039ms, Turnaround: 1089ms, Thread: pool-7-thread-2
Processed Task 53 (HIGH) | Wait: 1089ms, Turnaround: 1143ms, Thread: pool-7-thread-1
Processed Task 83 (LOW) | Wait: 1089ms, Turnaround: 1143ms, Thread: pool-7-thread-3
Processed Task 49 (MEDIUM) | Wait: 1089ms, Turnaround: 1143ms, Thread: pool-7-thread-2
Processed Task 51 (MEDIUM) | Wait: 1143ms, Turnaround: 1199ms, Thread: pool-7-thread-2
Processed Task 88 (LOW) | Wait: 1143ms, Turnaround: 1199ms, Thread: pool-7-thread-3
Processed Task 52 (HIGH) | Wait: 1143ms, Turnaround: 1199ms, Thread: pool-7-thread-1
Processed Task 48 (HIGH) | Wait: 1199ms, Turnaround: 1253ms, Thread: pool-7-thread-1
Processed Task 89 (LOW) | Wait: 1199ms, Turnaround: 1253ms, Thread: pool-7-thread-3
Processed Task 54 (MEDIUM) | Wait: 1199ms, Turnaround: 1253ms, Thread: pool-7-thread-2
Processed Task 96 (LOW) | Wait: 1253ms, Turnaround: 1307ms, Thread: pool-7-thread-3
Processed Task 45 (HIGH) | Wait: 1253ms, Turnaround: 1307ms, Thread: pool-7-thread-1
Processed Task 61 (MEDIUM) | Wait: 1253ms, Turnaround: 1307ms, Thread: pool-7-thread-2
Processed Task 64 (MEDIUM) | Wait: 1307ms, Turnaround: 1358ms, Thread: pool-7-thread-2
Processed Task 97 (LOW) | Wait: 1307ms, Turnaround: 1358ms, Thread: pool-7-thread-3
Processed Task 35 (HIGH) | Wait: 1307ms, Turnaround: 1358ms, Thread: pool-7-thread-1
Processed Task 31 (HIGH) | Wait: 1358ms, Turnaround: 1409ms, Thread: pool-7-thread-1
Processed Task 99 (LOW) | Wait: 1358ms, Turnaround: 1409ms, Thread: pool-7-thread-3
Processed Task 66 (MEDIUM) | Wait: 1358ms, Turnaround: 1409ms, Thread: pool-7-thread-2
Processed Task 76 (MEDIUM) | Wait: 1409ms, Turnaround: 1461ms, Thread: pool-7-thread-2
Processed Task 29 (HIGH) | Wait: 1409ms, Turnaround: 1461ms, Thread: pool-7-thread-1
Processed Task 28 (HIGH) | Wait: 1461ms, Turnaround: 1517ms, Thread: pool-7-thread-1
Processed Task 82 (MEDIUM) | Wait: 1461ms, Turnaround: 1517ms, Thread: pool-7-thread-2
Processed Task 23 (HIGH) | Wait: 1517ms, Turnaround: 1569ms, Thread: pool-7-thread-1
Processed Task 84 (MEDIUM) | Wait: 1517ms, Turnaround: 1569ms, Thread: pool-7-thread-2
Processed Task 85 (MEDIUM) | Wait: 1569ms, Turnaround: 1633ms, Thread: pool-7-thread-2
Processed Task 22 (HIGH) | Wait: 1569ms, Turnaround: 1633ms, Thread: pool-7-thread-1
Processed Task 86 (MEDIUM) | Wait: 1633ms, Turnaround: 1688ms, Thread: pool-7-thread-2
Processed Task 20 (HIGH) | Wait: 1633ms, Turnaround: 1688ms, Thread: pool-7-thread-1
Processed Task 17 (HIGH) | Wait: 1688ms, Turnaround: 1750ms, Thread: pool-7-thread-1
Processed Task 90 (MEDIUM) | Wait: 1688ms, Turnaround: 1750ms, Thread: pool-7-thread-2
Processed Task 16 (HIGH) | Wait: 1750ms, Turnaround: 1802ms, Thread: pool-7-thread-1
Processed Task 91 (MEDIUM) | Wait: 1750ms, Turnaround: 1802ms, Thread: pool-7-thread-2
Processed Task 12 (HIGH) | Wait: 1802ms, Turnaround: 1858ms, Thread: pool-7-thread-1
Processed Task 95 (MEDIUM) | Wait: 1802ms, Turnaround: 1858ms, Thread: pool-7-thread-2
Processed Task 10 (HIGH) | Wait: 1858ms, Turnaround: 1917ms, Thread: pool-7-thread-1
Processed Task 98 (MEDIUM) | Wait: 1858ms, Turnaround: 1917ms, Thread: pool-7-thread-2
Processed Task 100 (MEDIUM) | Wait: 1917ms, Turnaround: 1973ms, Thread: pool-7-thread-2
Processed Task 8 (HIGH) | Wait: 1917ms, Turnaround: 1973ms, Thread: pool-7-thread-1
Processed Task 5 (HIGH) | Wait: 1973ms, Turnaround: 2025ms, Thread: pool-7-thread-1
Processed Task 3 (HIGH) | Wait: 2025ms, Turnaround: 2081ms, Thread: pool-7-thread-1

----- RESULTS FOR THIS RUN -----
Tasks processed: 100
Total elapsed: 2.08 s
Throughput: 48.05 tasks/s

Wait Time (ms):
  Min = 0
  Max = 2025
  Avg = 898.62
  StdDev = 561.93

Turnaround Time (ms):
  Min = 52
  Max = 2081
  Avg = 953.25
  StdDev = 562.75
------------------------------


=============================
Starting run 7 of 50
=============================
Processed Task 100 (HIGH) | Wait: 0ms, Turnaround: 53ms, Thread: pool-8-thread-1
Processed Task 1 (MEDIUM) | Wait: 0ms, Turnaround: 53ms, Thread: pool-8-thread-2
Processed Task 4 (LOW) | Wait: 0ms, Turnaround: 53ms, Thread: pool-8-thread-3
Processed Task 2 (MEDIUM) | Wait: 53ms, Turnaround: 116ms, Thread: pool-8-thread-2
Processed Task 14 (LOW) | Wait: 53ms, Turnaround: 116ms, Thread: pool-8-thread-3
Processed Task 96 (HIGH) | Wait: 53ms, Turnaround: 116ms, Thread: pool-8-thread-1
Processed Task 94 (HIGH) | Wait: 116ms, Turnaround: 171ms, Thread: pool-8-thread-1
Processed Task 18 (LOW) | Wait: 116ms, Turnaround: 171ms, Thread: pool-8-thread-3
Processed Task 6 (MEDIUM) | Wait: 116ms, Turnaround: 171ms, Thread: pool-8-thread-2
Processed Task 9 (MEDIUM) | Wait: 171ms, Turnaround: 222ms, Thread: pool-8-thread-2
Processed Task 21 (LOW) | Wait: 171ms, Turnaround: 222ms, Thread: pool-8-thread-3
Processed Task 93 (HIGH) | Wait: 171ms, Turnaround: 222ms, Thread: pool-8-thread-1
Processed Task 10 (MEDIUM) | Wait: 222ms, Turnaround: 279ms, Thread: pool-8-thread-2
Processed Task 89 (HIGH) | Wait: 222ms, Turnaround: 279ms, Thread: pool-8-thread-1
Processed Task 26 (LOW) | Wait: 222ms, Turnaround: 279ms, Thread: pool-8-thread-3
Processed Task 30 (LOW) | Wait: 279ms, Turnaround: 331ms, Thread: pool-8-thread-3
Processed Task 70 (HIGH) | Wait: 279ms, Turnaround: 331ms, Thread: pool-8-thread-1
Processed Task 11 (MEDIUM) | Wait: 279ms, Turnaround: 331ms, Thread: pool-8-thread-2
Processed Task 31 (LOW) | Wait: 331ms, Turnaround: 388ms, Thread: pool-8-thread-3
Processed Task 64 (HIGH) | Wait: 331ms, Turnaround: 388ms, Thread: pool-8-thread-1
Processed Task 13 (MEDIUM) | Wait: 331ms, Turnaround: 388ms, Thread: pool-8-thread-2
Processed Task 63 (HIGH) | Wait: 388ms, Turnaround: 440ms, Thread: pool-8-thread-1
Processed Task 15 (MEDIUM) | Wait: 388ms, Turnaround: 440ms, Thread: pool-8-thread-2
Processed Task 34 (LOW) | Wait: 388ms, Turnaround: 440ms, Thread: pool-8-thread-3
Processed Task 45 (LOW) | Wait: 440ms, Turnaround: 496ms, Thread: pool-8-thread-3
Processed Task 19 (MEDIUM) | Wait: 440ms, Turnaround: 496ms, Thread: pool-8-thread-2
Processed Task 59 (HIGH) | Wait: 440ms, Turnaround: 496ms, Thread: pool-8-thread-1
Processed Task 56 (HIGH) | Wait: 496ms, Turnaround: 547ms, Thread: pool-8-thread-1
Processed Task 50 (LOW) | Wait: 496ms, Turnaround: 547ms, Thread: pool-8-thread-3
Processed Task 22 (MEDIUM) | Wait: 496ms, Turnaround: 547ms, Thread: pool-8-thread-2
Processed Task 55 (HIGH) | Wait: 547ms, Turnaround: 602ms, Thread: pool-8-thread-1
Processed Task 23 (MEDIUM) | Wait: 547ms, Turnaround: 602ms, Thread: pool-8-thread-2
Processed Task 51 (LOW) | Wait: 547ms, Turnaround: 602ms, Thread: pool-8-thread-3
Processed Task 54 (LOW) | Wait: 602ms, Turnaround: 652ms, Thread: pool-8-thread-3
Processed Task 24 (MEDIUM) | Wait: 602ms, Turnaround: 652ms, Thread: pool-8-thread-2
Processed Task 52 (HIGH) | Wait: 602ms, Turnaround: 652ms, Thread: pool-8-thread-1
Processed Task 48 (HIGH) | Wait: 652ms, Turnaround: 703ms, Thread: pool-8-thread-1
Processed Task 58 (LOW) | Wait: 652ms, Turnaround: 703ms, Thread: pool-8-thread-3
Processed Task 25 (MEDIUM) | Wait: 652ms, Turnaround: 703ms, Thread: pool-8-thread-2
Processed Task 28 (MEDIUM) | Wait: 703ms, Turnaround: 761ms, Thread: pool-8-thread-2
Processed Task 61 (LOW) | Wait: 703ms, Turnaround: 761ms, Thread: pool-8-thread-3
Processed Task 46 (HIGH) | Wait: 703ms, Turnaround: 761ms, Thread: pool-8-thread-1
Processed Task 43 (HIGH) | Wait: 761ms, Turnaround: 812ms, Thread: pool-8-thread-1
Processed Task 32 (MEDIUM) | Wait: 761ms, Turnaround: 812ms, Thread: pool-8-thread-2
Processed Task 62 (LOW) | Wait: 761ms, Turnaround: 812ms, Thread: pool-8-thread-3
Processed Task 42 (HIGH) | Wait: 812ms, Turnaround: 866ms, Thread: pool-8-thread-1
Processed Task 65 (LOW) | Wait: 812ms, Turnaround: 866ms, Thread: pool-8-thread-3
Processed Task 38 (MEDIUM) | Wait: 812ms, Turnaround: 866ms, Thread: pool-8-thread-2
Processed Task 41 (HIGH) | Wait: 866ms, Turnaround: 917ms, Thread: pool-8-thread-1
Processed Task 44 (MEDIUM) | Wait: 866ms, Turnaround: 917ms, Thread: pool-8-thread-2
Processed Task 66 (LOW) | Wait: 866ms, Turnaround: 917ms, Thread: pool-8-thread-3
Processed Task 47 (MEDIUM) | Wait: 917ms, Turnaround: 968ms, Thread: pool-8-thread-2
Processed Task 67 (LOW) | Wait: 917ms, Turnaround: 968ms, Thread: pool-8-thread-3
Processed Task 40 (HIGH) | Wait: 917ms, Turnaround: 968ms, Thread: pool-8-thread-1
Processed Task 49 (MEDIUM) | Wait: 968ms, Turnaround: 1025ms, Thread: pool-8-thread-2
Processed Task 39 (HIGH) | Wait: 968ms, Turnaround: 1025ms, Thread: pool-8-thread-1
Processed Task 69 (LOW) | Wait: 968ms, Turnaround: 1025ms, Thread: pool-8-thread-3
Processed Task 37 (HIGH) | Wait: 1025ms, Turnaround: 1076ms, Thread: pool-8-thread-1
Processed Task 71 (LOW) | Wait: 1025ms, Turnaround: 1076ms, Thread: pool-8-thread-3
Processed Task 53 (MEDIUM) | Wait: 1025ms, Turnaround: 1076ms, Thread: pool-8-thread-2
Processed Task 72 (LOW) | Wait: 1076ms, Turnaround: 1133ms, Thread: pool-8-thread-3
Processed Task 36 (HIGH) | Wait: 1076ms, Turnaround: 1133ms, Thread: pool-8-thread-1
Processed Task 57 (MEDIUM) | Wait: 1076ms, Turnaround: 1133ms, Thread: pool-8-thread-2
Processed Task 60 (MEDIUM) | Wait: 1133ms, Turnaround: 1184ms, Thread: pool-8-thread-2
Processed Task 35 (HIGH) | Wait: 1133ms, Turnaround: 1184ms, Thread: pool-8-thread-1
Processed Task 76 (LOW) | Wait: 1133ms, Turnaround: 1184ms, Thread: pool-8-thread-3
Processed Task 68 (MEDIUM) | Wait: 1184ms, Turnaround: 1241ms, Thread: pool-8-thread-2
Processed Task 33 (HIGH) | Wait: 1184ms, Turnaround: 1241ms, Thread: pool-8-thread-1
Processed Task 77 (LOW) | Wait: 1184ms, Turnaround: 1241ms, Thread: pool-8-thread-3
Processed Task 78 (LOW) | Wait: 1241ms, Turnaround: 1292ms, Thread: pool-8-thread-3
Processed Task 29 (HIGH) | Wait: 1241ms, Turnaround: 1292ms, Thread: pool-8-thread-1
Processed Task 73 (MEDIUM) | Wait: 1241ms, Turnaround: 1292ms, Thread: pool-8-thread-2
Processed Task 74 (MEDIUM) | Wait: 1292ms, Turnaround: 1355ms, Thread: pool-8-thread-2
Processed Task 79 (LOW) | Wait: 1292ms, Turnaround: 1355ms, Thread: pool-8-thread-3
Processed Task 27 (HIGH) | Wait: 1292ms, Turnaround: 1355ms, Thread: pool-8-thread-1
Processed Task 75 (MEDIUM) | Wait: 1355ms, Turnaround: 1406ms, Thread: pool-8-thread-2
Processed Task 82 (LOW) | Wait: 1355ms, Turnaround: 1406ms, Thread: pool-8-thread-3
Processed Task 20 (HIGH) | Wait: 1355ms, Turnaround: 1406ms, Thread: pool-8-thread-1
Processed Task 80 (MEDIUM) | Wait: 1406ms, Turnaround: 1463ms, Thread: pool-8-thread-2
Processed Task 83 (LOW) | Wait: 1406ms, Turnaround: 1463ms, Thread: pool-8-thread-3
Processed Task 17 (HIGH) | Wait: 1406ms, Turnaround: 1463ms, Thread: pool-8-thread-1
Processed Task 86 (LOW) | Wait: 1463ms, Turnaround: 1515ms, Thread: pool-8-thread-3
Processed Task 16 (HIGH) | Wait: 1463ms, Turnaround: 1515ms, Thread: pool-8-thread-1
Processed Task 81 (MEDIUM) | Wait: 1463ms, Turnaround: 1515ms, Thread: pool-8-thread-2
Processed Task 84 (MEDIUM) | Wait: 1515ms, Turnaround: 1572ms, Thread: pool-8-thread-2
Processed Task 97 (LOW) | Wait: 1515ms, Turnaround: 1572ms, Thread: pool-8-thread-3
Processed Task 12 (HIGH) | Wait: 1515ms, Turnaround: 1572ms, Thread: pool-8-thread-1
Processed Task 85 (MEDIUM) | Wait: 1572ms, Turnaround: 1623ms, Thread: pool-8-thread-2
Processed Task 8 (HIGH) | Wait: 1572ms, Turnaround: 1623ms, Thread: pool-8-thread-1
Processed Task 87 (MEDIUM) | Wait: 1623ms, Turnaround: 1680ms, Thread: pool-8-thread-2
Processed Task 7 (HIGH) | Wait: 1623ms, Turnaround: 1680ms, Thread: pool-8-thread-1
Processed Task 5 (HIGH) | Wait: 1680ms, Turnaround: 1731ms, Thread: pool-8-thread-1
Processed Task 88 (MEDIUM) | Wait: 1680ms, Turnaround: 1731ms, Thread: pool-8-thread-2
Processed Task 3 (HIGH) | Wait: 1731ms, Turnaround: 1788ms, Thread: pool-8-thread-1
Processed Task 90 (MEDIUM) | Wait: 1731ms, Turnaround: 1788ms, Thread: pool-8-thread-2
Processed Task 91 (MEDIUM) | Wait: 1788ms, Turnaround: 1839ms, Thread: pool-8-thread-2
Processed Task 92 (MEDIUM) | Wait: 1839ms, Turnaround: 1895ms, Thread: pool-8-thread-2
Processed Task 95 (MEDIUM) | Wait: 1895ms, Turnaround: 1946ms, Thread: pool-8-thread-2
Processed Task 98 (MEDIUM) | Wait: 1946ms, Turnaround: 2002ms, Thread: pool-8-thread-2
Processed Task 99 (MEDIUM) | Wait: 2002ms, Turnaround: 2054ms, Thread: pool-8-thread-2

----- RESULTS FOR THIS RUN -----
Tasks processed: 100
Total elapsed: 2.05 s
Throughput: 48.69 tasks/s

Wait Time (ms):
  Min = 0
  Max = 2002
  Avg = 887.24
  StdDev = 536.73

Turnaround Time (ms):
  Min = 53
  Max = 2054
  Avg = 941.38
  StdDev = 536.60
------------------------------


=============================
Starting run 8 of 50
=============================
Processed Task 2 (LOW) | Wait: 0ms, Turnaround: 56ms, Thread: pool-9-thread-3
Processed Task 5 (MEDIUM) | Wait: 0ms, Turnaround: 56ms, Thread: pool-9-thread-2
Processed Task 99 (HIGH) | Wait: 0ms, Turnaround: 56ms, Thread: pool-9-thread-1
Processed Task 93 (HIGH) | Wait: 56ms, Turnaround: 123ms, Thread: pool-9-thread-1
Processed Task 6 (LOW) | Wait: 56ms, Turnaround: 123ms, Thread: pool-9-thread-3
Processed Task 8 (MEDIUM) | Wait: 56ms, Turnaround: 123ms, Thread: pool-9-thread-2
Processed Task 10 (LOW) | Wait: 123ms, Turnaround: 186ms, Thread: pool-9-thread-3
Processed Task 92 (HIGH) | Wait: 123ms, Turnaround: 186ms, Thread: pool-9-thread-1
Processed Task 9 (MEDIUM) | Wait: 123ms, Turnaround: 186ms, Thread: pool-9-thread-2
Processed Task 91 (HIGH) | Wait: 186ms, Turnaround: 241ms, Thread: pool-9-thread-1
Processed Task 11 (LOW) | Wait: 186ms, Turnaround: 241ms, Thread: pool-9-thread-3
Processed Task 13 (MEDIUM) | Wait: 186ms, Turnaround: 241ms, Thread: pool-9-thread-2
Processed Task 15 (LOW) | Wait: 241ms, Turnaround: 301ms, Thread: pool-9-thread-3
Processed Task 14 (MEDIUM) | Wait: 241ms, Turnaround: 301ms, Thread: pool-9-thread-2
Processed Task 89 (HIGH) | Wait: 241ms, Turnaround: 301ms, Thread: pool-9-thread-1
Processed Task 87 (HIGH) | Wait: 301ms, Turnaround: 351ms, Thread: pool-9-thread-1
Processed Task 18 (MEDIUM) | Wait: 301ms, Turnaround: 351ms, Thread: pool-9-thread-2
Processed Task 16 (LOW) | Wait: 301ms, Turnaround: 351ms, Thread: pool-9-thread-3
Processed Task 85 (HIGH) | Wait: 351ms, Turnaround: 401ms, Thread: pool-9-thread-1
Processed Task 22 (MEDIUM) | Wait: 351ms, Turnaround: 401ms, Thread: pool-9-thread-2
Processed Task 21 (LOW) | Wait: 351ms, Turnaround: 401ms, Thread: pool-9-thread-3
Processed Task 84 (HIGH) | Wait: 401ms, Turnaround: 456ms, Thread: pool-9-thread-1
Processed Task 28 (MEDIUM) | Wait: 401ms, Turnaround: 456ms, Thread: pool-9-thread-2
Processed Task 23 (LOW) | Wait: 401ms, Turnaround: 456ms, Thread: pool-9-thread-3
Processed Task 81 (HIGH) | Wait: 456ms, Turnaround: 519ms, Thread: pool-9-thread-1
Processed Task 25 (LOW) | Wait: 456ms, Turnaround: 519ms, Thread: pool-9-thread-3
Processed Task 32 (MEDIUM) | Wait: 456ms, Turnaround: 519ms, Thread: pool-9-thread-2
Processed Task 78 (HIGH) | Wait: 519ms, Turnaround: 573ms, Thread: pool-9-thread-1
Processed Task 26 (LOW) | Wait: 519ms, Turnaround: 573ms, Thread: pool-9-thread-3
Processed Task 35 (MEDIUM) | Wait: 519ms, Turnaround: 573ms, Thread: pool-9-thread-2
Processed Task 77 (HIGH) | Wait: 573ms, Turnaround: 637ms, Thread: pool-9-thread-1
Processed Task 27 (LOW) | Wait: 573ms, Turnaround: 637ms, Thread: pool-9-thread-3
Processed Task 36 (MEDIUM) | Wait: 573ms, Turnaround: 637ms, Thread: pool-9-thread-2
Processed Task 40 (MEDIUM) | Wait: 637ms, Turnaround: 696ms, Thread: pool-9-thread-2
Processed Task 33 (LOW) | Wait: 637ms, Turnaround: 696ms, Thread: pool-9-thread-3
Processed Task 75 (HIGH) | Wait: 637ms, Turnaround: 696ms, Thread: pool-9-thread-1
Processed Task 34 (LOW) | Wait: 696ms, Turnaround: 746ms, Thread: pool-9-thread-3
Processed Task 73 (HIGH) | Wait: 696ms, Turnaround: 746ms, Thread: pool-9-thread-1
Processed Task 41 (MEDIUM) | Wait: 696ms, Turnaround: 746ms, Thread: pool-9-thread-2
Processed Task 44 (MEDIUM) | Wait: 746ms, Turnaround: 810ms, Thread: pool-9-thread-2
Processed Task 70 (HIGH) | Wait: 746ms, Turnaround: 810ms, Thread: pool-9-thread-1
Processed Task 38 (LOW) | Wait: 746ms, Turnaround: 810ms, Thread: pool-9-thread-3
Processed Task 43 (LOW) | Wait: 810ms, Turnaround: 861ms, Thread: pool-9-thread-3
Processed Task 55 (MEDIUM) | Wait: 810ms, Turnaround: 861ms, Thread: pool-9-thread-2
Processed Task 68 (HIGH) | Wait: 810ms, Turnaround: 861ms, Thread: pool-9-thread-1
Processed Task 45 (LOW) | Wait: 861ms, Turnaround: 918ms, Thread: pool-9-thread-3
Processed Task 67 (HIGH) | Wait: 861ms, Turnaround: 918ms, Thread: pool-9-thread-1
Processed Task 57 (MEDIUM) | Wait: 861ms, Turnaround: 918ms, Thread: pool-9-thread-2
Processed Task 63 (HIGH) | Wait: 918ms, Turnaround: 969ms, Thread: pool-9-thread-1
Processed Task 69 (MEDIUM) | Wait: 918ms, Turnaround: 969ms, Thread: pool-9-thread-2
Processed Task 47 (LOW) | Wait: 918ms, Turnaround: 969ms, Thread: pool-9-thread-3
Processed Task 71 (MEDIUM) | Wait: 969ms, Turnaround: 1026ms, Thread: pool-9-thread-2
Processed Task 62 (HIGH) | Wait: 969ms, Turnaround: 1026ms, Thread: pool-9-thread-1
Processed Task 48 (LOW) | Wait: 969ms, Turnaround: 1026ms, Thread: pool-9-thread-3
Processed Task 49 (LOW) | Wait: 1026ms, Turnaround: 1077ms, Thread: pool-9-thread-3
Processed Task 76 (MEDIUM) | Wait: 1026ms, Turnaround: 1077ms, Thread: pool-9-thread-2
Processed Task 61 (HIGH) | Wait: 1026ms, Turnaround: 1077ms, Thread: pool-9-thread-1
Processed Task 60 (HIGH) | Wait: 1077ms, Turnaround: 1134ms, Thread: pool-9-thread-1
Processed Task 82 (MEDIUM) | Wait: 1077ms, Turnaround: 1134ms, Thread: pool-9-thread-2
Processed Task 53 (LOW) | Wait: 1077ms, Turnaround: 1134ms, Thread: pool-9-thread-3
Processed Task 86 (MEDIUM) | Wait: 1134ms, Turnaround: 1188ms, Thread: pool-9-thread-2
Processed Task 58 (HIGH) | Wait: 1134ms, Turnaround: 1188ms, Thread: pool-9-thread-1
Processed Task 54 (LOW) | Wait: 1134ms, Turnaround: 1188ms, Thread: pool-9-thread-3
Processed Task 94 (MEDIUM) | Wait: 1188ms, Turnaround: 1239ms, Thread: pool-9-thread-2
Processed Task 56 (LOW) | Wait: 1188ms, Turnaround: 1239ms, Thread: pool-9-thread-3
Processed Task 52 (HIGH) | Wait: 1188ms, Turnaround: 1239ms, Thread: pool-9-thread-1
Processed Task 51 (HIGH) | Wait: 1239ms, Turnaround: 1291ms, Thread: pool-9-thread-1
Processed Task 59 (LOW) | Wait: 1239ms, Turnaround: 1291ms, Thread: pool-9-thread-3
Processed Task 95 (MEDIUM) | Wait: 1239ms, Turnaround: 1291ms, Thread: pool-9-thread-2
Processed Task 98 (MEDIUM) | Wait: 1291ms, Turnaround: 1351ms, Thread: pool-9-thread-2
Processed Task 50 (HIGH) | Wait: 1291ms, Turnaround: 1351ms, Thread: pool-9-thread-1
Processed Task 64 (LOW) | Wait: 1291ms, Turnaround: 1351ms, Thread: pool-9-thread-3
Processed Task 100 (MEDIUM) | Wait: 1351ms, Turnaround: 1401ms, Thread: pool-9-thread-2
Processed Task 46 (HIGH) | Wait: 1351ms, Turnaround: 1401ms, Thread: pool-9-thread-1
Processed Task 65 (LOW) | Wait: 1351ms, Turnaround: 1401ms, Thread: pool-9-thread-3
Processed Task 42 (HIGH) | Wait: 1401ms, Turnaround: 1459ms, Thread: pool-9-thread-1
Processed Task 66 (LOW) | Wait: 1401ms, Turnaround: 1459ms, Thread: pool-9-thread-3
Processed Task 72 (LOW) | Wait: 1459ms, Turnaround: 1510ms, Thread: pool-9-thread-3
Processed Task 39 (HIGH) | Wait: 1459ms, Turnaround: 1510ms, Thread: pool-9-thread-1
Processed Task 37 (HIGH) | Wait: 1510ms, Turnaround: 1568ms, Thread: pool-9-thread-1
Processed Task 74 (LOW) | Wait: 1510ms, Turnaround: 1568ms, Thread: pool-9-thread-3
Processed Task 79 (LOW) | Wait: 1568ms, Turnaround: 1619ms, Thread: pool-9-thread-3
Processed Task 31 (HIGH) | Wait: 1568ms, Turnaround: 1619ms, Thread: pool-9-thread-1
Processed Task 80 (LOW) | Wait: 1619ms, Turnaround: 1676ms, Thread: pool-9-thread-3
Processed Task 30 (HIGH) | Wait: 1619ms, Turnaround: 1676ms, Thread: pool-9-thread-1
Processed Task 29 (HIGH) | Wait: 1676ms, Turnaround: 1729ms, Thread: pool-9-thread-1
Processed Task 83 (LOW) | Wait: 1676ms, Turnaround: 1729ms, Thread: pool-9-thread-3
Processed Task 88 (LOW) | Wait: 1729ms, Turnaround: 1779ms, Thread: pool-9-thread-3
Processed Task 24 (HIGH) | Wait: 1729ms, Turnaround: 1779ms, Thread: pool-9-thread-1
Processed Task 90 (LOW) | Wait: 1779ms, Turnaround: 1830ms, Thread: pool-9-thread-3
Processed Task 20 (HIGH) | Wait: 1779ms, Turnaround: 1830ms, Thread: pool-9-thread-1
Processed Task 96 (LOW) | Wait: 1830ms, Turnaround: 1898ms, Thread: pool-9-thread-3
Processed Task 19 (HIGH) | Wait: 1830ms, Turnaround: 1898ms, Thread: pool-9-thread-1
Processed Task 97 (LOW) | Wait: 1898ms, Turnaround: 1952ms, Thread: pool-9-thread-3
Processed Task 17 (HIGH) | Wait: 1898ms, Turnaround: 1952ms, Thread: pool-9-thread-1
Processed Task 12 (HIGH) | Wait: 1952ms, Turnaround: 2005ms, Thread: pool-9-thread-1
Processed Task 7 (HIGH) | Wait: 2005ms, Turnaround: 2056ms, Thread: pool-9-thread-1
Processed Task 4 (HIGH) | Wait: 2056ms, Turnaround: 2109ms, Thread: pool-9-thread-1
Processed Task 3 (HIGH) | Wait: 2109ms, Turnaround: 2161ms, Thread: pool-9-thread-1
Processed Task 1 (HIGH) | Wait: 2161ms, Turnaround: 2219ms, Thread: pool-9-thread-1

----- RESULTS FOR THIS RUN -----
Tasks processed: 100
Total elapsed: 2.22 s
Throughput: 45.07 tasks/s

Wait Time (ms):
  Min = 0
  Max = 2161
  Avg = 946.71
  StdDev = 581.75

Turnaround Time (ms):
  Min = 56
  Max = 2219
  Avg = 1002.43
  StdDev = 580.34
------------------------------


=============================
Starting run 9 of 50
=============================
Processed Task 100 (HIGH) | Wait: 0ms, Turnaround: 53ms, Thread: pool-10-thread-1
Processed Task 1 (MEDIUM) | Wait: 0ms, Turnaround: 53ms, Thread: pool-10-thread-2
Processed Task 7 (LOW) | Wait: 0ms, Turnaround: 53ms, Thread: pool-10-thread-3
Processed Task 99 (HIGH) | Wait: 53ms, Turnaround: 117ms, Thread: pool-10-thread-1
Processed Task 2 (MEDIUM) | Wait: 53ms, Turnaround: 117ms, Thread: pool-10-thread-2
Processed Task 9 (LOW) | Wait: 53ms, Turnaround: 117ms, Thread: pool-10-thread-3
Processed Task 10 (LOW) | Wait: 117ms, Turnaround: 168ms, Thread: pool-10-thread-3
Processed Task 95 (HIGH) | Wait: 117ms, Turnaround: 168ms, Thread: pool-10-thread-1
Processed Task 3 (MEDIUM) | Wait: 117ms, Turnaround: 168ms, Thread: pool-10-thread-2
Processed Task 93 (HIGH) | Wait: 168ms, Turnaround: 225ms, Thread: pool-10-thread-1
Processed Task 15 (LOW) | Wait: 168ms, Turnaround: 225ms, Thread: pool-10-thread-3
Processed Task 5 (MEDIUM) | Wait: 168ms, Turnaround: 225ms, Thread: pool-10-thread-2
Processed Task 17 (LOW) | Wait: 225ms, Turnaround: 277ms, Thread: pool-10-thread-3
Processed Task 6 (MEDIUM) | Wait: 225ms, Turnaround: 277ms, Thread: pool-10-thread-2
Processed Task 88 (HIGH) | Wait: 225ms, Turnaround: 277ms, Thread: pool-10-thread-1
Processed Task 19 (LOW) | Wait: 277ms, Turnaround: 333ms, Thread: pool-10-thread-3
Processed Task 13 (MEDIUM) | Wait: 277ms, Turnaround: 333ms, Thread: pool-10-thread-2
Processed Task 87 (HIGH) | Wait: 277ms, Turnaround: 333ms, Thread: pool-10-thread-1
Processed Task 14 (MEDIUM) | Wait: 333ms, Turnaround: 398ms, Thread: pool-10-thread-2
Processed Task 85 (HIGH) | Wait: 333ms, Turnaround: 398ms, Thread: pool-10-thread-1
Processed Task 25 (LOW) | Wait: 333ms, Turnaround: 398ms, Thread: pool-10-thread-3
Processed Task 16 (MEDIUM) | Wait: 398ms, Turnaround: 448ms, Thread: pool-10-thread-2
Processed Task 83 (HIGH) | Wait: 398ms, Turnaround: 448ms, Thread: pool-10-thread-1
Processed Task 28 (LOW) | Wait: 398ms, Turnaround: 448ms, Thread: pool-10-thread-3
Processed Task 21 (MEDIUM) | Wait: 448ms, Turnaround: 503ms, Thread: pool-10-thread-2
Processed Task 40 (LOW) | Wait: 448ms, Turnaround: 503ms, Thread: pool-10-thread-3
Processed Task 76 (HIGH) | Wait: 448ms, Turnaround: 503ms, Thread: pool-10-thread-1
Processed Task 41 (LOW) | Wait: 503ms, Turnaround: 555ms, Thread: pool-10-thread-3
Processed Task 68 (HIGH) | Wait: 503ms, Turnaround: 555ms, Thread: pool-10-thread-1
Processed Task 22 (MEDIUM) | Wait: 503ms, Turnaround: 555ms, Thread: pool-10-thread-2
Processed Task 45 (LOW) | Wait: 555ms, Turnaround: 611ms, Thread: pool-10-thread-3
Processed Task 24 (MEDIUM) | Wait: 555ms, Turnaround: 611ms, Thread: pool-10-thread-2
Processed Task 66 (HIGH) | Wait: 555ms, Turnaround: 611ms, Thread: pool-10-thread-1
Processed Task 47 (LOW) | Wait: 611ms, Turnaround: 662ms, Thread: pool-10-thread-3
Processed Task 31 (MEDIUM) | Wait: 611ms, Turnaround: 662ms, Thread: pool-10-thread-2
Processed Task 63 (HIGH) | Wait: 611ms, Turnaround: 662ms, Thread: pool-10-thread-1
Processed Task 48 (LOW) | Wait: 662ms, Turnaround: 719ms, Thread: pool-10-thread-3
Processed Task 62 (HIGH) | Wait: 662ms, Turnaround: 719ms, Thread: pool-10-thread-1
Processed Task 32 (MEDIUM) | Wait: 662ms, Turnaround: 719ms, Thread: pool-10-thread-2
Processed Task 61 (HIGH) | Wait: 719ms, Turnaround: 770ms, Thread: pool-10-thread-1
Processed Task 49 (LOW) | Wait: 719ms, Turnaround: 770ms, Thread: pool-10-thread-3
Processed Task 34 (MEDIUM) | Wait: 719ms, Turnaround: 770ms, Thread: pool-10-thread-2
Processed Task 37 (MEDIUM) | Wait: 770ms, Turnaround: 827ms, Thread: pool-10-thread-2
Processed Task 58 (HIGH) | Wait: 770ms, Turnaround: 827ms, Thread: pool-10-thread-1
Processed Task 53 (LOW) | Wait: 770ms, Turnaround: 827ms, Thread: pool-10-thread-3
Processed Task 56 (LOW) | Wait: 827ms, Turnaround: 879ms, Thread: pool-10-thread-3
Processed Task 57 (HIGH) | Wait: 827ms, Turnaround: 879ms, Thread: pool-10-thread-1
Processed Task 38 (MEDIUM) | Wait: 827ms, Turnaround: 879ms, Thread: pool-10-thread-2
Processed Task 50 (HIGH) | Wait: 879ms, Turnaround: 936ms, Thread: pool-10-thread-1
Processed Task 39 (MEDIUM) | Wait: 879ms, Turnaround: 936ms, Thread: pool-10-thread-2
Processed Task 60 (LOW) | Wait: 879ms, Turnaround: 936ms, Thread: pool-10-thread-3
Processed Task 65 (LOW) | Wait: 936ms, Turnaround: 987ms, Thread: pool-10-thread-3
Processed Task 43 (MEDIUM) | Wait: 936ms, Turnaround: 987ms, Thread: pool-10-thread-2
Processed Task 46 (HIGH) | Wait: 936ms, Turnaround: 987ms, Thread: pool-10-thread-1
Processed Task 70 (LOW) | Wait: 987ms, Turnaround: 1044ms, Thread: pool-10-thread-3
Processed Task 51 (MEDIUM) | Wait: 987ms, Turnaround: 1044ms, Thread: pool-10-thread-2
Processed Task 44 (HIGH) | Wait: 987ms, Turnaround: 1044ms, Thread: pool-10-thread-1
Processed Task 42 (HIGH) | Wait: 1044ms, Turnaround: 1105ms, Thread: pool-10-thread-1
Processed Task 52 (MEDIUM) | Wait: 1044ms, Turnaround: 1105ms, Thread: pool-10-thread-2
Processed Task 72 (LOW) | Wait: 1044ms, Turnaround: 1105ms, Thread: pool-10-thread-3
Processed Task 74 (LOW) | Wait: 1105ms, Turnaround: 1162ms, Thread: pool-10-thread-3
Processed Task 54 (MEDIUM) | Wait: 1105ms, Turnaround: 1162ms, Thread: pool-10-thread-2
Processed Task 36 (HIGH) | Wait: 1105ms, Turnaround: 1162ms, Thread: pool-10-thread-1
Processed Task 55 (MEDIUM) | Wait: 1162ms, Turnaround: 1217ms, Thread: pool-10-thread-2
Processed Task 35 (HIGH) | Wait: 1162ms, Turnaround: 1217ms, Thread: pool-10-thread-1
Processed Task 75 (LOW) | Wait: 1162ms, Turnaround: 1217ms, Thread: pool-10-thread-3
Processed Task 33 (HIGH) | Wait: 1217ms, Turnaround: 1270ms, Thread: pool-10-thread-1
Processed Task 80 (LOW) | Wait: 1217ms, Turnaround: 1270ms, Thread: pool-10-thread-3
Processed Task 59 (MEDIUM) | Wait: 1217ms, Turnaround: 1270ms, Thread: pool-10-thread-2
Processed Task 64 (MEDIUM) | Wait: 1270ms, Turnaround: 1323ms, Thread: pool-10-thread-2
Processed Task 81 (LOW) | Wait: 1270ms, Turnaround: 1323ms, Thread: pool-10-thread-3
Processed Task 30 (HIGH) | Wait: 1270ms, Turnaround: 1323ms, Thread: pool-10-thread-1
Processed Task 82 (LOW) | Wait: 1323ms, Turnaround: 1377ms, Thread: pool-10-thread-3
Processed Task 29 (HIGH) | Wait: 1323ms, Turnaround: 1377ms, Thread: pool-10-thread-1
Processed Task 67 (MEDIUM) | Wait: 1323ms, Turnaround: 1377ms, Thread: pool-10-thread-2
Processed Task 86 (LOW) | Wait: 1377ms, Turnaround: 1432ms, Thread: pool-10-thread-3
Processed Task 27 (HIGH) | Wait: 1377ms, Turnaround: 1432ms, Thread: pool-10-thread-1
Processed Task 69 (MEDIUM) | Wait: 1377ms, Turnaround: 1432ms, Thread: pool-10-thread-2
Processed Task 90 (LOW) | Wait: 1432ms, Turnaround: 1485ms, Thread: pool-10-thread-3
Processed Task 71 (MEDIUM) | Wait: 1432ms, Turnaround: 1485ms, Thread: pool-10-thread-2
Processed Task 26 (HIGH) | Wait: 1432ms, Turnaround: 1485ms, Thread: pool-10-thread-1
Processed Task 73 (MEDIUM) | Wait: 1485ms, Turnaround: 1540ms, Thread: pool-10-thread-2
Processed Task 92 (LOW) | Wait: 1485ms, Turnaround: 1540ms, Thread: pool-10-thread-3
Processed Task 23 (HIGH) | Wait: 1485ms, Turnaround: 1540ms, Thread: pool-10-thread-1
Processed Task 77 (MEDIUM) | Wait: 1540ms, Turnaround: 1592ms, Thread: pool-10-thread-2
Processed Task 96 (LOW) | Wait: 1540ms, Turnaround: 1592ms, Thread: pool-10-thread-3
Processed Task 20 (HIGH) | Wait: 1540ms, Turnaround: 1592ms, Thread: pool-10-thread-1
Processed Task 78 (MEDIUM) | Wait: 1592ms, Turnaround: 1648ms, Thread: pool-10-thread-2
Processed Task 18 (HIGH) | Wait: 1592ms, Turnaround: 1648ms, Thread: pool-10-thread-1
Processed Task 97 (LOW) | Wait: 1592ms, Turnaround: 1649ms, Thread: pool-10-thread-3
Processed Task 12 (HIGH) | Wait: 1649ms, Turnaround: 1700ms, Thread: pool-10-thread-1
Processed Task 98 (LOW) | Wait: 1649ms, Turnaround: 1700ms, Thread: pool-10-thread-3
Processed Task 79 (MEDIUM) | Wait: 1649ms, Turnaround: 1700ms, Thread: pool-10-thread-2
Processed Task 11 (HIGH) | Wait: 1700ms, Turnaround: 1756ms, Thread: pool-10-thread-1
Processed Task 84 (MEDIUM) | Wait: 1700ms, Turnaround: 1756ms, Thread: pool-10-thread-2
Processed Task 8 (HIGH) | Wait: 1756ms, Turnaround: 1809ms, Thread: pool-10-thread-1
Processed Task 89 (MEDIUM) | Wait: 1756ms, Turnaround: 1809ms, Thread: pool-10-thread-2
Processed Task 91 (MEDIUM) | Wait: 1809ms, Turnaround: 1865ms, Thread: pool-10-thread-2
Processed Task 4 (HIGH) | Wait: 1809ms, Turnaround: 1865ms, Thread: pool-10-thread-1
Processed Task 94 (MEDIUM) | Wait: 1865ms, Turnaround: 1924ms, Thread: pool-10-thread-2

----- RESULTS FOR THIS RUN -----
Tasks processed: 100
Total elapsed: 1.92 s
Throughput: 51.98 tasks/s

Wait Time (ms):
  Min = 0
  Max = 1865
  Avg = 893.87
  StdDev = 531.15

Turnaround Time (ms):
  Min = 53
  Max = 1924
  Avg = 948.74
  StdDev = 530.71
------------------------------


=============================
Starting run 10 of 50
=============================
Processed Task 8 (MEDIUM) | Wait: 0ms, Turnaround: 54ms, Thread: pool-11-thread-2
Processed Task 3 (LOW) | Wait: 0ms, Turnaround: 54ms, Thread: pool-11-thread-3
Processed Task 98 (HIGH) | Wait: 0ms, Turnaround: 54ms, Thread: pool-11-thread-1
Processed Task 4 (LOW) | Wait: 55ms, Turnaround: 107ms, Thread: pool-11-thread-3
Processed Task 9 (MEDIUM) | Wait: 55ms, Turnaround: 107ms, Thread: pool-11-thread-2
Processed Task 96 (HIGH) | Wait: 55ms, Turnaround: 107ms, Thread: pool-11-thread-1
Processed Task 12 (MEDIUM) | Wait: 107ms, Turnaround: 160ms, Thread: pool-11-thread-2
Processed Task 5 (LOW) | Wait: 107ms, Turnaround: 160ms, Thread: pool-11-thread-3
Processed Task 95 (HIGH) | Wait: 107ms, Turnaround: 160ms, Thread: pool-11-thread-1
Processed Task 6 (LOW) | Wait: 160ms, Turnaround: 210ms, Thread: pool-11-thread-3
Processed Task 13 (MEDIUM) | Wait: 160ms, Turnaround: 210ms, Thread: pool-11-thread-2
Processed Task 94 (HIGH) | Wait: 160ms, Turnaround: 210ms, Thread: pool-11-thread-1
Processed Task 15 (MEDIUM) | Wait: 210ms, Turnaround: 269ms, Thread: pool-11-thread-2
Processed Task 89 (HIGH) | Wait: 210ms, Turnaround: 269ms, Thread: pool-11-thread-1
Processed Task 10 (LOW) | Wait: 210ms, Turnaround: 269ms, Thread: pool-11-thread-3
Processed Task 87 (HIGH) | Wait: 269ms, Turnaround: 324ms, Thread: pool-11-thread-1
Processed Task 17 (MEDIUM) | Wait: 269ms, Turnaround: 324ms, Thread: pool-11-thread-2
Processed Task 11 (LOW) | Wait: 269ms, Turnaround: 324ms, Thread: pool-11-thread-3
Processed Task 85 (HIGH) | Wait: 324ms, Turnaround: 376ms, Thread: pool-11-thread-1
Processed Task 14 (LOW) | Wait: 324ms, Turnaround: 376ms, Thread: pool-11-thread-3
Processed Task 19 (MEDIUM) | Wait: 324ms, Turnaround: 376ms, Thread: pool-11-thread-2
Processed Task 18 (LOW) | Wait: 376ms, Turnaround: 429ms, Thread: pool-11-thread-3
Processed Task 24 (MEDIUM) | Wait: 376ms, Turnaround: 429ms, Thread: pool-11-thread-2
Processed Task 84 (HIGH) | Wait: 376ms, Turnaround: 429ms, Thread: pool-11-thread-1
Processed Task 25 (MEDIUM) | Wait: 429ms, Turnaround: 480ms, Thread: pool-11-thread-2
Processed Task 20 (LOW) | Wait: 429ms, Turnaround: 480ms, Thread: pool-11-thread-3
Processed Task 80 (HIGH) | Wait: 429ms, Turnaround: 480ms, Thread: pool-11-thread-1
Processed Task 26 (MEDIUM) | Wait: 480ms, Turnaround: 536ms, Thread: pool-11-thread-2
Processed Task 78 (HIGH) | Wait: 480ms, Turnaround: 536ms, Thread: pool-11-thread-1
Processed Task 21 (LOW) | Wait: 480ms, Turnaround: 536ms, Thread: pool-11-thread-3
Processed Task 77 (HIGH) | Wait: 536ms, Turnaround: 588ms, Thread: pool-11-thread-1
Processed Task 31 (MEDIUM) | Wait: 536ms, Turnaround: 588ms, Thread: pool-11-thread-2
Processed Task 27 (LOW) | Wait: 536ms, Turnaround: 588ms, Thread: pool-11-thread-3
Processed Task 74 (HIGH) | Wait: 588ms, Turnaround: 643ms, Thread: pool-11-thread-1
Processed Task 36 (MEDIUM) | Wait: 588ms, Turnaround: 643ms, Thread: pool-11-thread-2
Processed Task 28 (LOW) | Wait: 588ms, Turnaround: 643ms, Thread: pool-11-thread-3
Processed Task 71 (HIGH) | Wait: 643ms, Turnaround: 698ms, Thread: pool-11-thread-1
Processed Task 38 (MEDIUM) | Wait: 643ms, Turnaround: 698ms, Thread: pool-11-thread-2
Processed Task 30 (LOW) | Wait: 643ms, Turnaround: 698ms, Thread: pool-11-thread-3
Processed Task 37 (LOW) | Wait: 698ms, Turnaround: 761ms, Thread: pool-11-thread-3
Processed Task 41 (MEDIUM) | Wait: 698ms, Turnaround: 761ms, Thread: pool-11-thread-2
Processed Task 70 (HIGH) | Wait: 698ms, Turnaround: 761ms, Thread: pool-11-thread-1
Processed Task 60 (HIGH) | Wait: 761ms, Turnaround: 820ms, Thread: pool-11-thread-1
Processed Task 42 (MEDIUM) | Wait: 761ms, Turnaround: 820ms, Thread: pool-11-thread-2
Processed Task 39 (LOW) | Wait: 761ms, Turnaround: 820ms, Thread: pool-11-thread-3
Processed Task 44 (LOW) | Wait: 820ms, Turnaround: 871ms, Thread: pool-11-thread-3
Processed Task 57 (HIGH) | Wait: 820ms, Turnaround: 871ms, Thread: pool-11-thread-1
Processed Task 45 (MEDIUM) | Wait: 820ms, Turnaround: 871ms, Thread: pool-11-thread-2
Processed Task 46 (LOW) | Wait: 871ms, Turnaround: 928ms, Thread: pool-11-thread-3
Processed Task 50 (MEDIUM) | Wait: 871ms, Turnaround: 928ms, Thread: pool-11-thread-2
Processed Task 51 (HIGH) | Wait: 871ms, Turnaround: 928ms, Thread: pool-11-thread-1
Processed Task 53 (MEDIUM) | Wait: 928ms, Turnaround: 980ms, Thread: pool-11-thread-2
Processed Task 48 (HIGH) | Wait: 928ms, Turnaround: 980ms, Thread: pool-11-thread-1
Processed Task 49 (LOW) | Wait: 928ms, Turnaround: 980ms, Thread: pool-11-thread-3
Processed Task 47 (HIGH) | Wait: 980ms, Turnaround: 1037ms, Thread: pool-11-thread-1
Processed Task 54 (MEDIUM) | Wait: 980ms, Turnaround: 1037ms, Thread: pool-11-thread-2
Processed Task 52 (LOW) | Wait: 980ms, Turnaround: 1037ms, Thread: pool-11-thread-3
Processed Task 55 (MEDIUM) | Wait: 1037ms, Turnaround: 1088ms, Thread: pool-11-thread-2
Processed Task 43 (HIGH) | Wait: 1037ms, Turnaround: 1088ms, Thread: pool-11-thread-1
Processed Task 63 (LOW) | Wait: 1037ms, Turnaround: 1088ms, Thread: pool-11-thread-3
Processed Task 40 (HIGH) | Wait: 1088ms, Turnaround: 1145ms, Thread: pool-11-thread-1
Processed Task 56 (MEDIUM) | Wait: 1088ms, Turnaround: 1145ms, Thread: pool-11-thread-2
Processed Task 68 (LOW) | Wait: 1088ms, Turnaround: 1145ms, Thread: pool-11-thread-3
Processed Task 35 (HIGH) | Wait: 1145ms, Turnaround: 1196ms, Thread: pool-11-thread-1
Processed Task 58 (MEDIUM) | Wait: 1145ms, Turnaround: 1196ms, Thread: pool-11-thread-2
Processed Task 72 (LOW) | Wait: 1145ms, Turnaround: 1196ms, Thread: pool-11-thread-3
Processed Task 59 (MEDIUM) | Wait: 1196ms, Turnaround: 1264ms, Thread: pool-11-thread-2
Processed Task 79 (LOW) | Wait: 1196ms, Turnaround: 1264ms, Thread: pool-11-thread-3
Processed Task 34 (HIGH) | Wait: 1196ms, Turnaround: 1264ms, Thread: pool-11-thread-1
Processed Task 83 (LOW) | Wait: 1264ms, Turnaround: 1316ms, Thread: pool-11-thread-3
Processed Task 61 (MEDIUM) | Wait: 1264ms, Turnaround: 1316ms, Thread: pool-11-thread-2
Processed Task 33 (HIGH) | Wait: 1264ms, Turnaround: 1316ms, Thread: pool-11-thread-1
Processed Task 32 (HIGH) | Wait: 1316ms, Turnaround: 1367ms, Thread: pool-11-thread-1
Processed Task 62 (MEDIUM) | Wait: 1316ms, Turnaround: 1367ms, Thread: pool-11-thread-2
Processed Task 86 (LOW) | Wait: 1316ms, Turnaround: 1367ms, Thread: pool-11-thread-3
Processed Task 88 (LOW) | Wait: 1367ms, Turnaround: 1418ms, Thread: pool-11-thread-3
Processed Task 29 (HIGH) | Wait: 1367ms, Turnaround: 1418ms, Thread: pool-11-thread-1
Processed Task 64 (MEDIUM) | Wait: 1367ms, Turnaround: 1418ms, Thread: pool-11-thread-2
Processed Task 90 (LOW) | Wait: 1418ms, Turnaround: 1476ms, Thread: pool-11-thread-3
Processed Task 65 (MEDIUM) | Wait: 1418ms, Turnaround: 1476ms, Thread: pool-11-thread-2
Processed Task 23 (HIGH) | Wait: 1418ms, Turnaround: 1476ms, Thread: pool-11-thread-1
Processed Task 91 (LOW) | Wait: 1476ms, Turnaround: 1527ms, Thread: pool-11-thread-3
Processed Task 66 (MEDIUM) | Wait: 1476ms, Turnaround: 1527ms, Thread: pool-11-thread-2
Processed Task 22 (HIGH) | Wait: 1476ms, Turnaround: 1527ms, Thread: pool-11-thread-1
Processed Task 16 (HIGH) | Wait: 1527ms, Turnaround: 1584ms, Thread: pool-11-thread-1
Processed Task 67 (MEDIUM) | Wait: 1527ms, Turnaround: 1584ms, Thread: pool-11-thread-2
Processed Task 92 (LOW) | Wait: 1527ms, Turnaround: 1584ms, Thread: pool-11-thread-3
Processed Task 7 (HIGH) | Wait: 1584ms, Turnaround: 1635ms, Thread: pool-11-thread-1
Processed Task 99 (LOW) | Wait: 1584ms, Turnaround: 1635ms, Thread: pool-11-thread-3
Processed Task 69 (MEDIUM) | Wait: 1584ms, Turnaround: 1635ms, Thread: pool-11-thread-2
Processed Task 2 (HIGH) | Wait: 1635ms, Turnaround: 1691ms, Thread: pool-11-thread-1
Processed Task 73 (MEDIUM) | Wait: 1635ms, Turnaround: 1691ms, Thread: pool-11-thread-2
Processed Task 100 (LOW) | Wait: 1635ms, Turnaround: 1691ms, Thread: pool-11-thread-3
Processed Task 1 (HIGH) | Wait: 1691ms, Turnaround: 1742ms, Thread: pool-11-thread-1
Processed Task 75 (MEDIUM) | Wait: 1691ms, Turnaround: 1742ms, Thread: pool-11-thread-2
Processed Task 76 (MEDIUM) | Wait: 1742ms, Turnaround: 1799ms, Thread: pool-11-thread-2
Processed Task 81 (MEDIUM) | Wait: 1799ms, Turnaround: 1852ms, Thread: pool-11-thread-2
Processed Task 82 (MEDIUM) | Wait: 1852ms, Turnaround: 1903ms, Thread: pool-11-thread-2
Processed Task 93 (MEDIUM) | Wait: 1903ms, Turnaround: 1954ms, Thread: pool-11-thread-2
Processed Task 97 (MEDIUM) | Wait: 1954ms, Turnaround: 2011ms, Thread: pool-11-thread-2

----- RESULTS FOR THIS RUN -----
Tasks processed: 100
Total elapsed: 2.01 s
Throughput: 49.73 tasks/s

Wait Time (ms):
  Min = 0
  Max = 1954
  Avg = 884.96
  StdDev = 536.64

Turnaround Time (ms):
  Min = 54
  Max = 2011
  Avg = 939.37
  StdDev = 536.75
------------------------------


=============================
Starting run 11 of 50
=============================
Processed Task 8 (MEDIUM) | Wait: 0ms, Turnaround: 54ms, Thread: pool-12-thread-2
Processed Task 1 (LOW) | Wait: 0ms, Turnaround: 54ms, Thread: pool-12-thread-3
Processed Task 99 (HIGH) | Wait: 0ms, Turnaround: 54ms, Thread: pool-12-thread-1
Processed Task 92 (HIGH) | Wait: 54ms, Turnaround: 109ms, Thread: pool-12-thread-1
Processed Task 2 (LOW) | Wait: 54ms, Turnaround: 109ms, Thread: pool-12-thread-3
Processed Task 10 (MEDIUM) | Wait: 54ms, Turnaround: 109ms, Thread: pool-12-thread-2
Processed Task 89 (HIGH) | Wait: 109ms, Turnaround: 166ms, Thread: pool-12-thread-1
Processed Task 3 (LOW) | Wait: 109ms, Turnaround: 166ms, Thread: pool-12-thread-3
Processed Task 12 (MEDIUM) | Wait: 109ms, Turnaround: 166ms, Thread: pool-12-thread-2
Processed Task 13 (MEDIUM) | Wait: 166ms, Turnaround: 229ms, Thread: pool-12-thread-2
Processed Task 4 (LOW) | Wait: 166ms, Turnaround: 229ms, Thread: pool-12-thread-3
Processed Task 88 (HIGH) | Wait: 166ms, Turnaround: 229ms, Thread: pool-12-thread-1
Processed Task 14 (MEDIUM) | Wait: 229ms, Turnaround: 279ms, Thread: pool-12-thread-2
Processed Task 5 (LOW) | Wait: 229ms, Turnaround: 279ms, Thread: pool-12-thread-3
Processed Task 84 (HIGH) | Wait: 229ms, Turnaround: 279ms, Thread: pool-12-thread-1
Processed Task 6 (LOW) | Wait: 279ms, Turnaround: 333ms, Thread: pool-12-thread-3
Processed Task 83 (HIGH) | Wait: 279ms, Turnaround: 333ms, Thread: pool-12-thread-1
Processed Task 20 (MEDIUM) | Wait: 279ms, Turnaround: 333ms, Thread: pool-12-thread-2
Processed Task 23 (MEDIUM) | Wait: 333ms, Turnaround: 383ms, Thread: pool-12-thread-2
Processed Task 76 (HIGH) | Wait: 333ms, Turnaround: 383ms, Thread: pool-12-thread-1
Processed Task 7 (LOW) | Wait: 333ms, Turnaround: 383ms, Thread: pool-12-thread-3
Processed Task 24 (MEDIUM) | Wait: 383ms, Turnaround: 446ms, Thread: pool-12-thread-2
Processed Task 11 (LOW) | Wait: 383ms, Turnaround: 446ms, Thread: pool-12-thread-3
Processed Task 72 (HIGH) | Wait: 383ms, Turnaround: 446ms, Thread: pool-12-thread-1
Processed Task 70 (HIGH) | Wait: 446ms, Turnaround: 504ms, Thread: pool-12-thread-1
Processed Task 25 (MEDIUM) | Wait: 446ms, Turnaround: 504ms, Thread: pool-12-thread-2
Processed Task 16 (LOW) | Wait: 446ms, Turnaround: 504ms, Thread: pool-12-thread-3
Processed Task 64 (HIGH) | Wait: 504ms, Turnaround: 564ms, Thread: pool-12-thread-1
Processed Task 17 (LOW) | Wait: 504ms, Turnaround: 564ms, Thread: pool-12-thread-3
Processed Task 27 (MEDIUM) | Wait: 504ms, Turnaround: 564ms, Thread: pool-12-thread-2
Processed Task 29 (MEDIUM) | Wait: 564ms, Turnaround: 618ms, Thread: pool-12-thread-2
Processed Task 61 (HIGH) | Wait: 564ms, Turnaround: 618ms, Thread: pool-12-thread-1
Processed Task 18 (LOW) | Wait: 564ms, Turnaround: 618ms, Thread: pool-12-thread-3
Processed Task 30 (MEDIUM) | Wait: 618ms, Turnaround: 669ms, Thread: pool-12-thread-2
Processed Task 21 (LOW) | Wait: 618ms, Turnaround: 669ms, Thread: pool-12-thread-3
Processed Task 59 (HIGH) | Wait: 618ms, Turnaround: 669ms, Thread: pool-12-thread-1
Processed Task 56 (HIGH) | Wait: 669ms, Turnaround: 724ms, Thread: pool-12-thread-1
Processed Task 32 (MEDIUM) | Wait: 669ms, Turnaround: 724ms, Thread: pool-12-thread-2
Processed Task 26 (LOW) | Wait: 669ms, Turnaround: 724ms, Thread: pool-12-thread-3
Processed Task 35 (MEDIUM) | Wait: 724ms, Turnaround: 776ms, Thread: pool-12-thread-2
Processed Task 50 (HIGH) | Wait: 724ms, Turnaround: 776ms, Thread: pool-12-thread-1
Processed Task 33 (LOW) | Wait: 724ms, Turnaround: 776ms, Thread: pool-12-thread-3
Processed Task 37 (MEDIUM) | Wait: 776ms, Turnaround: 826ms, Thread: pool-12-thread-2
Processed Task 34 (LOW) | Wait: 776ms, Turnaround: 826ms, Thread: pool-12-thread-3
Processed Task 49 (HIGH) | Wait: 776ms, Turnaround: 826ms, Thread: pool-12-thread-1
Processed Task 43 (HIGH) | Wait: 826ms, Turnaround: 889ms, Thread: pool-12-thread-1
Processed Task 44 (MEDIUM) | Wait: 826ms, Turnaround: 889ms, Thread: pool-12-thread-2
Processed Task 40 (LOW) | Wait: 826ms, Turnaround: 889ms, Thread: pool-12-thread-3
Processed Task 46 (LOW) | Wait: 889ms, Turnaround: 940ms, Thread: pool-12-thread-3
Processed Task 45 (MEDIUM) | Wait: 889ms, Turnaround: 940ms, Thread: pool-12-thread-2
Processed Task 42 (HIGH) | Wait: 889ms, Turnaround: 940ms, Thread: pool-12-thread-1
Processed Task 41 (HIGH) | Wait: 940ms, Turnaround: 997ms, Thread: pool-12-thread-1
Processed Task 47 (LOW) | Wait: 940ms, Turnaround: 997ms, Thread: pool-12-thread-3
Processed Task 48 (MEDIUM) | Wait: 940ms, Turnaround: 997ms, Thread: pool-12-thread-2
Processed Task 39 (HIGH) | Wait: 997ms, Turnaround: 1061ms, Thread: pool-12-thread-1
Processed Task 57 (MEDIUM) | Wait: 997ms, Turnaround: 1061ms, Thread: pool-12-thread-2
Processed Task 51 (LOW) | Wait: 997ms, Turnaround: 1061ms, Thread: pool-12-thread-3
Processed Task 52 (LOW) | Wait: 1061ms, Turnaround: 1117ms, Thread: pool-12-thread-3
Processed Task 38 (HIGH) | Wait: 1061ms, Turnaround: 1117ms, Thread: pool-12-thread-1
Processed Task 63 (MEDIUM) | Wait: 1061ms, Turnaround: 1117ms, Thread: pool-12-thread-2
Processed Task 53 (LOW) | Wait: 1117ms, Turnaround: 1174ms, Thread: pool-12-thread-3
Processed Task 67 (MEDIUM) | Wait: 1117ms, Turnaround: 1174ms, Thread: pool-12-thread-2
Processed Task 36 (HIGH) | Wait: 1117ms, Turnaround: 1174ms, Thread: pool-12-thread-1
Processed Task 69 (MEDIUM) | Wait: 1174ms, Turnaround: 1228ms, Thread: pool-12-thread-2
Processed Task 54 (LOW) | Wait: 1174ms, Turnaround: 1228ms, Thread: pool-12-thread-3
Processed Task 31 (HIGH) | Wait: 1174ms, Turnaround: 1228ms, Thread: pool-12-thread-1
Processed Task 74 (MEDIUM) | Wait: 1228ms, Turnaround: 1283ms, Thread: pool-12-thread-2
Processed Task 28 (HIGH) | Wait: 1228ms, Turnaround: 1283ms, Thread: pool-12-thread-1
Processed Task 55 (LOW) | Wait: 1228ms, Turnaround: 1283ms, Thread: pool-12-thread-3
Processed Task 22 (HIGH) | Wait: 1283ms, Turnaround: 1337ms, Thread: pool-12-thread-1
Processed Task 77 (MEDIUM) | Wait: 1283ms, Turnaround: 1337ms, Thread: pool-12-thread-2
Processed Task 58 (LOW) | Wait: 1283ms, Turnaround: 1337ms, Thread: pool-12-thread-3
Processed Task 60 (LOW) | Wait: 1337ms, Turnaround: 1391ms, Thread: pool-12-thread-3
Processed Task 79 (MEDIUM) | Wait: 1337ms, Turnaround: 1391ms, Thread: pool-12-thread-2
Processed Task 19 (HIGH) | Wait: 1337ms, Turnaround: 1391ms, Thread: pool-12-thread-1
Processed Task 15 (HIGH) | Wait: 1391ms, Turnaround: 1444ms, Thread: pool-12-thread-1
Processed Task 82 (MEDIUM) | Wait: 1391ms, Turnaround: 1444ms, Thread: pool-12-thread-2
Processed Task 62 (LOW) | Wait: 1391ms, Turnaround: 1444ms, Thread: pool-12-thread-3
Processed Task 65 (LOW) | Wait: 1444ms, Turnaround: 1499ms, Thread: pool-12-thread-3
Processed Task 9 (HIGH) | Wait: 1444ms, Turnaround: 1499ms, Thread: pool-12-thread-1
Processed Task 85 (MEDIUM) | Wait: 1444ms, Turnaround: 1499ms, Thread: pool-12-thread-2
Processed Task 66 (LOW) | Wait: 1499ms, Turnaround: 1552ms, Thread: pool-12-thread-3
Processed Task 86 (MEDIUM) | Wait: 1499ms, Turnaround: 1552ms, Thread: pool-12-thread-2
Processed Task 90 (MEDIUM) | Wait: 1552ms, Turnaround: 1607ms, Thread: pool-12-thread-2
Processed Task 68 (LOW) | Wait: 1552ms, Turnaround: 1607ms, Thread: pool-12-thread-3
Processed Task 71 (LOW) | Wait: 1607ms, Turnaround: 1666ms, Thread: pool-12-thread-3
Processed Task 91 (MEDIUM) | Wait: 1607ms, Turnaround: 1666ms, Thread: pool-12-thread-2
Processed Task 93 (MEDIUM) | Wait: 1666ms, Turnaround: 1721ms, Thread: pool-12-thread-2
Processed Task 73 (LOW) | Wait: 1666ms, Turnaround: 1721ms, Thread: pool-12-thread-3
Processed Task 75 (LOW) | Wait: 1721ms, Turnaround: 1774ms, Thread: pool-12-thread-3
Processed Task 94 (MEDIUM) | Wait: 1721ms, Turnaround: 1774ms, Thread: pool-12-thread-2
Processed Task 95 (MEDIUM) | Wait: 1774ms, Turnaround: 1830ms, Thread: pool-12-thread-2
Processed Task 78 (LOW) | Wait: 1774ms, Turnaround: 1830ms, Thread: pool-12-thread-3
Processed Task 80 (LOW) | Wait: 1830ms, Turnaround: 1883ms, Thread: pool-12-thread-3
Processed Task 96 (MEDIUM) | Wait: 1830ms, Turnaround: 1883ms, Thread: pool-12-thread-2
Processed Task 97 (MEDIUM) | Wait: 1883ms, Turnaround: 1936ms, Thread: pool-12-thread-2
Processed Task 81 (LOW) | Wait: 1883ms, Turnaround: 1936ms, Thread: pool-12-thread-3
Processed Task 87 (LOW) | Wait: 1936ms, Turnaround: 1991ms, Thread: pool-12-thread-3
Processed Task 98 (MEDIUM) | Wait: 1936ms, Turnaround: 1991ms, Thread: pool-12-thread-2
Processed Task 100 (MEDIUM) | Wait: 1991ms, Turnaround: 2046ms, Thread: pool-12-thread-2

----- RESULTS FOR THIS RUN -----
Tasks processed: 100
Total elapsed: 2.05 s
Throughput: 48.88 tasks/s

Wait Time (ms):
  Min = 0
  Max = 1991
  Avg = 915.50
  StdDev = 559.84

Turnaround Time (ms):
  Min = 54
  Max = 2046
  Avg = 970.86
  StdDev = 559.44
------------------------------


=============================
Starting run 12 of 50
=============================
Processed Task 100 (HIGH) | Wait: 0ms, Turnaround: 53ms, Thread: pool-13-thread-1
Processed Task 6 (LOW) | Wait: 0ms, Turnaround: 53ms, Thread: pool-13-thread-3
Processed Task 4 (MEDIUM) | Wait: 0ms, Turnaround: 53ms, Thread: pool-13-thread-2
Processed Task 99 (HIGH) | Wait: 53ms, Turnaround: 106ms, Thread: pool-13-thread-1
Processed Task 5 (MEDIUM) | Wait: 53ms, Turnaround: 106ms, Thread: pool-13-thread-2
Processed Task 13 (LOW) | Wait: 53ms, Turnaround: 106ms, Thread: pool-13-thread-3
Processed Task 14 (LOW) | Wait: 106ms, Turnaround: 157ms, Thread: pool-13-thread-3
Processed Task 98 (HIGH) | Wait: 106ms, Turnaround: 157ms, Thread: pool-13-thread-1
Processed Task 7 (MEDIUM) | Wait: 106ms, Turnaround: 157ms, Thread: pool-13-thread-2
Processed Task 18 (LOW) | Wait: 157ms, Turnaround: 212ms, Thread: pool-13-thread-3
Processed Task 9 (MEDIUM) | Wait: 157ms, Turnaround: 212ms, Thread: pool-13-thread-2
Processed Task 94 (HIGH) | Wait: 157ms, Turnaround: 212ms, Thread: pool-13-thread-1
Processed Task 89 (HIGH) | Wait: 212ms, Turnaround: 266ms, Thread: pool-13-thread-1
Processed Task 19 (LOW) | Wait: 212ms, Turnaround: 266ms, Thread: pool-13-thread-3
Processed Task 10 (MEDIUM) | Wait: 212ms, Turnaround: 266ms, Thread: pool-13-thread-2
Processed Task 12 (MEDIUM) | Wait: 266ms, Turnaround: 320ms, Thread: pool-13-thread-2
Processed Task 88 (HIGH) | Wait: 266ms, Turnaround: 320ms, Thread: pool-13-thread-1
Processed Task 23 (LOW) | Wait: 266ms, Turnaround: 320ms, Thread: pool-13-thread-3
Processed Task 16 (MEDIUM) | Wait: 320ms, Turnaround: 374ms, Thread: pool-13-thread-2
Processed Task 81 (HIGH) | Wait: 320ms, Turnaround: 374ms, Thread: pool-13-thread-1
Processed Task 25 (LOW) | Wait: 320ms, Turnaround: 374ms, Thread: pool-13-thread-3
Processed Task 20 (MEDIUM) | Wait: 374ms, Turnaround: 426ms, Thread: pool-13-thread-2
Processed Task 80 (HIGH) | Wait: 374ms, Turnaround: 426ms, Thread: pool-13-thread-1
Processed Task 31 (LOW) | Wait: 374ms, Turnaround: 426ms, Thread: pool-13-thread-3
Processed Task 32 (LOW) | Wait: 426ms, Turnaround: 482ms, Thread: pool-13-thread-3
Processed Task 76 (HIGH) | Wait: 426ms, Turnaround: 482ms, Thread: pool-13-thread-1
Processed Task 21 (MEDIUM) | Wait: 426ms, Turnaround: 482ms, Thread: pool-13-thread-2
Processed Task 40 (LOW) | Wait: 482ms, Turnaround: 543ms, Thread: pool-13-thread-3
Processed Task 71 (HIGH) | Wait: 482ms, Turnaround: 543ms, Thread: pool-13-thread-1
Processed Task 24 (MEDIUM) | Wait: 482ms, Turnaround: 543ms, Thread: pool-13-thread-2
Processed Task 27 (MEDIUM) | Wait: 543ms, Turnaround: 608ms, Thread: pool-13-thread-2
Processed Task 69 (HIGH) | Wait: 543ms, Turnaround: 608ms, Thread: pool-13-thread-1
Processed Task 42 (LOW) | Wait: 543ms, Turnaround: 608ms, Thread: pool-13-thread-3
Processed Task 68 (HIGH) | Wait: 608ms, Turnaround: 668ms, Thread: pool-13-thread-1
Processed Task 28 (MEDIUM) | Wait: 608ms, Turnaround: 668ms, Thread: pool-13-thread-2
Processed Task 45 (LOW) | Wait: 608ms, Turnaround: 668ms, Thread: pool-13-thread-3
Processed Task 29 (MEDIUM) | Wait: 668ms, Turnaround: 725ms, Thread: pool-13-thread-2
Processed Task 63 (HIGH) | Wait: 668ms, Turnaround: 725ms, Thread: pool-13-thread-1
Processed Task 48 (LOW) | Wait: 668ms, Turnaround: 725ms, Thread: pool-13-thread-3
Processed Task 51 (LOW) | Wait: 725ms, Turnaround: 784ms, Thread: pool-13-thread-3
Processed Task 30 (MEDIUM) | Wait: 725ms, Turnaround: 784ms, Thread: pool-13-thread-2
Processed Task 62 (HIGH) | Wait: 725ms, Turnaround: 784ms, Thread: pool-13-thread-1
Processed Task 55 (HIGH) | Wait: 784ms, Turnaround: 834ms, Thread: pool-13-thread-1
Processed Task 33 (MEDIUM) | Wait: 784ms, Turnaround: 834ms, Thread: pool-13-thread-2
Processed Task 52 (LOW) | Wait: 784ms, Turnaround: 834ms, Thread: pool-13-thread-3
Processed Task 35 (MEDIUM) | Wait: 834ms, Turnaround: 899ms, Thread: pool-13-thread-2
Processed Task 56 (LOW) | Wait: 834ms, Turnaround: 899ms, Thread: pool-13-thread-3
Processed Task 46 (HIGH) | Wait: 834ms, Turnaround: 899ms, Thread: pool-13-thread-1
Processed Task 36 (MEDIUM) | Wait: 899ms, Turnaround: 953ms, Thread: pool-13-thread-2
Processed Task 44 (HIGH) | Wait: 899ms, Turnaround: 953ms, Thread: pool-13-thread-1
Processed Task 57 (LOW) | Wait: 899ms, Turnaround: 953ms, Thread: pool-13-thread-3
Processed Task 37 (MEDIUM) | Wait: 953ms, Turnaround: 1004ms, Thread: pool-13-thread-2
Processed Task 43 (HIGH) | Wait: 953ms, Turnaround: 1004ms, Thread: pool-13-thread-1
Processed Task 58 (LOW) | Wait: 953ms, Turnaround: 1004ms, Thread: pool-13-thread-3
Processed Task 61 (LOW) | Wait: 1004ms, Turnaround: 1055ms, Thread: pool-13-thread-3
Processed Task 41 (MEDIUM) | Wait: 1004ms, Turnaround: 1055ms, Thread: pool-13-thread-2
Processed Task 39 (HIGH) | Wait: 1004ms, Turnaround: 1055ms, Thread: pool-13-thread-1
Processed Task 72 (LOW) | Wait: 1055ms, Turnaround: 1112ms, Thread: pool-13-thread-3
Processed Task 47 (MEDIUM) | Wait: 1055ms, Turnaround: 1112ms, Thread: pool-13-thread-2
Processed Task 38 (HIGH) | Wait: 1055ms, Turnaround: 1112ms, Thread: pool-13-thread-1
Processed Task 73 (LOW) | Wait: 1112ms, Turnaround: 1164ms, Thread: pool-13-thread-3
Processed Task 49 (MEDIUM) | Wait: 1112ms, Turnaround: 1165ms, Thread: pool-13-thread-2
Processed Task 34 (HIGH) | Wait: 1112ms, Turnaround: 1165ms, Thread: pool-13-thread-1
Processed Task 74 (LOW) | Wait: 1164ms, Turnaround: 1220ms, Thread: pool-13-thread-3
Processed Task 26 (HIGH) | Wait: 1165ms, Turnaround: 1220ms, Thread: pool-13-thread-1
Processed Task 50 (MEDIUM) | Wait: 1165ms, Turnaround: 1220ms, Thread: pool-13-thread-2
Processed Task 53 (MEDIUM) | Wait: 1220ms, Turnaround: 1270ms, Thread: pool-13-thread-2
Processed Task 75 (LOW) | Wait: 1220ms, Turnaround: 1270ms, Thread: pool-13-thread-3
Processed Task 22 (HIGH) | Wait: 1220ms, Turnaround: 1270ms, Thread: pool-13-thread-1
Processed Task 77 (LOW) | Wait: 1270ms, Turnaround: 1327ms, Thread: pool-13-thread-3
Processed Task 17 (HIGH) | Wait: 1270ms, Turnaround: 1327ms, Thread: pool-13-thread-1
Processed Task 54 (MEDIUM) | Wait: 1270ms, Turnaround: 1327ms, Thread: pool-13-thread-2
Processed Task 15 (HIGH) | Wait: 1327ms, Turnaround: 1378ms, Thread: pool-13-thread-1
Processed Task 79 (LOW) | Wait: 1327ms, Turnaround: 1378ms, Thread: pool-13-thread-3
Processed Task 59 (MEDIUM) | Wait: 1327ms, Turnaround: 1378ms, Thread: pool-13-thread-2
Processed Task 60 (MEDIUM) | Wait: 1378ms, Turnaround: 1435ms, Thread: pool-13-thread-2
Processed Task 82 (LOW) | Wait: 1378ms, Turnaround: 1435ms, Thread: pool-13-thread-3
Processed Task 11 (HIGH) | Wait: 1378ms, Turnaround: 1435ms, Thread: pool-13-thread-1
Processed Task 83 (LOW) | Wait: 1435ms, Turnaround: 1487ms, Thread: pool-13-thread-3
Processed Task 64 (MEDIUM) | Wait: 1435ms, Turnaround: 1487ms, Thread: pool-13-thread-2
Processed Task 8 (HIGH) | Wait: 1435ms, Turnaround: 1487ms, Thread: pool-13-thread-1
Processed Task 3 (HIGH) | Wait: 1487ms, Turnaround: 1546ms, Thread: pool-13-thread-1
Processed Task 85 (LOW) | Wait: 1487ms, Turnaround: 1546ms, Thread: pool-13-thread-3
Processed Task 65 (MEDIUM) | Wait: 1487ms, Turnaround: 1546ms, Thread: pool-13-thread-2
Processed Task 86 (LOW) | Wait: 1546ms, Turnaround: 1609ms, Thread: pool-13-thread-3
Processed Task 2 (HIGH) | Wait: 1546ms, Turnaround: 1612ms, Thread: pool-13-thread-1
Processed Task 66 (MEDIUM) | Wait: 1546ms, Turnaround: 1612ms, Thread: pool-13-thread-2
Processed Task 1 (HIGH) | Wait: 1612ms, Turnaround: 1674ms, Thread: pool-13-thread-1
Processed Task 93 (LOW) | Wait: 1609ms, Turnaround: 1674ms, Thread: pool-13-thread-3
Processed Task 67 (MEDIUM) | Wait: 1612ms, Turnaround: 1674ms, Thread: pool-13-thread-2
Processed Task 70 (MEDIUM) | Wait: 1674ms, Turnaround: 1730ms, Thread: pool-13-thread-2
Processed Task 96 (LOW) | Wait: 1674ms, Turnaround: 1730ms, Thread: pool-13-thread-3
Processed Task 97 (LOW) | Wait: 1730ms, Turnaround: 1783ms, Thread: pool-13-thread-3
Processed Task 78 (MEDIUM) | Wait: 1730ms, Turnaround: 1783ms, Thread: pool-13-thread-2
Processed Task 84 (MEDIUM) | Wait: 1783ms, Turnaround: 1838ms, Thread: pool-13-thread-2
Processed Task 87 (MEDIUM) | Wait: 1838ms, Turnaround: 1890ms, Thread: pool-13-thread-2
Processed Task 90 (MEDIUM) | Wait: 1890ms, Turnaround: 1946ms, Thread: pool-13-thread-2
Processed Task 91 (MEDIUM) | Wait: 1946ms, Turnaround: 2009ms, Thread: pool-13-thread-2
Processed Task 92 (MEDIUM) | Wait: 2009ms, Turnaround: 2062ms, Thread: pool-13-thread-2
Processed Task 95 (MEDIUM) | Wait: 2062ms, Turnaround: 2120ms, Thread: pool-13-thread-2

----- RESULTS FOR THIS RUN -----
Tasks processed: 100
Total elapsed: 2.12 s
Throughput: 47.17 tasks/s

Wait Time (ms):
  Min = 0
  Max = 2062
  Avg = 903.95
  StdDev = 554.03

Turnaround Time (ms):
  Min = 53
  Max = 2120
  Avg = 959.72
  StdDev = 554.77
------------------------------


=============================
Starting run 13 of 50
=============================
Processed Task 3 (MEDIUM) | Wait: 0ms, Turnaround: 54ms, Thread: pool-14-thread-2
Processed Task 100 (HIGH) | Wait: 0ms, Turnaround: 54ms, Thread: pool-14-thread-1
Processed Task 1 (LOW) | Wait: 0ms, Turnaround: 54ms, Thread: pool-14-thread-3
Processed Task 2 (LOW) | Wait: 54ms, Turnaround: 106ms, Thread: pool-14-thread-3
Processed Task 4 (MEDIUM) | Wait: 54ms, Turnaround: 106ms, Thread: pool-14-thread-2
Processed Task 94 (HIGH) | Wait: 54ms, Turnaround: 106ms, Thread: pool-14-thread-1
Processed Task 12 (LOW) | Wait: 106ms, Turnaround: 175ms, Thread: pool-14-thread-3
Processed Task 91 (HIGH) | Wait: 106ms, Turnaround: 175ms, Thread: pool-14-thread-1
Processed Task 5 (MEDIUM) | Wait: 106ms, Turnaround: 175ms, Thread: pool-14-thread-2
Processed Task 6 (MEDIUM) | Wait: 175ms, Turnaround: 226ms, Thread: pool-14-thread-2
Processed Task 89 (HIGH) | Wait: 175ms, Turnaround: 226ms, Thread: pool-14-thread-1
Processed Task 13 (LOW) | Wait: 175ms, Turnaround: 226ms, Thread: pool-14-thread-3
Processed Task 15 (LOW) | Wait: 226ms, Turnaround: 283ms, Thread: pool-14-thread-3
Processed Task 9 (MEDIUM) | Wait: 226ms, Turnaround: 283ms, Thread: pool-14-thread-2
Processed Task 87 (HIGH) | Wait: 226ms, Turnaround: 283ms, Thread: pool-14-thread-1
Processed Task 86 (HIGH) | Wait: 283ms, Turnaround: 345ms, Thread: pool-14-thread-1
Processed Task 17 (LOW) | Wait: 283ms, Turnaround: 345ms, Thread: pool-14-thread-3
Processed Task 10 (MEDIUM) | Wait: 283ms, Turnaround: 345ms, Thread: pool-14-thread-2
Processed Task 11 (MEDIUM) | Wait: 345ms, Turnaround: 413ms, Thread: pool-14-thread-2
Processed Task 82 (HIGH) | Wait: 345ms, Turnaround: 413ms, Thread: pool-14-thread-1
Processed Task 18 (LOW) | Wait: 345ms, Turnaround: 413ms, Thread: pool-14-thread-3
Processed Task 14 (MEDIUM) | Wait: 413ms, Turnaround: 467ms, Thread: pool-14-thread-2
Processed Task 21 (LOW) | Wait: 413ms, Turnaround: 467ms, Thread: pool-14-thread-3
Processed Task 79 (HIGH) | Wait: 413ms, Turnaround: 467ms, Thread: pool-14-thread-1
Processed Task 16 (MEDIUM) | Wait: 467ms, Turnaround: 520ms, Thread: pool-14-thread-2
Processed Task 22 (LOW) | Wait: 467ms, Turnaround: 520ms, Thread: pool-14-thread-3
Processed Task 68 (HIGH) | Wait: 467ms, Turnaround: 520ms, Thread: pool-14-thread-1
Processed Task 24 (MEDIUM) | Wait: 520ms, Turnaround: 575ms, Thread: pool-14-thread-2
Processed Task 67 (HIGH) | Wait: 520ms, Turnaround: 575ms, Thread: pool-14-thread-1
Processed Task 27 (LOW) | Wait: 520ms, Turnaround: 575ms, Thread: pool-14-thread-3
Processed Task 63 (HIGH) | Wait: 575ms, Turnaround: 628ms, Thread: pool-14-thread-1
Processed Task 25 (MEDIUM) | Wait: 575ms, Turnaround: 628ms, Thread: pool-14-thread-2
Processed Task 28 (LOW) | Wait: 575ms, Turnaround: 628ms, Thread: pool-14-thread-3
Processed Task 33 (LOW) | Wait: 628ms, Turnaround: 682ms, Thread: pool-14-thread-3
Processed Task 62 (HIGH) | Wait: 628ms, Turnaround: 682ms, Thread: pool-14-thread-1
Processed Task 29 (MEDIUM) | Wait: 628ms, Turnaround: 682ms, Thread: pool-14-thread-2
Processed Task 59 (HIGH) | Wait: 682ms, Turnaround: 735ms, Thread: pool-14-thread-1
Processed Task 34 (LOW) | Wait: 682ms, Turnaround: 735ms, Thread: pool-14-thread-3
Processed Task 30 (MEDIUM) | Wait: 682ms, Turnaround: 735ms, Thread: pool-14-thread-2
Processed Task 36 (LOW) | Wait: 735ms, Turnaround: 790ms, Thread: pool-14-thread-3
Processed Task 55 (HIGH) | Wait: 735ms, Turnaround: 790ms, Thread: pool-14-thread-1
Processed Task 38 (MEDIUM) | Wait: 735ms, Turnaround: 790ms, Thread: pool-14-thread-2
Processed Task 42 (MEDIUM) | Wait: 790ms, Turnaround: 843ms, Thread: pool-14-thread-2
Processed Task 37 (LOW) | Wait: 790ms, Turnaround: 843ms, Thread: pool-14-thread-3
Processed Task 48 (HIGH) | Wait: 790ms, Turnaround: 843ms, Thread: pool-14-thread-1
Processed Task 44 (HIGH) | Wait: 843ms, Turnaround: 897ms, Thread: pool-14-thread-1
Processed Task 45 (MEDIUM) | Wait: 843ms, Turnaround: 897ms, Thread: pool-14-thread-2
Processed Task 40 (LOW) | Wait: 843ms, Turnaround: 897ms, Thread: pool-14-thread-3
Processed Task 46 (MEDIUM) | Wait: 897ms, Turnaround: 962ms, Thread: pool-14-thread-2
Processed Task 43 (LOW) | Wait: 897ms, Turnaround: 962ms, Thread: pool-14-thread-3
Processed Task 41 (HIGH) | Wait: 897ms, Turnaround: 962ms, Thread: pool-14-thread-1
Processed Task 39 (HIGH) | Wait: 962ms, Turnaround: 1031ms, Thread: pool-14-thread-1
Processed Task 47 (LOW) | Wait: 962ms, Turnaround: 1031ms, Thread: pool-14-thread-3
Processed Task 49 (MEDIUM) | Wait: 962ms, Turnaround: 1031ms, Thread: pool-14-thread-2
Processed Task 35 (HIGH) | Wait: 1031ms, Turnaround: 1082ms, Thread: pool-14-thread-1
Processed Task 52 (LOW) | Wait: 1031ms, Turnaround: 1082ms, Thread: pool-14-thread-3
Processed Task 50 (MEDIUM) | Wait: 1031ms, Turnaround: 1082ms, Thread: pool-14-thread-2
Processed Task 32 (HIGH) | Wait: 1082ms, Turnaround: 1139ms, Thread: pool-14-thread-1
Processed Task 54 (LOW) | Wait: 1082ms, Turnaround: 1139ms, Thread: pool-14-thread-3
Processed Task 51 (MEDIUM) | Wait: 1082ms, Turnaround: 1139ms, Thread: pool-14-thread-2
Processed Task 53 (MEDIUM) | Wait: 1139ms, Turnaround: 1190ms, Thread: pool-14-thread-2
Processed Task 31 (HIGH) | Wait: 1139ms, Turnaround: 1190ms, Thread: pool-14-thread-1
Processed Task 56 (LOW) | Wait: 1139ms, Turnaround: 1190ms, Thread: pool-14-thread-3
Processed Task 26 (HIGH) | Wait: 1190ms, Turnaround: 1248ms, Thread: pool-14-thread-1
Processed Task 58 (LOW) | Wait: 1190ms, Turnaround: 1248ms, Thread: pool-14-thread-3
Processed Task 57 (MEDIUM) | Wait: 1190ms, Turnaround: 1248ms, Thread: pool-14-thread-2
Processed Task 61 (LOW) | Wait: 1248ms, Turnaround: 1299ms, Thread: pool-14-thread-3
Processed Task 23 (HIGH) | Wait: 1248ms, Turnaround: 1299ms, Thread: pool-14-thread-1
Processed Task 60 (MEDIUM) | Wait: 1248ms, Turnaround: 1299ms, Thread: pool-14-thread-2
Processed Task 65 (MEDIUM) | Wait: 1299ms, Turnaround: 1356ms, Thread: pool-14-thread-2
Processed Task 20 (HIGH) | Wait: 1299ms, Turnaround: 1356ms, Thread: pool-14-thread-1
Processed Task 64 (LOW) | Wait: 1299ms, Turnaround: 1356ms, Thread: pool-14-thread-3
Processed Task 69 (MEDIUM) | Wait: 1356ms, Turnaround: 1406ms, Thread: pool-14-thread-2
Processed Task 19 (HIGH) | Wait: 1356ms, Turnaround: 1406ms, Thread: pool-14-thread-1
Processed Task 66 (LOW) | Wait: 1356ms, Turnaround: 1406ms, Thread: pool-14-thread-3
Processed Task 8 (HIGH) | Wait: 1406ms, Turnaround: 1463ms, Thread: pool-14-thread-1
Processed Task 70 (LOW) | Wait: 1406ms, Turnaround: 1463ms, Thread: pool-14-thread-3
Processed Task 71 (MEDIUM) | Wait: 1406ms, Turnaround: 1463ms, Thread: pool-14-thread-2
Processed Task 74 (MEDIUM) | Wait: 1463ms, Turnaround: 1515ms, Thread: pool-14-thread-2
Processed Task 72 (LOW) | Wait: 1463ms, Turnaround: 1515ms, Thread: pool-14-thread-3
Processed Task 7 (HIGH) | Wait: 1463ms, Turnaround: 1515ms, Thread: pool-14-thread-1
Processed Task 73 (LOW) | Wait: 1515ms, Turnaround: 1575ms, Thread: pool-14-thread-3
Processed Task 76 (MEDIUM) | Wait: 1515ms, Turnaround: 1575ms, Thread: pool-14-thread-2
Processed Task 77 (MEDIUM) | Wait: 1575ms, Turnaround: 1626ms, Thread: pool-14-thread-2
Processed Task 75 (LOW) | Wait: 1575ms, Turnaround: 1626ms, Thread: pool-14-thread-3
Processed Task 78 (MEDIUM) | Wait: 1626ms, Turnaround: 1678ms, Thread: pool-14-thread-2
Processed Task 81 (LOW) | Wait: 1626ms, Turnaround: 1678ms, Thread: pool-14-thread-3
Processed Task 83 (LOW) | Wait: 1678ms, Turnaround: 1728ms, Thread: pool-14-thread-3
Processed Task 80 (MEDIUM) | Wait: 1678ms, Turnaround: 1728ms, Thread: pool-14-thread-2
Processed Task 84 (LOW) | Wait: 1728ms, Turnaround: 1787ms, Thread: pool-14-thread-3
Processed Task 88 (MEDIUM) | Wait: 1728ms, Turnaround: 1787ms, Thread: pool-14-thread-2
Processed Task 90 (MEDIUM) | Wait: 1787ms, Turnaround: 1840ms, Thread: pool-14-thread-2
Processed Task 85 (LOW) | Wait: 1787ms, Turnaround: 1840ms, Thread: pool-14-thread-3
Processed Task 95 (MEDIUM) | Wait: 1840ms, Turnaround: 1906ms, Thread: pool-14-thread-2
Processed Task 92 (LOW) | Wait: 1840ms, Turnaround: 1906ms, Thread: pool-14-thread-3
Processed Task 93 (LOW) | Wait: 1906ms, Turnaround: 1958ms, Thread: pool-14-thread-3
Processed Task 98 (MEDIUM) | Wait: 1906ms, Turnaround: 1958ms, Thread: pool-14-thread-2
Processed Task 96 (LOW) | Wait: 1958ms, Turnaround: 2015ms, Thread: pool-14-thread-3
Processed Task 97 (LOW) | Wait: 2015ms, Turnaround: 2075ms, Thread: pool-14-thread-3
Processed Task 99 (LOW) | Wait: 2075ms, Turnaround: 2127ms, Thread: pool-14-thread-3

----- RESULTS FOR THIS RUN -----
Tasks processed: 100
Total elapsed: 2.13 s
Throughput: 47.01 tasks/s

Wait Time (ms):
  Min = 0
  Max = 2075
  Avg = 931.03
  StdDev = 566.35

Turnaround Time (ms):
  Min = 54
  Max = 2127
  Avg = 987.03
  StdDev = 565.58
------------------------------


=============================
Starting run 14 of 50
=============================
Processed Task 1 (MEDIUM) | Wait: 0ms, Turnaround: 54ms, Thread: pool-15-thread-2
Processed Task 100 (HIGH) | Wait: 0ms, Turnaround: 54ms, Thread: pool-15-thread-1
Processed Task 9 (LOW) | Wait: 0ms, Turnaround: 54ms, Thread: pool-15-thread-3
Processed Task 96 (HIGH) | Wait: 54ms, Turnaround: 117ms, Thread: pool-15-thread-1
Processed Task 10 (LOW) | Wait: 54ms, Turnaround: 117ms, Thread: pool-15-thread-3
Processed Task 2 (MEDIUM) | Wait: 54ms, Turnaround: 117ms, Thread: pool-15-thread-2
Processed Task 94 (HIGH) | Wait: 117ms, Turnaround: 172ms, Thread: pool-15-thread-1
Processed Task 11 (LOW) | Wait: 117ms, Turnaround: 172ms, Thread: pool-15-thread-3
Processed Task 3 (MEDIUM) | Wait: 117ms, Turnaround: 172ms, Thread: pool-15-thread-2
Processed Task 4 (MEDIUM) | Wait: 172ms, Turnaround: 225ms, Thread: pool-15-thread-2
Processed Task 16 (LOW) | Wait: 172ms, Turnaround: 225ms, Thread: pool-15-thread-3
Processed Task 93 (HIGH) | Wait: 172ms, Turnaround: 225ms, Thread: pool-15-thread-1
Processed Task 91 (HIGH) | Wait: 225ms, Turnaround: 279ms, Thread: pool-15-thread-1
Processed Task 19 (LOW) | Wait: 225ms, Turnaround: 279ms, Thread: pool-15-thread-3
Processed Task 5 (MEDIUM) | Wait: 225ms, Turnaround: 279ms, Thread: pool-15-thread-2
Processed Task 90 (HIGH) | Wait: 279ms, Turnaround: 339ms, Thread: pool-15-thread-1
Processed Task 20 (LOW) | Wait: 279ms, Turnaround: 339ms, Thread: pool-15-thread-3
Processed Task 12 (MEDIUM) | Wait: 279ms, Turnaround: 339ms, Thread: pool-15-thread-2
Processed Task 22 (LOW) | Wait: 339ms, Turnaround: 398ms, Thread: pool-15-thread-3
Processed Task 88 (HIGH) | Wait: 339ms, Turnaround: 398ms, Thread: pool-15-thread-1
Processed Task 18 (MEDIUM) | Wait: 339ms, Turnaround: 398ms, Thread: pool-15-thread-2
Processed Task 24 (LOW) | Wait: 398ms, Turnaround: 458ms, Thread: pool-15-thread-3
Processed Task 86 (HIGH) | Wait: 398ms, Turnaround: 458ms, Thread: pool-15-thread-1
Processed Task 21 (MEDIUM) | Wait: 398ms, Turnaround: 458ms, Thread: pool-15-thread-2
Processed Task 84 (HIGH) | Wait: 458ms, Turnaround: 515ms, Thread: pool-15-thread-1
Processed Task 28 (LOW) | Wait: 458ms, Turnaround: 515ms, Thread: pool-15-thread-3
Processed Task 23 (MEDIUM) | Wait: 458ms, Turnaround: 515ms, Thread: pool-15-thread-2
Processed Task 30 (LOW) | Wait: 515ms, Turnaround: 565ms, Thread: pool-15-thread-3
Processed Task 29 (MEDIUM) | Wait: 515ms, Turnaround: 565ms, Thread: pool-15-thread-2
Processed Task 82 (HIGH) | Wait: 515ms, Turnaround: 565ms, Thread: pool-15-thread-1
Processed Task 81 (HIGH) | Wait: 565ms, Turnaround: 622ms, Thread: pool-15-thread-1
Processed Task 36 (LOW) | Wait: 565ms, Turnaround: 622ms, Thread: pool-15-thread-3
Processed Task 32 (MEDIUM) | Wait: 565ms, Turnaround: 622ms, Thread: pool-15-thread-2
Processed Task 80 (HIGH) | Wait: 622ms, Turnaround: 674ms, Thread: pool-15-thread-1
Processed Task 37 (LOW) | Wait: 622ms, Turnaround: 674ms, Thread: pool-15-thread-3
Processed Task 33 (MEDIUM) | Wait: 622ms, Turnaround: 674ms, Thread: pool-15-thread-2
Processed Task 34 (MEDIUM) | Wait: 674ms, Turnaround: 737ms, Thread: pool-15-thread-2
Processed Task 75 (HIGH) | Wait: 674ms, Turnaround: 737ms, Thread: pool-15-thread-1
Processed Task 40 (LOW) | Wait: 674ms, Turnaround: 737ms, Thread: pool-15-thread-3
Processed Task 41 (LOW) | Wait: 737ms, Turnaround: 789ms, Thread: pool-15-thread-3
Processed Task 73 (HIGH) | Wait: 737ms, Turnaround: 789ms, Thread: pool-15-thread-1
Processed Task 35 (MEDIUM) | Wait: 737ms, Turnaround: 789ms, Thread: pool-15-thread-2
Processed Task 72 (HIGH) | Wait: 789ms, Turnaround: 839ms, Thread: pool-15-thread-1
Processed Task 42 (LOW) | Wait: 789ms, Turnaround: 839ms, Thread: pool-15-thread-3
Processed Task 47 (MEDIUM) | Wait: 789ms, Turnaround: 839ms, Thread: pool-15-thread-2
Processed Task 70 (HIGH) | Wait: 839ms, Turnaround: 892ms, Thread: pool-15-thread-1
Processed Task 45 (LOW) | Wait: 839ms, Turnaround: 892ms, Thread: pool-15-thread-3
Processed Task 50 (MEDIUM) | Wait: 839ms, Turnaround: 892ms, Thread: pool-15-thread-2
Processed Task 65 (HIGH) | Wait: 892ms, Turnaround: 950ms, Thread: pool-15-thread-1
Processed Task 54 (LOW) | Wait: 892ms, Turnaround: 950ms, Thread: pool-15-thread-3
Processed Task 58 (MEDIUM) | Wait: 892ms, Turnaround: 950ms, Thread: pool-15-thread-2
Processed Task 60 (LOW) | Wait: 950ms, Turnaround: 1000ms, Thread: pool-15-thread-3
Processed Task 62 (HIGH) | Wait: 950ms, Turnaround: 1000ms, Thread: pool-15-thread-1
Processed Task 68 (MEDIUM) | Wait: 950ms, Turnaround: 1000ms, Thread: pool-15-thread-2
Processed Task 61 (LOW) | Wait: 1000ms, Turnaround: 1057ms, Thread: pool-15-thread-3
Processed Task 59 (HIGH) | Wait: 1000ms, Turnaround: 1057ms, Thread: pool-15-thread-1
Processed Task 69 (MEDIUM) | Wait: 1000ms, Turnaround: 1057ms, Thread: pool-15-thread-2
Processed Task 71 (MEDIUM) | Wait: 1057ms, Turnaround: 1109ms, Thread: pool-15-thread-2
Processed Task 63 (LOW) | Wait: 1057ms, Turnaround: 1109ms, Thread: pool-15-thread-3
Processed Task 57 (HIGH) | Wait: 1057ms, Turnaround: 1109ms, Thread: pool-15-thread-1
Processed Task 56 (HIGH) | Wait: 1109ms, Turnaround: 1166ms, Thread: pool-15-thread-1
Processed Task 76 (MEDIUM) | Wait: 1109ms, Turnaround: 1166ms, Thread: pool-15-thread-2
Processed Task 64 (LOW) | Wait: 1109ms, Turnaround: 1166ms, Thread: pool-15-thread-3
Processed Task 79 (MEDIUM) | Wait: 1166ms, Turnaround: 1217ms, Thread: pool-15-thread-2
Processed Task 66 (LOW) | Wait: 1166ms, Turnaround: 1217ms, Thread: pool-15-thread-3
Processed Task 55 (HIGH) | Wait: 1166ms, Turnaround: 1217ms, Thread: pool-15-thread-1
Processed Task 53 (HIGH) | Wait: 1217ms, Turnaround: 1274ms, Thread: pool-15-thread-1
Processed Task 85 (MEDIUM) | Wait: 1217ms, Turnaround: 1274ms, Thread: pool-15-thread-2
Processed Task 67 (LOW) | Wait: 1217ms, Turnaround: 1274ms, Thread: pool-15-thread-3
Processed Task 52 (HIGH) | Wait: 1274ms, Turnaround: 1326ms, Thread: pool-15-thread-1
Processed Task 74 (LOW) | Wait: 1274ms, Turnaround: 1326ms, Thread: pool-15-thread-3
Processed Task 87 (MEDIUM) | Wait: 1274ms, Turnaround: 1326ms, Thread: pool-15-thread-2
Processed Task 92 (MEDIUM) | Wait: 1326ms, Turnaround: 1395ms, Thread: pool-15-thread-2
Processed Task 51 (HIGH) | Wait: 1326ms, Turnaround: 1395ms, Thread: pool-15-thread-1
Processed Task 77 (LOW) | Wait: 1326ms, Turnaround: 1395ms, Thread: pool-15-thread-3
Processed Task 49 (HIGH) | Wait: 1395ms, Turnaround: 1451ms, Thread: pool-15-thread-1
Processed Task 97 (MEDIUM) | Wait: 1395ms, Turnaround: 1451ms, Thread: pool-15-thread-2
Processed Task 78 (LOW) | Wait: 1395ms, Turnaround: 1451ms, Thread: pool-15-thread-3
Processed Task 98 (MEDIUM) | Wait: 1451ms, Turnaround: 1504ms, Thread: pool-15-thread-2
Processed Task 83 (LOW) | Wait: 1451ms, Turnaround: 1504ms, Thread: pool-15-thread-3
Processed Task 48 (HIGH) | Wait: 1451ms, Turnaround: 1504ms, Thread: pool-15-thread-1
Processed Task 89 (LOW) | Wait: 1504ms, Turnaround: 1559ms, Thread: pool-15-thread-3
Processed Task 46 (HIGH) | Wait: 1504ms, Turnaround: 1559ms, Thread: pool-15-thread-1
Processed Task 95 (LOW) | Wait: 1559ms, Turnaround: 1612ms, Thread: pool-15-thread-3
Processed Task 44 (HIGH) | Wait: 1559ms, Turnaround: 1612ms, Thread: pool-15-thread-1
Processed Task 99 (LOW) | Wait: 1612ms, Turnaround: 1667ms, Thread: pool-15-thread-3
Processed Task 43 (HIGH) | Wait: 1612ms, Turnaround: 1667ms, Thread: pool-15-thread-1
Processed Task 39 (HIGH) | Wait: 1667ms, Turnaround: 1720ms, Thread: pool-15-thread-1
Processed Task 38 (HIGH) | Wait: 1720ms, Turnaround: 1775ms, Thread: pool-15-thread-1
Processed Task 31 (HIGH) | Wait: 1775ms, Turnaround: 1829ms, Thread: pool-15-thread-1
Processed Task 27 (HIGH) | Wait: 1829ms, Turnaround: 1885ms, Thread: pool-15-thread-1
Processed Task 26 (HIGH) | Wait: 1885ms, Turnaround: 1937ms, Thread: pool-15-thread-1
Processed Task 25 (HIGH) | Wait: 1937ms, Turnaround: 1992ms, Thread: pool-15-thread-1
Processed Task 17 (HIGH) | Wait: 1992ms, Turnaround: 2044ms, Thread: pool-15-thread-1
Processed Task 15 (HIGH) | Wait: 2044ms, Turnaround: 2099ms, Thread: pool-15-thread-1
Processed Task 14 (HIGH) | Wait: 2099ms, Turnaround: 2152ms, Thread: pool-15-thread-1
Processed Task 13 (HIGH) | Wait: 2152ms, Turnaround: 2207ms, Thread: pool-15-thread-1
Processed Task 8 (HIGH) | Wait: 2207ms, Turnaround: 2260ms, Thread: pool-15-thread-1
Processed Task 7 (HIGH) | Wait: 2260ms, Turnaround: 2314ms, Thread: pool-15-thread-1
Processed Task 6 (HIGH) | Wait: 2314ms, Turnaround: 2375ms, Thread: pool-15-thread-1

----- RESULTS FOR THIS RUN -----
Tasks processed: 100
Total elapsed: 2.38 s
Throughput: 42.11 tasks/s

Wait Time (ms):
  Min = 0
  Max = 2314
  Avg = 940.91
  StdDev = 599.34

Turnaround Time (ms):
  Min = 54
  Max = 2375
  Avg = 996.37
  StdDev = 598.81
------------------------------


=============================
Starting run 15 of 50
=============================
Processed Task 5 (LOW) | Wait: 2ms, Turnaround: 65ms, Thread: pool-16-thread-3
Processed Task 99 (HIGH) | Wait: 0ms, Turnaround: 63ms, Thread: pool-16-thread-1
Processed Task 2 (MEDIUM) | Wait: 2ms, Turnaround: 65ms, Thread: pool-16-thread-2
Processed Task 6 (LOW) | Wait: 65ms, Turnaround: 122ms, Thread: pool-16-thread-3
Processed Task 98 (HIGH) | Wait: 63ms, Turnaround: 120ms, Thread: pool-16-thread-1
Processed Task 3 (MEDIUM) | Wait: 65ms, Turnaround: 122ms, Thread: pool-16-thread-2
Processed Task 8 (LOW) | Wait: 122ms, Turnaround: 179ms, Thread: pool-16-thread-3
Processed Task 4 (MEDIUM) | Wait: 122ms, Turnaround: 179ms, Thread: pool-16-thread-2
Processed Task 97 (HIGH) | Wait: 120ms, Turnaround: 177ms, Thread: pool-16-thread-1
Processed Task 92 (HIGH) | Wait: 177ms, Turnaround: 231ms, Thread: pool-16-thread-1
Processed Task 9 (LOW) | Wait: 179ms, Turnaround: 233ms, Thread: pool-16-thread-3
Processed Task 7 (MEDIUM) | Wait: 179ms, Turnaround: 233ms, Thread: pool-16-thread-2
Processed Task 10 (MEDIUM) | Wait: 233ms, Turnaround: 285ms, Thread: pool-16-thread-2
Processed Task 18 (LOW) | Wait: 233ms, Turnaround: 285ms, Thread: pool-16-thread-3
Processed Task 91 (HIGH) | Wait: 231ms, Turnaround: 283ms, Thread: pool-16-thread-1
Processed Task 19 (LOW) | Wait: 285ms, Turnaround: 357ms, Thread: pool-16-thread-3
Processed Task 12 (MEDIUM) | Wait: 285ms, Turnaround: 357ms, Thread: pool-16-thread-2
Processed Task 90 (HIGH) | Wait: 283ms, Turnaround: 355ms, Thread: pool-16-thread-1
Processed Task 13 (MEDIUM) | Wait: 357ms, Turnaround: 417ms, Thread: pool-16-thread-2
Processed Task 89 (HIGH) | Wait: 355ms, Turnaround: 415ms, Thread: pool-16-thread-1
Processed Task 21 (LOW) | Wait: 357ms, Turnaround: 417ms, Thread: pool-16-thread-3
Processed Task 17 (MEDIUM) | Wait: 417ms, Turnaround: 474ms, Thread: pool-16-thread-2
Processed Task 23 (LOW) | Wait: 417ms, Turnaround: 474ms, Thread: pool-16-thread-3
Processed Task 87 (HIGH) | Wait: 415ms, Turnaround: 472ms, Thread: pool-16-thread-1
Processed Task 25 (LOW) | Wait: 474ms, Turnaround: 531ms, Thread: pool-16-thread-3
Processed Task 38 (MEDIUM) | Wait: 474ms, Turnaround: 531ms, Thread: pool-16-thread-2
Processed Task 86 (HIGH) | Wait: 472ms, Turnaround: 529ms, Thread: pool-16-thread-1
Processed Task 26 (LOW) | Wait: 531ms, Turnaround: 582ms, Thread: pool-16-thread-3
Processed Task 84 (HIGH) | Wait: 529ms, Turnaround: 580ms, Thread: pool-16-thread-1
Processed Task 41 (MEDIUM) | Wait: 531ms, Turnaround: 582ms, Thread: pool-16-thread-2
Processed Task 27 (LOW) | Wait: 582ms, Turnaround: 639ms, Thread: pool-16-thread-3
Processed Task 42 (MEDIUM) | Wait: 582ms, Turnaround: 639ms, Thread: pool-16-thread-2
Processed Task 83 (HIGH) | Wait: 580ms, Turnaround: 637ms, Thread: pool-16-thread-1
Processed Task 29 (LOW) | Wait: 639ms, Turnaround: 693ms, Thread: pool-16-thread-3
Processed Task 82 (HIGH) | Wait: 637ms, Turnaround: 691ms, Thread: pool-16-thread-1
Processed Task 45 (MEDIUM) | Wait: 639ms, Turnaround: 693ms, Thread: pool-16-thread-2
Processed Task 46 (MEDIUM) | Wait: 693ms, Turnaround: 743ms, Thread: pool-16-thread-2
Processed Task 30 (LOW) | Wait: 693ms, Turnaround: 743ms, Thread: pool-16-thread-3
Processed Task 81 (HIGH) | Wait: 691ms, Turnaround: 741ms, Thread: pool-16-thread-1
Processed Task 79 (HIGH) | Wait: 743ms, Turnaround: 795ms, Thread: pool-16-thread-1
Processed Task 48 (MEDIUM) | Wait: 743ms, Turnaround: 795ms, Thread: pool-16-thread-2
Processed Task 31 (LOW) | Wait: 743ms, Turnaround: 795ms, Thread: pool-16-thread-3
Processed Task 49 (MEDIUM) | Wait: 795ms, Turnaround: 851ms, Thread: pool-16-thread-2
Processed Task 32 (LOW) | Wait: 795ms, Turnaround: 851ms, Thread: pool-16-thread-3
Processed Task 78 (HIGH) | Wait: 795ms, Turnaround: 851ms, Thread: pool-16-thread-1
Processed Task 33 (LOW) | Wait: 851ms, Turnaround: 903ms, Thread: pool-16-thread-3
Processed Task 71 (HIGH) | Wait: 851ms, Turnaround: 903ms, Thread: pool-16-thread-1
Processed Task 50 (MEDIUM) | Wait: 851ms, Turnaround: 903ms, Thread: pool-16-thread-2
Processed Task 56 (MEDIUM) | Wait: 903ms, Turnaround: 959ms, Thread: pool-16-thread-2
Processed Task 35 (LOW) | Wait: 903ms, Turnaround: 959ms, Thread: pool-16-thread-3
Processed Task 68 (HIGH) | Wait: 903ms, Turnaround: 959ms, Thread: pool-16-thread-1
Processed Task 53 (LOW) | Wait: 959ms, Turnaround: 1011ms, Thread: pool-16-thread-3
Processed Task 58 (MEDIUM) | Wait: 959ms, Turnaround: 1011ms, Thread: pool-16-thread-2
Processed Task 66 (HIGH) | Wait: 959ms, Turnaround: 1011ms, Thread: pool-16-thread-1
Processed Task 64 (HIGH) | Wait: 1011ms, Turnaround: 1071ms, Thread: pool-16-thread-1
Processed Task 54 (LOW) | Wait: 1011ms, Turnaround: 1071ms, Thread: pool-16-thread-3
Processed Task 61 (MEDIUM) | Wait: 1011ms, Turnaround: 1071ms, Thread: pool-16-thread-2
Processed Task 62 (HIGH) | Wait: 1071ms, Turnaround: 1122ms, Thread: pool-16-thread-1
Processed Task 55 (LOW) | Wait: 1071ms, Turnaround: 1122ms, Thread: pool-16-thread-3
Processed Task 65 (MEDIUM) | Wait: 1071ms, Turnaround: 1122ms, Thread: pool-16-thread-2
Processed Task 60 (HIGH) | Wait: 1122ms, Turnaround: 1179ms, Thread: pool-16-thread-1
Processed Task 67 (MEDIUM) | Wait: 1122ms, Turnaround: 1179ms, Thread: pool-16-thread-2
Processed Task 63 (LOW) | Wait: 1122ms, Turnaround: 1179ms, Thread: pool-16-thread-3
Processed Task 70 (LOW) | Wait: 1179ms, Turnaround: 1229ms, Thread: pool-16-thread-3
Processed Task 69 (MEDIUM) | Wait: 1179ms, Turnaround: 1229ms, Thread: pool-16-thread-2
Processed Task 59 (HIGH) | Wait: 1179ms, Turnaround: 1229ms, Thread: pool-16-thread-1
Processed Task 72 (LOW) | Wait: 1229ms, Turnaround: 1283ms, Thread: pool-16-thread-3
Processed Task 75 (MEDIUM) | Wait: 1229ms, Turnaround: 1283ms, Thread: pool-16-thread-2
Processed Task 57 (HIGH) | Wait: 1229ms, Turnaround: 1283ms, Thread: pool-16-thread-1
Processed Task 52 (HIGH) | Wait: 1283ms, Turnaround: 1334ms, Thread: pool-16-thread-1
Processed Task 73 (LOW) | Wait: 1283ms, Turnaround: 1334ms, Thread: pool-16-thread-3
Processed Task 77 (MEDIUM) | Wait: 1283ms, Turnaround: 1334ms, Thread: pool-16-thread-2
Processed Task 80 (MEDIUM) | Wait: 1332ms, Turnaround: 1389ms, Thread: pool-16-thread-2
Processed Task 74 (LOW) | Wait: 1334ms, Turnaround: 1391ms, Thread: pool-16-thread-3
Processed Task 51 (HIGH) | Wait: 1334ms, Turnaround: 1391ms, Thread: pool-16-thread-1
Processed Task 85 (MEDIUM) | Wait: 1389ms, Turnaround: 1440ms, Thread: pool-16-thread-2
Processed Task 76 (LOW) | Wait: 1391ms, Turnaround: 1442ms, Thread: pool-16-thread-3
Processed Task 47 (HIGH) | Wait: 1391ms, Turnaround: 1442ms, Thread: pool-16-thread-1
Processed Task 44 (HIGH) | Wait: 1442ms, Turnaround: 1498ms, Thread: pool-16-thread-1
Processed Task 95 (MEDIUM) | Wait: 1440ms, Turnaround: 1496ms, Thread: pool-16-thread-2
Processed Task 88 (LOW) | Wait: 1440ms, Turnaround: 1496ms, Thread: pool-16-thread-3
Processed Task 43 (HIGH) | Wait: 1498ms, Turnaround: 1550ms, Thread: pool-16-thread-1
Processed Task 96 (MEDIUM) | Wait: 1496ms, Turnaround: 1548ms, Thread: pool-16-thread-2
Processed Task 93 (LOW) | Wait: 1496ms, Turnaround: 1548ms, Thread: pool-16-thread-3
Processed Task 40 (HIGH) | Wait: 1550ms, Turnaround: 1606ms, Thread: pool-16-thread-1
Processed Task 94 (LOW) | Wait: 1548ms, Turnaround: 1604ms, Thread: pool-16-thread-3
Processed Task 39 (HIGH) | Wait: 1606ms, Turnaround: 1658ms, Thread: pool-16-thread-1
Processed Task 100 (LOW) | Wait: 1604ms, Turnaround: 1656ms, Thread: pool-16-thread-3
Processed Task 37 (HIGH) | Wait: 1658ms, Turnaround: 1714ms, Thread: pool-16-thread-1
Processed Task 36 (HIGH) | Wait: 1714ms, Turnaround: 1768ms, Thread: pool-16-thread-1
Processed Task 34 (HIGH) | Wait: 1768ms, Turnaround: 1832ms, Thread: pool-16-thread-1
Processed Task 28 (HIGH) | Wait: 1832ms, Turnaround: 1888ms, Thread: pool-16-thread-1
Processed Task 24 (HIGH) | Wait: 1888ms, Turnaround: 1941ms, Thread: pool-16-thread-1
Processed Task 22 (HIGH) | Wait: 1941ms, Turnaround: 1993ms, Thread: pool-16-thread-1
Processed Task 20 (HIGH) | Wait: 1993ms, Turnaround: 2053ms, Thread: pool-16-thread-1
Processed Task 16 (HIGH) | Wait: 2053ms, Turnaround: 2108ms, Thread: pool-16-thread-1
Processed Task 15 (HIGH) | Wait: 2108ms, Turnaround: 2161ms, Thread: pool-16-thread-1
Processed Task 14 (HIGH) | Wait: 2161ms, Turnaround: 2216ms, Thread: pool-16-thread-1
Processed Task 11 (HIGH) | Wait: 2216ms, Turnaround: 2280ms, Thread: pool-16-thread-1
Processed Task 1 (HIGH) | Wait: 2280ms, Turnaround: 2340ms, Thread: pool-16-thread-1

----- RESULTS FOR THIS RUN -----
Tasks processed: 100
Total elapsed: 2.34 s
Throughput: 42.74 tasks/s

Wait Time (ms):
  Min = 0
  Max = 2280
  Avg = 940.52
  StdDev = 582.96

Turnaround Time (ms):
  Min = 63
  Max = 2340
  Avg = 995.94
  StdDev = 582.02
------------------------------


=============================
Starting run 16 of 50
=============================
Processed Task 99 (HIGH) | Wait: 0ms, Turnaround: 53ms, Thread: pool-17-thread-1
Processed Task 2 (MEDIUM) | Wait: 0ms, Turnaround: 53ms, Thread: pool-17-thread-2
Processed Task 1 (LOW) | Wait: 0ms, Turnaround: 53ms, Thread: pool-17-thread-3
Processed Task 98 (HIGH) | Wait: 53ms, Turnaround: 107ms, Thread: pool-17-thread-1
Processed Task 3 (LOW) | Wait: 53ms, Turnaround: 107ms, Thread: pool-17-thread-3
Processed Task 5 (MEDIUM) | Wait: 53ms, Turnaround: 107ms, Thread: pool-17-thread-2
Processed Task 97 (HIGH) | Wait: 107ms, Turnaround: 165ms, Thread: pool-17-thread-1
Processed Task 4 (LOW) | Wait: 107ms, Turnaround: 165ms, Thread: pool-17-thread-3
Processed Task 15 (MEDIUM) | Wait: 107ms, Turnaround: 165ms, Thread: pool-17-thread-2
Processed Task 7 (LOW) | Wait: 165ms, Turnaround: 215ms, Thread: pool-17-thread-3
Processed Task 93 (HIGH) | Wait: 165ms, Turnaround: 215ms, Thread: pool-17-thread-1
Processed Task 20 (MEDIUM) | Wait: 165ms, Turnaround: 216ms, Thread: pool-17-thread-2
Processed Task 8 (LOW) | Wait: 215ms, Turnaround: 272ms, Thread: pool-17-thread-3
Processed Task 23 (MEDIUM) | Wait: 216ms, Turnaround: 272ms, Thread: pool-17-thread-2
Processed Task 84 (HIGH) | Wait: 215ms, Turnaround: 272ms, Thread: pool-17-thread-1
Processed Task 9 (LOW) | Wait: 272ms, Turnaround: 348ms, Thread: pool-17-thread-3
Processed Task 82 (HIGH) | Wait: 272ms, Turnaround: 348ms, Thread: pool-17-thread-1
Processed Task 29 (MEDIUM) | Wait: 272ms, Turnaround: 348ms, Thread: pool-17-thread-2
Processed Task 81 (HIGH) | Wait: 348ms, Turnaround: 399ms, Thread: pool-17-thread-1
Processed Task 19 (LOW) | Wait: 348ms, Turnaround: 399ms, Thread: pool-17-thread-3
Processed Task 32 (MEDIUM) | Wait: 348ms, Turnaround: 399ms, Thread: pool-17-thread-2
Processed Task 37 (MEDIUM) | Wait: 399ms, Turnaround: 453ms, Thread: pool-17-thread-2
Processed Task 75 (HIGH) | Wait: 399ms, Turnaround: 453ms, Thread: pool-17-thread-1
Processed Task 21 (LOW) | Wait: 399ms, Turnaround: 453ms, Thread: pool-17-thread-3
Processed Task 74 (HIGH) | Wait: 453ms, Turnaround: 511ms, Thread: pool-17-thread-1
Processed Task 38 (MEDIUM) | Wait: 453ms, Turnaround: 511ms, Thread: pool-17-thread-2
Processed Task 22 (LOW) | Wait: 453ms, Turnaround: 511ms, Thread: pool-17-thread-3
Processed Task 69 (HIGH) | Wait: 511ms, Turnaround: 567ms, Thread: pool-17-thread-1
Processed Task 28 (LOW) | Wait: 511ms, Turnaround: 567ms, Thread: pool-17-thread-3
Processed Task 42 (MEDIUM) | Wait: 511ms, Turnaround: 567ms, Thread: pool-17-thread-2
Processed Task 34 (LOW) | Wait: 567ms, Turnaround: 618ms, Thread: pool-17-thread-3
Processed Task 46 (MEDIUM) | Wait: 567ms, Turnaround: 618ms, Thread: pool-17-thread-2
Processed Task 67 (HIGH) | Wait: 567ms, Turnaround: 618ms, Thread: pool-17-thread-1
Processed Task 61 (HIGH) | Wait: 618ms, Turnaround: 674ms, Thread: pool-17-thread-1
Processed Task 54 (MEDIUM) | Wait: 618ms, Turnaround: 674ms, Thread: pool-17-thread-2
Processed Task 35 (LOW) | Wait: 618ms, Turnaround: 674ms, Thread: pool-17-thread-3
Processed Task 55 (MEDIUM) | Wait: 674ms, Turnaround: 725ms, Thread: pool-17-thread-2
Processed Task 60 (HIGH) | Wait: 674ms, Turnaround: 725ms, Thread: pool-17-thread-1
Processed Task 45 (LOW) | Wait: 674ms, Turnaround: 725ms, Thread: pool-17-thread-3
Processed Task 47 (LOW) | Wait: 725ms, Turnaround: 782ms, Thread: pool-17-thread-3
Processed Task 53 (HIGH) | Wait: 725ms, Turnaround: 782ms, Thread: pool-17-thread-1
Processed Task 56 (MEDIUM) | Wait: 725ms, Turnaround: 782ms, Thread: pool-17-thread-2
Processed Task 58 (MEDIUM) | Wait: 782ms, Turnaround: 832ms, Thread: pool-17-thread-2
Processed Task 48 (HIGH) | Wait: 782ms, Turnaround: 832ms, Thread: pool-17-thread-1
Processed Task 49 (LOW) | Wait: 782ms, Turnaround: 832ms, Thread: pool-17-thread-3
Processed Task 44 (HIGH) | Wait: 832ms, Turnaround: 889ms, Thread: pool-17-thread-1
Processed Task 50 (LOW) | Wait: 832ms, Turnaround: 889ms, Thread: pool-17-thread-3
Processed Task 59 (MEDIUM) | Wait: 832ms, Turnaround: 889ms, Thread: pool-17-thread-2
Processed Task 51 (LOW) | Wait: 889ms, Turnaround: 940ms, Thread: pool-17-thread-3
Processed Task 62 (MEDIUM) | Wait: 889ms, Turnaround: 940ms, Thread: pool-17-thread-2
Processed Task 43 (HIGH) | Wait: 889ms, Turnaround: 940ms, Thread: pool-17-thread-1
Processed Task 52 (LOW) | Wait: 940ms, Turnaround: 996ms, Thread: pool-17-thread-3
Processed Task 41 (HIGH) | Wait: 940ms, Turnaround: 996ms, Thread: pool-17-thread-1
Processed Task 65 (MEDIUM) | Wait: 940ms, Turnaround: 996ms, Thread: pool-17-thread-2
Processed Task 66 (MEDIUM) | Wait: 996ms, Turnaround: 1046ms, Thread: pool-17-thread-2
Processed Task 57 (LOW) | Wait: 996ms, Turnaround: 1046ms, Thread: pool-17-thread-3
Processed Task 40 (HIGH) | Wait: 996ms, Turnaround: 1046ms, Thread: pool-17-thread-1
Processed Task 39 (HIGH) | Wait: 1046ms, Turnaround: 1104ms, Thread: pool-17-thread-1
Processed Task 68 (MEDIUM) | Wait: 1046ms, Turnaround: 1104ms, Thread: pool-17-thread-2
Processed Task 63 (LOW) | Wait: 1046ms, Turnaround: 1104ms, Thread: pool-17-thread-3
Processed Task 77 (MEDIUM) | Wait: 1104ms, Turnaround: 1161ms, Thread: pool-17-thread-2
Processed Task 36 (HIGH) | Wait: 1104ms, Turnaround: 1161ms, Thread: pool-17-thread-1
Processed Task 64 (LOW) | Wait: 1104ms, Turnaround: 1161ms, Thread: pool-17-thread-3
Processed Task 33 (HIGH) | Wait: 1161ms, Turnaround: 1221ms, Thread: pool-17-thread-1
Processed Task 70 (LOW) | Wait: 1161ms, Turnaround: 1221ms, Thread: pool-17-thread-3
Processed Task 78 (MEDIUM) | Wait: 1161ms, Turnaround: 1221ms, Thread: pool-17-thread-2
Processed Task 71 (LOW) | Wait: 1221ms, Turnaround: 1272ms, Thread: pool-17-thread-3
Processed Task 79 (MEDIUM) | Wait: 1221ms, Turnaround: 1272ms, Thread: pool-17-thread-2
Processed Task 31 (HIGH) | Wait: 1221ms, Turnaround: 1272ms, Thread: pool-17-thread-1
Processed Task 72 (LOW) | Wait: 1272ms, Turnaround: 1330ms, Thread: pool-17-thread-3
Processed Task 30 (HIGH) | Wait: 1272ms, Turnaround: 1330ms, Thread: pool-17-thread-1
Processed Task 80 (MEDIUM) | Wait: 1272ms, Turnaround: 1330ms, Thread: pool-17-thread-2
Processed Task 27 (HIGH) | Wait: 1330ms, Turnaround: 1380ms, Thread: pool-17-thread-1
Processed Task 73 (LOW) | Wait: 1330ms, Turnaround: 1380ms, Thread: pool-17-thread-3
Processed Task 86 (MEDIUM) | Wait: 1330ms, Turnaround: 1380ms, Thread: pool-17-thread-2
Processed Task 76 (LOW) | Wait: 1380ms, Turnaround: 1438ms, Thread: pool-17-thread-3
Processed Task 88 (MEDIUM) | Wait: 1380ms, Turnaround: 1438ms, Thread: pool-17-thread-2
Processed Task 26 (HIGH) | Wait: 1380ms, Turnaround: 1438ms, Thread: pool-17-thread-1
Processed Task 83 (LOW) | Wait: 1438ms, Turnaround: 1489ms, Thread: pool-17-thread-3
Processed Task 25 (HIGH) | Wait: 1438ms, Turnaround: 1489ms, Thread: pool-17-thread-1
Processed Task 90 (MEDIUM) | Wait: 1438ms, Turnaround: 1489ms, Thread: pool-17-thread-2
Processed Task 85 (LOW) | Wait: 1489ms, Turnaround: 1545ms, Thread: pool-17-thread-3
Processed Task 24 (HIGH) | Wait: 1489ms, Turnaround: 1545ms, Thread: pool-17-thread-1
Processed Task 92 (MEDIUM) | Wait: 1489ms, Turnaround: 1545ms, Thread: pool-17-thread-2
Processed Task 94 (MEDIUM) | Wait: 1545ms, Turnaround: 1596ms, Thread: pool-17-thread-2
Processed Task 18 (HIGH) | Wait: 1545ms, Turnaround: 1596ms, Thread: pool-17-thread-1
Processed Task 87 (LOW) | Wait: 1545ms, Turnaround: 1596ms, Thread: pool-17-thread-3
Processed Task 89 (LOW) | Wait: 1596ms, Turnaround: 1653ms, Thread: pool-17-thread-3
Processed Task 17 (HIGH) | Wait: 1596ms, Turnaround: 1653ms, Thread: pool-17-thread-1
Processed Task 95 (MEDIUM) | Wait: 1596ms, Turnaround: 1653ms, Thread: pool-17-thread-2
Processed Task 100 (MEDIUM) | Wait: 1653ms, Turnaround: 1704ms, Thread: pool-17-thread-2
Processed Task 16 (HIGH) | Wait: 1653ms, Turnaround: 1704ms, Thread: pool-17-thread-1
Processed Task 91 (LOW) | Wait: 1653ms, Turnaround: 1704ms, Thread: pool-17-thread-3
Processed Task 96 (LOW) | Wait: 1704ms, Turnaround: 1760ms, Thread: pool-17-thread-3
Processed Task 14 (HIGH) | Wait: 1704ms, Turnaround: 1760ms, Thread: pool-17-thread-1
Processed Task 13 (HIGH) | Wait: 1760ms, Turnaround: 1812ms, Thread: pool-17-thread-1
Processed Task 12 (HIGH) | Wait: 1812ms, Turnaround: 1869ms, Thread: pool-17-thread-1
Processed Task 11 (HIGH) | Wait: 1869ms, Turnaround: 1920ms, Thread: pool-17-thread-1
Processed Task 10 (HIGH) | Wait: 1920ms, Turnaround: 1978ms, Thread: pool-17-thread-1
Processed Task 6 (HIGH) | Wait: 1978ms, Turnaround: 2034ms, Thread: pool-17-thread-1

----- RESULTS FOR THIS RUN -----
Tasks processed: 100
Total elapsed: 2.03 s
Throughput: 49.16 tasks/s

Wait Time (ms):
  Min = 0
  Max = 1978
  Avg = 900.91
  StdDev = 538.37

Turnaround Time (ms):
  Min = 53
  Max = 2034
  Avg = 955.89
  StdDev = 537.72
------------------------------


=============================
Starting run 17 of 50
=============================
Processed Task 99 (HIGH) | Wait: 2ms, Turnaround: 67ms, Thread: pool-18-thread-1
Processed Task 3 (LOW) | Wait: 2ms, Turnaround: 67ms, Thread: pool-18-thread-3
Processed Task 2 (MEDIUM) | Wait: 2ms, Turnaround: 67ms, Thread: pool-18-thread-2
Processed Task 94 (HIGH) | Wait: 67ms, Turnaround: 123ms, Thread: pool-18-thread-1
Processed Task 6 (LOW) | Wait: 67ms, Turnaround: 123ms, Thread: pool-18-thread-3
Processed Task 5 (MEDIUM) | Wait: 67ms, Turnaround: 123ms, Thread: pool-18-thread-2
Processed Task 91 (HIGH) | Wait: 123ms, Turnaround: 179ms, Thread: pool-18-thread-1
Processed Task 7 (MEDIUM) | Wait: 123ms, Turnaround: 179ms, Thread: pool-18-thread-2
Processed Task 20 (LOW) | Wait: 123ms, Turnaround: 179ms, Thread: pool-18-thread-3
Processed Task 21 (LOW) | Wait: 179ms, Turnaround: 233ms, Thread: pool-18-thread-3
Processed Task 10 (MEDIUM) | Wait: 179ms, Turnaround: 233ms, Thread: pool-18-thread-2
Processed Task 90 (HIGH) | Wait: 179ms, Turnaround: 233ms, Thread: pool-18-thread-1
Processed Task 89 (HIGH) | Wait: 233ms, Turnaround: 287ms, Thread: pool-18-thread-1
Processed Task 24 (LOW) | Wait: 233ms, Turnaround: 287ms, Thread: pool-18-thread-3
Processed Task 12 (MEDIUM) | Wait: 233ms, Turnaround: 287ms, Thread: pool-18-thread-2
Processed Task 88 (HIGH) | Wait: 287ms, Turnaround: 340ms, Thread: pool-18-thread-1
Processed Task 27 (LOW) | Wait: 287ms, Turnaround: 340ms, Thread: pool-18-thread-3
Processed Task 15 (MEDIUM) | Wait: 287ms, Turnaround: 340ms, Thread: pool-18-thread-2
Processed Task 29 (LOW) | Wait: 340ms, Turnaround: 392ms, Thread: pool-18-thread-3
Processed Task 17 (MEDIUM) | Wait: 340ms, Turnaround: 392ms, Thread: pool-18-thread-2
Processed Task 87 (HIGH) | Wait: 340ms, Turnaround: 392ms, Thread: pool-18-thread-1
Processed Task 33 (LOW) | Wait: 392ms, Turnaround: 447ms, Thread: pool-18-thread-3
Processed Task 18 (MEDIUM) | Wait: 392ms, Turnaround: 447ms, Thread: pool-18-thread-2
Processed Task 82 (HIGH) | Wait: 392ms, Turnaround: 447ms, Thread: pool-18-thread-1
Processed Task 25 (MEDIUM) | Wait: 447ms, Turnaround: 506ms, Thread: pool-18-thread-2
Processed Task 80 (HIGH) | Wait: 447ms, Turnaround: 506ms, Thread: pool-18-thread-1
Processed Task 36 (LOW) | Wait: 447ms, Turnaround: 506ms, Thread: pool-18-thread-3
Processed Task 78 (HIGH) | Wait: 506ms, Turnaround: 564ms, Thread: pool-18-thread-1
Processed Task 41 (LOW) | Wait: 506ms, Turnaround: 564ms, Thread: pool-18-thread-3
Processed Task 26 (MEDIUM) | Wait: 506ms, Turnaround: 564ms, Thread: pool-18-thread-2
Processed Task 72 (HIGH) | Wait: 564ms, Turnaround: 615ms, Thread: pool-18-thread-1
Processed Task 28 (MEDIUM) | Wait: 564ms, Turnaround: 615ms, Thread: pool-18-thread-2
Processed Task 46 (LOW) | Wait: 564ms, Turnaround: 615ms, Thread: pool-18-thread-3
Processed Task 65 (HIGH) | Wait: 615ms, Turnaround: 669ms, Thread: pool-18-thread-1
Processed Task 50 (LOW) | Wait: 615ms, Turnaround: 670ms, Thread: pool-18-thread-3
Processed Task 30 (MEDIUM) | Wait: 615ms, Turnaround: 670ms, Thread: pool-18-thread-2
Processed Task 57 (HIGH) | Wait: 669ms, Turnaround: 723ms, Thread: pool-18-thread-1
Processed Task 31 (MEDIUM) | Wait: 670ms, Turnaround: 723ms, Thread: pool-18-thread-2
Processed Task 51 (LOW) | Wait: 670ms, Turnaround: 723ms, Thread: pool-18-thread-3
Processed Task 53 (HIGH) | Wait: 723ms, Turnaround: 778ms, Thread: pool-18-thread-1
Processed Task 32 (MEDIUM) | Wait: 723ms, Turnaround: 778ms, Thread: pool-18-thread-2
Processed Task 56 (LOW) | Wait: 723ms, Turnaround: 778ms, Thread: pool-18-thread-3
Processed Task 34 (MEDIUM) | Wait: 778ms, Turnaround: 831ms, Thread: pool-18-thread-2
Processed Task 60 (LOW) | Wait: 778ms, Turnaround: 831ms, Thread: pool-18-thread-3
Processed Task 49 (HIGH) | Wait: 778ms, Turnaround: 831ms, Thread: pool-18-thread-1
Processed Task 48 (HIGH) | Wait: 831ms, Turnaround: 886ms, Thread: pool-18-thread-1
Processed Task 61 (LOW) | Wait: 831ms, Turnaround: 886ms, Thread: pool-18-thread-3
Processed Task 37 (MEDIUM) | Wait: 831ms, Turnaround: 886ms, Thread: pool-18-thread-2
Processed Task 62 (LOW) | Wait: 886ms, Turnaround: 939ms, Thread: pool-18-thread-3
Processed Task 47 (HIGH) | Wait: 886ms, Turnaround: 939ms, Thread: pool-18-thread-1
Processed Task 38 (MEDIUM) | Wait: 886ms, Turnaround: 939ms, Thread: pool-18-thread-2
Processed Task 64 (LOW) | Wait: 939ms, Turnaround: 994ms, Thread: pool-18-thread-3
Processed Task 45 (HIGH) | Wait: 939ms, Turnaround: 994ms, Thread: pool-18-thread-1
Processed Task 39 (MEDIUM) | Wait: 939ms, Turnaround: 994ms, Thread: pool-18-thread-2
Processed Task 42 (MEDIUM) | Wait: 994ms, Turnaround: 1047ms, Thread: pool-18-thread-2
Processed Task 43 (HIGH) | Wait: 994ms, Turnaround: 1047ms, Thread: pool-18-thread-1
Processed Task 67 (LOW) | Wait: 994ms, Turnaround: 1047ms, Thread: pool-18-thread-3
Processed Task 44 (MEDIUM) | Wait: 1047ms, Turnaround: 1099ms, Thread: pool-18-thread-2
Processed Task 68 (LOW) | Wait: 1047ms, Turnaround: 1099ms, Thread: pool-18-thread-3
Processed Task 40 (HIGH) | Wait: 1047ms, Turnaround: 1099ms, Thread: pool-18-thread-1
Processed Task 35 (HIGH) | Wait: 1099ms, Turnaround: 1149ms, Thread: pool-18-thread-1
Processed Task 52 (MEDIUM) | Wait: 1099ms, Turnaround: 1149ms, Thread: pool-18-thread-2
Processed Task 73 (LOW) | Wait: 1099ms, Turnaround: 1149ms, Thread: pool-18-thread-3
Processed Task 23 (HIGH) | Wait: 1149ms, Turnaround: 1204ms, Thread: pool-18-thread-1
Processed Task 54 (MEDIUM) | Wait: 1149ms, Turnaround: 1204ms, Thread: pool-18-thread-2
Processed Task 79 (LOW) | Wait: 1149ms, Turnaround: 1204ms, Thread: pool-18-thread-3
Processed Task 55 (MEDIUM) | Wait: 1204ms, Turnaround: 1258ms, Thread: pool-18-thread-2
Processed Task 22 (HIGH) | Wait: 1204ms, Turnaround: 1258ms, Thread: pool-18-thread-1
Processed Task 84 (LOW) | Wait: 1204ms, Turnaround: 1258ms, Thread: pool-18-thread-3
Processed Task 85 (LOW) | Wait: 1258ms, Turnaround: 1313ms, Thread: pool-18-thread-3
Processed Task 58 (MEDIUM) | Wait: 1258ms, Turnaround: 1313ms, Thread: pool-18-thread-2
Processed Task 19 (HIGH) | Wait: 1258ms, Turnaround: 1313ms, Thread: pool-18-thread-1
Processed Task 93 (LOW) | Wait: 1313ms, Turnaround: 1366ms, Thread: pool-18-thread-3
Processed Task 59 (MEDIUM) | Wait: 1313ms, Turnaround: 1366ms, Thread: pool-18-thread-2
Processed Task 16 (HIGH) | Wait: 1313ms, Turnaround: 1366ms, Thread: pool-18-thread-1
Processed Task 14 (HIGH) | Wait: 1366ms, Turnaround: 1421ms, Thread: pool-18-thread-1
Processed Task 95 (LOW) | Wait: 1366ms, Turnaround: 1421ms, Thread: pool-18-thread-3
Processed Task 63 (MEDIUM) | Wait: 1366ms, Turnaround: 1421ms, Thread: pool-18-thread-2
Processed Task 13 (HIGH) | Wait: 1421ms, Turnaround: 1474ms, Thread: pool-18-thread-1
Processed Task 66 (MEDIUM) | Wait: 1421ms, Turnaround: 1474ms, Thread: pool-18-thread-2
Processed Task 96 (LOW) | Wait: 1421ms, Turnaround: 1474ms, Thread: pool-18-thread-3
Processed Task 69 (MEDIUM) | Wait: 1474ms, Turnaround: 1529ms, Thread: pool-18-thread-2
Processed Task 97 (LOW) | Wait: 1474ms, Turnaround: 1529ms, Thread: pool-18-thread-3
Processed Task 11 (HIGH) | Wait: 1474ms, Turnaround: 1529ms, Thread: pool-18-thread-1
Processed Task 98 (LOW) | Wait: 1529ms, Turnaround: 1583ms, Thread: pool-18-thread-3
Processed Task 9 (HIGH) | Wait: 1529ms, Turnaround: 1583ms, Thread: pool-18-thread-1
Processed Task 70 (MEDIUM) | Wait: 1529ms, Turnaround: 1583ms, Thread: pool-18-thread-2
Processed Task 100 (LOW) | Wait: 1583ms, Turnaround: 1634ms, Thread: pool-18-thread-3
Processed Task 8 (HIGH) | Wait: 1583ms, Turnaround: 1634ms, Thread: pool-18-thread-1
Processed Task 71 (MEDIUM) | Wait: 1583ms, Turnaround: 1634ms, Thread: pool-18-thread-2
Processed Task 74 (MEDIUM) | Wait: 1634ms, Turnaround: 1693ms, Thread: pool-18-thread-2
Processed Task 4 (HIGH) | Wait: 1634ms, Turnaround: 1693ms, Thread: pool-18-thread-1
Processed Task 75 (MEDIUM) | Wait: 1693ms, Turnaround: 1745ms, Thread: pool-18-thread-2
Processed Task 1 (HIGH) | Wait: 1693ms, Turnaround: 1745ms, Thread: pool-18-thread-1
Processed Task 76 (MEDIUM) | Wait: 1745ms, Turnaround: 1801ms, Thread: pool-18-thread-2
Processed Task 77 (MEDIUM) | Wait: 1801ms, Turnaround: 1855ms, Thread: pool-18-thread-2
Processed Task 81 (MEDIUM) | Wait: 1855ms, Turnaround: 1909ms, Thread: pool-18-thread-2
Processed Task 83 (MEDIUM) | Wait: 1909ms, Turnaround: 1961ms, Thread: pool-18-thread-2
Processed Task 86 (MEDIUM) | Wait: 1961ms, Turnaround: 2017ms, Thread: pool-18-thread-2
Processed Task 92 (MEDIUM) | Wait: 2017ms, Turnaround: 2069ms, Thread: pool-18-thread-2

----- RESULTS FOR THIS RUN -----
Tasks processed: 100
Total elapsed: 2.07 s
Throughput: 48.33 tasks/s

Wait Time (ms):
  Min = 2
  Max = 2017
  Avg = 899.98
  StdDev = 536.70

Turnaround Time (ms):
  Min = 67
  Max = 2069
  Avg = 954.40
  StdDev = 535.80
------------------------------


=============================
Starting run 18 of 50
=============================
Processed Task 2 (LOW) | Wait: 1ms, Turnaround: 54ms, Thread: pool-19-thread-3
Processed Task 95 (HIGH) | Wait: 0ms, Turnaround: 54ms, Thread: pool-19-thread-1
Processed Task 1 (MEDIUM) | Wait: 0ms, Turnaround: 54ms, Thread: pool-19-thread-2
Processed Task 93 (HIGH) | Wait: 54ms, Turnaround: 105ms, Thread: pool-19-thread-1
Processed Task 3 (LOW) | Wait: 54ms, Turnaround: 105ms, Thread: pool-19-thread-3
Processed Task 9 (MEDIUM) | Wait: 54ms, Turnaround: 108ms, Thread: pool-19-thread-2
Processed Task 92 (HIGH) | Wait: 105ms, Turnaround: 157ms, Thread: pool-19-thread-1
Processed Task 4 (LOW) | Wait: 105ms, Turnaround: 157ms, Thread: pool-19-thread-3
Processed Task 10 (MEDIUM) | Wait: 108ms, Turnaround: 174ms, Thread: pool-19-thread-2
Processed Task 13 (MEDIUM) | Wait: 174ms, Turnaround: 225ms, Thread: pool-19-thread-2
Processed Task 87 (HIGH) | Wait: 157ms, Turnaround: 225ms, Thread: pool-19-thread-1
Processed Task 5 (LOW) | Wait: 157ms, Turnaround: 225ms, Thread: pool-19-thread-3
Processed Task 85 (HIGH) | Wait: 225ms, Turnaround: 276ms, Thread: pool-19-thread-1
Processed Task 19 (MEDIUM) | Wait: 225ms, Turnaround: 276ms, Thread: pool-19-thread-2
Processed Task 7 (LOW) | Wait: 225ms, Turnaround: 276ms, Thread: pool-19-thread-3
Processed Task 22 (MEDIUM) | Wait: 276ms, Turnaround: 340ms, Thread: pool-19-thread-2
Processed Task 79 (HIGH) | Wait: 276ms, Turnaround: 340ms, Thread: pool-19-thread-1
Processed Task 15 (LOW) | Wait: 276ms, Turnaround: 340ms, Thread: pool-19-thread-3
Processed Task 17 (LOW) | Wait: 340ms, Turnaround: 391ms, Thread: pool-19-thread-3
Processed Task 71 (HIGH) | Wait: 340ms, Turnaround: 391ms, Thread: pool-19-thread-1
Processed Task 26 (MEDIUM) | Wait: 340ms, Turnaround: 391ms, Thread: pool-19-thread-2
Processed Task 69 (HIGH) | Wait: 391ms, Turnaround: 449ms, Thread: pool-19-thread-1
Processed Task 18 (LOW) | Wait: 391ms, Turnaround: 449ms, Thread: pool-19-thread-3
Processed Task 28 (MEDIUM) | Wait: 391ms, Turnaround: 449ms, Thread: pool-19-thread-2
Processed Task 62 (HIGH) | Wait: 449ms, Turnaround: 506ms, Thread: pool-19-thread-1
Processed Task 30 (MEDIUM) | Wait: 449ms, Turnaround: 506ms, Thread: pool-19-thread-2
Processed Task 20 (LOW) | Wait: 449ms, Turnaround: 506ms, Thread: pool-19-thread-3
Processed Task 33 (MEDIUM) | Wait: 506ms, Turnaround: 556ms, Thread: pool-19-thread-2
Processed Task 23 (LOW) | Wait: 506ms, Turnaround: 556ms, Thread: pool-19-thread-3
Processed Task 54 (HIGH) | Wait: 506ms, Turnaround: 556ms, Thread: pool-19-thread-1
Processed Task 29 (LOW) | Wait: 556ms, Turnaround: 607ms, Thread: pool-19-thread-3
Processed Task 49 (HIGH) | Wait: 556ms, Turnaround: 607ms, Thread: pool-19-thread-1
Processed Task 34 (MEDIUM) | Wait: 556ms, Turnaround: 607ms, Thread: pool-19-thread-2
Processed Task 47 (HIGH) | Wait: 607ms, Turnaround: 663ms, Thread: pool-19-thread-1
Processed Task 35 (MEDIUM) | Wait: 607ms, Turnaround: 663ms, Thread: pool-19-thread-2
Processed Task 31 (LOW) | Wait: 607ms, Turnaround: 663ms, Thread: pool-19-thread-3
Processed Task 43 (LOW) | Wait: 663ms, Turnaround: 715ms, Thread: pool-19-thread-3
Processed Task 46 (HIGH) | Wait: 663ms, Turnaround: 715ms, Thread: pool-19-thread-1
Processed Task 37 (MEDIUM) | Wait: 663ms, Turnaround: 715ms, Thread: pool-19-thread-2
Processed Task 39 (MEDIUM) | Wait: 715ms, Turnaround: 772ms, Thread: pool-19-thread-2
Processed Task 44 (LOW) | Wait: 715ms, Turnaround: 772ms, Thread: pool-19-thread-3
Processed Task 42 (HIGH) | Wait: 715ms, Turnaround: 772ms, Thread: pool-19-thread-1
Processed Task 41 (MEDIUM) | Wait: 772ms, Turnaround: 823ms, Thread: pool-19-thread-2
Processed Task 40 (HIGH) | Wait: 772ms, Turnaround: 823ms, Thread: pool-19-thread-1
Processed Task 48 (LOW) | Wait: 772ms, Turnaround: 823ms, Thread: pool-19-thread-3
Processed Task 38 (HIGH) | Wait: 823ms, Turnaround: 885ms, Thread: pool-19-thread-1
Processed Task 45 (MEDIUM) | Wait: 823ms, Turnaround: 885ms, Thread: pool-19-thread-2
Processed Task 51 (LOW) | Wait: 823ms, Turnaround: 885ms, Thread: pool-19-thread-3
Processed Task 50 (MEDIUM) | Wait: 885ms, Turnaround: 943ms, Thread: pool-19-thread-2
Processed Task 36 (HIGH) | Wait: 885ms, Turnaround: 943ms, Thread: pool-19-thread-1
Processed Task 52 (LOW) | Wait: 885ms, Turnaround: 943ms, Thread: pool-19-thread-3
Processed Task 53 (MEDIUM) | Wait: 943ms, Turnaround: 1006ms, Thread: pool-19-thread-2
Processed Task 56 (LOW) | Wait: 943ms, Turnaround: 1006ms, Thread: pool-19-thread-3
Processed Task 32 (HIGH) | Wait: 943ms, Turnaround: 1006ms, Thread: pool-19-thread-1
Processed Task 57 (LOW) | Wait: 1006ms, Turnaround: 1062ms, Thread: pool-19-thread-3
Processed Task 55 (MEDIUM) | Wait: 1006ms, Turnaround: 1062ms, Thread: pool-19-thread-2
Processed Task 27 (HIGH) | Wait: 1006ms, Turnaround: 1062ms, Thread: pool-19-thread-1
Processed Task 25 (HIGH) | Wait: 1062ms, Turnaround: 1117ms, Thread: pool-19-thread-1
Processed Task 59 (LOW) | Wait: 1062ms, Turnaround: 1117ms, Thread: pool-19-thread-3
Processed Task 58 (MEDIUM) | Wait: 1062ms, Turnaround: 1117ms, Thread: pool-19-thread-2
Processed Task 61 (MEDIUM) | Wait: 1117ms, Turnaround: 1172ms, Thread: pool-19-thread-2
Processed Task 60 (LOW) | Wait: 1117ms, Turnaround: 1172ms, Thread: pool-19-thread-3
Processed Task 24 (HIGH) | Wait: 1117ms, Turnaround: 1172ms, Thread: pool-19-thread-1
Processed Task 21 (HIGH) | Wait: 1172ms, Turnaround: 1233ms, Thread: pool-19-thread-1
Processed Task 64 (MEDIUM) | Wait: 1172ms, Turnaround: 1233ms, Thread: pool-19-thread-2
Processed Task 63 (LOW) | Wait: 1172ms, Turnaround: 1233ms, Thread: pool-19-thread-3
Processed Task 65 (MEDIUM) | Wait: 1233ms, Turnaround: 1285ms, Thread: pool-19-thread-2
Processed Task 66 (LOW) | Wait: 1233ms, Turnaround: 1285ms, Thread: pool-19-thread-3
Processed Task 16 (HIGH) | Wait: 1233ms, Turnaround: 1285ms, Thread: pool-19-thread-1
Processed Task 67 (LOW) | Wait: 1285ms, Turnaround: 1348ms, Thread: pool-19-thread-3
Processed Task 14 (HIGH) | Wait: 1285ms, Turnaround: 1348ms, Thread: pool-19-thread-1
Processed Task 68 (MEDIUM) | Wait: 1285ms, Turnaround: 1348ms, Thread: pool-19-thread-2
Processed Task 75 (LOW) | Wait: 1348ms, Turnaround: 1409ms, Thread: pool-19-thread-3
Processed Task 12 (HIGH) | Wait: 1348ms, Turnaround: 1409ms, Thread: pool-19-thread-1
Processed Task 70 (MEDIUM) | Wait: 1348ms, Turnaround: 1409ms, Thread: pool-19-thread-2
Processed Task 80 (LOW) | Wait: 1409ms, Turnaround: 1465ms, Thread: pool-19-thread-3
Processed Task 11 (HIGH) | Wait: 1409ms, Turnaround: 1465ms, Thread: pool-19-thread-1
Processed Task 72 (MEDIUM) | Wait: 1409ms, Turnaround: 1465ms, Thread: pool-19-thread-2
Processed Task 73 (MEDIUM) | Wait: 1465ms, Turnaround: 1521ms, Thread: pool-19-thread-2
Processed Task 8 (HIGH) | Wait: 1465ms, Turnaround: 1521ms, Thread: pool-19-thread-1
Processed Task 81 (LOW) | Wait: 1465ms, Turnaround: 1521ms, Thread: pool-19-thread-3
Processed Task 6 (HIGH) | Wait: 1521ms, Turnaround: 1577ms, Thread: pool-19-thread-1
Processed Task 82 (LOW) | Wait: 1521ms, Turnaround: 1577ms, Thread: pool-19-thread-3
Processed Task 74 (MEDIUM) | Wait: 1521ms, Turnaround: 1577ms, Thread: pool-19-thread-2
Processed Task 76 (MEDIUM) | Wait: 1577ms, Turnaround: 1636ms, Thread: pool-19-thread-2
Processed Task 83 (LOW) | Wait: 1577ms, Turnaround: 1636ms, Thread: pool-19-thread-3
Processed Task 77 (MEDIUM) | Wait: 1636ms, Turnaround: 1689ms, Thread: pool-19-thread-2
Processed Task 84 (LOW) | Wait: 1636ms, Turnaround: 1689ms, Thread: pool-19-thread-3
Processed Task 99 (LOW) | Wait: 1689ms, Turnaround: 1740ms, Thread: pool-19-thread-3
Processed Task 78 (MEDIUM) | Wait: 1689ms, Turnaround: 1740ms, Thread: pool-19-thread-2
Processed Task 100 (LOW) | Wait: 1740ms, Turnaround: 1791ms, Thread: pool-19-thread-3
Processed Task 86 (MEDIUM) | Wait: 1740ms, Turnaround: 1791ms, Thread: pool-19-thread-2
Processed Task 88 (MEDIUM) | Wait: 1791ms, Turnaround: 1849ms, Thread: pool-19-thread-2
Processed Task 89 (MEDIUM) | Wait: 1849ms, Turnaround: 1900ms, Thread: pool-19-thread-2
Processed Task 90 (MEDIUM) | Wait: 1900ms, Turnaround: 1957ms, Thread: pool-19-thread-2
Processed Task 91 (MEDIUM) | Wait: 1957ms, Turnaround: 2008ms, Thread: pool-19-thread-2
Processed Task 94 (MEDIUM) | Wait: 2008ms, Turnaround: 2064ms, Thread: pool-19-thread-2
Processed Task 96 (MEDIUM) | Wait: 2064ms, Turnaround: 2115ms, Thread: pool-19-thread-2
Processed Task 97 (MEDIUM) | Wait: 2115ms, Turnaround: 2172ms, Thread: pool-19-thread-2
Processed Task 98 (MEDIUM) | Wait: 2172ms, Turnaround: 2225ms, Thread: pool-19-thread-2

----- RESULTS FOR THIS RUN -----
Tasks processed: 100
Total elapsed: 2.23 s
Throughput: 44.94 tasks/s

Wait Time (ms):
  Min = 0
  Max = 2172
  Avg = 924.16
  StdDev = 576.34

Turnaround Time (ms):
  Min = 54
  Max = 2225
  Avg = 980.08
  StdDev = 576.31
------------------------------


=============================
Starting run 19 of 50
=============================
Processed Task 100 (HIGH) | Wait: 0ms, Turnaround: 52ms, Thread: pool-20-thread-1
Processed Task 1 (MEDIUM) | Wait: 0ms, Turnaround: 52ms, Thread: pool-20-thread-2
Processed Task 3 (LOW) | Wait: 0ms, Turnaround: 52ms, Thread: pool-20-thread-3
Processed Task 2 (MEDIUM) | Wait: 52ms, Turnaround: 112ms, Thread: pool-20-thread-2
Processed Task 91 (HIGH) | Wait: 52ms, Turnaround: 112ms, Thread: pool-20-thread-1
Processed Task 6 (LOW) | Wait: 52ms, Turnaround: 112ms, Thread: pool-20-thread-3
Processed Task 10 (LOW) | Wait: 112ms, Turnaround: 162ms, Thread: pool-20-thread-3
Processed Task 90 (HIGH) | Wait: 112ms, Turnaround: 162ms, Thread: pool-20-thread-1
Processed Task 5 (MEDIUM) | Wait: 112ms, Turnaround: 162ms, Thread: pool-20-thread-2
Processed Task 86 (HIGH) | Wait: 162ms, Turnaround: 212ms, Thread: pool-20-thread-1
Processed Task 11 (LOW) | Wait: 162ms, Turnaround: 212ms, Thread: pool-20-thread-3
Processed Task 7 (MEDIUM) | Wait: 162ms, Turnaround: 212ms, Thread: pool-20-thread-2
Processed Task 17 (MEDIUM) | Wait: 212ms, Turnaround: 268ms, Thread: pool-20-thread-2
Processed Task 85 (HIGH) | Wait: 212ms, Turnaround: 268ms, Thread: pool-20-thread-1
Processed Task 12 (LOW) | Wait: 212ms, Turnaround: 268ms, Thread: pool-20-thread-3
Processed Task 83 (HIGH) | Wait: 268ms, Turnaround: 323ms, Thread: pool-20-thread-1
Processed Task 18 (MEDIUM) | Wait: 268ms, Turnaround: 323ms, Thread: pool-20-thread-2
Processed Task 13 (LOW) | Wait: 268ms, Turnaround: 323ms, Thread: pool-20-thread-3
Processed Task 15 (LOW) | Wait: 323ms, Turnaround: 373ms, Thread: pool-20-thread-3
Processed Task 82 (HIGH) | Wait: 323ms, Turnaround: 373ms, Thread: pool-20-thread-1
Processed Task 20 (MEDIUM) | Wait: 323ms, Turnaround: 373ms, Thread: pool-20-thread-2
Processed Task 24 (MEDIUM) | Wait: 373ms, Turnaround: 424ms, Thread: pool-20-thread-2
Processed Task 78 (HIGH) | Wait: 373ms, Turnaround: 424ms, Thread: pool-20-thread-1
Processed Task 19 (LOW) | Wait: 373ms, Turnaround: 424ms, Thread: pool-20-thread-3
Processed Task 77 (HIGH) | Wait: 424ms, Turnaround: 478ms, Thread: pool-20-thread-1
Processed Task 25 (MEDIUM) | Wait: 424ms, Turnaround: 478ms, Thread: pool-20-thread-2
Processed Task 21 (LOW) | Wait: 424ms, Turnaround: 478ms, Thread: pool-20-thread-3
Processed Task 75 (HIGH) | Wait: 478ms, Turnaround: 528ms, Thread: pool-20-thread-1
Processed Task 29 (MEDIUM) | Wait: 478ms, Turnaround: 528ms, Thread: pool-20-thread-2
Processed Task 22 (LOW) | Wait: 478ms, Turnaround: 528ms, Thread: pool-20-thread-3
Processed Task 73 (HIGH) | Wait: 528ms, Turnaround: 590ms, Thread: pool-20-thread-1
Processed Task 31 (LOW) | Wait: 528ms, Turnaround: 590ms, Thread: pool-20-thread-3
Processed Task 30 (MEDIUM) | Wait: 528ms, Turnaround: 590ms, Thread: pool-20-thread-2
Processed Task 33 (LOW) | Wait: 590ms, Turnaround: 641ms, Thread: pool-20-thread-3
Processed Task 32 (MEDIUM) | Wait: 590ms, Turnaround: 641ms, Thread: pool-20-thread-2
Processed Task 67 (HIGH) | Wait: 590ms, Turnaround: 641ms, Thread: pool-20-thread-1
Processed Task 34 (MEDIUM) | Wait: 641ms, Turnaround: 699ms, Thread: pool-20-thread-2
Processed Task 44 (LOW) | Wait: 641ms, Turnaround: 699ms, Thread: pool-20-thread-3
Processed Task 65 (HIGH) | Wait: 641ms, Turnaround: 699ms, Thread: pool-20-thread-1
Processed Task 36 (MEDIUM) | Wait: 699ms, Turnaround: 750ms, Thread: pool-20-thread-2
Processed Task 63 (HIGH) | Wait: 699ms, Turnaround: 750ms, Thread: pool-20-thread-1
Processed Task 45 (LOW) | Wait: 699ms, Turnaround: 750ms, Thread: pool-20-thread-3
Processed Task 37 (MEDIUM) | Wait: 750ms, Turnaround: 814ms, Thread: pool-20-thread-2
Processed Task 57 (HIGH) | Wait: 750ms, Turnaround: 814ms, Thread: pool-20-thread-1
Processed Task 51 (LOW) | Wait: 750ms, Turnaround: 814ms, Thread: pool-20-thread-3
Processed Task 53 (LOW) | Wait: 814ms, Turnaround: 864ms, Thread: pool-20-thread-3
Processed Task 52 (HIGH) | Wait: 814ms, Turnaround: 864ms, Thread: pool-20-thread-1
Processed Task 43 (MEDIUM) | Wait: 814ms, Turnaround: 864ms, Thread: pool-20-thread-2
Processed Task 46 (MEDIUM) | Wait: 864ms, Turnaround: 921ms, Thread: pool-20-thread-2
Processed Task 50 (HIGH) | Wait: 864ms, Turnaround: 921ms, Thread: pool-20-thread-1
Processed Task 56 (LOW) | Wait: 864ms, Turnaround: 921ms, Thread: pool-20-thread-3
Processed Task 61 (LOW) | Wait: 921ms, Turnaround: 972ms, Thread: pool-20-thread-3
Processed Task 49 (HIGH) | Wait: 921ms, Turnaround: 972ms, Thread: pool-20-thread-1
Processed Task 48 (MEDIUM) | Wait: 921ms, Turnaround: 972ms, Thread: pool-20-thread-2
Processed Task 64 (LOW) | Wait: 972ms, Turnaround: 1028ms, Thread: pool-20-thread-3
Processed Task 47 (HIGH) | Wait: 972ms, Turnaround: 1028ms, Thread: pool-20-thread-1
Processed Task 54 (MEDIUM) | Wait: 972ms, Turnaround: 1028ms, Thread: pool-20-thread-2
Processed Task 42 (HIGH) | Wait: 1028ms, Turnaround: 1079ms, Thread: pool-20-thread-1
Processed Task 55 (MEDIUM) | Wait: 1028ms, Turnaround: 1079ms, Thread: pool-20-thread-2
Processed Task 68 (LOW) | Wait: 1028ms, Turnaround: 1079ms, Thread: pool-20-thread-3
Processed Task 74 (LOW) | Wait: 1079ms, Turnaround: 1137ms, Thread: pool-20-thread-3
Processed Task 58 (MEDIUM) | Wait: 1079ms, Turnaround: 1137ms, Thread: pool-20-thread-2
Processed Task 41 (HIGH) | Wait: 1079ms, Turnaround: 1137ms, Thread: pool-20-thread-1
Processed Task 59 (MEDIUM) | Wait: 1137ms, Turnaround: 1187ms, Thread: pool-20-thread-2
Processed Task 79 (LOW) | Wait: 1137ms, Turnaround: 1187ms, Thread: pool-20-thread-3
Processed Task 40 (HIGH) | Wait: 1137ms, Turnaround: 1187ms, Thread: pool-20-thread-1
Processed Task 39 (HIGH) | Wait: 1187ms, Turnaround: 1245ms, Thread: pool-20-thread-1
Processed Task 81 (LOW) | Wait: 1187ms, Turnaround: 1245ms, Thread: pool-20-thread-3
Processed Task 60 (MEDIUM) | Wait: 1187ms, Turnaround: 1245ms, Thread: pool-20-thread-2
Processed Task 38 (HIGH) | Wait: 1245ms, Turnaround: 1298ms, Thread: pool-20-thread-1
Processed Task 84 (LOW) | Wait: 1245ms, Turnaround: 1298ms, Thread: pool-20-thread-3
Processed Task 62 (MEDIUM) | Wait: 1245ms, Turnaround: 1298ms, Thread: pool-20-thread-2
Processed Task 93 (LOW) | Wait: 1298ms, Turnaround: 1350ms, Thread: pool-20-thread-3
Processed Task 66 (MEDIUM) | Wait: 1298ms, Turnaround: 1350ms, Thread: pool-20-thread-2
Processed Task 35 (HIGH) | Wait: 1298ms, Turnaround: 1350ms, Thread: pool-20-thread-1
Processed Task 28 (HIGH) | Wait: 1350ms, Turnaround: 1401ms, Thread: pool-20-thread-1
Processed Task 69 (MEDIUM) | Wait: 1350ms, Turnaround: 1401ms, Thread: pool-20-thread-2
Processed Task 94 (LOW) | Wait: 1350ms, Turnaround: 1401ms, Thread: pool-20-thread-3
Processed Task 70 (MEDIUM) | Wait: 1401ms, Turnaround: 1469ms, Thread: pool-20-thread-2
Processed Task 95 (LOW) | Wait: 1401ms, Turnaround: 1469ms, Thread: pool-20-thread-3
Processed Task 27 (HIGH) | Wait: 1401ms, Turnaround: 1469ms, Thread: pool-20-thread-1
Processed Task 71 (MEDIUM) | Wait: 1469ms, Turnaround: 1530ms, Thread: pool-20-thread-2
Processed Task 26 (HIGH) | Wait: 1469ms, Turnaround: 1530ms, Thread: pool-20-thread-1
Processed Task 96 (LOW) | Wait: 1469ms, Turnaround: 1530ms, Thread: pool-20-thread-3
Processed Task 23 (HIGH) | Wait: 1530ms, Turnaround: 1592ms, Thread: pool-20-thread-1
Processed Task 72 (MEDIUM) | Wait: 1530ms, Turnaround: 1592ms, Thread: pool-20-thread-2
Processed Task 16 (HIGH) | Wait: 1592ms, Turnaround: 1643ms, Thread: pool-20-thread-1
Processed Task 76 (MEDIUM) | Wait: 1592ms, Turnaround: 1644ms, Thread: pool-20-thread-2
Processed Task 80 (MEDIUM) | Wait: 1644ms, Turnaround: 1700ms, Thread: pool-20-thread-2
Processed Task 14 (HIGH) | Wait: 1643ms, Turnaround: 1700ms, Thread: pool-20-thread-1
Processed Task 9 (HIGH) | Wait: 1700ms, Turnaround: 1754ms, Thread: pool-20-thread-1
Processed Task 87 (MEDIUM) | Wait: 1700ms, Turnaround: 1754ms, Thread: pool-20-thread-2
Processed Task 8 (HIGH) | Wait: 1754ms, Turnaround: 1817ms, Thread: pool-20-thread-1
Processed Task 88 (MEDIUM) | Wait: 1754ms, Turnaround: 1817ms, Thread: pool-20-thread-2
Processed Task 89 (MEDIUM) | Wait: 1817ms, Turnaround: 1886ms, Thread: pool-20-thread-2
Processed Task 4 (HIGH) | Wait: 1817ms, Turnaround: 1886ms, Thread: pool-20-thread-1
Processed Task 92 (MEDIUM) | Wait: 1886ms, Turnaround: 1937ms, Thread: pool-20-thread-2
Processed Task 97 (MEDIUM) | Wait: 1937ms, Turnaround: 1994ms, Thread: pool-20-thread-2
Processed Task 98 (MEDIUM) | Wait: 1994ms, Turnaround: 2044ms, Thread: pool-20-thread-2
Processed Task 99 (MEDIUM) | Wait: 2044ms, Turnaround: 2101ms, Thread: pool-20-thread-2

----- RESULTS FOR THIS RUN -----
Tasks processed: 100
Total elapsed: 2.10 s
Throughput: 47.60 tasks/s

Wait Time (ms):
  Min = 0
  Max = 2044
  Avg = 890.65
  StdDev = 551.65

Turnaround Time (ms):
  Min = 52
  Max = 2101
  Avg = 945.82
  StdDev = 553.28
------------------------------


=============================
Starting run 20 of 50
=============================
Processed Task 8 (MEDIUM) | Wait: 0ms, Turnaround: 53ms, Thread: pool-21-thread-2
Processed Task 96 (HIGH) | Wait: 0ms, Turnaround: 53ms, Thread: pool-21-thread-1
Processed Task 3 (LOW) | Wait: 0ms, Turnaround: 53ms, Thread: pool-21-thread-3
Processed Task 9 (MEDIUM) | Wait: 53ms, Turnaround: 105ms, Thread: pool-21-thread-2
Processed Task 95 (HIGH) | Wait: 53ms, Turnaround: 105ms, Thread: pool-21-thread-1
Processed Task 11 (LOW) | Wait: 53ms, Turnaround: 105ms, Thread: pool-21-thread-3
Processed Task 92 (HIGH) | Wait: 105ms, Turnaround: 168ms, Thread: pool-21-thread-1
Processed Task 10 (MEDIUM) | Wait: 105ms, Turnaround: 168ms, Thread: pool-21-thread-2
Processed Task 14 (LOW) | Wait: 105ms, Turnaround: 168ms, Thread: pool-21-thread-3
Processed Task 15 (LOW) | Wait: 168ms, Turnaround: 218ms, Thread: pool-21-thread-3
Processed Task 87 (HIGH) | Wait: 168ms, Turnaround: 218ms, Thread: pool-21-thread-1
Processed Task 12 (MEDIUM) | Wait: 168ms, Turnaround: 218ms, Thread: pool-21-thread-2
Processed Task 80 (HIGH) | Wait: 218ms, Turnaround: 274ms, Thread: pool-21-thread-1
Processed Task 13 (MEDIUM) | Wait: 218ms, Turnaround: 274ms, Thread: pool-21-thread-2
Processed Task 20 (LOW) | Wait: 218ms, Turnaround: 274ms, Thread: pool-21-thread-3
Processed Task 74 (HIGH) | Wait: 274ms, Turnaround: 330ms, Thread: pool-21-thread-1
Processed Task 28 (LOW) | Wait: 274ms, Turnaround: 330ms, Thread: pool-21-thread-3
Processed Task 16 (MEDIUM) | Wait: 274ms, Turnaround: 330ms, Thread: pool-21-thread-2
Processed Task 70 (HIGH) | Wait: 330ms, Turnaround: 387ms, Thread: pool-21-thread-1
Processed Task 17 (MEDIUM) | Wait: 330ms, Turnaround: 387ms, Thread: pool-21-thread-2
Processed Task 32 (LOW) | Wait: 330ms, Turnaround: 387ms, Thread: pool-21-thread-3
Processed Task 37 (LOW) | Wait: 387ms, Turnaround: 445ms, Thread: pool-21-thread-3
Processed Task 22 (MEDIUM) | Wait: 387ms, Turnaround: 445ms, Thread: pool-21-thread-2
Processed Task 63 (HIGH) | Wait: 387ms, Turnaround: 445ms, Thread: pool-21-thread-1
Processed Task 42 (LOW) | Wait: 445ms, Turnaround: 496ms, Thread: pool-21-thread-3
Processed Task 23 (MEDIUM) | Wait: 445ms, Turnaround: 496ms, Thread: pool-21-thread-2
Processed Task 59 (HIGH) | Wait: 445ms, Turnaround: 496ms, Thread: pool-21-thread-1
Processed Task 44 (LOW) | Wait: 496ms, Turnaround: 550ms, Thread: pool-21-thread-3
Processed Task 24 (MEDIUM) | Wait: 496ms, Turnaround: 550ms, Thread: pool-21-thread-2
Processed Task 57 (HIGH) | Wait: 496ms, Turnaround: 550ms, Thread: pool-21-thread-1
Processed Task 26 (MEDIUM) | Wait: 550ms, Turnaround: 600ms, Thread: pool-21-thread-2
Processed Task 45 (LOW) | Wait: 550ms, Turnaround: 600ms, Thread: pool-21-thread-3
Processed Task 54 (HIGH) | Wait: 550ms, Turnaround: 600ms, Thread: pool-21-thread-1
Processed Task 53 (HIGH) | Wait: 600ms, Turnaround: 657ms, Thread: pool-21-thread-1
Processed Task 27 (MEDIUM) | Wait: 600ms, Turnaround: 657ms, Thread: pool-21-thread-2
Processed Task 47 (LOW) | Wait: 600ms, Turnaround: 657ms, Thread: pool-21-thread-3
Processed Task 50 (HIGH) | Wait: 657ms, Turnaround: 719ms, Thread: pool-21-thread-1
Processed Task 29 (MEDIUM) | Wait: 657ms, Turnaround: 719ms, Thread: pool-21-thread-2
Processed Task 56 (LOW) | Wait: 657ms, Turnaround: 719ms, Thread: pool-21-thread-3
Processed Task 61 (LOW) | Wait: 719ms, Turnaround: 775ms, Thread: pool-21-thread-3
Processed Task 34 (MEDIUM) | Wait: 719ms, Turnaround: 775ms, Thread: pool-21-thread-2
Processed Task 48 (HIGH) | Wait: 719ms, Turnaround: 775ms, Thread: pool-21-thread-1
Processed Task 36 (MEDIUM) | Wait: 775ms, Turnaround: 830ms, Thread: pool-21-thread-2
Processed Task 46 (HIGH) | Wait: 775ms, Turnaround: 830ms, Thread: pool-21-thread-1
Processed Task 64 (LOW) | Wait: 775ms, Turnaround: 830ms, Thread: pool-21-thread-3
Processed Task 39 (MEDIUM) | Wait: 830ms, Turnaround: 883ms, Thread: pool-21-thread-2
Processed Task 65 (LOW) | Wait: 830ms, Turnaround: 883ms, Thread: pool-21-thread-3
Processed Task 43 (HIGH) | Wait: 830ms, Turnaround: 883ms, Thread: pool-21-thread-1
Processed Task 40 (MEDIUM) | Wait: 883ms, Turnaround: 939ms, Thread: pool-21-thread-2
Processed Task 41 (HIGH) | Wait: 883ms, Turnaround: 939ms, Thread: pool-21-thread-1
Processed Task 66 (LOW) | Wait: 883ms, Turnaround: 939ms, Thread: pool-21-thread-3
Processed Task 38 (HIGH) | Wait: 939ms, Turnaround: 992ms, Thread: pool-21-thread-1
Processed Task 49 (MEDIUM) | Wait: 939ms, Turnaround: 992ms, Thread: pool-21-thread-2
Processed Task 68 (LOW) | Wait: 939ms, Turnaround: 992ms, Thread: pool-21-thread-3
Processed Task 35 (HIGH) | Wait: 992ms, Turnaround: 1046ms, Thread: pool-21-thread-1
Processed Task 51 (MEDIUM) | Wait: 992ms, Turnaround: 1046ms, Thread: pool-21-thread-2
Processed Task 71 (LOW) | Wait: 992ms, Turnaround: 1046ms, Thread: pool-21-thread-3
Processed Task 52 (MEDIUM) | Wait: 1046ms, Turnaround: 1099ms, Thread: pool-21-thread-2
Processed Task 76 (LOW) | Wait: 1046ms, Turnaround: 1099ms, Thread: pool-21-thread-3
Processed Task 33 (HIGH) | Wait: 1046ms, Turnaround: 1099ms, Thread: pool-21-thread-1
Processed Task 31 (HIGH) | Wait: 1099ms, Turnaround: 1154ms, Thread: pool-21-thread-1
Processed Task 78 (LOW) | Wait: 1099ms, Turnaround: 1154ms, Thread: pool-21-thread-3
Processed Task 55 (MEDIUM) | Wait: 1099ms, Turnaround: 1154ms, Thread: pool-21-thread-2
Processed Task 81 (LOW) | Wait: 1154ms, Turnaround: 1208ms, Thread: pool-21-thread-3
Processed Task 58 (MEDIUM) | Wait: 1154ms, Turnaround: 1208ms, Thread: pool-21-thread-2
Processed Task 30 (HIGH) | Wait: 1154ms, Turnaround: 1208ms, Thread: pool-21-thread-1
Processed Task 25 (HIGH) | Wait: 1208ms, Turnaround: 1265ms, Thread: pool-21-thread-1
Processed Task 83 (LOW) | Wait: 1208ms, Turnaround: 1265ms, Thread: pool-21-thread-3
Processed Task 60 (MEDIUM) | Wait: 1208ms, Turnaround: 1265ms, Thread: pool-21-thread-2
Processed Task 91 (LOW) | Wait: 1265ms, Turnaround: 1316ms, Thread: pool-21-thread-3
Processed Task 21 (HIGH) | Wait: 1265ms, Turnaround: 1316ms, Thread: pool-21-thread-1
Processed Task 62 (MEDIUM) | Wait: 1265ms, Turnaround: 1316ms, Thread: pool-21-thread-2
Processed Task 19 (HIGH) | Wait: 1316ms, Turnaround: 1367ms, Thread: pool-21-thread-1
Processed Task 67 (MEDIUM) | Wait: 1316ms, Turnaround: 1367ms, Thread: pool-21-thread-2
Processed Task 94 (LOW) | Wait: 1316ms, Turnaround: 1367ms, Thread: pool-21-thread-3
Processed Task 100 (LOW) | Wait: 1367ms, Turnaround: 1424ms, Thread: pool-21-thread-3
Processed Task 69 (MEDIUM) | Wait: 1367ms, Turnaround: 1424ms, Thread: pool-21-thread-2
Processed Task 18 (HIGH) | Wait: 1367ms, Turnaround: 1424ms, Thread: pool-21-thread-1
Processed Task 72 (MEDIUM) | Wait: 1424ms, Turnaround: 1474ms, Thread: pool-21-thread-2
Processed Task 7 (HIGH) | Wait: 1424ms, Turnaround: 1474ms, Thread: pool-21-thread-1
Processed Task 73 (MEDIUM) | Wait: 1474ms, Turnaround: 1532ms, Thread: pool-21-thread-2
Processed Task 6 (HIGH) | Wait: 1474ms, Turnaround: 1532ms, Thread: pool-21-thread-1
Processed Task 75 (MEDIUM) | Wait: 1532ms, Turnaround: 1591ms, Thread: pool-21-thread-2
Processed Task 5 (HIGH) | Wait: 1532ms, Turnaround: 1591ms, Thread: pool-21-thread-1
Processed Task 77 (MEDIUM) | Wait: 1591ms, Turnaround: 1642ms, Thread: pool-21-thread-2
Processed Task 4 (HIGH) | Wait: 1591ms, Turnaround: 1642ms, Thread: pool-21-thread-1
Processed Task 79 (MEDIUM) | Wait: 1642ms, Turnaround: 1698ms, Thread: pool-21-thread-2
Processed Task 2 (HIGH) | Wait: 1642ms, Turnaround: 1698ms, Thread: pool-21-thread-1
Processed Task 82 (MEDIUM) | Wait: 1698ms, Turnaround: 1753ms, Thread: pool-21-thread-2
Processed Task 1 (HIGH) | Wait: 1698ms, Turnaround: 1753ms, Thread: pool-21-thread-1
Processed Task 84 (MEDIUM) | Wait: 1753ms, Turnaround: 1808ms, Thread: pool-21-thread-2
Processed Task 85 (MEDIUM) | Wait: 1808ms, Turnaround: 1868ms, Thread: pool-21-thread-2
Processed Task 86 (MEDIUM) | Wait: 1868ms, Turnaround: 1922ms, Thread: pool-21-thread-2
Processed Task 88 (MEDIUM) | Wait: 1922ms, Turnaround: 1975ms, Thread: pool-21-thread-2
Processed Task 89 (MEDIUM) | Wait: 1975ms, Turnaround: 2027ms, Thread: pool-21-thread-2
Processed Task 90 (MEDIUM) | Wait: 2027ms, Turnaround: 2079ms, Thread: pool-21-thread-2
Processed Task 93 (MEDIUM) | Wait: 2079ms, Turnaround: 2131ms, Thread: pool-21-thread-2
Processed Task 97 (MEDIUM) | Wait: 2131ms, Turnaround: 2184ms, Thread: pool-21-thread-2
Processed Task 98 (MEDIUM) | Wait: 2184ms, Turnaround: 2235ms, Thread: pool-21-thread-2
Processed Task 99 (MEDIUM) | Wait: 2235ms, Turnaround: 2286ms, Thread: pool-21-thread-2

----- RESULTS FOR THIS RUN -----
Tasks processed: 100
Total elapsed: 2.29 s
Throughput: 43.74 tasks/s

Wait Time (ms):
  Min = 0
  Max = 2235
  Avg = 923.32
  StdDev = 586.08

Turnaround Time (ms):
  Min = 53
  Max = 2286
  Avg = 977.95
  StdDev = 585.57
------------------------------


=============================
Starting run 21 of 50
=============================
Processed Task 100 (HIGH) | Wait: 0ms, Turnaround: 52ms, Thread: pool-22-thread-1
Processed Task 1 (LOW) | Wait: 0ms, Turnaround: 53ms, Thread: pool-22-thread-3
Processed Task 3 (MEDIUM) | Wait: 0ms, Turnaround: 53ms, Thread: pool-22-thread-2
Processed Task 99 (HIGH) | Wait: 52ms, Turnaround: 103ms, Thread: pool-22-thread-1
Processed Task 5 (MEDIUM) | Wait: 53ms, Turnaround: 107ms, Thread: pool-22-thread-2
Processed Task 6 (LOW) | Wait: 53ms, Turnaround: 107ms, Thread: pool-22-thread-3
Processed Task 94 (HIGH) | Wait: 103ms, Turnaround: 154ms, Thread: pool-22-thread-1
Processed Task 9 (MEDIUM) | Wait: 107ms, Turnaround: 157ms, Thread: pool-22-thread-2
Processed Task 7 (LOW) | Wait: 107ms, Turnaround: 157ms, Thread: pool-22-thread-3
Processed Task 91 (HIGH) | Wait: 154ms, Turnaround: 208ms, Thread: pool-22-thread-1
Processed Task 12 (MEDIUM) | Wait: 157ms, Turnaround: 208ms, Thread: pool-22-thread-2
Processed Task 8 (LOW) | Wait: 157ms, Turnaround: 208ms, Thread: pool-22-thread-3
Processed Task 88 (HIGH) | Wait: 208ms, Turnaround: 261ms, Thread: pool-22-thread-1
Processed Task 10 (LOW) | Wait: 208ms, Turnaround: 261ms, Thread: pool-22-thread-3
Processed Task 17 (MEDIUM) | Wait: 208ms, Turnaround: 261ms, Thread: pool-22-thread-2
Processed Task 18 (MEDIUM) | Wait: 261ms, Turnaround: 313ms, Thread: pool-22-thread-2
Processed Task 11 (LOW) | Wait: 261ms, Turnaround: 313ms, Thread: pool-22-thread-3
Processed Task 86 (HIGH) | Wait: 261ms, Turnaround: 313ms, Thread: pool-22-thread-1
Processed Task 21 (MEDIUM) | Wait: 313ms, Turnaround: 372ms, Thread: pool-22-thread-2
Processed Task 13 (LOW) | Wait: 313ms, Turnaround: 372ms, Thread: pool-22-thread-3
Processed Task 85 (HIGH) | Wait: 313ms, Turnaround: 372ms, Thread: pool-22-thread-1
Processed Task 16 (LOW) | Wait: 372ms, Turnaround: 437ms, Thread: pool-22-thread-3
Processed Task 25 (MEDIUM) | Wait: 372ms, Turnaround: 437ms, Thread: pool-22-thread-2
Processed Task 78 (HIGH) | Wait: 372ms, Turnaround: 437ms, Thread: pool-22-thread-1
Processed Task 20 (LOW) | Wait: 437ms, Turnaround: 497ms, Thread: pool-22-thread-3
Processed Task 74 (HIGH) | Wait: 437ms, Turnaround: 497ms, Thread: pool-22-thread-1
Processed Task 27 (MEDIUM) | Wait: 437ms, Turnaround: 497ms, Thread: pool-22-thread-2
Processed Task 33 (MEDIUM) | Wait: 497ms, Turnaround: 554ms, Thread: pool-22-thread-2
Processed Task 22 (LOW) | Wait: 497ms, Turnaround: 554ms, Thread: pool-22-thread-3
Processed Task 73 (HIGH) | Wait: 497ms, Turnaround: 554ms, Thread: pool-22-thread-1
Processed Task 23 (LOW) | Wait: 554ms, Turnaround: 613ms, Thread: pool-22-thread-3
Processed Task 71 (HIGH) | Wait: 554ms, Turnaround: 613ms, Thread: pool-22-thread-1
Processed Task 34 (MEDIUM) | Wait: 554ms, Turnaround: 613ms, Thread: pool-22-thread-2
Processed Task 69 (HIGH) | Wait: 613ms, Turnaround: 664ms, Thread: pool-22-thread-1
Processed Task 35 (MEDIUM) | Wait: 613ms, Turnaround: 664ms, Thread: pool-22-thread-2
Processed Task 31 (LOW) | Wait: 613ms, Turnaround: 664ms, Thread: pool-22-thread-3
Processed Task 32 (LOW) | Wait: 664ms, Turnaround: 720ms, Thread: pool-22-thread-3
Processed Task 68 (HIGH) | Wait: 664ms, Turnaround: 720ms, Thread: pool-22-thread-1
Processed Task 37 (MEDIUM) | Wait: 664ms, Turnaround: 720ms, Thread: pool-22-thread-2
Processed Task 38 (LOW) | Wait: 720ms, Turnaround: 771ms, Thread: pool-22-thread-3
Processed Task 66 (HIGH) | Wait: 720ms, Turnaround: 771ms, Thread: pool-22-thread-1
Processed Task 46 (MEDIUM) | Wait: 720ms, Turnaround: 771ms, Thread: pool-22-thread-2
Processed Task 64 (HIGH) | Wait: 771ms, Turnaround: 829ms, Thread: pool-22-thread-1
Processed Task 47 (MEDIUM) | Wait: 771ms, Turnaround: 829ms, Thread: pool-22-thread-2
Processed Task 40 (LOW) | Wait: 771ms, Turnaround: 829ms, Thread: pool-22-thread-3
Processed Task 63 (HIGH) | Wait: 829ms, Turnaround: 883ms, Thread: pool-22-thread-1
Processed Task 41 (LOW) | Wait: 829ms, Turnaround: 883ms, Thread: pool-22-thread-3
Processed Task 48 (MEDIUM) | Wait: 829ms, Turnaround: 883ms, Thread: pool-22-thread-2
Processed Task 62 (HIGH) | Wait: 883ms, Turnaround: 933ms, Thread: pool-22-thread-1
Processed Task 49 (MEDIUM) | Wait: 883ms, Turnaround: 933ms, Thread: pool-22-thread-2
Processed Task 45 (LOW) | Wait: 883ms, Turnaround: 933ms, Thread: pool-22-thread-3
Processed Task 51 (LOW) | Wait: 933ms, Turnaround: 984ms, Thread: pool-22-thread-3
Processed Task 52 (MEDIUM) | Wait: 933ms, Turnaround: 984ms, Thread: pool-22-thread-2
Processed Task 60 (HIGH) | Wait: 933ms, Turnaround: 984ms, Thread: pool-22-thread-1
Processed Task 54 (LOW) | Wait: 984ms, Turnaround: 1042ms, Thread: pool-22-thread-3
Processed Task 59 (HIGH) | Wait: 984ms, Turnaround: 1042ms, Thread: pool-22-thread-1
Processed Task 56 (MEDIUM) | Wait: 984ms, Turnaround: 1042ms, Thread: pool-22-thread-2
Processed Task 55 (LOW) | Wait: 1042ms, Turnaround: 1093ms, Thread: pool-22-thread-3
Processed Task 58 (MEDIUM) | Wait: 1042ms, Turnaround: 1093ms, Thread: pool-22-thread-2
Processed Task 53 (HIGH) | Wait: 1042ms, Turnaround: 1093ms, Thread: pool-22-thread-1
Processed Task 57 (LOW) | Wait: 1093ms, Turnaround: 1150ms, Thread: pool-22-thread-3
Processed Task 61 (MEDIUM) | Wait: 1093ms, Turnaround: 1150ms, Thread: pool-22-thread-2
Processed Task 50 (HIGH) | Wait: 1093ms, Turnaround: 1150ms, Thread: pool-22-thread-1
Processed Task 70 (MEDIUM) | Wait: 1150ms, Turnaround: 1201ms, Thread: pool-22-thread-2
Processed Task 65 (LOW) | Wait: 1150ms, Turnaround: 1201ms, Thread: pool-22-thread-3
Processed Task 44 (HIGH) | Wait: 1150ms, Turnaround: 1201ms, Thread: pool-22-thread-1
Processed Task 79 (MEDIUM) | Wait: 1201ms, Turnaround: 1258ms, Thread: pool-22-thread-2
Processed Task 43 (HIGH) | Wait: 1201ms, Turnaround: 1258ms, Thread: pool-22-thread-1
Processed Task 67 (LOW) | Wait: 1201ms, Turnaround: 1258ms, Thread: pool-22-thread-3
Processed Task 42 (HIGH) | Wait: 1258ms, Turnaround: 1309ms, Thread: pool-22-thread-1
Processed Task 81 (MEDIUM) | Wait: 1258ms, Turnaround: 1309ms, Thread: pool-22-thread-2
Processed Task 72 (LOW) | Wait: 1258ms, Turnaround: 1309ms, Thread: pool-22-thread-3
Processed Task 39 (HIGH) | Wait: 1309ms, Turnaround: 1366ms, Thread: pool-22-thread-1
Processed Task 82 (MEDIUM) | Wait: 1309ms, Turnaround: 1366ms, Thread: pool-22-thread-2
Processed Task 75 (LOW) | Wait: 1309ms, Turnaround: 1366ms, Thread: pool-22-thread-3
Processed Task 36 (HIGH) | Wait: 1366ms, Turnaround: 1420ms, Thread: pool-22-thread-1
Processed Task 76 (LOW) | Wait: 1366ms, Turnaround: 1420ms, Thread: pool-22-thread-3
Processed Task 89 (MEDIUM) | Wait: 1366ms, Turnaround: 1420ms, Thread: pool-22-thread-2
Processed Task 92 (MEDIUM) | Wait: 1420ms, Turnaround: 1480ms, Thread: pool-22-thread-2
Processed Task 30 (HIGH) | Wait: 1420ms, Turnaround: 1480ms, Thread: pool-22-thread-1
Processed Task 77 (LOW) | Wait: 1420ms, Turnaround: 1480ms, Thread: pool-22-thread-3
Processed Task 93 (MEDIUM) | Wait: 1480ms, Turnaround: 1535ms, Thread: pool-22-thread-2
Processed Task 29 (HIGH) | Wait: 1480ms, Turnaround: 1535ms, Thread: pool-22-thread-1
Processed Task 80 (LOW) | Wait: 1480ms, Turnaround: 1535ms, Thread: pool-22-thread-3
Processed Task 83 (LOW) | Wait: 1535ms, Turnaround: 1588ms, Thread: pool-22-thread-3
Processed Task 95 (MEDIUM) | Wait: 1535ms, Turnaround: 1588ms, Thread: pool-22-thread-2
Processed Task 28 (HIGH) | Wait: 1535ms, Turnaround: 1588ms, Thread: pool-22-thread-1
Processed Task 84 (LOW) | Wait: 1588ms, Turnaround: 1644ms, Thread: pool-22-thread-3
Processed Task 26 (HIGH) | Wait: 1588ms, Turnaround: 1644ms, Thread: pool-22-thread-1
Processed Task 87 (LOW) | Wait: 1644ms, Turnaround: 1697ms, Thread: pool-22-thread-3
Processed Task 24 (HIGH) | Wait: 1644ms, Turnaround: 1697ms, Thread: pool-22-thread-1
Processed Task 90 (LOW) | Wait: 1697ms, Turnaround: 1751ms, Thread: pool-22-thread-3
Processed Task 19 (HIGH) | Wait: 1697ms, Turnaround: 1751ms, Thread: pool-22-thread-1
Processed Task 96 (LOW) | Wait: 1751ms, Turnaround: 1812ms, Thread: pool-22-thread-3
Processed Task 15 (HIGH) | Wait: 1751ms, Turnaround: 1812ms, Thread: pool-22-thread-1
Processed Task 97 (LOW) | Wait: 1812ms, Turnaround: 1868ms, Thread: pool-22-thread-3
Processed Task 14 (HIGH) | Wait: 1812ms, Turnaround: 1868ms, Thread: pool-22-thread-1
Processed Task 4 (HIGH) | Wait: 1868ms, Turnaround: 1922ms, Thread: pool-22-thread-1
Processed Task 98 (LOW) | Wait: 1868ms, Turnaround: 1922ms, Thread: pool-22-thread-3
Processed Task 2 (HIGH) | Wait: 1922ms, Turnaround: 1979ms, Thread: pool-22-thread-1

----- RESULTS FOR THIS RUN -----
Tasks processed: 100
Total elapsed: 1.98 s
Throughput: 50.53 tasks/s

Wait Time (ms):
  Min = 0
  Max = 1922
  Avg = 892.64
  StdDev = 541.38

Turnaround Time (ms):
  Min = 52
  Max = 1979
  Avg = 947.53
  StdDev = 541.67
------------------------------


=============================
Starting run 22 of 50
=============================
Processed Task 5 (LOW) | Wait: 0ms, Turnaround: 58ms, Thread: pool-23-thread-3
Processed Task 1 (MEDIUM) | Wait: 0ms, Turnaround: 58ms, Thread: pool-23-thread-2
Processed Task 100 (HIGH) | Wait: 0ms, Turnaround: 58ms, Thread: pool-23-thread-1
Processed Task 2 (MEDIUM) | Wait: 58ms, Turnaround: 117ms, Thread: pool-23-thread-2
Processed Task 96 (HIGH) | Wait: 58ms, Turnaround: 117ms, Thread: pool-23-thread-1
Processed Task 7 (LOW) | Wait: 58ms, Turnaround: 117ms, Thread: pool-23-thread-3
Processed Task 95 (HIGH) | Wait: 117ms, Turnaround: 170ms, Thread: pool-23-thread-1
Processed Task 3 (MEDIUM) | Wait: 117ms, Turnaround: 170ms, Thread: pool-23-thread-2
Processed Task 11 (LOW) | Wait: 117ms, Turnaround: 170ms, Thread: pool-23-thread-3
Processed Task 88 (HIGH) | Wait: 170ms, Turnaround: 221ms, Thread: pool-23-thread-1
Processed Task 16 (LOW) | Wait: 170ms, Turnaround: 221ms, Thread: pool-23-thread-3
Processed Task 4 (MEDIUM) | Wait: 170ms, Turnaround: 221ms, Thread: pool-23-thread-2
Processed Task 14 (MEDIUM) | Wait: 221ms, Turnaround: 280ms, Thread: pool-23-thread-2
Processed Task 22 (LOW) | Wait: 221ms, Turnaround: 280ms, Thread: pool-23-thread-3
Processed Task 86 (HIGH) | Wait: 221ms, Turnaround: 280ms, Thread: pool-23-thread-1
Processed Task 17 (MEDIUM) | Wait: 280ms, Turnaround: 335ms, Thread: pool-23-thread-2
Processed Task 74 (HIGH) | Wait: 280ms, Turnaround: 335ms, Thread: pool-23-thread-1
Processed Task 23 (LOW) | Wait: 280ms, Turnaround: 335ms, Thread: pool-23-thread-3
Processed Task 69 (HIGH) | Wait: 335ms, Turnaround: 388ms, Thread: pool-23-thread-1
Processed Task 24 (LOW) | Wait: 335ms, Turnaround: 388ms, Thread: pool-23-thread-3
Processed Task 18 (MEDIUM) | Wait: 335ms, Turnaround: 388ms, Thread: pool-23-thread-2
Processed Task 63 (HIGH) | Wait: 388ms, Turnaround: 443ms, Thread: pool-23-thread-1
Processed Task 29 (LOW) | Wait: 388ms, Turnaround: 443ms, Thread: pool-23-thread-3
Processed Task 26 (MEDIUM) | Wait: 388ms, Turnaround: 443ms, Thread: pool-23-thread-2
Processed Task 62 (HIGH) | Wait: 443ms, Turnaround: 499ms, Thread: pool-23-thread-1
Processed Task 35 (LOW) | Wait: 443ms, Turnaround: 499ms, Thread: pool-23-thread-3
Processed Task 27 (MEDIUM) | Wait: 443ms, Turnaround: 499ms, Thread: pool-23-thread-2
Processed Task 38 (LOW) | Wait: 499ms, Turnaround: 551ms, Thread: pool-23-thread-3
Processed Task 59 (HIGH) | Wait: 499ms, Turnaround: 551ms, Thread: pool-23-thread-1
Processed Task 28 (MEDIUM) | Wait: 499ms, Turnaround: 551ms, Thread: pool-23-thread-2
Processed Task 33 (MEDIUM) | Wait: 551ms, Turnaround: 611ms, Thread: pool-23-thread-2
Processed Task 57 (HIGH) | Wait: 551ms, Turnaround: 611ms, Thread: pool-23-thread-1
Processed Task 40 (LOW) | Wait: 551ms, Turnaround: 611ms, Thread: pool-23-thread-3
Processed Task 36 (MEDIUM) | Wait: 611ms, Turnaround: 667ms, Thread: pool-23-thread-2
Processed Task 41 (LOW) | Wait: 611ms, Turnaround: 667ms, Thread: pool-23-thread-3
Processed Task 55 (HIGH) | Wait: 611ms, Turnaround: 667ms, Thread: pool-23-thread-1
Processed Task 54 (HIGH) | Wait: 667ms, Turnaround: 719ms, Thread: pool-23-thread-1
Processed Task 39 (MEDIUM) | Wait: 667ms, Turnaround: 719ms, Thread: pool-23-thread-2
Processed Task 44 (LOW) | Wait: 667ms, Turnaround: 719ms, Thread: pool-23-thread-3
Processed Task 52 (HIGH) | Wait: 719ms, Turnaround: 775ms, Thread: pool-23-thread-1
Processed Task 48 (MEDIUM) | Wait: 719ms, Turnaround: 775ms, Thread: pool-23-thread-2
Processed Task 45 (LOW) | Wait: 719ms, Turnaround: 775ms, Thread: pool-23-thread-3
Processed Task 43 (HIGH) | Wait: 775ms, Turnaround: 828ms, Thread: pool-23-thread-1
Processed Task 46 (LOW) | Wait: 775ms, Turnaround: 828ms, Thread: pool-23-thread-3
Processed Task 49 (MEDIUM) | Wait: 775ms, Turnaround: 828ms, Thread: pool-23-thread-2
Processed Task 47 (LOW) | Wait: 828ms, Turnaround: 883ms, Thread: pool-23-thread-3
Processed Task 42 (HIGH) | Wait: 828ms, Turnaround: 883ms, Thread: pool-23-thread-1
Processed Task 58 (MEDIUM) | Wait: 828ms, Turnaround: 883ms, Thread: pool-23-thread-2
Processed Task 50 (LOW) | Wait: 883ms, Turnaround: 938ms, Thread: pool-23-thread-3
Processed Task 37 (HIGH) | Wait: 883ms, Turnaround: 938ms, Thread: pool-23-thread-1
Processed Task 60 (MEDIUM) | Wait: 883ms, Turnaround: 938ms, Thread: pool-23-thread-2
Processed Task 51 (LOW) | Wait: 938ms, Turnaround: 994ms, Thread: pool-23-thread-3
Processed Task 65 (MEDIUM) | Wait: 938ms, Turnaround: 994ms, Thread: pool-23-thread-2
Processed Task 34 (HIGH) | Wait: 938ms, Turnaround: 994ms, Thread: pool-23-thread-1
Processed Task 53 (LOW) | Wait: 994ms, Turnaround: 1044ms, Thread: pool-23-thread-3
Processed Task 67 (MEDIUM) | Wait: 994ms, Turnaround: 1044ms, Thread: pool-23-thread-2
Processed Task 32 (HIGH) | Wait: 994ms, Turnaround: 1044ms, Thread: pool-23-thread-1
Processed Task 68 (MEDIUM) | Wait: 1044ms, Turnaround: 1095ms, Thread: pool-23-thread-2
Processed Task 56 (LOW) | Wait: 1044ms, Turnaround: 1095ms, Thread: pool-23-thread-3
Processed Task 31 (HIGH) | Wait: 1044ms, Turnaround: 1095ms, Thread: pool-23-thread-1
Processed Task 30 (HIGH) | Wait: 1095ms, Turnaround: 1153ms, Thread: pool-23-thread-1
Processed Task 71 (MEDIUM) | Wait: 1095ms, Turnaround: 1153ms, Thread: pool-23-thread-2
Processed Task 61 (LOW) | Wait: 1095ms, Turnaround: 1153ms, Thread: pool-23-thread-3
Processed Task 25 (HIGH) | Wait: 1153ms, Turnaround: 1204ms, Thread: pool-23-thread-1
Processed Task 64 (LOW) | Wait: 1153ms, Turnaround: 1204ms, Thread: pool-23-thread-3
Processed Task 72 (MEDIUM) | Wait: 1153ms, Turnaround: 1204ms, Thread: pool-23-thread-2
Processed Task 73 (MEDIUM) | Wait: 1204ms, Turnaround: 1261ms, Thread: pool-23-thread-2
Processed Task 66 (LOW) | Wait: 1204ms, Turnaround: 1261ms, Thread: pool-23-thread-3
Processed Task 21 (HIGH) | Wait: 1204ms, Turnaround: 1261ms, Thread: pool-23-thread-1
Processed Task 70 (LOW) | Wait: 1261ms, Turnaround: 1311ms, Thread: pool-23-thread-3
Processed Task 75 (MEDIUM) | Wait: 1261ms, Turnaround: 1311ms, Thread: pool-23-thread-2
Processed Task 20 (HIGH) | Wait: 1261ms, Turnaround: 1311ms, Thread: pool-23-thread-1
Processed Task 76 (LOW) | Wait: 1311ms, Turnaround: 1368ms, Thread: pool-23-thread-3
Processed Task 77 (MEDIUM) | Wait: 1311ms, Turnaround: 1368ms, Thread: pool-23-thread-2
Processed Task 19 (HIGH) | Wait: 1311ms, Turnaround: 1368ms, Thread: pool-23-thread-1
Processed Task 15 (HIGH) | Wait: 1368ms, Turnaround: 1419ms, Thread: pool-23-thread-1
Processed Task 78 (LOW) | Wait: 1368ms, Turnaround: 1419ms, Thread: pool-23-thread-3
Processed Task 79 (MEDIUM) | Wait: 1368ms, Turnaround: 1419ms, Thread: pool-23-thread-2
Processed Task 80 (LOW) | Wait: 1419ms, Turnaround: 1475ms, Thread: pool-23-thread-3
Processed Task 13 (HIGH) | Wait: 1419ms, Turnaround: 1475ms, Thread: pool-23-thread-1
Processed Task 81 (MEDIUM) | Wait: 1419ms, Turnaround: 1475ms, Thread: pool-23-thread-2
Processed Task 82 (LOW) | Wait: 1475ms, Turnaround: 1526ms, Thread: pool-23-thread-3
Processed Task 83 (MEDIUM) | Wait: 1475ms, Turnaround: 1526ms, Thread: pool-23-thread-2
Processed Task 12 (HIGH) | Wait: 1475ms, Turnaround: 1526ms, Thread: pool-23-thread-1
Processed Task 84 (LOW) | Wait: 1526ms, Turnaround: 1583ms, Thread: pool-23-thread-3
Processed Task 85 (MEDIUM) | Wait: 1526ms, Turnaround: 1583ms, Thread: pool-23-thread-2
Processed Task 10 (HIGH) | Wait: 1526ms, Turnaround: 1583ms, Thread: pool-23-thread-1
Processed Task 9 (HIGH) | Wait: 1583ms, Turnaround: 1634ms, Thread: pool-23-thread-1
Processed Task 91 (MEDIUM) | Wait: 1583ms, Turnaround: 1634ms, Thread: pool-23-thread-2
Processed Task 87 (LOW) | Wait: 1583ms, Turnaround: 1634ms, Thread: pool-23-thread-3
Processed Task 8 (HIGH) | Wait: 1634ms, Turnaround: 1692ms, Thread: pool-23-thread-1
Processed Task 89 (LOW) | Wait: 1634ms, Turnaround: 1692ms, Thread: pool-23-thread-3
Processed Task 94 (MEDIUM) | Wait: 1634ms, Turnaround: 1692ms, Thread: pool-23-thread-2
Processed Task 6 (HIGH) | Wait: 1692ms, Turnaround: 1742ms, Thread: pool-23-thread-1
Processed Task 99 (MEDIUM) | Wait: 1692ms, Turnaround: 1742ms, Thread: pool-23-thread-2
Processed Task 90 (LOW) | Wait: 1692ms, Turnaround: 1742ms, Thread: pool-23-thread-3
Processed Task 92 (LOW) | Wait: 1742ms, Turnaround: 1799ms, Thread: pool-23-thread-3
Processed Task 93 (LOW) | Wait: 1799ms, Turnaround: 1851ms, Thread: pool-23-thread-3
Processed Task 97 (LOW) | Wait: 1851ms, Turnaround: 1908ms, Thread: pool-23-thread-3
Processed Task 98 (LOW) | Wait: 1908ms, Turnaround: 1966ms, Thread: pool-23-thread-3

----- RESULTS FOR THIS RUN -----
Tasks processed: 100
Total elapsed: 1.97 s
Throughput: 50.86 tasks/s

Wait Time (ms):
  Min = 0
  Max = 1908
  Avg = 890.26
  StdDev = 527.80

Turnaround Time (ms):
  Min = 58
  Max = 1966
  Avg = 944.76
  StdDev = 527.17
------------------------------


=============================
Starting run 23 of 50
=============================
Processed Task 3 (MEDIUM) | Wait: 0ms, Turnaround: 58ms, Thread: pool-24-thread-2
Processed Task 1 (LOW) | Wait: 0ms, Turnaround: 58ms, Thread: pool-24-thread-3
Processed Task 100 (HIGH) | Wait: 0ms, Turnaround: 58ms, Thread: pool-24-thread-1
Processed Task 4 (LOW) | Wait: 58ms, Turnaround: 119ms, Thread: pool-24-thread-3
Processed Task 99 (HIGH) | Wait: 58ms, Turnaround: 119ms, Thread: pool-24-thread-1
Processed Task 8 (MEDIUM) | Wait: 58ms, Turnaround: 119ms, Thread: pool-24-thread-2
Processed Task 96 (HIGH) | Wait: 119ms, Turnaround: 186ms, Thread: pool-24-thread-1
Processed Task 6 (LOW) | Wait: 119ms, Turnaround: 186ms, Thread: pool-24-thread-3
Processed Task 10 (MEDIUM) | Wait: 119ms, Turnaround: 186ms, Thread: pool-24-thread-2
Processed Task 11 (MEDIUM) | Wait: 186ms, Turnaround: 241ms, Thread: pool-24-thread-2
Processed Task 94 (HIGH) | Wait: 186ms, Turnaround: 241ms, Thread: pool-24-thread-1
Processed Task 7 (LOW) | Wait: 186ms, Turnaround: 241ms, Thread: pool-24-thread-3
Processed Task 92 (HIGH) | Wait: 241ms, Turnaround: 294ms, Thread: pool-24-thread-1
Processed Task 12 (MEDIUM) | Wait: 241ms, Turnaround: 294ms, Thread: pool-24-thread-2
Processed Task 9 (LOW) | Wait: 241ms, Turnaround: 294ms, Thread: pool-24-thread-3
Processed Task 14 (LOW) | Wait: 294ms, Turnaround: 354ms, Thread: pool-24-thread-3
Processed Task 91 (HIGH) | Wait: 294ms, Turnaround: 354ms, Thread: pool-24-thread-1
Processed Task 23 (MEDIUM) | Wait: 294ms, Turnaround: 354ms, Thread: pool-24-thread-2
Processed Task 90 (HIGH) | Wait: 354ms, Turnaround: 409ms, Thread: pool-24-thread-1
Processed Task 15 (LOW) | Wait: 354ms, Turnaround: 409ms, Thread: pool-24-thread-3
Processed Task 28 (MEDIUM) | Wait: 354ms, Turnaround: 409ms, Thread: pool-24-thread-2
Processed Task 89 (HIGH) | Wait: 409ms, Turnaround: 461ms, Thread: pool-24-thread-1
Processed Task 32 (MEDIUM) | Wait: 409ms, Turnaround: 461ms, Thread: pool-24-thread-2
Processed Task 16 (LOW) | Wait: 409ms, Turnaround: 461ms, Thread: pool-24-thread-3
Processed Task 34 (MEDIUM) | Wait: 461ms, Turnaround: 520ms, Thread: pool-24-thread-2
Processed Task 17 (LOW) | Wait: 461ms, Turnaround: 520ms, Thread: pool-24-thread-3
Processed Task 87 (HIGH) | Wait: 461ms, Turnaround: 520ms, Thread: pool-24-thread-1
Processed Task 81 (HIGH) | Wait: 520ms, Turnaround: 574ms, Thread: pool-24-thread-1
Processed Task 37 (MEDIUM) | Wait: 520ms, Turnaround: 574ms, Thread: pool-24-thread-2
Processed Task 19 (LOW) | Wait: 520ms, Turnaround: 574ms, Thread: pool-24-thread-3
Processed Task 79 (HIGH) | Wait: 574ms, Turnaround: 637ms, Thread: pool-24-thread-1
Processed Task 38 (MEDIUM) | Wait: 574ms, Turnaround: 637ms, Thread: pool-24-thread-2
Processed Task 25 (LOW) | Wait: 574ms, Turnaround: 637ms, Thread: pool-24-thread-3
Processed Task 27 (LOW) | Wait: 637ms, Turnaround: 709ms, Thread: pool-24-thread-3
Processed Task 40 (MEDIUM) | Wait: 637ms, Turnaround: 709ms, Thread: pool-24-thread-2
Processed Task 77 (HIGH) | Wait: 637ms, Turnaround: 709ms, Thread: pool-24-thread-1
Processed Task 41 (MEDIUM) | Wait: 709ms, Turnaround: 760ms, Thread: pool-24-thread-2
Processed Task 30 (LOW) | Wait: 709ms, Turnaround: 760ms, Thread: pool-24-thread-3
Processed Task 71 (HIGH) | Wait: 709ms, Turnaround: 760ms, Thread: pool-24-thread-1
Processed Task 31 (LOW) | Wait: 760ms, Turnaround: 816ms, Thread: pool-24-thread-3
Processed Task 45 (MEDIUM) | Wait: 760ms, Turnaround: 816ms, Thread: pool-24-thread-2
Processed Task 70 (HIGH) | Wait: 760ms, Turnaround: 816ms, Thread: pool-24-thread-1
Processed Task 47 (MEDIUM) | Wait: 816ms, Turnaround: 867ms, Thread: pool-24-thread-2
Processed Task 36 (LOW) | Wait: 816ms, Turnaround: 867ms, Thread: pool-24-thread-3
Processed Task 63 (HIGH) | Wait: 816ms, Turnaround: 867ms, Thread: pool-24-thread-1
Processed Task 49 (MEDIUM) | Wait: 867ms, Turnaround: 938ms, Thread: pool-24-thread-2
Processed Task 39 (LOW) | Wait: 867ms, Turnaround: 938ms, Thread: pool-24-thread-3
Processed Task 60 (HIGH) | Wait: 867ms, Turnaround: 938ms, Thread: pool-24-thread-1
Processed Task 50 (MEDIUM) | Wait: 938ms, Turnaround: 998ms, Thread: pool-24-thread-2
Processed Task 55 (LOW) | Wait: 938ms, Turnaround: 998ms, Thread: pool-24-thread-3
Processed Task 57 (HIGH) | Wait: 938ms, Turnaround: 998ms, Thread: pool-24-thread-1
Processed Task 59 (MEDIUM) | Wait: 998ms, Turnaround: 1054ms, Thread: pool-24-thread-2
Processed Task 58 (LOW) | Wait: 998ms, Turnaround: 1054ms, Thread: pool-24-thread-3
Processed Task 56 (HIGH) | Wait: 998ms, Turnaround: 1054ms, Thread: pool-24-thread-1
Processed Task 54 (HIGH) | Wait: 1054ms, Turnaround: 1110ms, Thread: pool-24-thread-1
Processed Task 65 (LOW) | Wait: 1054ms, Turnaround: 1110ms, Thread: pool-24-thread-3
Processed Task 61 (MEDIUM) | Wait: 1054ms, Turnaround: 1110ms, Thread: pool-24-thread-2
Processed Task 69 (LOW) | Wait: 1110ms, Turnaround: 1173ms, Thread: pool-24-thread-3
Processed Task 62 (MEDIUM) | Wait: 1110ms, Turnaround: 1173ms, Thread: pool-24-thread-2
Processed Task 53 (HIGH) | Wait: 1110ms, Turnaround: 1173ms, Thread: pool-24-thread-1
Processed Task 73 (LOW) | Wait: 1173ms, Turnaround: 1224ms, Thread: pool-24-thread-3
Processed Task 64 (MEDIUM) | Wait: 1173ms, Turnaround: 1227ms, Thread: pool-24-thread-2
Processed Task 52 (HIGH) | Wait: 1173ms, Turnaround: 1227ms, Thread: pool-24-thread-1
Processed Task 51 (HIGH) | Wait: 1227ms, Turnaround: 1283ms, Thread: pool-24-thread-1
Processed Task 66 (MEDIUM) | Wait: 1227ms, Turnaround: 1283ms, Thread: pool-24-thread-2
Processed Task 80 (LOW) | Wait: 1224ms, Turnaround: 1283ms, Thread: pool-24-thread-3
Processed Task 48 (HIGH) | Wait: 1283ms, Turnaround: 1334ms, Thread: pool-24-thread-1
Processed Task 67 (MEDIUM) | Wait: 1283ms, Turnaround: 1334ms, Thread: pool-24-thread-2
Processed Task 83 (LOW) | Wait: 1284ms, Turnaround: 1360ms, Thread: pool-24-thread-3
Processed Task 68 (MEDIUM) | Wait: 1334ms, Turnaround: 1392ms, Thread: pool-24-thread-2
Processed Task 46 (HIGH) | Wait: 1334ms, Turnaround: 1392ms, Thread: pool-24-thread-1
Processed Task 84 (LOW) | Wait: 1360ms, Turnaround: 1411ms, Thread: pool-24-thread-3
Processed Task 44 (HIGH) | Wait: 1392ms, Turnaround: 1443ms, Thread: pool-24-thread-1
Processed Task 72 (MEDIUM) | Wait: 1392ms, Turnaround: 1443ms, Thread: pool-24-thread-2
Processed Task 86 (LOW) | Wait: 1411ms, Turnaround: 1474ms, Thread: pool-24-thread-3
Processed Task 74 (MEDIUM) | Wait: 1443ms, Turnaround: 1506ms, Thread: pool-24-thread-2
Processed Task 43 (HIGH) | Wait: 1443ms, Turnaround: 1506ms, Thread: pool-24-thread-1
Processed Task 88 (LOW) | Wait: 1474ms, Turnaround: 1525ms, Thread: pool-24-thread-3
Processed Task 75 (MEDIUM) | Wait: 1506ms, Turnaround: 1557ms, Thread: pool-24-thread-2
Processed Task 42 (HIGH) | Wait: 1506ms, Turnaround: 1561ms, Thread: pool-24-thread-1
Processed Task 93 (LOW) | Wait: 1525ms, Turnaround: 1582ms, Thread: pool-24-thread-3
Processed Task 76 (MEDIUM) | Wait: 1557ms, Turnaround: 1615ms, Thread: pool-24-thread-2
Processed Task 35 (HIGH) | Wait: 1561ms, Turnaround: 1615ms, Thread: pool-24-thread-1
Processed Task 95 (LOW) | Wait: 1582ms, Turnaround: 1633ms, Thread: pool-24-thread-3
Processed Task 78 (MEDIUM) | Wait: 1615ms, Turnaround: 1665ms, Thread: pool-24-thread-2
Processed Task 33 (HIGH) | Wait: 1615ms, Turnaround: 1670ms, Thread: pool-24-thread-1
Processed Task 97 (LOW) | Wait: 1633ms, Turnaround: 1690ms, Thread: pool-24-thread-3
Processed Task 82 (MEDIUM) | Wait: 1665ms, Turnaround: 1717ms, Thread: pool-24-thread-2
Processed Task 29 (HIGH) | Wait: 1670ms, Turnaround: 1733ms, Thread: pool-24-thread-1
Processed Task 85 (MEDIUM) | Wait: 1717ms, Turnaround: 1771ms, Thread: pool-24-thread-2
Processed Task 26 (HIGH) | Wait: 1733ms, Turnaround: 1794ms, Thread: pool-24-thread-1
Processed Task 98 (MEDIUM) | Wait: 1771ms, Turnaround: 1827ms, Thread: pool-24-thread-2
Processed Task 24 (HIGH) | Wait: 1794ms, Turnaround: 1845ms, Thread: pool-24-thread-1
Processed Task 22 (HIGH) | Wait: 1845ms, Turnaround: 1902ms, Thread: pool-24-thread-1
Processed Task 21 (HIGH) | Wait: 1902ms, Turnaround: 1953ms, Thread: pool-24-thread-1
Processed Task 20 (HIGH) | Wait: 1953ms, Turnaround: 2004ms, Thread: pool-24-thread-1
Processed Task 18 (HIGH) | Wait: 2004ms, Turnaround: 2056ms, Thread: pool-24-thread-1
Processed Task 13 (HIGH) | Wait: 2056ms, Turnaround: 2116ms, Thread: pool-24-thread-1
Processed Task 5 (HIGH) | Wait: 2116ms, Turnaround: 2167ms, Thread: pool-24-thread-1
Processed Task 2 (HIGH) | Wait: 2167ms, Turnaround: 2221ms, Thread: pool-24-thread-1

----- RESULTS FOR THIS RUN -----
Tasks processed: 100
Total elapsed: 2.22 s
Throughput: 45.02 tasks/s

Wait Time (ms):
  Min = 0
  Max = 2167
  Avg = 954.38
  StdDev = 579.71

Turnaround Time (ms):
  Min = 58
  Max = 2221
  Avg = 1011.75
  StdDev = 578.37
------------------------------


=============================
Starting run 24 of 50
=============================
Processed Task 100 (HIGH) | Wait: 0ms, Turnaround: 52ms, Thread: pool-25-thread-1
Processed Task 1 (MEDIUM) | Wait: 0ms, Turnaround: 52ms, Thread: pool-25-thread-2
Processed Task 4 (LOW) | Wait: 0ms, Turnaround: 53ms, Thread: pool-25-thread-3
Processed Task 99 (HIGH) | Wait: 52ms, Turnaround: 102ms, Thread: pool-25-thread-1
Processed Task 3 (MEDIUM) | Wait: 52ms, Turnaround: 102ms, Thread: pool-25-thread-2
Processed Task 9 (LOW) | Wait: 53ms, Turnaround: 104ms, Thread: pool-25-thread-3
Processed Task 6 (MEDIUM) | Wait: 102ms, Turnaround: 154ms, Thread: pool-25-thread-2
Processed Task 98 (HIGH) | Wait: 102ms, Turnaround: 154ms, Thread: pool-25-thread-1
Processed Task 14 (LOW) | Wait: 104ms, Turnaround: 170ms, Thread: pool-25-thread-3
Processed Task 19 (MEDIUM) | Wait: 154ms, Turnaround: 205ms, Thread: pool-25-thread-2
Processed Task 94 (HIGH) | Wait: 154ms, Turnaround: 207ms, Thread: pool-25-thread-1
Processed Task 15 (LOW) | Wait: 170ms, Turnaround: 230ms, Thread: pool-25-thread-3
Processed Task 88 (HIGH) | Wait: 207ms, Turnaround: 264ms, Thread: pool-25-thread-1
Processed Task 20 (MEDIUM) | Wait: 205ms, Turnaround: 264ms, Thread: pool-25-thread-2
Processed Task 16 (LOW) | Wait: 230ms, Turnaround: 281ms, Thread: pool-25-thread-3
Processed Task 22 (MEDIUM) | Wait: 264ms, Turnaround: 315ms, Thread: pool-25-thread-2
Processed Task 86 (HIGH) | Wait: 264ms, Turnaround: 315ms, Thread: pool-25-thread-1
Processed Task 17 (LOW) | Wait: 281ms, Turnaround: 332ms, Thread: pool-25-thread-3
Processed Task 83 (HIGH) | Wait: 315ms, Turnaround: 372ms, Thread: pool-25-thread-1
Processed Task 24 (MEDIUM) | Wait: 315ms, Turnaround: 372ms, Thread: pool-25-thread-2
Processed Task 28 (LOW) | Wait: 332ms, Turnaround: 389ms, Thread: pool-25-thread-3
Processed Task 82 (HIGH) | Wait: 372ms, Turnaround: 424ms, Thread: pool-25-thread-1
Processed Task 27 (MEDIUM) | Wait: 372ms, Turnaround: 424ms, Thread: pool-25-thread-2
Processed Task 29 (LOW) | Wait: 389ms, Turnaround: 448ms, Thread: pool-25-thread-3
Processed Task 31 (MEDIUM) | Wait: 424ms, Turnaround: 479ms, Thread: pool-25-thread-2
Processed Task 75 (HIGH) | Wait: 424ms, Turnaround: 479ms, Thread: pool-25-thread-1
Processed Task 30 (LOW) | Wait: 448ms, Turnaround: 498ms, Thread: pool-25-thread-3
Processed Task 35 (MEDIUM) | Wait: 479ms, Turnaround: 530ms, Thread: pool-25-thread-2
Processed Task 72 (HIGH) | Wait: 479ms, Turnaround: 535ms, Thread: pool-25-thread-1
Processed Task 38 (LOW) | Wait: 498ms, Turnaround: 556ms, Thread: pool-25-thread-3
Processed Task 36 (MEDIUM) | Wait: 530ms, Turnaround: 589ms, Thread: pool-25-thread-2
Processed Task 71 (HIGH) | Wait: 535ms, Turnaround: 589ms, Thread: pool-25-thread-1
Processed Task 39 (LOW) | Wait: 556ms, Turnaround: 608ms, Thread: pool-25-thread-3
Processed Task 41 (MEDIUM) | Wait: 589ms, Turnaround: 640ms, Thread: pool-25-thread-2
Processed Task 67 (HIGH) | Wait: 589ms, Turnaround: 642ms, Thread: pool-25-thread-1
Processed Task 40 (LOW) | Wait: 608ms, Turnaround: 665ms, Thread: pool-25-thread-3
Processed Task 43 (MEDIUM) | Wait: 640ms, Turnaround: 698ms, Thread: pool-25-thread-2
Processed Task 62 (HIGH) | Wait: 642ms, Turnaround: 698ms, Thread: pool-25-thread-1
Processed Task 45 (LOW) | Wait: 665ms, Turnaround: 716ms, Thread: pool-25-thread-3
Processed Task 44 (MEDIUM) | Wait: 698ms, Turnaround: 748ms, Thread: pool-25-thread-2
Processed Task 58 (HIGH) | Wait: 698ms, Turnaround: 750ms, Thread: pool-25-thread-1
Processed Task 46 (LOW) | Wait: 716ms, Turnaround: 773ms, Thread: pool-25-thread-3
Processed Task 52 (HIGH) | Wait: 750ms, Turnaround: 805ms, Thread: pool-25-thread-1
Processed Task 47 (MEDIUM) | Wait: 748ms, Turnaround: 805ms, Thread: pool-25-thread-2
Processed Task 48 (LOW) | Wait: 773ms, Turnaround: 823ms, Thread: pool-25-thread-3
Processed Task 50 (HIGH) | Wait: 805ms, Turnaround: 856ms, Thread: pool-25-thread-1
Processed Task 49 (MEDIUM) | Wait: 805ms, Turnaround: 857ms, Thread: pool-25-thread-2
Processed Task 53 (LOW) | Wait: 823ms, Turnaround: 881ms, Thread: pool-25-thread-3
Processed Task 51 (MEDIUM) | Wait: 857ms, Turnaround: 913ms, Thread: pool-25-thread-2
Processed Task 42 (HIGH) | Wait: 856ms, Turnaround: 913ms, Thread: pool-25-thread-1
Processed Task 55 (LOW) | Wait: 881ms, Turnaround: 931ms, Thread: pool-25-thread-3
Processed Task 54 (MEDIUM) | Wait: 913ms, Turnaround: 967ms, Thread: pool-25-thread-2
Processed Task 37 (HIGH) | Wait: 913ms, Turnaround: 967ms, Thread: pool-25-thread-1
Processed Task 56 (LOW) | Wait: 931ms, Turnaround: 988ms, Thread: pool-25-thread-3
Processed Task 64 (MEDIUM) | Wait: 967ms, Turnaround: 1021ms, Thread: pool-25-thread-2
Processed Task 34 (HIGH) | Wait: 967ms, Turnaround: 1021ms, Thread: pool-25-thread-1
Processed Task 57 (LOW) | Wait: 988ms, Turnaround: 1040ms, Thread: pool-25-thread-3
Processed Task 33 (HIGH) | Wait: 1021ms, Turnaround: 1083ms, Thread: pool-25-thread-1
Processed Task 68 (MEDIUM) | Wait: 1021ms, Turnaround: 1083ms, Thread: pool-25-thread-2
Processed Task 59 (LOW) | Wait: 1040ms, Turnaround: 1099ms, Thread: pool-25-thread-3
Processed Task 69 (MEDIUM) | Wait: 1083ms, Turnaround: 1148ms, Thread: pool-25-thread-2
Processed Task 32 (HIGH) | Wait: 1083ms, Turnaround: 1148ms, Thread: pool-25-thread-1
Processed Task 60 (LOW) | Wait: 1099ms, Turnaround: 1162ms, Thread: pool-25-thread-3
Processed Task 73 (MEDIUM) | Wait: 1148ms, Turnaround: 1213ms, Thread: pool-25-thread-2
Processed Task 26 (HIGH) | Wait: 1148ms, Turnaround: 1213ms, Thread: pool-25-thread-1
Processed Task 61 (LOW) | Wait: 1162ms, Turnaround: 1213ms, Thread: pool-25-thread-3
Processed Task 63 (LOW) | Wait: 1213ms, Turnaround: 1276ms, Thread: pool-25-thread-3
Processed Task 25 (HIGH) | Wait: 1213ms, Turnaround: 1276ms, Thread: pool-25-thread-1
Processed Task 79 (MEDIUM) | Wait: 1213ms, Turnaround: 1276ms, Thread: pool-25-thread-2
Processed Task 65 (LOW) | Wait: 1276ms, Turnaround: 1332ms, Thread: pool-25-thread-3
Processed Task 81 (MEDIUM) | Wait: 1276ms, Turnaround: 1332ms, Thread: pool-25-thread-2
Processed Task 23 (HIGH) | Wait: 1276ms, Turnaround: 1332ms, Thread: pool-25-thread-1
Processed Task 84 (MEDIUM) | Wait: 1332ms, Turnaround: 1387ms, Thread: pool-25-thread-2
Processed Task 66 (LOW) | Wait: 1332ms, Turnaround: 1387ms, Thread: pool-25-thread-3
Processed Task 21 (HIGH) | Wait: 1332ms, Turnaround: 1387ms, Thread: pool-25-thread-1
Processed Task 87 (MEDIUM) | Wait: 1387ms, Turnaround: 1439ms, Thread: pool-25-thread-2
Processed Task 70 (LOW) | Wait: 1387ms, Turnaround: 1439ms, Thread: pool-25-thread-3
Processed Task 18 (HIGH) | Wait: 1387ms, Turnaround: 1439ms, Thread: pool-25-thread-1
Processed Task 89 (MEDIUM) | Wait: 1439ms, Turnaround: 1495ms, Thread: pool-25-thread-2
Processed Task 13 (HIGH) | Wait: 1439ms, Turnaround: 1495ms, Thread: pool-25-thread-1
Processed Task 74 (LOW) | Wait: 1439ms, Turnaround: 1495ms, Thread: pool-25-thread-3
Processed Task 76 (LOW) | Wait: 1495ms, Turnaround: 1548ms, Thread: pool-25-thread-3
Processed Task 12 (HIGH) | Wait: 1495ms, Turnaround: 1548ms, Thread: pool-25-thread-1
Processed Task 91 (MEDIUM) | Wait: 1495ms, Turnaround: 1548ms, Thread: pool-25-thread-2
Processed Task 11 (HIGH) | Wait: 1548ms, Turnaround: 1602ms, Thread: pool-25-thread-1
Processed Task 77 (LOW) | Wait: 1548ms, Turnaround: 1602ms, Thread: pool-25-thread-3
Processed Task 92 (MEDIUM) | Wait: 1548ms, Turnaround: 1602ms, Thread: pool-25-thread-2
Processed Task 93 (MEDIUM) | Wait: 1602ms, Turnaround: 1656ms, Thread: pool-25-thread-2
Processed Task 10 (HIGH) | Wait: 1602ms, Turnaround: 1656ms, Thread: pool-25-thread-1
Processed Task 78 (LOW) | Wait: 1602ms, Turnaround: 1656ms, Thread: pool-25-thread-3
Processed Task 80 (LOW) | Wait: 1656ms, Turnaround: 1710ms, Thread: pool-25-thread-3
Processed Task 8 (HIGH) | Wait: 1656ms, Turnaround: 1710ms, Thread: pool-25-thread-1
Processed Task 96 (MEDIUM) | Wait: 1656ms, Turnaround: 1710ms, Thread: pool-25-thread-2
Processed Task 85 (LOW) | Wait: 1710ms, Turnaround: 1761ms, Thread: pool-25-thread-3
Processed Task 7 (HIGH) | Wait: 1710ms, Turnaround: 1761ms, Thread: pool-25-thread-1
Processed Task 90 (LOW) | Wait: 1761ms, Turnaround: 1816ms, Thread: pool-25-thread-3
Processed Task 5 (HIGH) | Wait: 1761ms, Turnaround: 1816ms, Thread: pool-25-thread-1
Processed Task 2 (HIGH) | Wait: 1816ms, Turnaround: 1870ms, Thread: pool-25-thread-1
Processed Task 95 (LOW) | Wait: 1816ms, Turnaround: 1870ms, Thread: pool-25-thread-3
Processed Task 97 (LOW) | Wait: 1870ms, Turnaround: 1924ms, Thread: pool-25-thread-3

----- RESULTS FOR THIS RUN -----
Tasks processed: 100
Total elapsed: 1.92 s
Throughput: 51.98 tasks/s

Wait Time (ms):
  Min = 0
  Max = 1870
  Avg = 887.77
  StdDev = 538.00

Turnaround Time (ms):
  Min = 52
  Max = 1924
  Avg = 942.81
  StdDev = 538.44
------------------------------


=============================
Starting run 25 of 50
=============================
Processed Task 1 (LOW) | Wait: 0ms, Turnaround: 53ms, Thread: pool-26-thread-3
Processed Task 100 (HIGH) | Wait: 0ms, Turnaround: 53ms, Thread: pool-26-thread-1
Processed Task 3 (MEDIUM) | Wait: 0ms, Turnaround: 53ms, Thread: pool-26-thread-2
Processed Task 98 (HIGH) | Wait: 53ms, Turnaround: 103ms, Thread: pool-26-thread-1
Processed Task 4 (MEDIUM) | Wait: 53ms, Turnaround: 103ms, Thread: pool-26-thread-2
Processed Task 5 (LOW) | Wait: 53ms, Turnaround: 103ms, Thread: pool-26-thread-3
Processed Task 6 (LOW) | Wait: 103ms, Turnaround: 170ms, Thread: pool-26-thread-3
Processed Task 7 (MEDIUM) | Wait: 103ms, Turnaround: 170ms, Thread: pool-26-thread-2
Processed Task 92 (HIGH) | Wait: 103ms, Turnaround: 170ms, Thread: pool-26-thread-1
Processed Task 12 (MEDIUM) | Wait: 170ms, Turnaround: 220ms, Thread: pool-26-thread-2
Processed Task 11 (LOW) | Wait: 170ms, Turnaround: 220ms, Thread: pool-26-thread-3
Processed Task 91 (HIGH) | Wait: 170ms, Turnaround: 224ms, Thread: pool-26-thread-1
Processed Task 13 (LOW) | Wait: 220ms, Turnaround: 277ms, Thread: pool-26-thread-3
Processed Task 17 (MEDIUM) | Wait: 220ms, Turnaround: 277ms, Thread: pool-26-thread-2
Processed Task 90 (HIGH) | Wait: 224ms, Turnaround: 277ms, Thread: pool-26-thread-1
Processed Task 20 (MEDIUM) | Wait: 277ms, Turnaround: 329ms, Thread: pool-26-thread-2
Processed Task 14 (LOW) | Wait: 277ms, Turnaround: 329ms, Thread: pool-26-thread-3
Processed Task 88 (HIGH) | Wait: 277ms, Turnaround: 339ms, Thread: pool-26-thread-1
Processed Task 16 (LOW) | Wait: 329ms, Turnaround: 392ms, Thread: pool-26-thread-3
Processed Task 86 (HIGH) | Wait: 339ms, Turnaround: 392ms, Thread: pool-26-thread-1
Processed Task 21 (MEDIUM) | Wait: 329ms, Turnaround: 392ms, Thread: pool-26-thread-2
Processed Task 24 (MEDIUM) | Wait: 392ms, Turnaround: 446ms, Thread: pool-26-thread-2
Processed Task 84 (HIGH) | Wait: 392ms, Turnaround: 446ms, Thread: pool-26-thread-1
Processed Task 22 (LOW) | Wait: 392ms, Turnaround: 446ms, Thread: pool-26-thread-3
Processed Task 25 (MEDIUM) | Wait: 446ms, Turnaround: 509ms, Thread: pool-26-thread-2
Processed Task 26 (LOW) | Wait: 446ms, Turnaround: 509ms, Thread: pool-26-thread-3
Processed Task 80 (HIGH) | Wait: 446ms, Turnaround: 509ms, Thread: pool-26-thread-1
Processed Task 79 (HIGH) | Wait: 509ms, Turnaround: 565ms, Thread: pool-26-thread-1
Processed Task 29 (LOW) | Wait: 509ms, Turnaround: 565ms, Thread: pool-26-thread-3
Processed Task 27 (MEDIUM) | Wait: 509ms, Turnaround: 565ms, Thread: pool-26-thread-2
Processed Task 32 (MEDIUM) | Wait: 565ms, Turnaround: 617ms, Thread: pool-26-thread-2
Processed Task 77 (HIGH) | Wait: 565ms, Turnaround: 617ms, Thread: pool-26-thread-1
Processed Task 30 (LOW) | Wait: 565ms, Turnaround: 617ms, Thread: pool-26-thread-3
Processed Task 75 (HIGH) | Wait: 617ms, Turnaround: 669ms, Thread: pool-26-thread-1
Processed Task 34 (MEDIUM) | Wait: 617ms, Turnaround: 669ms, Thread: pool-26-thread-2
Processed Task 37 (LOW) | Wait: 617ms, Turnaround: 669ms, Thread: pool-26-thread-3
Processed Task 36 (MEDIUM) | Wait: 669ms, Turnaround: 725ms, Thread: pool-26-thread-2
Processed Task 73 (HIGH) | Wait: 669ms, Turnaround: 725ms, Thread: pool-26-thread-1
Processed Task 39 (LOW) | Wait: 669ms, Turnaround: 725ms, Thread: pool-26-thread-3
Processed Task 40 (LOW) | Wait: 725ms, Turnaround: 779ms, Thread: pool-26-thread-3
Processed Task 69 (HIGH) | Wait: 725ms, Turnaround: 779ms, Thread: pool-26-thread-1
Processed Task 38 (MEDIUM) | Wait: 725ms, Turnaround: 779ms, Thread: pool-26-thread-2
Processed Task 41 (MEDIUM) | Wait: 779ms, Turnaround: 844ms, Thread: pool-26-thread-2
Processed Task 66 (HIGH) | Wait: 779ms, Turnaround: 844ms, Thread: pool-26-thread-1
Processed Task 45 (LOW) | Wait: 779ms, Turnaround: 844ms, Thread: pool-26-thread-3
Processed Task 61 (HIGH) | Wait: 844ms, Turnaround: 910ms, Thread: pool-26-thread-1
Processed Task 42 (MEDIUM) | Wait: 844ms, Turnaround: 910ms, Thread: pool-26-thread-2
Processed Task 47 (LOW) | Wait: 844ms, Turnaround: 910ms, Thread: pool-26-thread-3
Processed Task 44 (MEDIUM) | Wait: 910ms, Turnaround: 960ms, Thread: pool-26-thread-2
Processed Task 60 (HIGH) | Wait: 910ms, Turnaround: 960ms, Thread: pool-26-thread-1
Processed Task 54 (LOW) | Wait: 910ms, Turnaround: 960ms, Thread: pool-26-thread-3
Processed Task 46 (MEDIUM) | Wait: 960ms, Turnaround: 1024ms, Thread: pool-26-thread-2
Processed Task 55 (LOW) | Wait: 960ms, Turnaround: 1024ms, Thread: pool-26-thread-3
Processed Task 58 (HIGH) | Wait: 960ms, Turnaround: 1024ms, Thread: pool-26-thread-1
Processed Task 49 (MEDIUM) | Wait: 1024ms, Turnaround: 1075ms, Thread: pool-26-thread-2
Processed Task 52 (HIGH) | Wait: 1024ms, Turnaround: 1075ms, Thread: pool-26-thread-1
Processed Task 56 (LOW) | Wait: 1024ms, Turnaround: 1075ms, Thread: pool-26-thread-3
Processed Task 50 (HIGH) | Wait: 1075ms, Turnaround: 1132ms, Thread: pool-26-thread-1
Processed Task 51 (MEDIUM) | Wait: 1075ms, Turnaround: 1132ms, Thread: pool-26-thread-2
Processed Task 59 (LOW) | Wait: 1075ms, Turnaround: 1132ms, Thread: pool-26-thread-3
Processed Task 53 (MEDIUM) | Wait: 1132ms, Turnaround: 1183ms, Thread: pool-26-thread-2
Processed Task 48 (HIGH) | Wait: 1132ms, Turnaround: 1183ms, Thread: pool-26-thread-1
Processed Task 62 (LOW) | Wait: 1132ms, Turnaround: 1183ms, Thread: pool-26-thread-3
Processed Task 63 (LOW) | Wait: 1183ms, Turnaround: 1239ms, Thread: pool-26-thread-3
Processed Task 57 (MEDIUM) | Wait: 1183ms, Turnaround: 1239ms, Thread: pool-26-thread-2
Processed Task 43 (HIGH) | Wait: 1183ms, Turnaround: 1239ms, Thread: pool-26-thread-1
Processed Task 35 (HIGH) | Wait: 1239ms, Turnaround: 1297ms, Thread: pool-26-thread-1
Processed Task 64 (MEDIUM) | Wait: 1239ms, Turnaround: 1297ms, Thread: pool-26-thread-2
Processed Task 67 (LOW) | Wait: 1239ms, Turnaround: 1297ms, Thread: pool-26-thread-3
Processed Task 33 (HIGH) | Wait: 1297ms, Turnaround: 1360ms, Thread: pool-26-thread-1
Processed Task 74 (LOW) | Wait: 1297ms, Turnaround: 1360ms, Thread: pool-26-thread-3
Processed Task 65 (MEDIUM) | Wait: 1297ms, Turnaround: 1360ms, Thread: pool-26-thread-2
Processed Task 68 (MEDIUM) | Wait: 1360ms, Turnaround: 1414ms, Thread: pool-26-thread-2
Processed Task 31 (HIGH) | Wait: 1360ms, Turnaround: 1414ms, Thread: pool-26-thread-1
Processed Task 76 (LOW) | Wait: 1360ms, Turnaround: 1414ms, Thread: pool-26-thread-3
Processed Task 81 (LOW) | Wait: 1414ms, Turnaround: 1468ms, Thread: pool-26-thread-3
Processed Task 28 (HIGH) | Wait: 1414ms, Turnaround: 1468ms, Thread: pool-26-thread-1
Processed Task 70 (MEDIUM) | Wait: 1414ms, Turnaround: 1468ms, Thread: pool-26-thread-2
Processed Task 23 (HIGH) | Wait: 1468ms, Turnaround: 1523ms, Thread: pool-26-thread-1
Processed Task 87 (LOW) | Wait: 1468ms, Turnaround: 1523ms, Thread: pool-26-thread-3
Processed Task 71 (MEDIUM) | Wait: 1468ms, Turnaround: 1523ms, Thread: pool-26-thread-2
Processed Task 93 (LOW) | Wait: 1523ms, Turnaround: 1576ms, Thread: pool-26-thread-3
Processed Task 19 (HIGH) | Wait: 1523ms, Turnaround: 1576ms, Thread: pool-26-thread-1
Processed Task 72 (MEDIUM) | Wait: 1523ms, Turnaround: 1576ms, Thread: pool-26-thread-2
Processed Task 95 (LOW) | Wait: 1576ms, Turnaround: 1629ms, Thread: pool-26-thread-3
Processed Task 18 (HIGH) | Wait: 1576ms, Turnaround: 1629ms, Thread: pool-26-thread-1
Processed Task 78 (MEDIUM) | Wait: 1576ms, Turnaround: 1629ms, Thread: pool-26-thread-2
Processed Task 82 (MEDIUM) | Wait: 1629ms, Turnaround: 1682ms, Thread: pool-26-thread-2
Processed Task 15 (HIGH) | Wait: 1629ms, Turnaround: 1682ms, Thread: pool-26-thread-1
Processed Task 97 (LOW) | Wait: 1629ms, Turnaround: 1682ms, Thread: pool-26-thread-3
Processed Task 99 (LOW) | Wait: 1682ms, Turnaround: 1736ms, Thread: pool-26-thread-3
Processed Task 10 (HIGH) | Wait: 1682ms, Turnaround: 1736ms, Thread: pool-26-thread-1
Processed Task 83 (MEDIUM) | Wait: 1682ms, Turnaround: 1736ms, Thread: pool-26-thread-2
Processed Task 9 (HIGH) | Wait: 1736ms, Turnaround: 1801ms, Thread: pool-26-thread-1
Processed Task 85 (MEDIUM) | Wait: 1736ms, Turnaround: 1801ms, Thread: pool-26-thread-2
Processed Task 89 (MEDIUM) | Wait: 1801ms, Turnaround: 1877ms, Thread: pool-26-thread-2
Processed Task 8 (HIGH) | Wait: 1801ms, Turnaround: 1877ms, Thread: pool-26-thread-1
Processed Task 2 (HIGH) | Wait: 1877ms, Turnaround: 1928ms, Thread: pool-26-thread-1
Processed Task 94 (MEDIUM) | Wait: 1877ms, Turnaround: 1928ms, Thread: pool-26-thread-2
Processed Task 96 (MEDIUM) | Wait: 1928ms, Turnaround: 1985ms, Thread: pool-26-thread-2

----- RESULTS FOR THIS RUN -----
Tasks processed: 100
Total elapsed: 1.99 s
Throughput: 50.38 tasks/s

Wait Time (ms):
  Min = 0
  Max = 1928
  Avg = 912.80
  StdDev = 548.01

Turnaround Time (ms):
  Min = 53
  Max = 1985
  Avg = 969.29
  StdDev = 548.37
------------------------------


=============================
Starting run 26 of 50
=============================
Processed Task 3 (LOW) | Wait: 0ms, Turnaround: 53ms, Thread: pool-27-thread-3
Processed Task 94 (HIGH) | Wait: 0ms, Turnaround: 53ms, Thread: pool-27-thread-1
Processed Task 1 (MEDIUM) | Wait: 0ms, Turnaround: 53ms, Thread: pool-27-thread-2
Processed Task 2 (MEDIUM) | Wait: 53ms, Turnaround: 113ms, Thread: pool-27-thread-2
Processed Task 5 (LOW) | Wait: 53ms, Turnaround: 113ms, Thread: pool-27-thread-3
Processed Task 83 (HIGH) | Wait: 53ms, Turnaround: 113ms, Thread: pool-27-thread-1
Processed Task 6 (LOW) | Wait: 113ms, Turnaround: 168ms, Thread: pool-27-thread-3
Processed Task 4 (MEDIUM) | Wait: 113ms, Turnaround: 168ms, Thread: pool-27-thread-2
Processed Task 78 (HIGH) | Wait: 113ms, Turnaround: 168ms, Thread: pool-27-thread-1
Processed Task 8 (LOW) | Wait: 168ms, Turnaround: 226ms, Thread: pool-27-thread-3
Processed Task 77 (HIGH) | Wait: 168ms, Turnaround: 226ms, Thread: pool-27-thread-1
Processed Task 7 (MEDIUM) | Wait: 168ms, Turnaround: 226ms, Thread: pool-27-thread-2
Processed Task 76 (HIGH) | Wait: 226ms, Turnaround: 277ms, Thread: pool-27-thread-1
Processed Task 9 (MEDIUM) | Wait: 226ms, Turnaround: 277ms, Thread: pool-27-thread-2
Processed Task 10 (LOW) | Wait: 226ms, Turnaround: 277ms, Thread: pool-27-thread-3
Processed Task 17 (MEDIUM) | Wait: 277ms, Turnaround: 329ms, Thread: pool-27-thread-2
Processed Task 11 (LOW) | Wait: 277ms, Turnaround: 329ms, Thread: pool-27-thread-3
Processed Task 75 (HIGH) | Wait: 277ms, Turnaround: 329ms, Thread: pool-27-thread-1
Processed Task 65 (HIGH) | Wait: 329ms, Turnaround: 381ms, Thread: pool-27-thread-1
Processed Task 12 (LOW) | Wait: 329ms, Turnaround: 381ms, Thread: pool-27-thread-3
Processed Task 20 (MEDIUM) | Wait: 329ms, Turnaround: 381ms, Thread: pool-27-thread-2
Processed Task 24 (MEDIUM) | Wait: 381ms, Turnaround: 440ms, Thread: pool-27-thread-2
Processed Task 14 (LOW) | Wait: 381ms, Turnaround: 440ms, Thread: pool-27-thread-3
Processed Task 63 (HIGH) | Wait: 381ms, Turnaround: 440ms, Thread: pool-27-thread-1
Processed Task 59 (HIGH) | Wait: 440ms, Turnaround: 495ms, Thread: pool-27-thread-1
Processed Task 15 (LOW) | Wait: 440ms, Turnaround: 495ms, Thread: pool-27-thread-3
Processed Task 25 (MEDIUM) | Wait: 440ms, Turnaround: 495ms, Thread: pool-27-thread-2
Processed Task 58 (HIGH) | Wait: 495ms, Turnaround: 551ms, Thread: pool-27-thread-1
Processed Task 27 (MEDIUM) | Wait: 495ms, Turnaround: 551ms, Thread: pool-27-thread-2
Processed Task 18 (LOW) | Wait: 495ms, Turnaround: 551ms, Thread: pool-27-thread-3
Processed Task 54 (HIGH) | Wait: 551ms, Turnaround: 603ms, Thread: pool-27-thread-1
Processed Task 23 (LOW) | Wait: 551ms, Turnaround: 603ms, Thread: pool-27-thread-3
Processed Task 28 (MEDIUM) | Wait: 551ms, Turnaround: 603ms, Thread: pool-27-thread-2
Processed Task 42 (HIGH) | Wait: 603ms, Turnaround: 659ms, Thread: pool-27-thread-1
Processed Task 26 (LOW) | Wait: 603ms, Turnaround: 659ms, Thread: pool-27-thread-3
Processed Task 29 (MEDIUM) | Wait: 603ms, Turnaround: 659ms, Thread: pool-27-thread-2
Processed Task 35 (HIGH) | Wait: 659ms, Turnaround: 710ms, Thread: pool-27-thread-1
Processed Task 32 (LOW) | Wait: 659ms, Turnaround: 710ms, Thread: pool-27-thread-3
Processed Task 33 (MEDIUM) | Wait: 659ms, Turnaround: 710ms, Thread: pool-27-thread-2
Processed Task 37 (MEDIUM) | Wait: 710ms, Turnaround: 767ms, Thread: pool-27-thread-2
Processed Task 31 (HIGH) | Wait: 710ms, Turnaround: 767ms, Thread: pool-27-thread-1
Processed Task 34 (LOW) | Wait: 710ms, Turnaround: 767ms, Thread: pool-27-thread-3
Processed Task 30 (HIGH) | Wait: 767ms, Turnaround: 819ms, Thread: pool-27-thread-1
Processed Task 36 (LOW) | Wait: 767ms, Turnaround: 819ms, Thread: pool-27-thread-3
Processed Task 38 (MEDIUM) | Wait: 767ms, Turnaround: 819ms, Thread: pool-27-thread-2
Processed Task 43 (MEDIUM) | Wait: 819ms, Turnaround: 874ms, Thread: pool-27-thread-2
Processed Task 39 (LOW) | Wait: 819ms, Turnaround: 874ms, Thread: pool-27-thread-3
Processed Task 22 (HIGH) | Wait: 819ms, Turnaround: 874ms, Thread: pool-27-thread-1
Processed Task 21 (HIGH) | Wait: 874ms, Turnaround: 924ms, Thread: pool-27-thread-1
Processed Task 40 (LOW) | Wait: 874ms, Turnaround: 924ms, Thread: pool-27-thread-3
Processed Task 44 (MEDIUM) | Wait: 874ms, Turnaround: 924ms, Thread: pool-27-thread-2
Processed Task 45 (MEDIUM) | Wait: 924ms, Turnaround: 981ms, Thread: pool-27-thread-2
Processed Task 19 (HIGH) | Wait: 924ms, Turnaround: 981ms, Thread: pool-27-thread-1
Processed Task 41 (LOW) | Wait: 924ms, Turnaround: 981ms, Thread: pool-27-thread-3
Processed Task 16 (HIGH) | Wait: 981ms, Turnaround: 1032ms, Thread: pool-27-thread-1
Processed Task 46 (MEDIUM) | Wait: 981ms, Turnaround: 1032ms, Thread: pool-27-thread-2
Processed Task 47 (LOW) | Wait: 981ms, Turnaround: 1032ms, Thread: pool-27-thread-3
Processed Task 49 (MEDIUM) | Wait: 1032ms, Turnaround: 1089ms, Thread: pool-27-thread-2
Processed Task 48 (LOW) | Wait: 1032ms, Turnaround: 1089ms, Thread: pool-27-thread-3
Processed Task 13 (HIGH) | Wait: 1032ms, Turnaround: 1089ms, Thread: pool-27-thread-1
Processed Task 51 (MEDIUM) | Wait: 1089ms, Turnaround: 1140ms, Thread: pool-27-thread-2
Processed Task 50 (LOW) | Wait: 1089ms, Turnaround: 1140ms, Thread: pool-27-thread-3
Processed Task 52 (MEDIUM) | Wait: 1140ms, Turnaround: 1190ms, Thread: pool-27-thread-2
Processed Task 57 (LOW) | Wait: 1140ms, Turnaround: 1190ms, Thread: pool-27-thread-3
Processed Task 60 (LOW) | Wait: 1190ms, Turnaround: 1241ms, Thread: pool-27-thread-3
Processed Task 53 (MEDIUM) | Wait: 1190ms, Turnaround: 1241ms, Thread: pool-27-thread-2
Processed Task 61 (LOW) | Wait: 1241ms, Turnaround: 1298ms, Thread: pool-27-thread-3
Processed Task 55 (MEDIUM) | Wait: 1241ms, Turnaround: 1298ms, Thread: pool-27-thread-2
Processed Task 56 (MEDIUM) | Wait: 1298ms, Turnaround: 1351ms, Thread: pool-27-thread-2
Processed Task 66 (LOW) | Wait: 1298ms, Turnaround: 1351ms, Thread: pool-27-thread-3
Processed Task 67 (LOW) | Wait: 1351ms, Turnaround: 1417ms, Thread: pool-27-thread-3
Processed Task 62 (MEDIUM) | Wait: 1351ms, Turnaround: 1417ms, Thread: pool-27-thread-2
Processed Task 69 (LOW) | Wait: 1417ms, Turnaround: 1473ms, Thread: pool-27-thread-3
Processed Task 64 (MEDIUM) | Wait: 1417ms, Turnaround: 1473ms, Thread: pool-27-thread-2
Processed Task 71 (LOW) | Wait: 1473ms, Turnaround: 1532ms, Thread: pool-27-thread-3
Processed Task 68 (MEDIUM) | Wait: 1473ms, Turnaround: 1532ms, Thread: pool-27-thread-2
Processed Task 70 (MEDIUM) | Wait: 1532ms, Turnaround: 1588ms, Thread: pool-27-thread-2
Processed Task 72 (LOW) | Wait: 1532ms, Turnaround: 1588ms, Thread: pool-27-thread-3
Processed Task 73 (LOW) | Wait: 1588ms, Turnaround: 1647ms, Thread: pool-27-thread-3
Processed Task 80 (MEDIUM) | Wait: 1588ms, Turnaround: 1647ms, Thread: pool-27-thread-2
Processed Task 74 (LOW) | Wait: 1647ms, Turnaround: 1710ms, Thread: pool-27-thread-3
Processed Task 84 (MEDIUM) | Wait: 1647ms, Turnaround: 1710ms, Thread: pool-27-thread-2
Processed Task 85 (MEDIUM) | Wait: 1710ms, Turnaround: 1762ms, Thread: pool-27-thread-2
Processed Task 79 (LOW) | Wait: 1710ms, Turnaround: 1762ms, Thread: pool-27-thread-3
Processed Task 81 (LOW) | Wait: 1762ms, Turnaround: 1813ms, Thread: pool-27-thread-3
Processed Task 86 (MEDIUM) | Wait: 1762ms, Turnaround: 1813ms, Thread: pool-27-thread-2
Processed Task 88 (MEDIUM) | Wait: 1813ms, Turnaround: 1866ms, Thread: pool-27-thread-2
Processed Task 82 (LOW) | Wait: 1813ms, Turnaround: 1866ms, Thread: pool-27-thread-3
Processed Task 87 (LOW) | Wait: 1866ms, Turnaround: 1921ms, Thread: pool-27-thread-3
Processed Task 91 (MEDIUM) | Wait: 1866ms, Turnaround: 1921ms, Thread: pool-27-thread-2
Processed Task 89 (LOW) | Wait: 1921ms, Turnaround: 1977ms, Thread: pool-27-thread-3
Processed Task 92 (MEDIUM) | Wait: 1921ms, Turnaround: 1977ms, Thread: pool-27-thread-2
Processed Task 95 (MEDIUM) | Wait: 1977ms, Turnaround: 2041ms, Thread: pool-27-thread-2
Processed Task 90 (LOW) | Wait: 1977ms, Turnaround: 2041ms, Thread: pool-27-thread-3
Processed Task 97 (MEDIUM) | Wait: 2041ms, Turnaround: 2092ms, Thread: pool-27-thread-2
Processed Task 93 (LOW) | Wait: 2041ms, Turnaround: 2092ms, Thread: pool-27-thread-3
Processed Task 100 (MEDIUM) | Wait: 2092ms, Turnaround: 2147ms, Thread: pool-27-thread-2
Processed Task 96 (LOW) | Wait: 2092ms, Turnaround: 2147ms, Thread: pool-27-thread-3
Processed Task 98 (LOW) | Wait: 2147ms, Turnaround: 2198ms, Thread: pool-27-thread-3
Processed Task 99 (LOW) | Wait: 2198ms, Turnaround: 2255ms, Thread: pool-27-thread-3

----- RESULTS FOR THIS RUN -----
Tasks processed: 100
Total elapsed: 2.26 s
Throughput: 44.35 tasks/s

Wait Time (ms):
  Min = 0
  Max = 2198
  Avg = 958.47
  StdDev = 624.44

Turnaround Time (ms):
  Min = 53
  Max = 2255
  Avg = 1013.38
  StdDev = 624.87
------------------------------


=============================
Starting run 27 of 50
=============================
Processed Task 98 (HIGH) | Wait: 0ms, Turnaround: 52ms, Thread: pool-28-thread-1
Processed Task 1 (LOW) | Wait: 0ms, Turnaround: 52ms, Thread: pool-28-thread-3
Processed Task 4 (MEDIUM) | Wait: 0ms, Turnaround: 52ms, Thread: pool-28-thread-2
Processed Task 2 (LOW) | Wait: 52ms, Turnaround: 112ms, Thread: pool-28-thread-3
Processed Task 97 (HIGH) | Wait: 52ms, Turnaround: 112ms, Thread: pool-28-thread-1
Processed Task 5 (MEDIUM) | Wait: 52ms, Turnaround: 112ms, Thread: pool-28-thread-2
Processed Task 95 (HIGH) | Wait: 112ms, Turnaround: 167ms, Thread: pool-28-thread-1
Processed Task 6 (MEDIUM) | Wait: 112ms, Turnaround: 167ms, Thread: pool-28-thread-2
Processed Task 10 (LOW) | Wait: 112ms, Turnaround: 167ms, Thread: pool-28-thread-3
Processed Task 94 (HIGH) | Wait: 167ms, Turnaround: 222ms, Thread: pool-28-thread-1
Processed Task 12 (LOW) | Wait: 167ms, Turnaround: 222ms, Thread: pool-28-thread-3
Processed Task 7 (MEDIUM) | Wait: 167ms, Turnaround: 222ms, Thread: pool-28-thread-2
Processed Task 8 (MEDIUM) | Wait: 222ms, Turnaround: 274ms, Thread: pool-28-thread-2
Processed Task 91 (HIGH) | Wait: 222ms, Turnaround: 274ms, Thread: pool-28-thread-1
Processed Task 13 (LOW) | Wait: 222ms, Turnaround: 274ms, Thread: pool-28-thread-3
Processed Task 11 (MEDIUM) | Wait: 274ms, Turnaround: 329ms, Thread: pool-28-thread-2
Processed Task 14 (LOW) | Wait: 274ms, Turnaround: 329ms, Thread: pool-28-thread-3
Processed Task 90 (HIGH) | Wait: 274ms, Turnaround: 329ms, Thread: pool-28-thread-1
Processed Task 89 (HIGH) | Wait: 329ms, Turnaround: 385ms, Thread: pool-28-thread-1
Processed Task 16 (LOW) | Wait: 329ms, Turnaround: 385ms, Thread: pool-28-thread-3
Processed Task 15 (MEDIUM) | Wait: 329ms, Turnaround: 385ms, Thread: pool-28-thread-2
Processed Task 19 (MEDIUM) | Wait: 385ms, Turnaround: 440ms, Thread: pool-28-thread-2
Processed Task 85 (HIGH) | Wait: 385ms, Turnaround: 440ms, Thread: pool-28-thread-1
Processed Task 18 (LOW) | Wait: 385ms, Turnaround: 440ms, Thread: pool-28-thread-3
Processed Task 83 (HIGH) | Wait: 440ms, Turnaround: 491ms, Thread: pool-28-thread-1
Processed Task 22 (MEDIUM) | Wait: 440ms, Turnaround: 491ms, Thread: pool-28-thread-2
Processed Task 26 (LOW) | Wait: 440ms, Turnaround: 496ms, Thread: pool-28-thread-3
Processed Task 23 (MEDIUM) | Wait: 491ms, Turnaround: 544ms, Thread: pool-28-thread-2
Processed Task 82 (HIGH) | Wait: 491ms, Turnaround: 544ms, Thread: pool-28-thread-1
Processed Task 27 (LOW) | Wait: 496ms, Turnaround: 552ms, Thread: pool-28-thread-3
Processed Task 75 (HIGH) | Wait: 544ms, Turnaround: 595ms, Thread: pool-28-thread-1
Processed Task 24 (MEDIUM) | Wait: 544ms, Turnaround: 595ms, Thread: pool-28-thread-2
Processed Task 28 (LOW) | Wait: 552ms, Turnaround: 607ms, Thread: pool-28-thread-3
Processed Task 25 (MEDIUM) | Wait: 595ms, Turnaround: 648ms, Thread: pool-28-thread-2
Processed Task 71 (HIGH) | Wait: 595ms, Turnaround: 648ms, Thread: pool-28-thread-1
Processed Task 31 (LOW) | Wait: 607ms, Turnaround: 662ms, Thread: pool-28-thread-3
Processed Task 66 (HIGH) | Wait: 648ms, Turnaround: 699ms, Thread: pool-28-thread-1
Processed Task 30 (MEDIUM) | Wait: 648ms, Turnaround: 699ms, Thread: pool-28-thread-2
Processed Task 34 (LOW) | Wait: 662ms, Turnaround: 715ms, Thread: pool-28-thread-3
Processed Task 64 (HIGH) | Wait: 699ms, Turnaround: 757ms, Thread: pool-28-thread-1
Processed Task 33 (MEDIUM) | Wait: 699ms, Turnaround: 757ms, Thread: pool-28-thread-2
Processed Task 38 (LOW) | Wait: 715ms, Turnaround: 767ms, Thread: pool-28-thread-3
Processed Task 35 (MEDIUM) | Wait: 757ms, Turnaround: 813ms, Thread: pool-28-thread-2
Processed Task 63 (HIGH) | Wait: 757ms, Turnaround: 813ms, Thread: pool-28-thread-1
Processed Task 41 (LOW) | Wait: 767ms, Turnaround: 820ms, Thread: pool-28-thread-3
Processed Task 39 (MEDIUM) | Wait: 813ms, Turnaround: 868ms, Thread: pool-28-thread-2
Processed Task 62 (HIGH) | Wait: 813ms, Turnaround: 868ms, Thread: pool-28-thread-1
Processed Task 44 (LOW) | Wait: 820ms, Turnaround: 875ms, Thread: pool-28-thread-3
Processed Task 59 (HIGH) | Wait: 868ms, Turnaround: 919ms, Thread: pool-28-thread-1
Processed Task 40 (MEDIUM) | Wait: 868ms, Turnaround: 919ms, Thread: pool-28-thread-2
Processed Task 47 (LOW) | Wait: 875ms, Turnaround: 935ms, Thread: pool-28-thread-3
Processed Task 43 (MEDIUM) | Wait: 919ms, Turnaround: 975ms, Thread: pool-28-thread-2
Processed Task 54 (HIGH) | Wait: 919ms, Turnaround: 975ms, Thread: pool-28-thread-1
Processed Task 48 (LOW) | Wait: 935ms, Turnaround: 998ms, Thread: pool-28-thread-3
Processed Task 49 (HIGH) | Wait: 975ms, Turnaround: 1034ms, Thread: pool-28-thread-1
Processed Task 46 (MEDIUM) | Wait: 975ms, Turnaround: 1034ms, Thread: pool-28-thread-2
Processed Task 51 (LOW) | Wait: 998ms, Turnaround: 1050ms, Thread: pool-28-thread-3
Processed Task 50 (MEDIUM) | Wait: 1034ms, Turnaround: 1097ms, Thread: pool-28-thread-2
Processed Task 45 (HIGH) | Wait: 1034ms, Turnaround: 1097ms, Thread: pool-28-thread-1
Processed Task 53 (LOW) | Wait: 1050ms, Turnaround: 1101ms, Thread: pool-28-thread-3
Processed Task 55 (LOW) | Wait: 1101ms, Turnaround: 1161ms, Thread: pool-28-thread-3
Processed Task 42 (HIGH) | Wait: 1097ms, Turnaround: 1161ms, Thread: pool-28-thread-1
Processed Task 52 (MEDIUM) | Wait: 1097ms, Turnaround: 1161ms, Thread: pool-28-thread-2
Processed Task 58 (MEDIUM) | Wait: 1161ms, Turnaround: 1214ms, Thread: pool-28-thread-2
Processed Task 56 (LOW) | Wait: 1161ms, Turnaround: 1214ms, Thread: pool-28-thread-3
Processed Task 37 (HIGH) | Wait: 1161ms, Turnaround: 1214ms, Thread: pool-28-thread-1
Processed Task 57 (LOW) | Wait: 1214ms, Turnaround: 1278ms, Thread: pool-28-thread-3
Processed Task 36 (HIGH) | Wait: 1214ms, Turnaround: 1278ms, Thread: pool-28-thread-1
Processed Task 61 (MEDIUM) | Wait: 1214ms, Turnaround: 1278ms, Thread: pool-28-thread-2
Processed Task 32 (HIGH) | Wait: 1278ms, Turnaround: 1332ms, Thread: pool-28-thread-1
Processed Task 60 (LOW) | Wait: 1278ms, Turnaround: 1332ms, Thread: pool-28-thread-3
Processed Task 65 (MEDIUM) | Wait: 1278ms, Turnaround: 1332ms, Thread: pool-28-thread-2
Processed Task 67 (LOW) | Wait: 1332ms, Turnaround: 1388ms, Thread: pool-28-thread-3
Processed Task 29 (HIGH) | Wait: 1332ms, Turnaround: 1388ms, Thread: pool-28-thread-1
Processed Task 69 (MEDIUM) | Wait: 1332ms, Turnaround: 1388ms, Thread: pool-28-thread-2
Processed Task 21 (HIGH) | Wait: 1388ms, Turnaround: 1439ms, Thread: pool-28-thread-1
Processed Task 68 (LOW) | Wait: 1388ms, Turnaround: 1439ms, Thread: pool-28-thread-3
Processed Task 73 (MEDIUM) | Wait: 1389ms, Turnaround: 1442ms, Thread: pool-28-thread-2
Processed Task 70 (LOW) | Wait: 1439ms, Turnaround: 1496ms, Thread: pool-28-thread-3
Processed Task 20 (HIGH) | Wait: 1439ms, Turnaround: 1496ms, Thread: pool-28-thread-1
Processed Task 76 (MEDIUM) | Wait: 1442ms, Turnaround: 1496ms, Thread: pool-28-thread-2
Processed Task 72 (LOW) | Wait: 1496ms, Turnaround: 1547ms, Thread: pool-28-thread-3
Processed Task 17 (HIGH) | Wait: 1496ms, Turnaround: 1547ms, Thread: pool-28-thread-1
Processed Task 77 (MEDIUM) | Wait: 1497ms, Turnaround: 1555ms, Thread: pool-28-thread-2
Processed Task 74 (LOW) | Wait: 1547ms, Turnaround: 1601ms, Thread: pool-28-thread-3
Processed Task 9 (HIGH) | Wait: 1547ms, Turnaround: 1601ms, Thread: pool-28-thread-1
Processed Task 79 (MEDIUM) | Wait: 1555ms, Turnaround: 1617ms, Thread: pool-28-thread-2
Processed Task 3 (HIGH) | Wait: 1601ms, Turnaround: 1657ms, Thread: pool-28-thread-1
Processed Task 78 (LOW) | Wait: 1601ms, Turnaround: 1657ms, Thread: pool-28-thread-3
Processed Task 86 (MEDIUM) | Wait: 1617ms, Turnaround: 1681ms, Thread: pool-28-thread-2
Processed Task 80 (LOW) | Wait: 1657ms, Turnaround: 1714ms, Thread: pool-28-thread-3
Processed Task 87 (MEDIUM) | Wait: 1681ms, Turnaround: 1732ms, Thread: pool-28-thread-2
Processed Task 81 (LOW) | Wait: 1714ms, Turnaround: 1768ms, Thread: pool-28-thread-3
Processed Task 96 (MEDIUM) | Wait: 1732ms, Turnaround: 1796ms, Thread: pool-28-thread-2
Processed Task 84 (LOW) | Wait: 1768ms, Turnaround: 1828ms, Thread: pool-28-thread-3
Processed Task 88 (LOW) | Wait: 1828ms, Turnaround: 1880ms, Thread: pool-28-thread-3
Processed Task 92 (LOW) | Wait: 1880ms, Turnaround: 1936ms, Thread: pool-28-thread-3
Processed Task 93 (LOW) | Wait: 1936ms, Turnaround: 1990ms, Thread: pool-28-thread-3
Processed Task 99 (LOW) | Wait: 1990ms, Turnaround: 2043ms, Thread: pool-28-thread-3
Processed Task 100 (LOW) | Wait: 2043ms, Turnaround: 2115ms, Thread: pool-28-thread-3

----- RESULTS FOR THIS RUN -----
Tasks processed: 100
Total elapsed: 2.12 s
Throughput: 47.28 tasks/s

Wait Time (ms):
  Min = 0
  Max = 2043
  Avg = 900.27
  StdDev = 550.82

Turnaround Time (ms):
  Min = 52
  Max = 2115
  Avg = 955.93
  StdDev = 551.79
------------------------------


=============================
Starting run 28 of 50
=============================
Processed Task 97 (HIGH) | Wait: 0ms, Turnaround: 53ms, Thread: pool-29-thread-1
Processed Task 5 (MEDIUM) | Wait: 0ms, Turnaround: 53ms, Thread: pool-29-thread-2
Processed Task 1 (LOW) | Wait: 0ms, Turnaround: 53ms, Thread: pool-29-thread-3
Processed Task 96 (HIGH) | Wait: 53ms, Turnaround: 115ms, Thread: pool-29-thread-1
Processed Task 14 (MEDIUM) | Wait: 53ms, Turnaround: 115ms, Thread: pool-29-thread-2
Processed Task 2 (LOW) | Wait: 53ms, Turnaround: 115ms, Thread: pool-29-thread-3
Processed Task 95 (HIGH) | Wait: 115ms, Turnaround: 165ms, Thread: pool-29-thread-1
Processed Task 3 (LOW) | Wait: 115ms, Turnaround: 165ms, Thread: pool-29-thread-3
Processed Task 19 (MEDIUM) | Wait: 115ms, Turnaround: 165ms, Thread: pool-29-thread-2
Processed Task 87 (HIGH) | Wait: 165ms, Turnaround: 232ms, Thread: pool-29-thread-1
Processed Task 20 (MEDIUM) | Wait: 165ms, Turnaround: 232ms, Thread: pool-29-thread-2
Processed Task 7 (LOW) | Wait: 165ms, Turnaround: 232ms, Thread: pool-29-thread-3
Processed Task 8 (LOW) | Wait: 232ms, Turnaround: 283ms, Thread: pool-29-thread-3
Processed Task 23 (MEDIUM) | Wait: 232ms, Turnaround: 283ms, Thread: pool-29-thread-2
Processed Task 84 (HIGH) | Wait: 232ms, Turnaround: 283ms, Thread: pool-29-thread-1
Processed Task 30 (MEDIUM) | Wait: 283ms, Turnaround: 346ms, Thread: pool-29-thread-2
Processed Task 80 (HIGH) | Wait: 283ms, Turnaround: 346ms, Thread: pool-29-thread-1
Processed Task 10 (LOW) | Wait: 283ms, Turnaround: 346ms, Thread: pool-29-thread-3
Processed Task 11 (LOW) | Wait: 346ms, Turnaround: 401ms, Thread: pool-29-thread-3
Processed Task 32 (MEDIUM) | Wait: 346ms, Turnaround: 401ms, Thread: pool-29-thread-2
Processed Task 77 (HIGH) | Wait: 346ms, Turnaround: 401ms, Thread: pool-29-thread-1
Processed Task 13 (LOW) | Wait: 401ms, Turnaround: 453ms, Thread: pool-29-thread-3
Processed Task 33 (MEDIUM) | Wait: 401ms, Turnaround: 453ms, Thread: pool-29-thread-2
Processed Task 75 (HIGH) | Wait: 401ms, Turnaround: 453ms, Thread: pool-29-thread-1
Processed Task 73 (HIGH) | Wait: 453ms, Turnaround: 506ms, Thread: pool-29-thread-1
Processed Task 24 (LOW) | Wait: 453ms, Turnaround: 506ms, Thread: pool-29-thread-3
Processed Task 34 (MEDIUM) | Wait: 453ms, Turnaround: 506ms, Thread: pool-29-thread-2
Processed Task 72 (HIGH) | Wait: 506ms, Turnaround: 557ms, Thread: pool-29-thread-1
Processed Task 25 (LOW) | Wait: 506ms, Turnaround: 557ms, Thread: pool-29-thread-3
Processed Task 35 (MEDIUM) | Wait: 506ms, Turnaround: 557ms, Thread: pool-29-thread-2
Processed Task 71 (HIGH) | Wait: 557ms, Turnaround: 619ms, Thread: pool-29-thread-1
Processed Task 39 (MEDIUM) | Wait: 557ms, Turnaround: 619ms, Thread: pool-29-thread-2
Processed Task 27 (LOW) | Wait: 557ms, Turnaround: 619ms, Thread: pool-29-thread-3
Processed Task 41 (MEDIUM) | Wait: 619ms, Turnaround: 689ms, Thread: pool-29-thread-2
Processed Task 28 (LOW) | Wait: 619ms, Turnaround: 689ms, Thread: pool-29-thread-3
Processed Task 70 (HIGH) | Wait: 619ms, Turnaround: 689ms, Thread: pool-29-thread-1
Processed Task 29 (LOW) | Wait: 689ms, Turnaround: 745ms, Thread: pool-29-thread-3
Processed Task 42 (MEDIUM) | Wait: 689ms, Turnaround: 745ms, Thread: pool-29-thread-2
Processed Task 64 (HIGH) | Wait: 689ms, Turnaround: 745ms, Thread: pool-29-thread-1
Processed Task 36 (LOW) | Wait: 745ms, Turnaround: 797ms, Thread: pool-29-thread-3
Processed Task 61 (HIGH) | Wait: 745ms, Turnaround: 797ms, Thread: pool-29-thread-1
Processed Task 43 (MEDIUM) | Wait: 745ms, Turnaround: 797ms, Thread: pool-29-thread-2
Processed Task 47 (MEDIUM) | Wait: 797ms, Turnaround: 849ms, Thread: pool-29-thread-2
Processed Task 58 (HIGH) | Wait: 797ms, Turnaround: 849ms, Thread: pool-29-thread-1
Processed Task 37 (LOW) | Wait: 797ms, Turnaround: 849ms, Thread: pool-29-thread-3
Processed Task 40 (LOW) | Wait: 849ms, Turnaround: 904ms, Thread: pool-29-thread-3
Processed Task 48 (MEDIUM) | Wait: 849ms, Turnaround: 904ms, Thread: pool-29-thread-2
Processed Task 56 (HIGH) | Wait: 849ms, Turnaround: 904ms, Thread: pool-29-thread-1
Processed Task 54 (HIGH) | Wait: 904ms, Turnaround: 954ms, Thread: pool-29-thread-1
Processed Task 59 (MEDIUM) | Wait: 904ms, Turnaround: 954ms, Thread: pool-29-thread-2
Processed Task 45 (LOW) | Wait: 904ms, Turnaround: 954ms, Thread: pool-29-thread-3
Processed Task 53 (HIGH) | Wait: 954ms, Turnaround: 1007ms, Thread: pool-29-thread-1
Processed Task 49 (LOW) | Wait: 954ms, Turnaround: 1007ms, Thread: pool-29-thread-3
Processed Task 60 (MEDIUM) | Wait: 954ms, Turnaround: 1007ms, Thread: pool-29-thread-2
Processed Task 50 (HIGH) | Wait: 1007ms, Turnaround: 1061ms, Thread: pool-29-thread-1
Processed Task 63 (MEDIUM) | Wait: 1007ms, Turnaround: 1061ms, Thread: pool-29-thread-2
Processed Task 51 (LOW) | Wait: 1007ms, Turnaround: 1061ms, Thread: pool-29-thread-3
Processed Task 52 (LOW) | Wait: 1061ms, Turnaround: 1117ms, Thread: pool-29-thread-3
Processed Task 46 (HIGH) | Wait: 1061ms, Turnaround: 1117ms, Thread: pool-29-thread-1
Processed Task 66 (MEDIUM) | Wait: 1061ms, Turnaround: 1117ms, Thread: pool-29-thread-2
Processed Task 44 (HIGH) | Wait: 1117ms, Turnaround: 1171ms, Thread: pool-29-thread-1
Processed Task 68 (MEDIUM) | Wait: 1117ms, Turnaround: 1171ms, Thread: pool-29-thread-2
Processed Task 55 (LOW) | Wait: 1117ms, Turnaround: 1171ms, Thread: pool-29-thread-3
Processed Task 57 (LOW) | Wait: 1171ms, Turnaround: 1227ms, Thread: pool-29-thread-3
Processed Task 38 (HIGH) | Wait: 1171ms, Turnaround: 1227ms, Thread: pool-29-thread-1
Processed Task 74 (MEDIUM) | Wait: 1171ms, Turnaround: 1227ms, Thread: pool-29-thread-2
Processed Task 31 (HIGH) | Wait: 1227ms, Turnaround: 1281ms, Thread: pool-29-thread-1
Processed Task 79 (MEDIUM) | Wait: 1227ms, Turnaround: 1281ms, Thread: pool-29-thread-2
Processed Task 62 (LOW) | Wait: 1227ms, Turnaround: 1281ms, Thread: pool-29-thread-3
Processed Task 65 (LOW) | Wait: 1281ms, Turnaround: 1336ms, Thread: pool-29-thread-3
Processed Task 81 (MEDIUM) | Wait: 1281ms, Turnaround: 1336ms, Thread: pool-29-thread-2
Processed Task 26 (HIGH) | Wait: 1281ms, Turnaround: 1336ms, Thread: pool-29-thread-1
Processed Task 86 (MEDIUM) | Wait: 1336ms, Turnaround: 1392ms, Thread: pool-29-thread-2
Processed Task 22 (HIGH) | Wait: 1336ms, Turnaround: 1392ms, Thread: pool-29-thread-1
Processed Task 67 (LOW) | Wait: 1336ms, Turnaround: 1392ms, Thread: pool-29-thread-3
Processed Task 21 (HIGH) | Wait: 1392ms, Turnaround: 1450ms, Thread: pool-29-thread-1
Processed Task 88 (MEDIUM) | Wait: 1392ms, Turnaround: 1450ms, Thread: pool-29-thread-2
Processed Task 69 (LOW) | Wait: 1392ms, Turnaround: 1450ms, Thread: pool-29-thread-3
Processed Task 18 (HIGH) | Wait: 1450ms, Turnaround: 1503ms, Thread: pool-29-thread-1
Processed Task 89 (MEDIUM) | Wait: 1450ms, Turnaround: 1503ms, Thread: pool-29-thread-2
Processed Task 76 (LOW) | Wait: 1450ms, Turnaround: 1503ms, Thread: pool-29-thread-3
Processed Task 78 (LOW) | Wait: 1503ms, Turnaround: 1560ms, Thread: pool-29-thread-3
Processed Task 91 (MEDIUM) | Wait: 1503ms, Turnaround: 1560ms, Thread: pool-29-thread-2
Processed Task 17 (HIGH) | Wait: 1503ms, Turnaround: 1560ms, Thread: pool-29-thread-1
Processed Task 16 (HIGH) | Wait: 1560ms, Turnaround: 1614ms, Thread: pool-29-thread-1
Processed Task 82 (LOW) | Wait: 1560ms, Turnaround: 1614ms, Thread: pool-29-thread-3
Processed Task 93 (MEDIUM) | Wait: 1560ms, Turnaround: 1614ms, Thread: pool-29-thread-2
Processed Task 83 (LOW) | Wait: 1614ms, Turnaround: 1670ms, Thread: pool-29-thread-3
Processed Task 99 (MEDIUM) | Wait: 1614ms, Turnaround: 1670ms, Thread: pool-29-thread-2
Processed Task 15 (HIGH) | Wait: 1614ms, Turnaround: 1670ms, Thread: pool-29-thread-1
Processed Task 85 (LOW) | Wait: 1670ms, Turnaround: 1726ms, Thread: pool-29-thread-3
Processed Task 12 (HIGH) | Wait: 1670ms, Turnaround: 1726ms, Thread: pool-29-thread-1
Processed Task 9 (HIGH) | Wait: 1726ms, Turnaround: 1781ms, Thread: pool-29-thread-1
Processed Task 90 (LOW) | Wait: 1726ms, Turnaround: 1781ms, Thread: pool-29-thread-3
Processed Task 6 (HIGH) | Wait: 1781ms, Turnaround: 1837ms, Thread: pool-29-thread-1
Processed Task 92 (LOW) | Wait: 1781ms, Turnaround: 1837ms, Thread: pool-29-thread-3
Processed Task 94 (LOW) | Wait: 1837ms, Turnaround: 1892ms, Thread: pool-29-thread-3
Processed Task 4 (HIGH) | Wait: 1837ms, Turnaround: 1892ms, Thread: pool-29-thread-1
Processed Task 98 (LOW) | Wait: 1892ms, Turnaround: 1948ms, Thread: pool-29-thread-3
Processed Task 100 (LOW) | Wait: 1948ms, Turnaround: 2003ms, Thread: pool-29-thread-3

----- RESULTS FOR THIS RUN -----
Tasks processed: 100
Total elapsed: 2.00 s
Throughput: 49.93 tasks/s

Wait Time (ms):
  Min = 0
  Max = 1948
  Avg = 910.29
  StdDev = 542.22

Turnaround Time (ms):
  Min = 53
  Max = 2003
  Avg = 965.94
  StdDev = 541.66
------------------------------


=============================
Starting run 29 of 50
=============================
Processed Task 1 (MEDIUM) | Wait: 0ms, Turnaround: 57ms, Thread: pool-30-thread-2
Processed Task 7 (LOW) | Wait: 0ms, Turnaround: 57ms, Thread: pool-30-thread-3
Processed Task 99 (HIGH) | Wait: 0ms, Turnaround: 57ms, Thread: pool-30-thread-1
Processed Task 5 (MEDIUM) | Wait: 57ms, Turnaround: 108ms, Thread: pool-30-thread-2
Processed Task 98 (HIGH) | Wait: 57ms, Turnaround: 108ms, Thread: pool-30-thread-1
Processed Task 8 (LOW) | Wait: 57ms, Turnaround: 108ms, Thread: pool-30-thread-3
Processed Task 9 (LOW) | Wait: 108ms, Turnaround: 163ms, Thread: pool-30-thread-3
Processed Task 96 (HIGH) | Wait: 108ms, Turnaround: 163ms, Thread: pool-30-thread-1
Processed Task 10 (MEDIUM) | Wait: 108ms, Turnaround: 163ms, Thread: pool-30-thread-2
Processed Task 16 (LOW) | Wait: 163ms, Turnaround: 216ms, Thread: pool-30-thread-3
Processed Task 15 (MEDIUM) | Wait: 163ms, Turnaround: 216ms, Thread: pool-30-thread-2
Processed Task 95 (HIGH) | Wait: 163ms, Turnaround: 216ms, Thread: pool-30-thread-1
Processed Task 20 (LOW) | Wait: 216ms, Turnaround: 272ms, Thread: pool-30-thread-3
Processed Task 17 (MEDIUM) | Wait: 216ms, Turnaround: 272ms, Thread: pool-30-thread-2
Processed Task 94 (HIGH) | Wait: 216ms, Turnaround: 272ms, Thread: pool-30-thread-1
Processed Task 23 (MEDIUM) | Wait: 272ms, Turnaround: 326ms, Thread: pool-30-thread-2
Processed Task 93 (HIGH) | Wait: 272ms, Turnaround: 326ms, Thread: pool-30-thread-1
Processed Task 21 (LOW) | Wait: 272ms, Turnaround: 326ms, Thread: pool-30-thread-3
Processed Task 22 (LOW) | Wait: 326ms, Turnaround: 385ms, Thread: pool-30-thread-3
Processed Task 24 (MEDIUM) | Wait: 326ms, Turnaround: 385ms, Thread: pool-30-thread-2
Processed Task 91 (HIGH) | Wait: 326ms, Turnaround: 385ms, Thread: pool-30-thread-1
Processed Task 28 (MEDIUM) | Wait: 385ms, Turnaround: 435ms, Thread: pool-30-thread-2
Processed Task 25 (LOW) | Wait: 385ms, Turnaround: 435ms, Thread: pool-30-thread-3
Processed Task 89 (HIGH) | Wait: 385ms, Turnaround: 435ms, Thread: pool-30-thread-1
Processed Task 26 (LOW) | Wait: 435ms, Turnaround: 492ms, Thread: pool-30-thread-3
Processed Task 31 (MEDIUM) | Wait: 435ms, Turnaround: 492ms, Thread: pool-30-thread-2
Processed Task 88 (HIGH) | Wait: 435ms, Turnaround: 492ms, Thread: pool-30-thread-1
Processed Task 27 (LOW) | Wait: 492ms, Turnaround: 548ms, Thread: pool-30-thread-3
Processed Task 87 (HIGH) | Wait: 492ms, Turnaround: 548ms, Thread: pool-30-thread-1
Processed Task 32 (MEDIUM) | Wait: 492ms, Turnaround: 548ms, Thread: pool-30-thread-2
Processed Task 34 (LOW) | Wait: 548ms, Turnaround: 602ms, Thread: pool-30-thread-3
Processed Task 85 (HIGH) | Wait: 548ms, Turnaround: 602ms, Thread: pool-30-thread-1
Processed Task 35 (MEDIUM) | Wait: 548ms, Turnaround: 602ms, Thread: pool-30-thread-2
Processed Task 36 (LOW) | Wait: 602ms, Turnaround: 656ms, Thread: pool-30-thread-3
Processed Task 37 (MEDIUM) | Wait: 602ms, Turnaround: 656ms, Thread: pool-30-thread-2
Processed Task 84 (HIGH) | Wait: 602ms, Turnaround: 656ms, Thread: pool-30-thread-1
Processed Task 50 (MEDIUM) | Wait: 656ms, Turnaround: 708ms, Thread: pool-30-thread-2
Processed Task 39 (LOW) | Wait: 656ms, Turnaround: 708ms, Thread: pool-30-thread-3
Processed Task 79 (HIGH) | Wait: 656ms, Turnaround: 708ms, Thread: pool-30-thread-1
Processed Task 75 (HIGH) | Wait: 708ms, Turnaround: 760ms, Thread: pool-30-thread-1
Processed Task 40 (LOW) | Wait: 708ms, Turnaround: 760ms, Thread: pool-30-thread-3
Processed Task 51 (MEDIUM) | Wait: 708ms, Turnaround: 760ms, Thread: pool-30-thread-2
Processed Task 43 (LOW) | Wait: 760ms, Turnaround: 813ms, Thread: pool-30-thread-3
Processed Task 52 (MEDIUM) | Wait: 760ms, Turnaround: 813ms, Thread: pool-30-thread-2
Processed Task 65 (HIGH) | Wait: 760ms, Turnaround: 813ms, Thread: pool-30-thread-1
Processed Task 64 (HIGH) | Wait: 813ms, Turnaround: 868ms, Thread: pool-30-thread-1
Processed Task 55 (MEDIUM) | Wait: 813ms, Turnaround: 868ms, Thread: pool-30-thread-2
Processed Task 44 (LOW) | Wait: 813ms, Turnaround: 868ms, Thread: pool-30-thread-3
Processed Task 45 (LOW) | Wait: 868ms, Turnaround: 925ms, Thread: pool-30-thread-3
Processed Task 62 (HIGH) | Wait: 868ms, Turnaround: 925ms, Thread: pool-30-thread-1
Processed Task 57 (MEDIUM) | Wait: 868ms, Turnaround: 925ms, Thread: pool-30-thread-2
Processed Task 59 (MEDIUM) | Wait: 925ms, Turnaround: 982ms, Thread: pool-30-thread-2
Processed Task 46 (LOW) | Wait: 925ms, Turnaround: 982ms, Thread: pool-30-thread-3
Processed Task 61 (HIGH) | Wait: 925ms, Turnaround: 982ms, Thread: pool-30-thread-1
Processed Task 71 (MEDIUM) | Wait: 982ms, Turnaround: 1033ms, Thread: pool-30-thread-2
Processed Task 48 (LOW) | Wait: 982ms, Turnaround: 1033ms, Thread: pool-30-thread-3
Processed Task 60 (HIGH) | Wait: 982ms, Turnaround: 1035ms, Thread: pool-30-thread-1
Processed Task 49 (LOW) | Wait: 1033ms, Turnaround: 1085ms, Thread: pool-30-thread-3
Processed Task 72 (MEDIUM) | Wait: 1033ms, Turnaround: 1085ms, Thread: pool-30-thread-2
Processed Task 56 (HIGH) | Wait: 1035ms, Turnaround: 1090ms, Thread: pool-30-thread-1
Processed Task 58 (LOW) | Wait: 1085ms, Turnaround: 1139ms, Thread: pool-30-thread-3
Processed Task 73 (MEDIUM) | Wait: 1085ms, Turnaround: 1139ms, Thread: pool-30-thread-2
Processed Task 54 (HIGH) | Wait: 1090ms, Turnaround: 1146ms, Thread: pool-30-thread-1
Processed Task 76 (MEDIUM) | Wait: 1139ms, Turnaround: 1194ms, Thread: pool-30-thread-2
Processed Task 63 (LOW) | Wait: 1139ms, Turnaround: 1194ms, Thread: pool-30-thread-3
Processed Task 53 (HIGH) | Wait: 1146ms, Turnaround: 1209ms, Thread: pool-30-thread-1
Processed Task 77 (MEDIUM) | Wait: 1194ms, Turnaround: 1250ms, Thread: pool-30-thread-2
Processed Task 66 (LOW) | Wait: 1194ms, Turnaround: 1250ms, Thread: pool-30-thread-3
Processed Task 47 (HIGH) | Wait: 1209ms, Turnaround: 1264ms, Thread: pool-30-thread-1
Processed Task 78 (MEDIUM) | Wait: 1250ms, Turnaround: 1306ms, Thread: pool-30-thread-2
Processed Task 67 (LOW) | Wait: 1250ms, Turnaround: 1306ms, Thread: pool-30-thread-3
Processed Task 42 (HIGH) | Wait: 1264ms, Turnaround: 1320ms, Thread: pool-30-thread-1
Processed Task 80 (MEDIUM) | Wait: 1306ms, Turnaround: 1368ms, Thread: pool-30-thread-2
Processed Task 68 (LOW) | Wait: 1306ms, Turnaround: 1368ms, Thread: pool-30-thread-3
Processed Task 41 (HIGH) | Wait: 1320ms, Turnaround: 1382ms, Thread: pool-30-thread-1
Processed Task 81 (MEDIUM) | Wait: 1368ms, Turnaround: 1423ms, Thread: pool-30-thread-2
Processed Task 69 (LOW) | Wait: 1368ms, Turnaround: 1423ms, Thread: pool-30-thread-3
Processed Task 38 (HIGH) | Wait: 1382ms, Turnaround: 1445ms, Thread: pool-30-thread-1
Processed Task 70 (LOW) | Wait: 1423ms, Turnaround: 1478ms, Thread: pool-30-thread-3
Processed Task 83 (MEDIUM) | Wait: 1423ms, Turnaround: 1478ms, Thread: pool-30-thread-2
Processed Task 33 (HIGH) | Wait: 1445ms, Turnaround: 1503ms, Thread: pool-30-thread-1
Processed Task 90 (MEDIUM) | Wait: 1478ms, Turnaround: 1532ms, Thread: pool-30-thread-2
Processed Task 74 (LOW) | Wait: 1478ms, Turnaround: 1532ms, Thread: pool-30-thread-3
Processed Task 30 (HIGH) | Wait: 1503ms, Turnaround: 1562ms, Thread: pool-30-thread-1
Processed Task 92 (MEDIUM) | Wait: 1532ms, Turnaround: 1583ms, Thread: pool-30-thread-2
Processed Task 82 (LOW) | Wait: 1532ms, Turnaround: 1583ms, Thread: pool-30-thread-3
Processed Task 29 (HIGH) | Wait: 1562ms, Turnaround: 1618ms, Thread: pool-30-thread-1
Processed Task 97 (MEDIUM) | Wait: 1583ms, Turnaround: 1633ms, Thread: pool-30-thread-2
Processed Task 86 (LOW) | Wait: 1583ms, Turnaround: 1633ms, Thread: pool-30-thread-3
Processed Task 19 (HIGH) | Wait: 1618ms, Turnaround: 1680ms, Thread: pool-30-thread-1
Processed Task 100 (MEDIUM) | Wait: 1633ms, Turnaround: 1687ms, Thread: pool-30-thread-2
Processed Task 18 (HIGH) | Wait: 1680ms, Turnaround: 1744ms, Thread: pool-30-thread-1
Processed Task 14 (HIGH) | Wait: 1744ms, Turnaround: 1798ms, Thread: pool-30-thread-1
Processed Task 13 (HIGH) | Wait: 1798ms, Turnaround: 1858ms, Thread: pool-30-thread-1
Processed Task 12 (HIGH) | Wait: 1858ms, Turnaround: 1921ms, Thread: pool-30-thread-1
Processed Task 11 (HIGH) | Wait: 1921ms, Turnaround: 1974ms, Thread: pool-30-thread-1
Processed Task 6 (HIGH) | Wait: 1974ms, Turnaround: 2027ms, Thread: pool-30-thread-1
Processed Task 4 (HIGH) | Wait: 2027ms, Turnaround: 2080ms, Thread: pool-30-thread-1
Processed Task 3 (HIGH) | Wait: 2080ms, Turnaround: 2131ms, Thread: pool-30-thread-1
Processed Task 2 (HIGH) | Wait: 2131ms, Turnaround: 2194ms, Thread: pool-30-thread-1

----- RESULTS FOR THIS RUN -----
Tasks processed: 100
Total elapsed: 2.19 s
Throughput: 45.58 tasks/s

Wait Time (ms):
  Min = 0
  Max = 2131
  Avg = 901.50
  StdDev = 559.45

Turnaround Time (ms):
  Min = 57
  Max = 2194
  Avg = 956.64
  StdDev = 560.17
------------------------------


=============================
Starting run 30 of 50
=============================
Processed Task 2 (MEDIUM) | Wait: 0ms, Turnaround: 57ms, Thread: pool-31-thread-2
Processed Task 1 (LOW) | Wait: 0ms, Turnaround: 57ms, Thread: pool-31-thread-3
Processed Task 100 (HIGH) | Wait: 0ms, Turnaround: 57ms, Thread: pool-31-thread-1
Processed Task 3 (MEDIUM) | Wait: 57ms, Turnaround: 119ms, Thread: pool-31-thread-2
Processed Task 15 (LOW) | Wait: 57ms, Turnaround: 119ms, Thread: pool-31-thread-3
Processed Task 99 (HIGH) | Wait: 57ms, Turnaround: 119ms, Thread: pool-31-thread-1
Processed Task 4 (MEDIUM) | Wait: 119ms, Turnaround: 183ms, Thread: pool-31-thread-2
Processed Task 17 (LOW) | Wait: 119ms, Turnaround: 183ms, Thread: pool-31-thread-3
Processed Task 91 (HIGH) | Wait: 119ms, Turnaround: 183ms, Thread: pool-31-thread-1
Processed Task 5 (MEDIUM) | Wait: 183ms, Turnaround: 238ms, Thread: pool-31-thread-2
Processed Task 88 (HIGH) | Wait: 183ms, Turnaround: 238ms, Thread: pool-31-thread-1
Processed Task 22 (LOW) | Wait: 183ms, Turnaround: 238ms, Thread: pool-31-thread-3
Processed Task 26 (LOW) | Wait: 238ms, Turnaround: 296ms, Thread: pool-31-thread-3
Processed Task 87 (HIGH) | Wait: 238ms, Turnaround: 296ms, Thread: pool-31-thread-1
Processed Task 6 (MEDIUM) | Wait: 238ms, Turnaround: 296ms, Thread: pool-31-thread-2
Processed Task 30 (LOW) | Wait: 296ms, Turnaround: 354ms, Thread: pool-31-thread-3
Processed Task 7 (MEDIUM) | Wait: 296ms, Turnaround: 354ms, Thread: pool-31-thread-2
Processed Task 85 (HIGH) | Wait: 296ms, Turnaround: 354ms, Thread: pool-31-thread-1
Processed Task 40 (LOW) | Wait: 354ms, Turnaround: 410ms, Thread: pool-31-thread-3
Processed Task 83 (HIGH) | Wait: 354ms, Turnaround: 410ms, Thread: pool-31-thread-1
Processed Task 8 (MEDIUM) | Wait: 354ms, Turnaround: 410ms, Thread: pool-31-thread-2
Processed Task 41 (LOW) | Wait: 410ms, Turnaround: 461ms, Thread: pool-31-thread-3
Processed Task 82 (HIGH) | Wait: 410ms, Turnaround: 461ms, Thread: pool-31-thread-1
Processed Task 10 (MEDIUM) | Wait: 410ms, Turnaround: 461ms, Thread: pool-31-thread-2
Processed Task 81 (HIGH) | Wait: 461ms, Turnaround: 516ms, Thread: pool-31-thread-1
Processed Task 43 (LOW) | Wait: 461ms, Turnaround: 516ms, Thread: pool-31-thread-3
Processed Task 12 (MEDIUM) | Wait: 461ms, Turnaround: 516ms, Thread: pool-31-thread-2
Processed Task 14 (MEDIUM) | Wait: 516ms, Turnaround: 576ms, Thread: pool-31-thread-2
Processed Task 54 (LOW) | Wait: 516ms, Turnaround: 576ms, Thread: pool-31-thread-3
Processed Task 80 (HIGH) | Wait: 516ms, Turnaround: 576ms, Thread: pool-31-thread-1
Processed Task 56 (LOW) | Wait: 576ms, Turnaround: 632ms, Thread: pool-31-thread-3
Processed Task 79 (HIGH) | Wait: 576ms, Turnaround: 632ms, Thread: pool-31-thread-1
Processed Task 16 (MEDIUM) | Wait: 576ms, Turnaround: 632ms, Thread: pool-31-thread-2
Processed Task 18 (MEDIUM) | Wait: 632ms, Turnaround: 687ms, Thread: pool-31-thread-2
Processed Task 74 (HIGH) | Wait: 632ms, Turnaround: 687ms, Thread: pool-31-thread-1
Processed Task 58 (LOW) | Wait: 632ms, Turnaround: 687ms, Thread: pool-31-thread-3
Processed Task 69 (HIGH) | Wait: 687ms, Turnaround: 743ms, Thread: pool-31-thread-1
Processed Task 59 (LOW) | Wait: 687ms, Turnaround: 743ms, Thread: pool-31-thread-3
Processed Task 24 (MEDIUM) | Wait: 687ms, Turnaround: 743ms, Thread: pool-31-thread-2
Processed Task 25 (MEDIUM) | Wait: 743ms, Turnaround: 798ms, Thread: pool-31-thread-2
Processed Task 60 (LOW) | Wait: 743ms, Turnaround: 798ms, Thread: pool-31-thread-3
Processed Task 67 (HIGH) | Wait: 743ms, Turnaround: 798ms, Thread: pool-31-thread-1
Processed Task 64 (HIGH) | Wait: 798ms, Turnaround: 853ms, Thread: pool-31-thread-1
Processed Task 28 (MEDIUM) | Wait: 798ms, Turnaround: 853ms, Thread: pool-31-thread-2
Processed Task 61 (LOW) | Wait: 798ms, Turnaround: 853ms, Thread: pool-31-thread-3
Processed Task 31 (MEDIUM) | Wait: 853ms, Turnaround: 904ms, Thread: pool-31-thread-2
Processed Task 62 (LOW) | Wait: 853ms, Turnaround: 904ms, Thread: pool-31-thread-3
Processed Task 63 (HIGH) | Wait: 853ms, Turnaround: 904ms, Thread: pool-31-thread-1
Processed Task 65 (LOW) | Wait: 904ms, Turnaround: 959ms, Thread: pool-31-thread-3
Processed Task 36 (MEDIUM) | Wait: 904ms, Turnaround: 959ms, Thread: pool-31-thread-2
Processed Task 55 (HIGH) | Wait: 904ms, Turnaround: 959ms, Thread: pool-31-thread-1
Processed Task 37 (MEDIUM) | Wait: 959ms, Turnaround: 1013ms, Thread: pool-31-thread-2
Processed Task 66 (LOW) | Wait: 959ms, Turnaround: 1013ms, Thread: pool-31-thread-3
Processed Task 51 (HIGH) | Wait: 959ms, Turnaround: 1013ms, Thread: pool-31-thread-1
Processed Task 38 (MEDIUM) | Wait: 1013ms, Turnaround: 1069ms, Thread: pool-31-thread-2
Processed Task 68 (LOW) | Wait: 1013ms, Turnaround: 1069ms, Thread: pool-31-thread-3
Processed Task 50 (HIGH) | Wait: 1013ms, Turnaround: 1069ms, Thread: pool-31-thread-1
Processed Task 49 (HIGH) | Wait: 1069ms, Turnaround: 1121ms, Thread: pool-31-thread-1
Processed Task 42 (MEDIUM) | Wait: 1069ms, Turnaround: 1121ms, Thread: pool-31-thread-2
Processed Task 70 (LOW) | Wait: 1069ms, Turnaround: 1121ms, Thread: pool-31-thread-3
Processed Task 71 (LOW) | Wait: 1121ms, Turnaround: 1173ms, Thread: pool-31-thread-3
Processed Task 47 (HIGH) | Wait: 1121ms, Turnaround: 1173ms, Thread: pool-31-thread-1
Processed Task 45 (MEDIUM) | Wait: 1121ms, Turnaround: 1173ms, Thread: pool-31-thread-2
Processed Task 48 (MEDIUM) | Wait: 1173ms, Turnaround: 1229ms, Thread: pool-31-thread-2
Processed Task 46 (HIGH) | Wait: 1173ms, Turnaround: 1229ms, Thread: pool-31-thread-1
Processed Task 72 (LOW) | Wait: 1173ms, Turnaround: 1229ms, Thread: pool-31-thread-3
Processed Task 75 (LOW) | Wait: 1229ms, Turnaround: 1280ms, Thread: pool-31-thread-3
Processed Task 44 (HIGH) | Wait: 1229ms, Turnaround: 1280ms, Thread: pool-31-thread-1
Processed Task 52 (MEDIUM) | Wait: 1229ms, Turnaround: 1280ms, Thread: pool-31-thread-2
Processed Task 76 (LOW) | Wait: 1280ms, Turnaround: 1334ms, Thread: pool-31-thread-3
Processed Task 39 (HIGH) | Wait: 1280ms, Turnaround: 1334ms, Thread: pool-31-thread-1
Processed Task 53 (MEDIUM) | Wait: 1280ms, Turnaround: 1334ms, Thread: pool-31-thread-2
Processed Task 35 (HIGH) | Wait: 1334ms, Turnaround: 1398ms, Thread: pool-31-thread-1
Processed Task 77 (LOW) | Wait: 1334ms, Turnaround: 1398ms, Thread: pool-31-thread-3
Processed Task 57 (MEDIUM) | Wait: 1334ms, Turnaround: 1398ms, Thread: pool-31-thread-2
Processed Task 86 (LOW) | Wait: 1398ms, Turnaround: 1450ms, Thread: pool-31-thread-3
Processed Task 34 (HIGH) | Wait: 1398ms, Turnaround: 1450ms, Thread: pool-31-thread-1
Processed Task 73 (MEDIUM) | Wait: 1398ms, Turnaround: 1450ms, Thread: pool-31-thread-2
Processed Task 93 (LOW) | Wait: 1450ms, Turnaround: 1502ms, Thread: pool-31-thread-3
Processed Task 33 (HIGH) | Wait: 1450ms, Turnaround: 1517ms, Thread: pool-31-thread-1
Processed Task 78 (MEDIUM) | Wait: 1450ms, Turnaround: 1523ms, Thread: pool-31-thread-2
Processed Task 94 (LOW) | Wait: 1506ms, Turnaround: 1564ms, Thread: pool-31-thread-3
Processed Task 32 (HIGH) | Wait: 1533ms, Turnaround: 1584ms, Thread: pool-31-thread-1
Processed Task 84 (MEDIUM) | Wait: 1533ms, Turnaround: 1584ms, Thread: pool-31-thread-2
Processed Task 95 (LOW) | Wait: 1564ms, Turnaround: 1623ms, Thread: pool-31-thread-3
Processed Task 29 (HIGH) | Wait: 1584ms, Turnaround: 1639ms, Thread: pool-31-thread-1
Processed Task 89 (MEDIUM) | Wait: 1584ms, Turnaround: 1639ms, Thread: pool-31-thread-2
Processed Task 97 (LOW) | Wait: 1623ms, Turnaround: 1680ms, Thread: pool-31-thread-3
Processed Task 27 (HIGH) | Wait: 1639ms, Turnaround: 1694ms, Thread: pool-31-thread-1
Processed Task 90 (MEDIUM) | Wait: 1639ms, Turnaround: 1694ms, Thread: pool-31-thread-2
Processed Task 23 (HIGH) | Wait: 1694ms, Turnaround: 1747ms, Thread: pool-31-thread-1
Processed Task 92 (MEDIUM) | Wait: 1694ms, Turnaround: 1747ms, Thread: pool-31-thread-2
Processed Task 96 (MEDIUM) | Wait: 1747ms, Turnaround: 1797ms, Thread: pool-31-thread-2
Processed Task 21 (HIGH) | Wait: 1747ms, Turnaround: 1797ms, Thread: pool-31-thread-1
Processed Task 98 (MEDIUM) | Wait: 1797ms, Turnaround: 1850ms, Thread: pool-31-thread-2
Processed Task 20 (HIGH) | Wait: 1797ms, Turnaround: 1850ms, Thread: pool-31-thread-1
Processed Task 19 (HIGH) | Wait: 1850ms, Turnaround: 1902ms, Thread: pool-31-thread-1
Processed Task 13 (HIGH) | Wait: 1902ms, Turnaround: 1959ms, Thread: pool-31-thread-1
Processed Task 11 (HIGH) | Wait: 1959ms, Turnaround: 2013ms, Thread: pool-31-thread-1
Processed Task 9 (HIGH) | Wait: 2013ms, Turnaround: 2068ms, Thread: pool-31-thread-1

----- RESULTS FOR THIS RUN -----
Tasks processed: 100
Total elapsed: 2.07 s
Throughput: 48.36 tasks/s

Wait Time (ms):
  Min = 0
  Max = 2013
  Avg = 919.64
  StdDev = 547.08

Turnaround Time (ms):
  Min = 57
  Max = 2068
  Avg = 975.32
  StdDev = 545.97
------------------------------


=============================
Starting run 31 of 50
=============================
Processed Task 98 (HIGH) | Wait: 1ms, Turnaround: 60ms, Thread: pool-32-thread-1
Processed Task 2 (LOW) | Wait: 1ms, Turnaround: 60ms, Thread: pool-32-thread-3
Processed Task 1 (MEDIUM) | Wait: 1ms, Turnaround: 60ms, Thread: pool-32-thread-2
Processed Task 5 (MEDIUM) | Wait: 60ms, Turnaround: 111ms, Thread: pool-32-thread-2
Processed Task 3 (LOW) | Wait: 60ms, Turnaround: 111ms, Thread: pool-32-thread-3
Processed Task 94 (HIGH) | Wait: 60ms, Turnaround: 111ms, Thread: pool-32-thread-1
Processed Task 6 (LOW) | Wait: 111ms, Turnaround: 167ms, Thread: pool-32-thread-3
Processed Task 93 (HIGH) | Wait: 111ms, Turnaround: 167ms, Thread: pool-32-thread-1
Processed Task 8 (MEDIUM) | Wait: 111ms, Turnaround: 167ms, Thread: pool-32-thread-2
Processed Task 18 (MEDIUM) | Wait: 167ms, Turnaround: 218ms, Thread: pool-32-thread-2
Processed Task 90 (HIGH) | Wait: 167ms, Turnaround: 218ms, Thread: pool-32-thread-1
Processed Task 7 (LOW) | Wait: 167ms, Turnaround: 218ms, Thread: pool-32-thread-3
Processed Task 87 (HIGH) | Wait: 218ms, Turnaround: 278ms, Thread: pool-32-thread-1
Processed Task 9 (LOW) | Wait: 218ms, Turnaround: 278ms, Thread: pool-32-thread-3
Processed Task 19 (MEDIUM) | Wait: 218ms, Turnaround: 278ms, Thread: pool-32-thread-2
Processed Task 82 (HIGH) | Wait: 278ms, Turnaround: 333ms, Thread: pool-32-thread-1
Processed Task 24 (MEDIUM) | Wait: 278ms, Turnaround: 333ms, Thread: pool-32-thread-2
Processed Task 10 (LOW) | Wait: 278ms, Turnaround: 333ms, Thread: pool-32-thread-3
Processed Task 25 (MEDIUM) | Wait: 333ms, Turnaround: 395ms, Thread: pool-32-thread-2
Processed Task 13 (LOW) | Wait: 333ms, Turnaround: 395ms, Thread: pool-32-thread-3
Processed Task 81 (HIGH) | Wait: 333ms, Turnaround: 395ms, Thread: pool-32-thread-1
Processed Task 80 (HIGH) | Wait: 395ms, Turnaround: 458ms, Thread: pool-32-thread-1
Processed Task 26 (MEDIUM) | Wait: 395ms, Turnaround: 458ms, Thread: pool-32-thread-2
Processed Task 15 (LOW) | Wait: 395ms, Turnaround: 458ms, Thread: pool-32-thread-3
Processed Task 79 (HIGH) | Wait: 458ms, Turnaround: 515ms, Thread: pool-32-thread-1
Processed Task 17 (LOW) | Wait: 458ms, Turnaround: 515ms, Thread: pool-32-thread-3
Processed Task 29 (MEDIUM) | Wait: 458ms, Turnaround: 515ms, Thread: pool-32-thread-2
Processed Task 31 (MEDIUM) | Wait: 515ms, Turnaround: 569ms, Thread: pool-32-thread-2
Processed Task 22 (LOW) | Wait: 515ms, Turnaround: 569ms, Thread: pool-32-thread-3
Processed Task 78 (HIGH) | Wait: 515ms, Turnaround: 569ms, Thread: pool-32-thread-1
Processed Task 32 (MEDIUM) | Wait: 569ms, Turnaround: 633ms, Thread: pool-32-thread-2
Processed Task 23 (LOW) | Wait: 569ms, Turnaround: 633ms, Thread: pool-32-thread-3
Processed Task 75 (HIGH) | Wait: 569ms, Turnaround: 633ms, Thread: pool-32-thread-1
Processed Task 70 (HIGH) | Wait: 633ms, Turnaround: 689ms, Thread: pool-32-thread-1
Processed Task 33 (LOW) | Wait: 633ms, Turnaround: 689ms, Thread: pool-32-thread-3
Processed Task 38 (MEDIUM) | Wait: 633ms, Turnaround: 689ms, Thread: pool-32-thread-2
Processed Task 39 (MEDIUM) | Wait: 689ms, Turnaround: 743ms, Thread: pool-32-thread-2
Processed Task 34 (LOW) | Wait: 689ms, Turnaround: 743ms, Thread: pool-32-thread-3
Processed Task 68 (HIGH) | Wait: 689ms, Turnaround: 743ms, Thread: pool-32-thread-1
Processed Task 57 (MEDIUM) | Wait: 743ms, Turnaround: 799ms, Thread: pool-32-thread-2
Processed Task 66 (HIGH) | Wait: 743ms, Turnaround: 799ms, Thread: pool-32-thread-1
Processed Task 42 (LOW) | Wait: 743ms, Turnaround: 799ms, Thread: pool-32-thread-3
Processed Task 64 (HIGH) | Wait: 799ms, Turnaround: 849ms, Thread: pool-32-thread-1
Processed Task 43 (LOW) | Wait: 799ms, Turnaround: 849ms, Thread: pool-32-thread-3
Processed Task 61 (MEDIUM) | Wait: 799ms, Turnaround: 849ms, Thread: pool-32-thread-2
Processed Task 63 (MEDIUM) | Wait: 849ms, Turnaround: 904ms, Thread: pool-32-thread-2
Processed Task 62 (HIGH) | Wait: 849ms, Turnaround: 904ms, Thread: pool-32-thread-1
Processed Task 44 (LOW) | Wait: 849ms, Turnaround: 904ms, Thread: pool-32-thread-3
Processed Task 45 (LOW) | Wait: 904ms, Turnaround: 954ms, Thread: pool-32-thread-3
Processed Task 59 (HIGH) | Wait: 904ms, Turnaround: 954ms, Thread: pool-32-thread-1
Processed Task 67 (MEDIUM) | Wait: 904ms, Turnaround: 954ms, Thread: pool-32-thread-2
Processed Task 72 (MEDIUM) | Wait: 954ms, Turnaround: 1006ms, Thread: pool-32-thread-2
Processed Task 58 (HIGH) | Wait: 954ms, Turnaround: 1006ms, Thread: pool-32-thread-1
Processed Task 50 (LOW) | Wait: 954ms, Turnaround: 1006ms, Thread: pool-32-thread-3
Processed Task 73 (MEDIUM) | Wait: 1006ms, Turnaround: 1062ms, Thread: pool-32-thread-2
Processed Task 52 (LOW) | Wait: 1006ms, Turnaround: 1062ms, Thread: pool-32-thread-3
Processed Task 55 (HIGH) | Wait: 1006ms, Turnaround: 1062ms, Thread: pool-32-thread-1
Processed Task 76 (MEDIUM) | Wait: 1062ms, Turnaround: 1117ms, Thread: pool-32-thread-2
Processed Task 54 (HIGH) | Wait: 1062ms, Turnaround: 1117ms, Thread: pool-32-thread-1
Processed Task 53 (LOW) | Wait: 1062ms, Turnaround: 1117ms, Thread: pool-32-thread-3
Processed Task 56 (LOW) | Wait: 1117ms, Turnaround: 1173ms, Thread: pool-32-thread-3
Processed Task 51 (HIGH) | Wait: 1117ms, Turnaround: 1173ms, Thread: pool-32-thread-1
Processed Task 83 (MEDIUM) | Wait: 1117ms, Turnaround: 1173ms, Thread: pool-32-thread-2
Processed Task 60 (LOW) | Wait: 1173ms, Turnaround: 1228ms, Thread: pool-32-thread-3
Processed Task 84 (MEDIUM) | Wait: 1173ms, Turnaround: 1228ms, Thread: pool-32-thread-2
Processed Task 49 (HIGH) | Wait: 1173ms, Turnaround: 1228ms, Thread: pool-32-thread-1
Processed Task 48 (HIGH) | Wait: 1228ms, Turnaround: 1279ms, Thread: pool-32-thread-1
Processed Task 85 (MEDIUM) | Wait: 1228ms, Turnaround: 1279ms, Thread: pool-32-thread-2
Processed Task 65 (LOW) | Wait: 1228ms, Turnaround: 1279ms, Thread: pool-32-thread-3
Processed Task 95 (MEDIUM) | Wait: 1279ms, Turnaround: 1332ms, Thread: pool-32-thread-2
Processed Task 69 (LOW) | Wait: 1279ms, Turnaround: 1332ms, Thread: pool-32-thread-3
Processed Task 47 (HIGH) | Wait: 1279ms, Turnaround: 1332ms, Thread: pool-32-thread-1
Processed Task 46 (HIGH) | Wait: 1332ms, Turnaround: 1388ms, Thread: pool-32-thread-1
Processed Task 71 (LOW) | Wait: 1332ms, Turnaround: 1388ms, Thread: pool-32-thread-3
Processed Task 99 (MEDIUM) | Wait: 1332ms, Turnaround: 1388ms, Thread: pool-32-thread-2
Processed Task 74 (LOW) | Wait: 1388ms, Turnaround: 1442ms, Thread: pool-32-thread-3
Processed Task 41 (HIGH) | Wait: 1388ms, Turnaround: 1442ms, Thread: pool-32-thread-1
Processed Task 77 (LOW) | Wait: 1442ms, Turnaround: 1492ms, Thread: pool-32-thread-3
Processed Task 40 (HIGH) | Wait: 1442ms, Turnaround: 1492ms, Thread: pool-32-thread-1
Processed Task 86 (LOW) | Wait: 1493ms, Turnaround: 1547ms, Thread: pool-32-thread-3
Processed Task 37 (HIGH) | Wait: 1493ms, Turnaround: 1547ms, Thread: pool-32-thread-1
Processed Task 88 (LOW) | Wait: 1547ms, Turnaround: 1604ms, Thread: pool-32-thread-3
Processed Task 36 (HIGH) | Wait: 1547ms, Turnaround: 1604ms, Thread: pool-32-thread-1
Processed Task 35 (HIGH) | Wait: 1604ms, Turnaround: 1658ms, Thread: pool-32-thread-1
Processed Task 89 (LOW) | Wait: 1604ms, Turnaround: 1658ms, Thread: pool-32-thread-3
Processed Task 30 (HIGH) | Wait: 1658ms, Turnaround: 1708ms, Thread: pool-32-thread-1
Processed Task 91 (LOW) | Wait: 1658ms, Turnaround: 1708ms, Thread: pool-32-thread-3
Processed Task 28 (HIGH) | Wait: 1708ms, Turnaround: 1764ms, Thread: pool-32-thread-1
Processed Task 92 (LOW) | Wait: 1708ms, Turnaround: 1764ms, Thread: pool-32-thread-3
Processed Task 27 (HIGH) | Wait: 1764ms, Turnaround: 1819ms, Thread: pool-32-thread-1
Processed Task 96 (LOW) | Wait: 1764ms, Turnaround: 1819ms, Thread: pool-32-thread-3
Processed Task 97 (LOW) | Wait: 1819ms, Turnaround: 1871ms, Thread: pool-32-thread-3
Processed Task 21 (HIGH) | Wait: 1819ms, Turnaround: 1871ms, Thread: pool-32-thread-1
Processed Task 100 (LOW) | Wait: 1871ms, Turnaround: 1923ms, Thread: pool-32-thread-3
Processed Task 20 (HIGH) | Wait: 1871ms, Turnaround: 1923ms, Thread: pool-32-thread-1
Processed Task 16 (HIGH) | Wait: 1923ms, Turnaround: 1979ms, Thread: pool-32-thread-1
Processed Task 14 (HIGH) | Wait: 1979ms, Turnaround: 2034ms, Thread: pool-32-thread-1
Processed Task 12 (HIGH) | Wait: 2034ms, Turnaround: 2090ms, Thread: pool-32-thread-1
Processed Task 11 (HIGH) | Wait: 2090ms, Turnaround: 2145ms, Thread: pool-32-thread-1
Processed Task 4 (HIGH) | Wait: 2145ms, Turnaround: 2195ms, Thread: pool-32-thread-1

----- RESULTS FOR THIS RUN -----
Tasks processed: 100
Total elapsed: 2.20 s
Throughput: 45.56 tasks/s

Wait Time (ms):
  Min = 1
  Max = 2145
  Avg = 933.78
  StdDev = 577.86

Turnaround Time (ms):
  Min = 60
  Max = 2195
  Avg = 988.79
  StdDev = 576.65
------------------------------


=============================
Starting run 32 of 50
=============================
Processed Task 3 (LOW) | Wait: 0ms, Turnaround: 53ms, Thread: pool-33-thread-3
Processed Task 1 (MEDIUM) | Wait: 0ms, Turnaround: 53ms, Thread: pool-33-thread-2
Processed Task 94 (HIGH) | Wait: 0ms, Turnaround: 53ms, Thread: pool-33-thread-1
Processed Task 4 (LOW) | Wait: 54ms, Turnaround: 109ms, Thread: pool-33-thread-3
Processed Task 2 (MEDIUM) | Wait: 54ms, Turnaround: 109ms, Thread: pool-33-thread-2
Processed Task 91 (HIGH) | Wait: 54ms, Turnaround: 109ms, Thread: pool-33-thread-1
Processed Task 76 (HIGH) | Wait: 109ms, Turnaround: 165ms, Thread: pool-33-thread-1
Processed Task 6 (MEDIUM) | Wait: 109ms, Turnaround: 165ms, Thread: pool-33-thread-2
Processed Task 7 (LOW) | Wait: 109ms, Turnaround: 165ms, Thread: pool-33-thread-3
Processed Task 75 (HIGH) | Wait: 165ms, Turnaround: 222ms, Thread: pool-33-thread-1
Processed Task 9 (LOW) | Wait: 165ms, Turnaround: 222ms, Thread: pool-33-thread-3
Processed Task 8 (MEDIUM) | Wait: 165ms, Turnaround: 222ms, Thread: pool-33-thread-2
Processed Task 10 (LOW) | Wait: 222ms, Turnaround: 276ms, Thread: pool-33-thread-3
Processed Task 12 (MEDIUM) | Wait: 222ms, Turnaround: 276ms, Thread: pool-33-thread-2
Processed Task 71 (HIGH) | Wait: 222ms, Turnaround: 276ms, Thread: pool-33-thread-1
Processed Task 17 (MEDIUM) | Wait: 276ms, Turnaround: 332ms, Thread: pool-33-thread-2
Processed Task 61 (HIGH) | Wait: 276ms, Turnaround: 332ms, Thread: pool-33-thread-1
Processed Task 14 (LOW) | Wait: 276ms, Turnaround: 332ms, Thread: pool-33-thread-3
Processed Task 18 (MEDIUM) | Wait: 332ms, Turnaround: 386ms, Thread: pool-33-thread-2
Processed Task 60 (HIGH) | Wait: 332ms, Turnaround: 386ms, Thread: pool-33-thread-1
Processed Task 16 (LOW) | Wait: 332ms, Turnaround: 386ms, Thread: pool-33-thread-3
Processed Task 26 (MEDIUM) | Wait: 386ms, Turnaround: 442ms, Thread: pool-33-thread-2
Processed Task 19 (LOW) | Wait: 386ms, Turnaround: 442ms, Thread: pool-33-thread-3
Processed Task 59 (HIGH) | Wait: 386ms, Turnaround: 442ms, Thread: pool-33-thread-1
Processed Task 20 (LOW) | Wait: 442ms, Turnaround: 500ms, Thread: pool-33-thread-3
Processed Task 30 (MEDIUM) | Wait: 442ms, Turnaround: 500ms, Thread: pool-33-thread-2
Processed Task 56 (HIGH) | Wait: 442ms, Turnaround: 500ms, Thread: pool-33-thread-1
Processed Task 52 (HIGH) | Wait: 500ms, Turnaround: 553ms, Thread: pool-33-thread-1
Processed Task 24 (LOW) | Wait: 500ms, Turnaround: 553ms, Thread: pool-33-thread-3
Processed Task 31 (MEDIUM) | Wait: 500ms, Turnaround: 553ms, Thread: pool-33-thread-2
Processed Task 32 (MEDIUM) | Wait: 553ms, Turnaround: 610ms, Thread: pool-33-thread-2
Processed Task 51 (HIGH) | Wait: 553ms, Turnaround: 610ms, Thread: pool-33-thread-1
Processed Task 28 (LOW) | Wait: 553ms, Turnaround: 610ms, Thread: pool-33-thread-3
Processed Task 36 (MEDIUM) | Wait: 610ms, Turnaround: 664ms, Thread: pool-33-thread-2
Processed Task 50 (HIGH) | Wait: 610ms, Turnaround: 664ms, Thread: pool-33-thread-1
Processed Task 29 (LOW) | Wait: 610ms, Turnaround: 664ms, Thread: pool-33-thread-3
Processed Task 37 (MEDIUM) | Wait: 664ms, Turnaround: 720ms, Thread: pool-33-thread-2
Processed Task 49 (HIGH) | Wait: 664ms, Turnaround: 720ms, Thread: pool-33-thread-1
Processed Task 33 (LOW) | Wait: 664ms, Turnaround: 720ms, Thread: pool-33-thread-3
Processed Task 47 (HIGH) | Wait: 720ms, Turnaround: 777ms, Thread: pool-33-thread-1
Processed Task 35 (LOW) | Wait: 720ms, Turnaround: 777ms, Thread: pool-33-thread-3
Processed Task 40 (MEDIUM) | Wait: 720ms, Turnaround: 777ms, Thread: pool-33-thread-2
Processed Task 38 (LOW) | Wait: 777ms, Turnaround: 838ms, Thread: pool-33-thread-3
Processed Task 34 (HIGH) | Wait: 777ms, Turnaround: 838ms, Thread: pool-33-thread-1
Processed Task 43 (MEDIUM) | Wait: 777ms, Turnaround: 838ms, Thread: pool-33-thread-2
Processed Task 27 (HIGH) | Wait: 838ms, Turnaround: 893ms, Thread: pool-33-thread-1
Processed Task 44 (MEDIUM) | Wait: 838ms, Turnaround: 893ms, Thread: pool-33-thread-2
Processed Task 39 (LOW) | Wait: 838ms, Turnaround: 893ms, Thread: pool-33-thread-3
Processed Task 25 (HIGH) | Wait: 893ms, Turnaround: 950ms, Thread: pool-33-thread-1
Processed Task 46 (MEDIUM) | Wait: 893ms, Turnaround: 950ms, Thread: pool-33-thread-2
Processed Task 41 (LOW) | Wait: 893ms, Turnaround: 950ms, Thread: pool-33-thread-3
Processed Task 42 (LOW) | Wait: 950ms, Turnaround: 1005ms, Thread: pool-33-thread-3
Processed Task 23 (HIGH) | Wait: 950ms, Turnaround: 1005ms, Thread: pool-33-thread-1
Processed Task 48 (MEDIUM) | Wait: 950ms, Turnaround: 1005ms, Thread: pool-33-thread-2
Processed Task 45 (LOW) | Wait: 1005ms, Turnaround: 1061ms, Thread: pool-33-thread-3
Processed Task 22 (HIGH) | Wait: 1005ms, Turnaround: 1061ms, Thread: pool-33-thread-1
Processed Task 57 (MEDIUM) | Wait: 1005ms, Turnaround: 1061ms, Thread: pool-33-thread-2
Processed Task 21 (HIGH) | Wait: 1061ms, Turnaround: 1116ms, Thread: pool-33-thread-1
Processed Task 53 (LOW) | Wait: 1061ms, Turnaround: 1116ms, Thread: pool-33-thread-3
Processed Task 58 (MEDIUM) | Wait: 1061ms, Turnaround: 1116ms, Thread: pool-33-thread-2
Processed Task 15 (HIGH) | Wait: 1116ms, Turnaround: 1174ms, Thread: pool-33-thread-1
Processed Task 62 (MEDIUM) | Wait: 1116ms, Turnaround: 1174ms, Thread: pool-33-thread-2
Processed Task 54 (LOW) | Wait: 1116ms, Turnaround: 1174ms, Thread: pool-33-thread-3
Processed Task 13 (HIGH) | Wait: 1174ms, Turnaround: 1229ms, Thread: pool-33-thread-1
Processed Task 63 (MEDIUM) | Wait: 1174ms, Turnaround: 1229ms, Thread: pool-33-thread-2
Processed Task 55 (LOW) | Wait: 1174ms, Turnaround: 1229ms, Thread: pool-33-thread-3
Processed Task 11 (HIGH) | Wait: 1229ms, Turnaround: 1291ms, Thread: pool-33-thread-1
Processed Task 65 (MEDIUM) | Wait: 1229ms, Turnaround: 1291ms, Thread: pool-33-thread-2
Processed Task 64 (LOW) | Wait: 1229ms, Turnaround: 1291ms, Thread: pool-33-thread-3
Processed Task 67 (LOW) | Wait: 1291ms, Turnaround: 1354ms, Thread: pool-33-thread-3
Processed Task 5 (HIGH) | Wait: 1291ms, Turnaround: 1354ms, Thread: pool-33-thread-1
Processed Task 66 (MEDIUM) | Wait: 1291ms, Turnaround: 1354ms, Thread: pool-33-thread-2
Processed Task 68 (LOW) | Wait: 1354ms, Turnaround: 1418ms, Thread: pool-33-thread-3
Processed Task 69 (MEDIUM) | Wait: 1354ms, Turnaround: 1418ms, Thread: pool-33-thread-2
Processed Task 73 (LOW) | Wait: 1418ms, Turnaround: 1482ms, Thread: pool-33-thread-3
Processed Task 70 (MEDIUM) | Wait: 1418ms, Turnaround: 1482ms, Thread: pool-33-thread-2
Processed Task 72 (MEDIUM) | Wait: 1482ms, Turnaround: 1546ms, Thread: pool-33-thread-2
Processed Task 78 (LOW) | Wait: 1482ms, Turnaround: 1546ms, Thread: pool-33-thread-3
Processed Task 79 (LOW) | Wait: 1546ms, Turnaround: 1610ms, Thread: pool-33-thread-3
Processed Task 74 (MEDIUM) | Wait: 1546ms, Turnaround: 1610ms, Thread: pool-33-thread-2
Processed Task 80 (LOW) | Wait: 1610ms, Turnaround: 1675ms, Thread: pool-33-thread-3
Processed Task 77 (MEDIUM) | Wait: 1610ms, Turnaround: 1675ms, Thread: pool-33-thread-2
Processed Task 83 (LOW) | Wait: 1675ms, Turnaround: 1740ms, Thread: pool-33-thread-3
Processed Task 81 (MEDIUM) | Wait: 1675ms, Turnaround: 1740ms, Thread: pool-33-thread-2
Processed Task 82 (MEDIUM) | Wait: 1740ms, Turnaround: 1804ms, Thread: pool-33-thread-2
Processed Task 84 (LOW) | Wait: 1740ms, Turnaround: 1804ms, Thread: pool-33-thread-3
Processed Task 85 (MEDIUM) | Wait: 1804ms, Turnaround: 1869ms, Thread: pool-33-thread-2
Processed Task 86 (LOW) | Wait: 1804ms, Turnaround: 1869ms, Thread: pool-33-thread-3
Processed Task 88 (LOW) | Wait: 1869ms, Turnaround: 1933ms, Thread: pool-33-thread-3
Processed Task 87 (MEDIUM) | Wait: 1869ms, Turnaround: 1933ms, Thread: pool-33-thread-2
Processed Task 92 (MEDIUM) | Wait: 1933ms, Turnaround: 1997ms, Thread: pool-33-thread-2
Processed Task 89 (LOW) | Wait: 1933ms, Turnaround: 1997ms, Thread: pool-33-thread-3
Processed Task 98 (MEDIUM) | Wait: 1997ms, Turnaround: 2060ms, Thread: pool-33-thread-2
Processed Task 90 (LOW) | Wait: 1997ms, Turnaround: 2060ms, Thread: pool-33-thread-3
Processed Task 99 (MEDIUM) | Wait: 2060ms, Turnaround: 2123ms, Thread: pool-33-thread-2
Processed Task 93 (LOW) | Wait: 2060ms, Turnaround: 2123ms, Thread: pool-33-thread-3
Processed Task 95 (LOW) | Wait: 2123ms, Turnaround: 2188ms, Thread: pool-33-thread-3
Processed Task 100 (MEDIUM) | Wait: 2123ms, Turnaround: 2188ms, Thread: pool-33-thread-2
Processed Task 96 (LOW) | Wait: 2188ms, Turnaround: 2253ms, Thread: pool-33-thread-3
Processed Task 97 (LOW) | Wait: 2253ms, Turnaround: 2318ms, Thread: pool-33-thread-3

----- RESULTS FOR THIS RUN -----
Tasks processed: 100
Total elapsed: 2.32 s
Throughput: 43.14 tasks/s

Wait Time (ms):
  Min = 0
  Max = 2253
  Avg = 957.64
  StdDev = 621.84

Turnaround Time (ms):
  Min = 53
  Max = 2318
  Avg = 1016.21
  StdDev = 625.31
------------------------------


=============================
Starting run 33 of 50
=============================
Processed Task 1 (LOW) | Wait: 0ms, Turnaround: 65ms, Thread: pool-34-thread-3
Processed Task 6 (MEDIUM) | Wait: 0ms, Turnaround: 65ms, Thread: pool-34-thread-2
Processed Task 99 (HIGH) | Wait: 0ms, Turnaround: 65ms, Thread: pool-34-thread-1
Processed Task 3 (LOW) | Wait: 65ms, Turnaround: 129ms, Thread: pool-34-thread-3
Processed Task 10 (MEDIUM) | Wait: 65ms, Turnaround: 129ms, Thread: pool-34-thread-2
Processed Task 98 (HIGH) | Wait: 65ms, Turnaround: 129ms, Thread: pool-34-thread-1
Processed Task 5 (LOW) | Wait: 129ms, Turnaround: 193ms, Thread: pool-34-thread-3
Processed Task 14 (MEDIUM) | Wait: 129ms, Turnaround: 193ms, Thread: pool-34-thread-2
Processed Task 97 (HIGH) | Wait: 129ms, Turnaround: 193ms, Thread: pool-34-thread-1
Processed Task 16 (MEDIUM) | Wait: 193ms, Turnaround: 257ms, Thread: pool-34-thread-2
Processed Task 7 (LOW) | Wait: 193ms, Turnaround: 257ms, Thread: pool-34-thread-3
Processed Task 96 (HIGH) | Wait: 193ms, Turnaround: 257ms, Thread: pool-34-thread-1
Processed Task 8 (LOW) | Wait: 257ms, Turnaround: 321ms, Thread: pool-34-thread-3
Processed Task 19 (MEDIUM) | Wait: 257ms, Turnaround: 321ms, Thread: pool-34-thread-2
Processed Task 95 (HIGH) | Wait: 257ms, Turnaround: 321ms, Thread: pool-34-thread-1
Processed Task 94 (HIGH) | Wait: 321ms, Turnaround: 386ms, Thread: pool-34-thread-1
Processed Task 20 (MEDIUM) | Wait: 321ms, Turnaround: 386ms, Thread: pool-34-thread-2
Processed Task 9 (LOW) | Wait: 321ms, Turnaround: 386ms, Thread: pool-34-thread-3
Processed Task 12 (LOW) | Wait: 386ms, Turnaround: 451ms, Thread: pool-34-thread-3
Processed Task 24 (MEDIUM) | Wait: 386ms, Turnaround: 451ms, Thread: pool-34-thread-2
Processed Task 92 (HIGH) | Wait: 386ms, Turnaround: 451ms, Thread: pool-34-thread-1
Processed Task 90 (HIGH) | Wait: 451ms, Turnaround: 515ms, Thread: pool-34-thread-1
Processed Task 13 (LOW) | Wait: 451ms, Turnaround: 515ms, Thread: pool-34-thread-3
Processed Task 30 (MEDIUM) | Wait: 451ms, Turnaround: 515ms, Thread: pool-34-thread-2
Processed Task 22 (LOW) | Wait: 515ms, Turnaround: 579ms, Thread: pool-34-thread-3
Processed Task 89 (HIGH) | Wait: 515ms, Turnaround: 579ms, Thread: pool-34-thread-1
Processed Task 31 (MEDIUM) | Wait: 515ms, Turnaround: 579ms, Thread: pool-34-thread-2
Processed Task 86 (HIGH) | Wait: 579ms, Turnaround: 644ms, Thread: pool-34-thread-1
Processed Task 32 (MEDIUM) | Wait: 579ms, Turnaround: 644ms, Thread: pool-34-thread-2
Processed Task 25 (LOW) | Wait: 579ms, Turnaround: 644ms, Thread: pool-34-thread-3
Processed Task 85 (HIGH) | Wait: 644ms, Turnaround: 708ms, Thread: pool-34-thread-1
Processed Task 27 (LOW) | Wait: 644ms, Turnaround: 708ms, Thread: pool-34-thread-3
Processed Task 33 (MEDIUM) | Wait: 644ms, Turnaround: 708ms, Thread: pool-34-thread-2
Processed Task 29 (LOW) | Wait: 708ms, Turnaround: 772ms, Thread: pool-34-thread-3
Processed Task 36 (MEDIUM) | Wait: 708ms, Turnaround: 772ms, Thread: pool-34-thread-2
Processed Task 82 (HIGH) | Wait: 708ms, Turnaround: 772ms, Thread: pool-34-thread-1
Processed Task 34 (LOW) | Wait: 772ms, Turnaround: 836ms, Thread: pool-34-thread-3
Processed Task 39 (MEDIUM) | Wait: 772ms, Turnaround: 836ms, Thread: pool-34-thread-2
Processed Task 81 (HIGH) | Wait: 772ms, Turnaround: 836ms, Thread: pool-34-thread-1
Processed Task 78 (HIGH) | Wait: 836ms, Turnaround: 901ms, Thread: pool-34-thread-1
Processed Task 38 (LOW) | Wait: 836ms, Turnaround: 901ms, Thread: pool-34-thread-3
Processed Task 45 (MEDIUM) | Wait: 836ms, Turnaround: 901ms, Thread: pool-34-thread-2
Processed Task 77 (HIGH) | Wait: 901ms, Turnaround: 964ms, Thread: pool-34-thread-1
Processed Task 40 (LOW) | Wait: 901ms, Turnaround: 964ms, Thread: pool-34-thread-3
Processed Task 47 (MEDIUM) | Wait: 901ms, Turnaround: 964ms, Thread: pool-34-thread-2
Processed Task 41 (LOW) | Wait: 964ms, Turnaround: 1028ms, Thread: pool-34-thread-3
Processed Task 51 (MEDIUM) | Wait: 964ms, Turnaround: 1028ms, Thread: pool-34-thread-2
Processed Task 70 (HIGH) | Wait: 964ms, Turnaround: 1028ms, Thread: pool-34-thread-1
Processed Task 52 (MEDIUM) | Wait: 1028ms, Turnaround: 1092ms, Thread: pool-34-thread-2
Processed Task 44 (LOW) | Wait: 1028ms, Turnaround: 1092ms, Thread: pool-34-thread-3
Processed Task 69 (HIGH) | Wait: 1028ms, Turnaround: 1092ms, Thread: pool-34-thread-1
Processed Task 62 (HIGH) | Wait: 1092ms, Turnaround: 1156ms, Thread: pool-34-thread-1
Processed Task 49 (LOW) | Wait: 1092ms, Turnaround: 1156ms, Thread: pool-34-thread-3
Processed Task 54 (MEDIUM) | Wait: 1092ms, Turnaround: 1156ms, Thread: pool-34-thread-2
Processed Task 58 (MEDIUM) | Wait: 1156ms, Turnaround: 1221ms, Thread: pool-34-thread-2
Processed Task 55 (LOW) | Wait: 1156ms, Turnaround: 1221ms, Thread: pool-34-thread-3
Processed Task 61 (HIGH) | Wait: 1156ms, Turnaround: 1221ms, Thread: pool-34-thread-1
Processed Task 57 (HIGH) | Wait: 1221ms, Turnaround: 1285ms, Thread: pool-34-thread-1
Processed Task 59 (LOW) | Wait: 1221ms, Turnaround: 1285ms, Thread: pool-34-thread-3
Processed Task 65 (MEDIUM) | Wait: 1221ms, Turnaround: 1285ms, Thread: pool-34-thread-2
Processed Task 60 (LOW) | Wait: 1285ms, Turnaround: 1350ms, Thread: pool-34-thread-3
Processed Task 56 (HIGH) | Wait: 1285ms, Turnaround: 1350ms, Thread: pool-34-thread-1
Processed Task 72 (MEDIUM) | Wait: 1285ms, Turnaround: 1350ms, Thread: pool-34-thread-2
Processed Task 63 (LOW) | Wait: 1350ms, Turnaround: 1414ms, Thread: pool-34-thread-3
Processed Task 53 (HIGH) | Wait: 1350ms, Turnaround: 1414ms, Thread: pool-34-thread-1
Processed Task 75 (MEDIUM) | Wait: 1350ms, Turnaround: 1414ms, Thread: pool-34-thread-2
Processed Task 80 (MEDIUM) | Wait: 1414ms, Turnaround: 1478ms, Thread: pool-34-thread-2
Processed Task 64 (LOW) | Wait: 1414ms, Turnaround: 1478ms, Thread: pool-34-thread-3
Processed Task 50 (HIGH) | Wait: 1414ms, Turnaround: 1478ms, Thread: pool-34-thread-1
Processed Task 48 (HIGH) | Wait: 1478ms, Turnaround: 1542ms, Thread: pool-34-thread-1
Processed Task 83 (MEDIUM) | Wait: 1478ms, Turnaround: 1542ms, Thread: pool-34-thread-2
Processed Task 66 (LOW) | Wait: 1478ms, Turnaround: 1542ms, Thread: pool-34-thread-3
Processed Task 84 (MEDIUM) | Wait: 1542ms, Turnaround: 1607ms, Thread: pool-34-thread-2
Processed Task 46 (HIGH) | Wait: 1542ms, Turnaround: 1607ms, Thread: pool-34-thread-1
Processed Task 67 (LOW) | Wait: 1542ms, Turnaround: 1607ms, Thread: pool-34-thread-3
Processed Task 91 (MEDIUM) | Wait: 1607ms, Turnaround: 1672ms, Thread: pool-34-thread-2
Processed Task 43 (HIGH) | Wait: 1607ms, Turnaround: 1672ms, Thread: pool-34-thread-1
Processed Task 68 (LOW) | Wait: 1607ms, Turnaround: 1672ms, Thread: pool-34-thread-3
Processed Task 71 (LOW) | Wait: 1672ms, Turnaround: 1736ms, Thread: pool-34-thread-3
Processed Task 100 (MEDIUM) | Wait: 1672ms, Turnaround: 1736ms, Thread: pool-34-thread-2
Processed Task 42 (HIGH) | Wait: 1672ms, Turnaround: 1736ms, Thread: pool-34-thread-1
Processed Task 73 (LOW) | Wait: 1736ms, Turnaround: 1800ms, Thread: pool-34-thread-3
Processed Task 37 (HIGH) | Wait: 1736ms, Turnaround: 1800ms, Thread: pool-34-thread-1
Processed Task 35 (HIGH) | Wait: 1800ms, Turnaround: 1865ms, Thread: pool-34-thread-1
Processed Task 74 (LOW) | Wait: 1800ms, Turnaround: 1865ms, Thread: pool-34-thread-3
Processed Task 28 (HIGH) | Wait: 1865ms, Turnaround: 1930ms, Thread: pool-34-thread-1
Processed Task 76 (LOW) | Wait: 1865ms, Turnaround: 1930ms, Thread: pool-34-thread-3
Processed Task 79 (LOW) | Wait: 1930ms, Turnaround: 1995ms, Thread: pool-34-thread-3
Processed Task 26 (HIGH) | Wait: 1930ms, Turnaround: 1995ms, Thread: pool-34-thread-1
Processed Task 87 (LOW) | Wait: 1995ms, Turnaround: 2045ms, Thread: pool-34-thread-3
Processed Task 23 (HIGH) | Wait: 1995ms, Turnaround: 2045ms, Thread: pool-34-thread-1
Processed Task 21 (HIGH) | Wait: 2045ms, Turnaround: 2109ms, Thread: pool-34-thread-1
Processed Task 88 (LOW) | Wait: 2045ms, Turnaround: 2109ms, Thread: pool-34-thread-3
Processed Task 18 (HIGH) | Wait: 2109ms, Turnaround: 2174ms, Thread: pool-34-thread-1
Processed Task 93 (LOW) | Wait: 2109ms, Turnaround: 2174ms, Thread: pool-34-thread-3
Processed Task 17 (HIGH) | Wait: 2174ms, Turnaround: 2240ms, Thread: pool-34-thread-1
Processed Task 15 (HIGH) | Wait: 2240ms, Turnaround: 2304ms, Thread: pool-34-thread-1
Processed Task 11 (HIGH) | Wait: 2304ms, Turnaround: 2371ms, Thread: pool-34-thread-1
Processed Task 4 (HIGH) | Wait: 2371ms, Turnaround: 2436ms, Thread: pool-34-thread-1
Processed Task 2 (HIGH) | Wait: 2436ms, Turnaround: 2501ms, Thread: pool-34-thread-1

----- RESULTS FOR THIS RUN -----
Tasks processed: 100
Total elapsed: 2.50 s
Throughput: 39.98 tasks/s

Wait Time (ms):
  Min = 0
  Max = 2436
  Avg = 1061.83
  StdDev = 654.67

Turnaround Time (ms):
  Min = 65
  Max = 2501
  Avg = 1125.94
  StdDev = 654.43
------------------------------


=============================
Starting run 34 of 50
=============================
Processed Task 100 (HIGH) | Wait: 0ms, Turnaround: 65ms, Thread: pool-35-thread-1
Processed Task 1 (LOW) | Wait: 0ms, Turnaround: 65ms, Thread: pool-35-thread-3
Processed Task 9 (MEDIUM) | Wait: 0ms, Turnaround: 65ms, Thread: pool-35-thread-2
Processed Task 99 (HIGH) | Wait: 65ms, Turnaround: 131ms, Thread: pool-35-thread-1
Processed Task 2 (LOW) | Wait: 65ms, Turnaround: 131ms, Thread: pool-35-thread-3
Processed Task 13 (MEDIUM) | Wait: 65ms, Turnaround: 131ms, Thread: pool-35-thread-2
Processed Task 3 (LOW) | Wait: 131ms, Turnaround: 197ms, Thread: pool-35-thread-3
Processed Task 14 (MEDIUM) | Wait: 131ms, Turnaround: 197ms, Thread: pool-35-thread-2
Processed Task 98 (HIGH) | Wait: 131ms, Turnaround: 197ms, Thread: pool-35-thread-1
Processed Task 12 (LOW) | Wait: 197ms, Turnaround: 261ms, Thread: pool-35-thread-3
Processed Task 16 (MEDIUM) | Wait: 197ms, Turnaround: 261ms, Thread: pool-35-thread-2
Processed Task 94 (HIGH) | Wait: 197ms, Turnaround: 261ms, Thread: pool-35-thread-1
Processed Task 18 (LOW) | Wait: 261ms, Turnaround: 326ms, Thread: pool-35-thread-3
Processed Task 17 (MEDIUM) | Wait: 261ms, Turnaround: 326ms, Thread: pool-35-thread-2
Processed Task 89 (HIGH) | Wait: 261ms, Turnaround: 326ms, Thread: pool-35-thread-1
Processed Task 81 (HIGH) | Wait: 326ms, Turnaround: 390ms, Thread: pool-35-thread-1
Processed Task 23 (MEDIUM) | Wait: 326ms, Turnaround: 390ms, Thread: pool-35-thread-2
Processed Task 20 (LOW) | Wait: 326ms, Turnaround: 390ms, Thread: pool-35-thread-3
Processed Task 28 (MEDIUM) | Wait: 390ms, Turnaround: 455ms, Thread: pool-35-thread-2
Processed Task 21 (LOW) | Wait: 390ms, Turnaround: 455ms, Thread: pool-35-thread-3
Processed Task 78 (HIGH) | Wait: 390ms, Turnaround: 455ms, Thread: pool-35-thread-1
Processed Task 22 (LOW) | Wait: 455ms, Turnaround: 519ms, Thread: pool-35-thread-3
Processed Task 32 (MEDIUM) | Wait: 455ms, Turnaround: 519ms, Thread: pool-35-thread-2
Processed Task 74 (HIGH) | Wait: 455ms, Turnaround: 519ms, Thread: pool-35-thread-1
Processed Task 69 (HIGH) | Wait: 519ms, Turnaround: 585ms, Thread: pool-35-thread-1
Processed Task 24 (LOW) | Wait: 519ms, Turnaround: 585ms, Thread: pool-35-thread-3
Processed Task 35 (MEDIUM) | Wait: 519ms, Turnaround: 585ms, Thread: pool-35-thread-2
Processed Task 65 (HIGH) | Wait: 585ms, Turnaround: 650ms, Thread: pool-35-thread-1
Processed Task 37 (MEDIUM) | Wait: 585ms, Turnaround: 650ms, Thread: pool-35-thread-2
Processed Task 25 (LOW) | Wait: 585ms, Turnaround: 650ms, Thread: pool-35-thread-3
Processed Task 45 (MEDIUM) | Wait: 650ms, Turnaround: 714ms, Thread: pool-35-thread-2
Processed Task 64 (HIGH) | Wait: 650ms, Turnaround: 714ms, Thread: pool-35-thread-1
Processed Task 27 (LOW) | Wait: 650ms, Turnaround: 714ms, Thread: pool-35-thread-3
Processed Task 31 (LOW) | Wait: 714ms, Turnaround: 779ms, Thread: pool-35-thread-3
Processed Task 57 (HIGH) | Wait: 714ms, Turnaround: 779ms, Thread: pool-35-thread-1
Processed Task 47 (MEDIUM) | Wait: 714ms, Turnaround: 779ms, Thread: pool-35-thread-2
Processed Task 49 (MEDIUM) | Wait: 779ms, Turnaround: 842ms, Thread: pool-35-thread-2
Processed Task 53 (HIGH) | Wait: 779ms, Turnaround: 842ms, Thread: pool-35-thread-1
Processed Task 33 (LOW) | Wait: 779ms, Turnaround: 842ms, Thread: pool-35-thread-3
Processed Task 34 (LOW) | Wait: 842ms, Turnaround: 907ms, Thread: pool-35-thread-3
Processed Task 50 (MEDIUM) | Wait: 842ms, Turnaround: 907ms, Thread: pool-35-thread-2
Processed Task 52 (HIGH) | Wait: 842ms, Turnaround: 907ms, Thread: pool-35-thread-1
Processed Task 36 (LOW) | Wait: 907ms, Turnaround: 972ms, Thread: pool-35-thread-3
Processed Task 43 (HIGH) | Wait: 907ms, Turnaround: 972ms, Thread: pool-35-thread-1
Processed Task 55 (MEDIUM) | Wait: 907ms, Turnaround: 972ms, Thread: pool-35-thread-2
Processed Task 60 (MEDIUM) | Wait: 972ms, Turnaround: 1036ms, Thread: pool-35-thread-2
Processed Task 39 (LOW) | Wait: 972ms, Turnaround: 1036ms, Thread: pool-35-thread-3
Processed Task 38 (HIGH) | Wait: 972ms, Turnaround: 1036ms, Thread: pool-35-thread-1
Processed Task 61 (MEDIUM) | Wait: 1036ms, Turnaround: 1102ms, Thread: pool-35-thread-2
Processed Task 40 (LOW) | Wait: 1036ms, Turnaround: 1102ms, Thread: pool-35-thread-3
Processed Task 30 (HIGH) | Wait: 1036ms, Turnaround: 1102ms, Thread: pool-35-thread-1
Processed Task 41 (LOW) | Wait: 1102ms, Turnaround: 1166ms, Thread: pool-35-thread-3
Processed Task 63 (MEDIUM) | Wait: 1102ms, Turnaround: 1166ms, Thread: pool-35-thread-2
Processed Task 29 (HIGH) | Wait: 1102ms, Turnaround: 1166ms, Thread: pool-35-thread-1
Processed Task 26 (HIGH) | Wait: 1166ms, Turnaround: 1231ms, Thread: pool-35-thread-1
Processed Task 66 (MEDIUM) | Wait: 1166ms, Turnaround: 1231ms, Thread: pool-35-thread-2
Processed Task 42 (LOW) | Wait: 1166ms, Turnaround: 1231ms, Thread: pool-35-thread-3
Processed Task 44 (LOW) | Wait: 1231ms, Turnaround: 1296ms, Thread: pool-35-thread-3
Processed Task 67 (MEDIUM) | Wait: 1231ms, Turnaround: 1296ms, Thread: pool-35-thread-2
Processed Task 19 (HIGH) | Wait: 1231ms, Turnaround: 1296ms, Thread: pool-35-thread-1
Processed Task 15 (HIGH) | Wait: 1296ms, Turnaround: 1361ms, Thread: pool-35-thread-1
Processed Task 68 (MEDIUM) | Wait: 1296ms, Turnaround: 1361ms, Thread: pool-35-thread-2
Processed Task 46 (LOW) | Wait: 1296ms, Turnaround: 1361ms, Thread: pool-35-thread-3
Processed Task 70 (MEDIUM) | Wait: 1361ms, Turnaround: 1424ms, Thread: pool-35-thread-2
Processed Task 48 (LOW) | Wait: 1361ms, Turnaround: 1424ms, Thread: pool-35-thread-3
Processed Task 11 (HIGH) | Wait: 1361ms, Turnaround: 1424ms, Thread: pool-35-thread-1
Processed Task 71 (MEDIUM) | Wait: 1424ms, Turnaround: 1476ms, Thread: pool-35-thread-2
Processed Task 10 (HIGH) | Wait: 1424ms, Turnaround: 1476ms, Thread: pool-35-thread-1
Processed Task 51 (LOW) | Wait: 1424ms, Turnaround: 1476ms, Thread: pool-35-thread-3
Processed Task 72 (MEDIUM) | Wait: 1476ms, Turnaround: 1537ms, Thread: pool-35-thread-2
Processed Task 8 (HIGH) | Wait: 1476ms, Turnaround: 1537ms, Thread: pool-35-thread-1
Processed Task 54 (LOW) | Wait: 1476ms, Turnaround: 1537ms, Thread: pool-35-thread-3
Processed Task 75 (MEDIUM) | Wait: 1537ms, Turnaround: 1590ms, Thread: pool-35-thread-2
Processed Task 7 (HIGH) | Wait: 1537ms, Turnaround: 1590ms, Thread: pool-35-thread-1
Processed Task 56 (LOW) | Wait: 1537ms, Turnaround: 1590ms, Thread: pool-35-thread-3
Processed Task 76 (MEDIUM) | Wait: 1590ms, Turnaround: 1642ms, Thread: pool-35-thread-2
Processed Task 6 (HIGH) | Wait: 1590ms, Turnaround: 1642ms, Thread: pool-35-thread-1
Processed Task 58 (LOW) | Wait: 1590ms, Turnaround: 1642ms, Thread: pool-35-thread-3
Processed Task 5 (HIGH) | Wait: 1642ms, Turnaround: 1696ms, Thread: pool-35-thread-1
Processed Task 79 (MEDIUM) | Wait: 1642ms, Turnaround: 1696ms, Thread: pool-35-thread-2
Processed Task 59 (LOW) | Wait: 1642ms, Turnaround: 1696ms, Thread: pool-35-thread-3
Processed Task 4 (HIGH) | Wait: 1696ms, Turnaround: 1748ms, Thread: pool-35-thread-1
Processed Task 82 (MEDIUM) | Wait: 1696ms, Turnaround: 1748ms, Thread: pool-35-thread-2
Processed Task 62 (LOW) | Wait: 1696ms, Turnaround: 1748ms, Thread: pool-35-thread-3
Processed Task 73 (LOW) | Wait: 1748ms, Turnaround: 1799ms, Thread: pool-35-thread-3
Processed Task 85 (MEDIUM) | Wait: 1748ms, Turnaround: 1799ms, Thread: pool-35-thread-2
Processed Task 77 (LOW) | Wait: 1799ms, Turnaround: 1852ms, Thread: pool-35-thread-3
Processed Task 90 (MEDIUM) | Wait: 1799ms, Turnaround: 1852ms, Thread: pool-35-thread-2
Processed Task 92 (MEDIUM) | Wait: 1852ms, Turnaround: 1902ms, Thread: pool-35-thread-2
Processed Task 80 (LOW) | Wait: 1852ms, Turnaround: 1902ms, Thread: pool-35-thread-3
Processed Task 83 (LOW) | Wait: 1902ms, Turnaround: 1954ms, Thread: pool-35-thread-3
Processed Task 93 (MEDIUM) | Wait: 1902ms, Turnaround: 1954ms, Thread: pool-35-thread-2
Processed Task 96 (MEDIUM) | Wait: 1954ms, Turnaround: 2006ms, Thread: pool-35-thread-2
Processed Task 84 (LOW) | Wait: 1954ms, Turnaround: 2006ms, Thread: pool-35-thread-3
Processed Task 86 (LOW) | Wait: 2006ms, Turnaround: 2058ms, Thread: pool-35-thread-3
Processed Task 87 (LOW) | Wait: 2058ms, Turnaround: 2111ms, Thread: pool-35-thread-3
Processed Task 88 (LOW) | Wait: 2111ms, Turnaround: 2166ms, Thread: pool-35-thread-3
Processed Task 91 (LOW) | Wait: 2166ms, Turnaround: 2216ms, Thread: pool-35-thread-3
Processed Task 95 (LOW) | Wait: 2216ms, Turnaround: 2269ms, Thread: pool-35-thread-3
Processed Task 97 (LOW) | Wait: 2269ms, Turnaround: 2324ms, Thread: pool-35-thread-3

----- RESULTS FOR THIS RUN -----
Tasks processed: 100
Total elapsed: 2.32 s
Throughput: 43.03 tasks/s

Wait Time (ms):
  Min = 0
  Max = 2269
  Avg = 1043.86
  StdDev = 621.06

Turnaround Time (ms):
  Min = 65
  Max = 2324
  Avg = 1104.64
  StdDev = 616.39
------------------------------


=============================
Starting run 35 of 50
=============================
Processed Task 2 (MEDIUM) | Wait: 0ms, Turnaround: 53ms, Thread: pool-36-thread-2
Processed Task 100 (HIGH) | Wait: 0ms, Turnaround: 53ms, Thread: pool-36-thread-1
Processed Task 4 (LOW) | Wait: 0ms, Turnaround: 53ms, Thread: pool-36-thread-3
Processed Task 93 (HIGH) | Wait: 53ms, Turnaround: 106ms, Thread: pool-36-thread-1
Processed Task 5 (LOW) | Wait: 53ms, Turnaround: 106ms, Thread: pool-36-thread-3
Processed Task 8 (MEDIUM) | Wait: 53ms, Turnaround: 106ms, Thread: pool-36-thread-2
Processed Task 92 (HIGH) | Wait: 106ms, Turnaround: 165ms, Thread: pool-36-thread-1
Processed Task 6 (LOW) | Wait: 106ms, Turnaround: 165ms, Thread: pool-36-thread-3
Processed Task 9 (MEDIUM) | Wait: 106ms, Turnaround: 165ms, Thread: pool-36-thread-2
Processed Task 11 (MEDIUM) | Wait: 165ms, Turnaround: 219ms, Thread: pool-36-thread-2
Processed Task 7 (LOW) | Wait: 165ms, Turnaround: 219ms, Thread: pool-36-thread-3
Processed Task 91 (HIGH) | Wait: 165ms, Turnaround: 219ms, Thread: pool-36-thread-1
Processed Task 89 (HIGH) | Wait: 219ms, Turnaround: 272ms, Thread: pool-36-thread-1
Processed Task 13 (MEDIUM) | Wait: 219ms, Turnaround: 272ms, Thread: pool-36-thread-2
Processed Task 12 (LOW) | Wait: 219ms, Turnaround: 272ms, Thread: pool-36-thread-3
Processed Task 15 (MEDIUM) | Wait: 272ms, Turnaround: 326ms, Thread: pool-36-thread-2
Processed Task 81 (HIGH) | Wait: 272ms, Turnaround: 326ms, Thread: pool-36-thread-1
Processed Task 16 (LOW) | Wait: 272ms, Turnaround: 326ms, Thread: pool-36-thread-3
Processed Task 17 (MEDIUM) | Wait: 326ms, Turnaround: 376ms, Thread: pool-36-thread-2
Processed Task 77 (HIGH) | Wait: 326ms, Turnaround: 376ms, Thread: pool-36-thread-1
Processed Task 18 (LOW) | Wait: 326ms, Turnaround: 376ms, Thread: pool-36-thread-3
Processed Task 75 (HIGH) | Wait: 376ms, Turnaround: 430ms, Thread: pool-36-thread-1
Processed Task 20 (MEDIUM) | Wait: 376ms, Turnaround: 430ms, Thread: pool-36-thread-2
Processed Task 30 (LOW) | Wait: 376ms, Turnaround: 430ms, Thread: pool-36-thread-3
Processed Task 22 (MEDIUM) | Wait: 430ms, Turnaround: 494ms, Thread: pool-36-thread-2
Processed Task 74 (HIGH) | Wait: 430ms, Turnaround: 494ms, Thread: pool-36-thread-1
Processed Task 31 (LOW) | Wait: 430ms, Turnaround: 494ms, Thread: pool-36-thread-3
Processed Task 71 (HIGH) | Wait: 494ms, Turnaround: 554ms, Thread: pool-36-thread-1
Processed Task 26 (MEDIUM) | Wait: 494ms, Turnaround: 554ms, Thread: pool-36-thread-2
Processed Task 41 (LOW) | Wait: 494ms, Turnaround: 554ms, Thread: pool-36-thread-3
Processed Task 42 (LOW) | Wait: 554ms, Turnaround: 604ms, Thread: pool-36-thread-3
Processed Task 64 (HIGH) | Wait: 554ms, Turnaround: 604ms, Thread: pool-36-thread-1
Processed Task 28 (MEDIUM) | Wait: 554ms, Turnaround: 604ms, Thread: pool-36-thread-2
Processed Task 63 (HIGH) | Wait: 604ms, Turnaround: 655ms, Thread: pool-36-thread-1
Processed Task 44 (LOW) | Wait: 604ms, Turnaround: 655ms, Thread: pool-36-thread-3
Processed Task 29 (MEDIUM) | Wait: 605ms, Turnaround: 658ms, Thread: pool-36-thread-2
Processed Task 48 (LOW) | Wait: 655ms, Turnaround: 714ms, Thread: pool-36-thread-3
Processed Task 35 (MEDIUM) | Wait: 658ms, Turnaround: 714ms, Thread: pool-36-thread-2
Processed Task 56 (HIGH) | Wait: 655ms, Turnaround: 714ms, Thread: pool-36-thread-1
Processed Task 59 (LOW) | Wait: 714ms, Turnaround: 764ms, Thread: pool-36-thread-3
Processed Task 39 (MEDIUM) | Wait: 714ms, Turnaround: 764ms, Thread: pool-36-thread-2
Processed Task 55 (HIGH) | Wait: 714ms, Turnaround: 768ms, Thread: pool-36-thread-1
Processed Task 40 (MEDIUM) | Wait: 764ms, Turnaround: 822ms, Thread: pool-36-thread-2
Processed Task 53 (HIGH) | Wait: 768ms, Turnaround: 822ms, Thread: pool-36-thread-1
Processed Task 60 (LOW) | Wait: 764ms, Turnaround: 822ms, Thread: pool-36-thread-3
Processed Task 43 (MEDIUM) | Wait: 822ms, Turnaround: 872ms, Thread: pool-36-thread-2
Processed Task 51 (HIGH) | Wait: 822ms, Turnaround: 872ms, Thread: pool-36-thread-1
Processed Task 62 (LOW) | Wait: 822ms, Turnaround: 876ms, Thread: pool-36-thread-3
Processed Task 46 (MEDIUM) | Wait: 872ms, Turnaround: 930ms, Thread: pool-36-thread-2
Processed Task 50 (HIGH) | Wait: 872ms, Turnaround: 930ms, Thread: pool-36-thread-1
Processed Task 65 (LOW) | Wait: 876ms, Turnaround: 930ms, Thread: pool-36-thread-3
Processed Task 49 (HIGH) | Wait: 930ms, Turnaround: 980ms, Thread: pool-36-thread-1
Processed Task 47 (MEDIUM) | Wait: 930ms, Turnaround: 980ms, Thread: pool-36-thread-2
Processed Task 67 (LOW) | Wait: 930ms, Turnaround: 981ms, Thread: pool-36-thread-3
Processed Task 52 (MEDIUM) | Wait: 980ms, Turnaround: 1038ms, Thread: pool-36-thread-2
Processed Task 45 (HIGH) | Wait: 980ms, Turnaround: 1038ms, Thread: pool-36-thread-1
Processed Task 68 (LOW) | Wait: 981ms, Turnaround: 1038ms, Thread: pool-36-thread-3
Processed Task 38 (HIGH) | Wait: 1038ms, Turnaround: 1088ms, Thread: pool-36-thread-1
Processed Task 54 (MEDIUM) | Wait: 1038ms, Turnaround: 1088ms, Thread: pool-36-thread-2
Processed Task 70 (LOW) | Wait: 1038ms, Turnaround: 1113ms, Thread: pool-36-thread-3
Processed Task 37 (HIGH) | Wait: 1088ms, Turnaround: 1145ms, Thread: pool-36-thread-1
Processed Task 57 (MEDIUM) | Wait: 1088ms, Turnaround: 1145ms, Thread: pool-36-thread-2
Processed Task 72 (LOW) | Wait: 1113ms, Turnaround: 1163ms, Thread: pool-36-thread-3
Processed Task 36 (HIGH) | Wait: 1145ms, Turnaround: 1195ms, Thread: pool-36-thread-1
Processed Task 58 (MEDIUM) | Wait: 1145ms, Turnaround: 1197ms, Thread: pool-36-thread-2
Processed Task 73 (LOW) | Wait: 1163ms, Turnaround: 1220ms, Thread: pool-36-thread-3
Processed Task 34 (HIGH) | Wait: 1195ms, Turnaround: 1253ms, Thread: pool-36-thread-1
Processed Task 61 (MEDIUM) | Wait: 1197ms, Turnaround: 1253ms, Thread: pool-36-thread-2
Processed Task 78 (LOW) | Wait: 1220ms, Turnaround: 1271ms, Thread: pool-36-thread-3
Processed Task 33 (HIGH) | Wait: 1253ms, Turnaround: 1305ms, Thread: pool-36-thread-1
Processed Task 66 (MEDIUM) | Wait: 1253ms, Turnaround: 1306ms, Thread: pool-36-thread-2
Processed Task 80 (LOW) | Wait: 1271ms, Turnaround: 1329ms, Thread: pool-36-thread-3
Processed Task 32 (HIGH) | Wait: 1305ms, Turnaround: 1361ms, Thread: pool-36-thread-1
Processed Task 69 (MEDIUM) | Wait: 1306ms, Turnaround: 1361ms, Thread: pool-36-thread-2
Processed Task 84 (LOW) | Wait: 1329ms, Turnaround: 1379ms, Thread: pool-36-thread-3
Processed Task 27 (HIGH) | Wait: 1361ms, Turnaround: 1413ms, Thread: pool-36-thread-1
Processed Task 76 (MEDIUM) | Wait: 1361ms, Turnaround: 1413ms, Thread: pool-36-thread-2
Processed Task 85 (LOW) | Wait: 1379ms, Turnaround: 1436ms, Thread: pool-36-thread-3
Processed Task 25 (HIGH) | Wait: 1413ms, Turnaround: 1469ms, Thread: pool-36-thread-1
Processed Task 79 (MEDIUM) | Wait: 1413ms, Turnaround: 1469ms, Thread: pool-36-thread-2
Processed Task 88 (LOW) | Wait: 1436ms, Turnaround: 1487ms, Thread: pool-36-thread-3
Processed Task 24 (HIGH) | Wait: 1469ms, Turnaround: 1520ms, Thread: pool-36-thread-1
Processed Task 82 (MEDIUM) | Wait: 1469ms, Turnaround: 1523ms, Thread: pool-36-thread-2
Processed Task 94 (LOW) | Wait: 1487ms, Turnaround: 1544ms, Thread: pool-36-thread-3
Processed Task 83 (MEDIUM) | Wait: 1523ms, Turnaround: 1576ms, Thread: pool-36-thread-2
Processed Task 23 (HIGH) | Wait: 1520ms, Turnaround: 1576ms, Thread: pool-36-thread-1
Processed Task 98 (LOW) | Wait: 1544ms, Turnaround: 1598ms, Thread: pool-36-thread-3
Processed Task 21 (HIGH) | Wait: 1576ms, Turnaround: 1627ms, Thread: pool-36-thread-1
Processed Task 86 (MEDIUM) | Wait: 1576ms, Turnaround: 1627ms, Thread: pool-36-thread-2
Processed Task 19 (HIGH) | Wait: 1627ms, Turnaround: 1681ms, Thread: pool-36-thread-1
Processed Task 87 (MEDIUM) | Wait: 1627ms, Turnaround: 1681ms, Thread: pool-36-thread-2
Processed Task 14 (HIGH) | Wait: 1681ms, Turnaround: 1735ms, Thread: pool-36-thread-1
Processed Task 90 (MEDIUM) | Wait: 1681ms, Turnaround: 1735ms, Thread: pool-36-thread-2
Processed Task 10 (HIGH) | Wait: 1735ms, Turnaround: 1788ms, Thread: pool-36-thread-1
Processed Task 95 (MEDIUM) | Wait: 1735ms, Turnaround: 1788ms, Thread: pool-36-thread-2
Processed Task 3 (HIGH) | Wait: 1788ms, Turnaround: 1853ms, Thread: pool-36-thread-1
Processed Task 96 (MEDIUM) | Wait: 1788ms, Turnaround: 1853ms, Thread: pool-36-thread-2
Processed Task 97 (MEDIUM) | Wait: 1853ms, Turnaround: 1918ms, Thread: pool-36-thread-2
Processed Task 1 (HIGH) | Wait: 1853ms, Turnaround: 1918ms, Thread: pool-36-thread-1
Processed Task 99 (MEDIUM) | Wait: 1918ms, Turnaround: 1984ms, Thread: pool-36-thread-2

----- RESULTS FOR THIS RUN -----
Tasks processed: 100
Total elapsed: 1.98 s
Throughput: 50.40 tasks/s

Wait Time (ms):
  Min = 0
  Max = 1918
  Avg = 890.19
  StdDev = 536.95

Turnaround Time (ms):
  Min = 53
  Max = 1984
  Avg = 945.18
  StdDev = 537.65
------------------------------


=============================
Starting run 36 of 50
=============================
Processed Task 1 (MEDIUM) | Wait: 0ms, Turnaround: 57ms, Thread: pool-37-thread-2
Processed Task 3 (LOW) | Wait: 0ms, Turnaround: 57ms, Thread: pool-37-thread-3
Processed Task 97 (HIGH) | Wait: 0ms, Turnaround: 57ms, Thread: pool-37-thread-1
Processed Task 6 (MEDIUM) | Wait: 57ms, Turnaround: 108ms, Thread: pool-37-thread-2
Processed Task 5 (LOW) | Wait: 57ms, Turnaround: 108ms, Thread: pool-37-thread-3
Processed Task 96 (HIGH) | Wait: 57ms, Turnaround: 108ms, Thread: pool-37-thread-1
Processed Task 7 (MEDIUM) | Wait: 108ms, Turnaround: 160ms, Thread: pool-37-thread-2
Processed Task 11 (LOW) | Wait: 108ms, Turnaround: 160ms, Thread: pool-37-thread-3
Processed Task 95 (HIGH) | Wait: 108ms, Turnaround: 160ms, Thread: pool-37-thread-1
Processed Task 17 (LOW) | Wait: 160ms, Turnaround: 216ms, Thread: pool-37-thread-3
Processed Task 12 (MEDIUM) | Wait: 160ms, Turnaround: 216ms, Thread: pool-37-thread-2
Processed Task 90 (HIGH) | Wait: 160ms, Turnaround: 216ms, Thread: pool-37-thread-1
Processed Task 19 (LOW) | Wait: 216ms, Turnaround: 267ms, Thread: pool-37-thread-3
Processed Task 89 (HIGH) | Wait: 216ms, Turnaround: 267ms, Thread: pool-37-thread-1
Processed Task 13 (MEDIUM) | Wait: 216ms, Turnaround: 267ms, Thread: pool-37-thread-2
Processed Task 15 (MEDIUM) | Wait: 267ms, Turnaround: 324ms, Thread: pool-37-thread-2
Processed Task 24 (LOW) | Wait: 267ms, Turnaround: 324ms, Thread: pool-37-thread-3
Processed Task 87 (HIGH) | Wait: 267ms, Turnaround: 324ms, Thread: pool-37-thread-1
Processed Task 84 (HIGH) | Wait: 324ms, Turnaround: 374ms, Thread: pool-37-thread-1
Processed Task 20 (MEDIUM) | Wait: 324ms, Turnaround: 374ms, Thread: pool-37-thread-2
Processed Task 26 (LOW) | Wait: 324ms, Turnaround: 374ms, Thread: pool-37-thread-3
Processed Task 22 (MEDIUM) | Wait: 374ms, Turnaround: 428ms, Thread: pool-37-thread-2
Processed Task 33 (LOW) | Wait: 374ms, Turnaround: 428ms, Thread: pool-37-thread-3
Processed Task 83 (HIGH) | Wait: 374ms, Turnaround: 428ms, Thread: pool-37-thread-1
Processed Task 23 (MEDIUM) | Wait: 428ms, Turnaround: 484ms, Thread: pool-37-thread-2
Processed Task 39 (LOW) | Wait: 428ms, Turnaround: 484ms, Thread: pool-37-thread-3
Processed Task 82 (HIGH) | Wait: 428ms, Turnaround: 484ms, Thread: pool-37-thread-1
Processed Task 81 (HIGH) | Wait: 484ms, Turnaround: 535ms, Thread: pool-37-thread-1
Processed Task 27 (MEDIUM) | Wait: 484ms, Turnaround: 535ms, Thread: pool-37-thread-2
Processed Task 42 (LOW) | Wait: 484ms, Turnaround: 535ms, Thread: pool-37-thread-3
Processed Task 50 (LOW) | Wait: 535ms, Turnaround: 592ms, Thread: pool-37-thread-3
Processed Task 28 (MEDIUM) | Wait: 535ms, Turnaround: 592ms, Thread: pool-37-thread-2
Processed Task 79 (HIGH) | Wait: 535ms, Turnaround: 592ms, Thread: pool-37-thread-1
Processed Task 51 (LOW) | Wait: 592ms, Turnaround: 643ms, Thread: pool-37-thread-3
Processed Task 77 (HIGH) | Wait: 592ms, Turnaround: 643ms, Thread: pool-37-thread-1
Processed Task 29 (MEDIUM) | Wait: 592ms, Turnaround: 643ms, Thread: pool-37-thread-2
Processed Task 30 (MEDIUM) | Wait: 643ms, Turnaround: 693ms, Thread: pool-37-thread-2
Processed Task 54 (LOW) | Wait: 643ms, Turnaround: 693ms, Thread: pool-37-thread-3
Processed Task 73 (HIGH) | Wait: 643ms, Turnaround: 693ms, Thread: pool-37-thread-1
Processed Task 55 (LOW) | Wait: 693ms, Turnaround: 750ms, Thread: pool-37-thread-3
Processed Task 72 (HIGH) | Wait: 693ms, Turnaround: 750ms, Thread: pool-37-thread-1
Processed Task 31 (MEDIUM) | Wait: 693ms, Turnaround: 750ms, Thread: pool-37-thread-2
Processed Task 32 (MEDIUM) | Wait: 750ms, Turnaround: 801ms, Thread: pool-37-thread-2
Processed Task 69 (HIGH) | Wait: 750ms, Turnaround: 801ms, Thread: pool-37-thread-1
Processed Task 59 (LOW) | Wait: 750ms, Turnaround: 801ms, Thread: pool-37-thread-3
Processed Task 60 (LOW) | Wait: 801ms, Turnaround: 858ms, Thread: pool-37-thread-3
Processed Task 41 (MEDIUM) | Wait: 801ms, Turnaround: 858ms, Thread: pool-37-thread-2
Processed Task 67 (HIGH) | Wait: 801ms, Turnaround: 858ms, Thread: pool-37-thread-1
Processed Task 45 (MEDIUM) | Wait: 858ms, Turnaround: 909ms, Thread: pool-37-thread-2
Processed Task 71 (LOW) | Wait: 858ms, Turnaround: 909ms, Thread: pool-37-thread-3
Processed Task 66 (HIGH) | Wait: 858ms, Turnaround: 909ms, Thread: pool-37-thread-1
Processed Task 76 (LOW) | Wait: 909ms, Turnaround: 966ms, Thread: pool-37-thread-3
Processed Task 64 (HIGH) | Wait: 909ms, Turnaround: 966ms, Thread: pool-37-thread-1
Processed Task 53 (MEDIUM) | Wait: 909ms, Turnaround: 966ms, Thread: pool-37-thread-2
Processed Task 63 (HIGH) | Wait: 966ms, Turnaround: 1017ms, Thread: pool-37-thread-1
Processed Task 85 (LOW) | Wait: 966ms, Turnaround: 1017ms, Thread: pool-37-thread-3
Processed Task 57 (MEDIUM) | Wait: 966ms, Turnaround: 1017ms, Thread: pool-37-thread-2
Processed Task 65 (MEDIUM) | Wait: 1017ms, Turnaround: 1074ms, Thread: pool-37-thread-2
Processed Task 86 (LOW) | Wait: 1017ms, Turnaround: 1074ms, Thread: pool-37-thread-3
Processed Task 62 (HIGH) | Wait: 1017ms, Turnaround: 1074ms, Thread: pool-37-thread-1
Processed Task 91 (LOW) | Wait: 1074ms, Turnaround: 1129ms, Thread: pool-37-thread-3
Processed Task 68 (MEDIUM) | Wait: 1074ms, Turnaround: 1129ms, Thread: pool-37-thread-2
Processed Task 61 (HIGH) | Wait: 1074ms, Turnaround: 1129ms, Thread: pool-37-thread-1
Processed Task 98 (LOW) | Wait: 1129ms, Turnaround: 1185ms, Thread: pool-37-thread-3
Processed Task 58 (HIGH) | Wait: 1129ms, Turnaround: 1185ms, Thread: pool-37-thread-1
Processed Task 70 (MEDIUM) | Wait: 1129ms, Turnaround: 1185ms, Thread: pool-37-thread-2
Processed Task 100 (LOW) | Wait: 1185ms, Turnaround: 1240ms, Thread: pool-37-thread-3
Processed Task 74 (MEDIUM) | Wait: 1185ms, Turnaround: 1240ms, Thread: pool-37-thread-2
Processed Task 56 (HIGH) | Wait: 1185ms, Turnaround: 1240ms, Thread: pool-37-thread-1
Processed Task 75 (MEDIUM) | Wait: 1240ms, Turnaround: 1293ms, Thread: pool-37-thread-2
Processed Task 52 (HIGH) | Wait: 1240ms, Turnaround: 1293ms, Thread: pool-37-thread-1
Processed Task 49 (HIGH) | Wait: 1293ms, Turnaround: 1348ms, Thread: pool-37-thread-1
Processed Task 78 (MEDIUM) | Wait: 1293ms, Turnaround: 1348ms, Thread: pool-37-thread-2
Processed Task 80 (MEDIUM) | Wait: 1348ms, Turnaround: 1400ms, Thread: pool-37-thread-2
Processed Task 48 (HIGH) | Wait: 1348ms, Turnaround: 1400ms, Thread: pool-37-thread-1
Processed Task 88 (MEDIUM) | Wait: 1400ms, Turnaround: 1456ms, Thread: pool-37-thread-2
Processed Task 47 (HIGH) | Wait: 1400ms, Turnaround: 1456ms, Thread: pool-37-thread-1
Processed Task 46 (HIGH) | Wait: 1456ms, Turnaround: 1508ms, Thread: pool-37-thread-1
Processed Task 92 (MEDIUM) | Wait: 1456ms, Turnaround: 1508ms, Thread: pool-37-thread-2
Processed Task 93 (MEDIUM) | Wait: 1508ms, Turnaround: 1563ms, Thread: pool-37-thread-2
Processed Task 44 (HIGH) | Wait: 1508ms, Turnaround: 1563ms, Thread: pool-37-thread-1
Processed Task 43 (HIGH) | Wait: 1563ms, Turnaround: 1627ms, Thread: pool-37-thread-1
Processed Task 94 (MEDIUM) | Wait: 1563ms, Turnaround: 1627ms, Thread: pool-37-thread-2
Processed Task 99 (MEDIUM) | Wait: 1627ms, Turnaround: 1680ms, Thread: pool-37-thread-2
Processed Task 40 (HIGH) | Wait: 1627ms, Turnaround: 1680ms, Thread: pool-37-thread-1
Processed Task 38 (HIGH) | Wait: 1680ms, Turnaround: 1745ms, Thread: pool-37-thread-1
Processed Task 37 (HIGH) | Wait: 1745ms, Turnaround: 1804ms, Thread: pool-37-thread-1
Processed Task 36 (HIGH) | Wait: 1804ms, Turnaround: 1855ms, Thread: pool-37-thread-1
Processed Task 35 (HIGH) | Wait: 1855ms, Turnaround: 1912ms, Thread: pool-37-thread-1
Processed Task 34 (HIGH) | Wait: 1912ms, Turnaround: 1963ms, Thread: pool-37-thread-1
Processed Task 25 (HIGH) | Wait: 1963ms, Turnaround: 2021ms, Thread: pool-37-thread-1
Processed Task 21 (HIGH) | Wait: 2021ms, Turnaround: 2072ms, Thread: pool-37-thread-1
Processed Task 18 (HIGH) | Wait: 2072ms, Turnaround: 2136ms, Thread: pool-37-thread-1
Processed Task 16 (HIGH) | Wait: 2136ms, Turnaround: 2189ms, Thread: pool-37-thread-1
Processed Task 14 (HIGH) | Wait: 2189ms, Turnaround: 2254ms, Thread: pool-37-thread-1
Processed Task 10 (HIGH) | Wait: 2254ms, Turnaround: 2309ms, Thread: pool-37-thread-1
Processed Task 9 (HIGH) | Wait: 2309ms, Turnaround: 2361ms, Thread: pool-37-thread-1
Processed Task 8 (HIGH) | Wait: 2361ms, Turnaround: 2414ms, Thread: pool-37-thread-1
Processed Task 4 (HIGH) | Wait: 2414ms, Turnaround: 2466ms, Thread: pool-37-thread-1
Processed Task 2 (HIGH) | Wait: 2466ms, Turnaround: 2520ms, Thread: pool-37-thread-1

----- RESULTS FOR THIS RUN -----
Tasks processed: 100
Total elapsed: 2.52 s
Throughput: 39.68 tasks/s

Wait Time (ms):
  Min = 0
  Max = 2466
  Avg = 947.61
  StdDev = 644.95

Turnaround Time (ms):
  Min = 57
  Max = 2520
  Avg = 1002.01
  StdDev = 645.76
------------------------------


=============================
Starting run 37 of 50
=============================
Processed Task 11 (LOW) | Wait: 0ms, Turnaround: 53ms, Thread: pool-38-thread-3
Processed Task 100 (HIGH) | Wait: 0ms, Turnaround: 53ms, Thread: pool-38-thread-1
Processed Task 2 (MEDIUM) | Wait: 0ms, Turnaround: 53ms, Thread: pool-38-thread-2
Processed Task 5 (MEDIUM) | Wait: 53ms, Turnaround: 110ms, Thread: pool-38-thread-2
Processed Task 13 (LOW) | Wait: 53ms, Turnaround: 110ms, Thread: pool-38-thread-3
Processed Task 99 (HIGH) | Wait: 53ms, Turnaround: 110ms, Thread: pool-38-thread-1
Processed Task 7 (MEDIUM) | Wait: 110ms, Turnaround: 176ms, Thread: pool-38-thread-2
Processed Task 97 (HIGH) | Wait: 110ms, Turnaround: 176ms, Thread: pool-38-thread-1
Processed Task 16 (LOW) | Wait: 110ms, Turnaround: 176ms, Thread: pool-38-thread-3
Processed Task 20 (LOW) | Wait: 176ms, Turnaround: 245ms, Thread: pool-38-thread-3
Processed Task 94 (HIGH) | Wait: 176ms, Turnaround: 245ms, Thread: pool-38-thread-1
Processed Task 10 (MEDIUM) | Wait: 176ms, Turnaround: 245ms, Thread: pool-38-thread-2
Processed Task 12 (MEDIUM) | Wait: 245ms, Turnaround: 296ms, Thread: pool-38-thread-2
Processed Task 22 (LOW) | Wait: 245ms, Turnaround: 296ms, Thread: pool-38-thread-3
Processed Task 92 (HIGH) | Wait: 245ms, Turnaround: 296ms, Thread: pool-38-thread-1
Processed Task 91 (HIGH) | Wait: 296ms, Turnaround: 354ms, Thread: pool-38-thread-1
Processed Task 14 (MEDIUM) | Wait: 296ms, Turnaround: 354ms, Thread: pool-38-thread-2
Processed Task 23 (LOW) | Wait: 296ms, Turnaround: 354ms, Thread: pool-38-thread-3
Processed Task 15 (MEDIUM) | Wait: 354ms, Turnaround: 404ms, Thread: pool-38-thread-2
Processed Task 24 (LOW) | Wait: 354ms, Turnaround: 404ms, Thread: pool-38-thread-3
Processed Task 88 (HIGH) | Wait: 354ms, Turnaround: 404ms, Thread: pool-38-thread-1
Processed Task 85 (HIGH) | Wait: 404ms, Turnaround: 461ms, Thread: pool-38-thread-1
Processed Task 27 (LOW) | Wait: 404ms, Turnaround: 461ms, Thread: pool-38-thread-3
Processed Task 21 (MEDIUM) | Wait: 404ms, Turnaround: 461ms, Thread: pool-38-thread-2
Processed Task 32 (LOW) | Wait: 461ms, Turnaround: 512ms, Thread: pool-38-thread-3
Processed Task 25 (MEDIUM) | Wait: 461ms, Turnaround: 512ms, Thread: pool-38-thread-2
Processed Task 81 (HIGH) | Wait: 461ms, Turnaround: 512ms, Thread: pool-38-thread-1
Processed Task 70 (HIGH) | Wait: 512ms, Turnaround: 579ms, Thread: pool-38-thread-1
Processed Task 34 (LOW) | Wait: 512ms, Turnaround: 579ms, Thread: pool-38-thread-3
Processed Task 30 (MEDIUM) | Wait: 512ms, Turnaround: 579ms, Thread: pool-38-thread-2
Processed Task 33 (MEDIUM) | Wait: 579ms, Turnaround: 634ms, Thread: pool-38-thread-2
Processed Task 68 (HIGH) | Wait: 579ms, Turnaround: 634ms, Thread: pool-38-thread-1
Processed Task 38 (LOW) | Wait: 579ms, Turnaround: 634ms, Thread: pool-38-thread-3
Processed Task 35 (MEDIUM) | Wait: 634ms, Turnaround: 699ms, Thread: pool-38-thread-2
Processed Task 41 (LOW) | Wait: 634ms, Turnaround: 699ms, Thread: pool-38-thread-3
Processed Task 67 (HIGH) | Wait: 634ms, Turnaround: 699ms, Thread: pool-38-thread-1
Processed Task 64 (HIGH) | Wait: 699ms, Turnaround: 751ms, Thread: pool-38-thread-1
Processed Task 45 (LOW) | Wait: 699ms, Turnaround: 751ms, Thread: pool-38-thread-3
Processed Task 40 (MEDIUM) | Wait: 699ms, Turnaround: 751ms, Thread: pool-38-thread-2
Processed Task 42 (MEDIUM) | Wait: 751ms, Turnaround: 804ms, Thread: pool-38-thread-2
Processed Task 51 (LOW) | Wait: 751ms, Turnaround: 804ms, Thread: pool-38-thread-3
Processed Task 63 (HIGH) | Wait: 751ms, Turnaround: 804ms, Thread: pool-38-thread-1
Processed Task 59 (HIGH) | Wait: 804ms, Turnaround: 857ms, Thread: pool-38-thread-1
Processed Task 53 (LOW) | Wait: 804ms, Turnaround: 857ms, Thread: pool-38-thread-3
Processed Task 43 (MEDIUM) | Wait: 804ms, Turnaround: 857ms, Thread: pool-38-thread-2
Processed Task 58 (HIGH) | Wait: 857ms, Turnaround: 911ms, Thread: pool-38-thread-1
Processed Task 54 (LOW) | Wait: 857ms, Turnaround: 911ms, Thread: pool-38-thread-3
Processed Task 44 (MEDIUM) | Wait: 857ms, Turnaround: 911ms, Thread: pool-38-thread-2
Processed Task 56 (LOW) | Wait: 911ms, Turnaround: 964ms, Thread: pool-38-thread-3
Processed Task 50 (HIGH) | Wait: 911ms, Turnaround: 964ms, Thread: pool-38-thread-1
Processed Task 48 (MEDIUM) | Wait: 911ms, Turnaround: 964ms, Thread: pool-38-thread-2
Processed Task 47 (HIGH) | Wait: 964ms, Turnaround: 1018ms, Thread: pool-38-thread-1
Processed Task 57 (LOW) | Wait: 964ms, Turnaround: 1018ms, Thread: pool-38-thread-3
Processed Task 49 (MEDIUM) | Wait: 964ms, Turnaround: 1018ms, Thread: pool-38-thread-2
Processed Task 61 (LOW) | Wait: 1018ms, Turnaround: 1075ms, Thread: pool-38-thread-3
Processed Task 46 (HIGH) | Wait: 1018ms, Turnaround: 1075ms, Thread: pool-38-thread-1
Processed Task 52 (MEDIUM) | Wait: 1018ms, Turnaround: 1075ms, Thread: pool-38-thread-2
Processed Task 55 (MEDIUM) | Wait: 1075ms, Turnaround: 1133ms, Thread: pool-38-thread-2
Processed Task 62 (LOW) | Wait: 1075ms, Turnaround: 1133ms, Thread: pool-38-thread-3
Processed Task 39 (HIGH) | Wait: 1075ms, Turnaround: 1133ms, Thread: pool-38-thread-1
Processed Task 37 (HIGH) | Wait: 1133ms, Turnaround: 1189ms, Thread: pool-38-thread-1
Processed Task 66 (LOW) | Wait: 1133ms, Turnaround: 1189ms, Thread: pool-38-thread-3
Processed Task 60 (MEDIUM) | Wait: 1133ms, Turnaround: 1189ms, Thread: pool-38-thread-2
Processed Task 73 (LOW) | Wait: 1189ms, Turnaround: 1252ms, Thread: pool-38-thread-3
Processed Task 65 (MEDIUM) | Wait: 1189ms, Turnaround: 1252ms, Thread: pool-38-thread-2
Processed Task 36 (HIGH) | Wait: 1189ms, Turnaround: 1252ms, Thread: pool-38-thread-1
Processed Task 74 (LOW) | Wait: 1252ms, Turnaround: 1305ms, Thread: pool-38-thread-3
Processed Task 69 (MEDIUM) | Wait: 1252ms, Turnaround: 1305ms, Thread: pool-38-thread-2
Processed Task 31 (HIGH) | Wait: 1252ms, Turnaround: 1313ms, Thread: pool-38-thread-1
Processed Task 29 (HIGH) | Wait: 1313ms, Turnaround: 1369ms, Thread: pool-38-thread-1
Processed Task 71 (MEDIUM) | Wait: 1305ms, Turnaround: 1369ms, Thread: pool-38-thread-2
Processed Task 75 (LOW) | Wait: 1305ms, Turnaround: 1369ms, Thread: pool-38-thread-3
Processed Task 28 (HIGH) | Wait: 1369ms, Turnaround: 1428ms, Thread: pool-38-thread-1
Processed Task 72 (MEDIUM) | Wait: 1369ms, Turnaround: 1428ms, Thread: pool-38-thread-2
Processed Task 82 (LOW) | Wait: 1369ms, Turnaround: 1428ms, Thread: pool-38-thread-3
Processed Task 26 (HIGH) | Wait: 1428ms, Turnaround: 1479ms, Thread: pool-38-thread-1
Processed Task 84 (LOW) | Wait: 1428ms, Turnaround: 1479ms, Thread: pool-38-thread-3
Processed Task 76 (MEDIUM) | Wait: 1428ms, Turnaround: 1479ms, Thread: pool-38-thread-2
Processed Task 89 (LOW) | Wait: 1479ms, Turnaround: 1536ms, Thread: pool-38-thread-3
Processed Task 77 (MEDIUM) | Wait: 1479ms, Turnaround: 1536ms, Thread: pool-38-thread-2
Processed Task 19 (HIGH) | Wait: 1479ms, Turnaround: 1536ms, Thread: pool-38-thread-1
Processed Task 18 (HIGH) | Wait: 1536ms, Turnaround: 1589ms, Thread: pool-38-thread-1
Processed Task 93 (LOW) | Wait: 1536ms, Turnaround: 1589ms, Thread: pool-38-thread-3
Processed Task 78 (MEDIUM) | Wait: 1536ms, Turnaround: 1589ms, Thread: pool-38-thread-2
Processed Task 17 (HIGH) | Wait: 1589ms, Turnaround: 1650ms, Thread: pool-38-thread-1
Processed Task 96 (LOW) | Wait: 1589ms, Turnaround: 1650ms, Thread: pool-38-thread-3
Processed Task 79 (MEDIUM) | Wait: 1589ms, Turnaround: 1650ms, Thread: pool-38-thread-2
Processed Task 98 (LOW) | Wait: 1650ms, Turnaround: 1707ms, Thread: pool-38-thread-3
Processed Task 80 (MEDIUM) | Wait: 1650ms, Turnaround: 1707ms, Thread: pool-38-thread-2
Processed Task 9 (HIGH) | Wait: 1650ms, Turnaround: 1707ms, Thread: pool-38-thread-1
Processed Task 8 (HIGH) | Wait: 1707ms, Turnaround: 1758ms, Thread: pool-38-thread-1
Processed Task 83 (MEDIUM) | Wait: 1707ms, Turnaround: 1758ms, Thread: pool-38-thread-2
Processed Task 86 (MEDIUM) | Wait: 1758ms, Turnaround: 1811ms, Thread: pool-38-thread-2
Processed Task 6 (HIGH) | Wait: 1758ms, Turnaround: 1811ms, Thread: pool-38-thread-1
Processed Task 4 (HIGH) | Wait: 1811ms, Turnaround: 1863ms, Thread: pool-38-thread-1
Processed Task 87 (MEDIUM) | Wait: 1811ms, Turnaround: 1863ms, Thread: pool-38-thread-2
Processed Task 90 (MEDIUM) | Wait: 1863ms, Turnaround: 1914ms, Thread: pool-38-thread-2
Processed Task 3 (HIGH) | Wait: 1863ms, Turnaround: 1914ms, Thread: pool-38-thread-1
Processed Task 95 (MEDIUM) | Wait: 1914ms, Turnaround: 1971ms, Thread: pool-38-thread-2
Processed Task 1 (HIGH) | Wait: 1914ms, Turnaround: 1971ms, Thread: pool-38-thread-1

----- RESULTS FOR THIS RUN -----
Tasks processed: 100
Total elapsed: 1.97 s
Throughput: 50.74 tasks/s

Wait Time (ms):
  Min = 0
  Max = 1914
  Avg = 926.13
  StdDev = 550.89

Turnaround Time (ms):
  Min = 53
  Max = 1971
  Avg = 982.62
  StdDev = 549.99
------------------------------


=============================
Starting run 38 of 50
=============================
Processed Task 1 (LOW) | Wait: 0ms, Turnaround: 55ms, Thread: pool-39-thread-3
Processed Task 99 (HIGH) | Wait: 0ms, Turnaround: 55ms, Thread: pool-39-thread-1
Processed Task 2 (MEDIUM) | Wait: 0ms, Turnaround: 55ms, Thread: pool-39-thread-2
Processed Task 3 (MEDIUM) | Wait: 55ms, Turnaround: 107ms, Thread: pool-39-thread-2
Processed Task 5 (LOW) | Wait: 55ms, Turnaround: 107ms, Thread: pool-39-thread-3
Processed Task 98 (HIGH) | Wait: 55ms, Turnaround: 107ms, Thread: pool-39-thread-1
Processed Task 6 (LOW) | Wait: 107ms, Turnaround: 159ms, Thread: pool-39-thread-3
Processed Task 94 (HIGH) | Wait: 107ms, Turnaround: 159ms, Thread: pool-39-thread-1
Processed Task 4 (MEDIUM) | Wait: 107ms, Turnaround: 159ms, Thread: pool-39-thread-2
Processed Task 93 (HIGH) | Wait: 159ms, Turnaround: 215ms, Thread: pool-39-thread-1
Processed Task 8 (MEDIUM) | Wait: 159ms, Turnaround: 215ms, Thread: pool-39-thread-2
Processed Task 9 (LOW) | Wait: 159ms, Turnaround: 215ms, Thread: pool-39-thread-3
Processed Task 87 (HIGH) | Wait: 215ms, Turnaround: 266ms, Thread: pool-39-thread-1
Processed Task 12 (MEDIUM) | Wait: 215ms, Turnaround: 266ms, Thread: pool-39-thread-2
Processed Task 10 (LOW) | Wait: 215ms, Turnaround: 266ms, Thread: pool-39-thread-3
Processed Task 15 (MEDIUM) | Wait: 266ms, Turnaround: 323ms, Thread: pool-39-thread-2
Processed Task 11 (LOW) | Wait: 266ms, Turnaround: 323ms, Thread: pool-39-thread-3
Processed Task 86 (HIGH) | Wait: 266ms, Turnaround: 323ms, Thread: pool-39-thread-1
Processed Task 85 (HIGH) | Wait: 323ms, Turnaround: 381ms, Thread: pool-39-thread-1
Processed Task 13 (LOW) | Wait: 323ms, Turnaround: 381ms, Thread: pool-39-thread-3
Processed Task 17 (MEDIUM) | Wait: 323ms, Turnaround: 381ms, Thread: pool-39-thread-2
Processed Task 19 (MEDIUM) | Wait: 381ms, Turnaround: 441ms, Thread: pool-39-thread-2
Processed Task 83 (HIGH) | Wait: 381ms, Turnaround: 441ms, Thread: pool-39-thread-1
Processed Task 16 (LOW) | Wait: 381ms, Turnaround: 441ms, Thread: pool-39-thread-3
Processed Task 78 (HIGH) | Wait: 441ms, Turnaround: 496ms, Thread: pool-39-thread-1
Processed Task 23 (MEDIUM) | Wait: 441ms, Turnaround: 496ms, Thread: pool-39-thread-2
Processed Task 18 (LOW) | Wait: 441ms, Turnaround: 496ms, Thread: pool-39-thread-3
Processed Task 77 (HIGH) | Wait: 496ms, Turnaround: 547ms, Thread: pool-39-thread-1
Processed Task 20 (LOW) | Wait: 496ms, Turnaround: 547ms, Thread: pool-39-thread-3
Processed Task 24 (MEDIUM) | Wait: 496ms, Turnaround: 547ms, Thread: pool-39-thread-2
Processed Task 21 (LOW) | Wait: 547ms, Turnaround: 597ms, Thread: pool-39-thread-3
Processed Task 73 (HIGH) | Wait: 547ms, Turnaround: 597ms, Thread: pool-39-thread-1
Processed Task 25 (MEDIUM) | Wait: 547ms, Turnaround: 597ms, Thread: pool-39-thread-2
Processed Task 71 (HIGH) | Wait: 597ms, Turnaround: 655ms, Thread: pool-39-thread-1
Processed Task 22 (LOW) | Wait: 597ms, Turnaround: 655ms, Thread: pool-39-thread-3
Processed Task 32 (MEDIUM) | Wait: 597ms, Turnaround: 655ms, Thread: pool-39-thread-2
Processed Task 27 (LOW) | Wait: 655ms, Turnaround: 706ms, Thread: pool-39-thread-3
Processed Task 41 (MEDIUM) | Wait: 655ms, Turnaround: 706ms, Thread: pool-39-thread-2
Processed Task 70 (HIGH) | Wait: 655ms, Turnaround: 706ms, Thread: pool-39-thread-1
Processed Task 28 (LOW) | Wait: 706ms, Turnaround: 763ms, Thread: pool-39-thread-3
Processed Task 43 (MEDIUM) | Wait: 706ms, Turnaround: 763ms, Thread: pool-39-thread-2
Processed Task 69 (HIGH) | Wait: 706ms, Turnaround: 763ms, Thread: pool-39-thread-1
Processed Task 29 (LOW) | Wait: 763ms, Turnaround: 814ms, Thread: pool-39-thread-3
Processed Task 68 (HIGH) | Wait: 763ms, Turnaround: 814ms, Thread: pool-39-thread-1
Processed Task 44 (MEDIUM) | Wait: 763ms, Turnaround: 814ms, Thread: pool-39-thread-2
Processed Task 48 (MEDIUM) | Wait: 814ms, Turnaround: 870ms, Thread: pool-39-thread-2
Processed Task 35 (LOW) | Wait: 814ms, Turnaround: 870ms, Thread: pool-39-thread-3
Processed Task 66 (HIGH) | Wait: 814ms, Turnaround: 870ms, Thread: pool-39-thread-1
Processed Task 51 (MEDIUM) | Wait: 870ms, Turnaround: 921ms, Thread: pool-39-thread-2
Processed Task 64 (HIGH) | Wait: 870ms, Turnaround: 921ms, Thread: pool-39-thread-1
Processed Task 37 (LOW) | Wait: 870ms, Turnaround: 921ms, Thread: pool-39-thread-3
Processed Task 62 (HIGH) | Wait: 921ms, Turnaround: 978ms, Thread: pool-39-thread-1
Processed Task 56 (MEDIUM) | Wait: 921ms, Turnaround: 978ms, Thread: pool-39-thread-2
Processed Task 39 (LOW) | Wait: 921ms, Turnaround: 978ms, Thread: pool-39-thread-3
Processed Task 57 (MEDIUM) | Wait: 978ms, Turnaround: 1029ms, Thread: pool-39-thread-2
Processed Task 46 (LOW) | Wait: 978ms, Turnaround: 1029ms, Thread: pool-39-thread-3
Processed Task 61 (HIGH) | Wait: 978ms, Turnaround: 1029ms, Thread: pool-39-thread-1
Processed Task 53 (HIGH) | Wait: 1029ms, Turnaround: 1086ms, Thread: pool-39-thread-1
Processed Task 58 (MEDIUM) | Wait: 1029ms, Turnaround: 1086ms, Thread: pool-39-thread-2
Processed Task 49 (LOW) | Wait: 1029ms, Turnaround: 1086ms, Thread: pool-39-thread-3
Processed Task 52 (LOW) | Wait: 1086ms, Turnaround: 1136ms, Thread: pool-39-thread-3
Processed Task 50 (HIGH) | Wait: 1086ms, Turnaround: 1136ms, Thread: pool-39-thread-1
Processed Task 59 (MEDIUM) | Wait: 1086ms, Turnaround: 1136ms, Thread: pool-39-thread-2
Processed Task 63 (MEDIUM) | Wait: 1136ms, Turnaround: 1190ms, Thread: pool-39-thread-2
Processed Task 47 (HIGH) | Wait: 1136ms, Turnaround: 1190ms, Thread: pool-39-thread-1
Processed Task 54 (LOW) | Wait: 1136ms, Turnaround: 1190ms, Thread: pool-39-thread-3
Processed Task 55 (LOW) | Wait: 1190ms, Turnaround: 1241ms, Thread: pool-39-thread-3
Processed Task 45 (HIGH) | Wait: 1190ms, Turnaround: 1241ms, Thread: pool-39-thread-1
Processed Task 65 (MEDIUM) | Wait: 1190ms, Turnaround: 1241ms, Thread: pool-39-thread-2
Processed Task 67 (MEDIUM) | Wait: 1241ms, Turnaround: 1298ms, Thread: pool-39-thread-2
Processed Task 60 (LOW) | Wait: 1241ms, Turnaround: 1298ms, Thread: pool-39-thread-3
Processed Task 42 (HIGH) | Wait: 1241ms, Turnaround: 1298ms, Thread: pool-39-thread-1
Processed Task 72 (LOW) | Wait: 1298ms, Turnaround: 1349ms, Thread: pool-39-thread-3
Processed Task 74 (MEDIUM) | Wait: 1298ms, Turnaround: 1349ms, Thread: pool-39-thread-2
Processed Task 40 (HIGH) | Wait: 1298ms, Turnaround: 1349ms, Thread: pool-39-thread-1
Processed Task 79 (MEDIUM) | Wait: 1349ms, Turnaround: 1405ms, Thread: pool-39-thread-2
Processed Task 38 (HIGH) | Wait: 1349ms, Turnaround: 1405ms, Thread: pool-39-thread-1
Processed Task 75 (LOW) | Wait: 1349ms, Turnaround: 1405ms, Thread: pool-39-thread-3
Processed Task 80 (MEDIUM) | Wait: 1405ms, Turnaround: 1456ms, Thread: pool-39-thread-2
Processed Task 36 (HIGH) | Wait: 1405ms, Turnaround: 1456ms, Thread: pool-39-thread-1
Processed Task 76 (LOW) | Wait: 1405ms, Turnaround: 1456ms, Thread: pool-39-thread-3
Processed Task 82 (MEDIUM) | Wait: 1456ms, Turnaround: 1512ms, Thread: pool-39-thread-2
Processed Task 34 (HIGH) | Wait: 1456ms, Turnaround: 1512ms, Thread: pool-39-thread-1
Processed Task 81 (LOW) | Wait: 1456ms, Turnaround: 1512ms, Thread: pool-39-thread-3
Processed Task 84 (MEDIUM) | Wait: 1512ms, Turnaround: 1564ms, Thread: pool-39-thread-2
Processed Task 88 (LOW) | Wait: 1512ms, Turnaround: 1564ms, Thread: pool-39-thread-3
Processed Task 33 (HIGH) | Wait: 1512ms, Turnaround: 1564ms, Thread: pool-39-thread-1
Processed Task 31 (HIGH) | Wait: 1564ms, Turnaround: 1619ms, Thread: pool-39-thread-1
Processed Task 92 (MEDIUM) | Wait: 1564ms, Turnaround: 1619ms, Thread: pool-39-thread-2
Processed Task 89 (LOW) | Wait: 1564ms, Turnaround: 1619ms, Thread: pool-39-thread-3
Processed Task 90 (LOW) | Wait: 1619ms, Turnaround: 1669ms, Thread: pool-39-thread-3
Processed Task 30 (HIGH) | Wait: 1619ms, Turnaround: 1669ms, Thread: pool-39-thread-1
Processed Task 95 (MEDIUM) | Wait: 1619ms, Turnaround: 1669ms, Thread: pool-39-thread-2
Processed Task 96 (MEDIUM) | Wait: 1669ms, Turnaround: 1726ms, Thread: pool-39-thread-2
Processed Task 26 (HIGH) | Wait: 1669ms, Turnaround: 1726ms, Thread: pool-39-thread-1
Processed Task 91 (LOW) | Wait: 1669ms, Turnaround: 1726ms, Thread: pool-39-thread-3
Processed Task 100 (MEDIUM) | Wait: 1726ms, Turnaround: 1777ms, Thread: pool-39-thread-2
Processed Task 14 (HIGH) | Wait: 1726ms, Turnaround: 1777ms, Thread: pool-39-thread-1
Processed Task 97 (LOW) | Wait: 1726ms, Turnaround: 1777ms, Thread: pool-39-thread-3
Processed Task 7 (HIGH) | Wait: 1777ms, Turnaround: 1835ms, Thread: pool-39-thread-1

----- RESULTS FOR THIS RUN -----
Tasks processed: 100
Total elapsed: 1.84 s
Throughput: 54.50 tasks/s

Wait Time (ms):
  Min = 0
  Max = 1777
  Avg = 874.99
  StdDev = 518.75

Turnaround Time (ms):
  Min = 55
  Max = 1835
  Avg = 928.88
  StdDev = 518.38
------------------------------


=============================
Starting run 39 of 50
=============================
Processed Task 88 (HIGH) | Wait: 0ms, Turnaround: 53ms, Thread: pool-40-thread-1
Processed Task 7 (MEDIUM) | Wait: 0ms, Turnaround: 53ms, Thread: pool-40-thread-2
Processed Task 3 (LOW) | Wait: 0ms, Turnaround: 53ms, Thread: pool-40-thread-3
Processed Task 84 (HIGH) | Wait: 53ms, Turnaround: 106ms, Thread: pool-40-thread-1
Processed Task 4 (LOW) | Wait: 53ms, Turnaround: 106ms, Thread: pool-40-thread-3
Processed Task 11 (MEDIUM) | Wait: 53ms, Turnaround: 106ms, Thread: pool-40-thread-2
Processed Task 12 (MEDIUM) | Wait: 106ms, Turnaround: 156ms, Thread: pool-40-thread-2
Processed Task 6 (LOW) | Wait: 106ms, Turnaround: 156ms, Thread: pool-40-thread-3
Processed Task 82 (HIGH) | Wait: 106ms, Turnaround: 156ms, Thread: pool-40-thread-1
Processed Task 81 (HIGH) | Wait: 156ms, Turnaround: 209ms, Thread: pool-40-thread-1
Processed Task 17 (LOW) | Wait: 156ms, Turnaround: 209ms, Thread: pool-40-thread-3
Processed Task 13 (MEDIUM) | Wait: 156ms, Turnaround: 209ms, Thread: pool-40-thread-2
Processed Task 15 (MEDIUM) | Wait: 209ms, Turnaround: 266ms, Thread: pool-40-thread-2
Processed Task 78 (HIGH) | Wait: 209ms, Turnaround: 266ms, Thread: pool-40-thread-1
Processed Task 20 (LOW) | Wait: 209ms, Turnaround: 266ms, Thread: pool-40-thread-3
Processed Task 18 (MEDIUM) | Wait: 266ms, Turnaround: 319ms, Thread: pool-40-thread-2
Processed Task 76 (HIGH) | Wait: 266ms, Turnaround: 319ms, Thread: pool-40-thread-1
Processed Task 27 (LOW) | Wait: 266ms, Turnaround: 319ms, Thread: pool-40-thread-3
Processed Task 29 (LOW) | Wait: 319ms, Turnaround: 372ms, Thread: pool-40-thread-3
Processed Task 21 (MEDIUM) | Wait: 319ms, Turnaround: 372ms, Thread: pool-40-thread-2
Processed Task 75 (HIGH) | Wait: 319ms, Turnaround: 372ms, Thread: pool-40-thread-1
Processed Task 22 (MEDIUM) | Wait: 372ms, Turnaround: 423ms, Thread: pool-40-thread-2
Processed Task 32 (LOW) | Wait: 372ms, Turnaround: 423ms, Thread: pool-40-thread-3
Processed Task 74 (HIGH) | Wait: 372ms, Turnaround: 423ms, Thread: pool-40-thread-1
Processed Task 23 (MEDIUM) | Wait: 423ms, Turnaround: 475ms, Thread: pool-40-thread-2
Processed Task 73 (HIGH) | Wait: 423ms, Turnaround: 475ms, Thread: pool-40-thread-1
Processed Task 36 (LOW) | Wait: 423ms, Turnaround: 475ms, Thread: pool-40-thread-3
Processed Task 39 (LOW) | Wait: 475ms, Turnaround: 527ms, Thread: pool-40-thread-3
Processed Task 70 (HIGH) | Wait: 475ms, Turnaround: 527ms, Thread: pool-40-thread-1
Processed Task 26 (MEDIUM) | Wait: 475ms, Turnaround: 527ms, Thread: pool-40-thread-2
Processed Task 46 (LOW) | Wait: 527ms, Turnaround: 583ms, Thread: pool-40-thread-3
Processed Task 28 (MEDIUM) | Wait: 527ms, Turnaround: 583ms, Thread: pool-40-thread-2
Processed Task 62 (HIGH) | Wait: 527ms, Turnaround: 583ms, Thread: pool-40-thread-1
Processed Task 50 (LOW) | Wait: 583ms, Turnaround: 636ms, Thread: pool-40-thread-3
Processed Task 31 (MEDIUM) | Wait: 583ms, Turnaround: 636ms, Thread: pool-40-thread-2
Processed Task 56 (HIGH) | Wait: 583ms, Turnaround: 636ms, Thread: pool-40-thread-1
Processed Task 33 (MEDIUM) | Wait: 636ms, Turnaround: 690ms, Thread: pool-40-thread-2
Processed Task 47 (HIGH) | Wait: 636ms, Turnaround: 690ms, Thread: pool-40-thread-1
Processed Task 53 (LOW) | Wait: 636ms, Turnaround: 690ms, Thread: pool-40-thread-3
Processed Task 54 (LOW) | Wait: 690ms, Turnaround: 742ms, Thread: pool-40-thread-3
Processed Task 45 (HIGH) | Wait: 690ms, Turnaround: 742ms, Thread: pool-40-thread-1
Processed Task 34 (MEDIUM) | Wait: 690ms, Turnaround: 742ms, Thread: pool-40-thread-2
Processed Task 35 (MEDIUM) | Wait: 742ms, Turnaround: 793ms, Thread: pool-40-thread-2
Processed Task 38 (HIGH) | Wait: 742ms, Turnaround: 793ms, Thread: pool-40-thread-1
Processed Task 58 (LOW) | Wait: 742ms, Turnaround: 793ms, Thread: pool-40-thread-3
Processed Task 40 (MEDIUM) | Wait: 793ms, Turnaround: 843ms, Thread: pool-40-thread-2
Processed Task 37 (HIGH) | Wait: 793ms, Turnaround: 843ms, Thread: pool-40-thread-1
Processed Task 61 (LOW) | Wait: 793ms, Turnaround: 843ms, Thread: pool-40-thread-3
Processed Task 30 (HIGH) | Wait: 843ms, Turnaround: 895ms, Thread: pool-40-thread-1
Processed Task 41 (MEDIUM) | Wait: 843ms, Turnaround: 895ms, Thread: pool-40-thread-2
Processed Task 63 (LOW) | Wait: 843ms, Turnaround: 895ms, Thread: pool-40-thread-3
Processed Task 25 (HIGH) | Wait: 895ms, Turnaround: 949ms, Thread: pool-40-thread-1
Processed Task 64 (LOW) | Wait: 895ms, Turnaround: 949ms, Thread: pool-40-thread-3
Processed Task 42 (MEDIUM) | Wait: 895ms, Turnaround: 949ms, Thread: pool-40-thread-2
Processed Task 65 (LOW) | Wait: 949ms, Turnaround: 999ms, Thread: pool-40-thread-3
Processed Task 43 (MEDIUM) | Wait: 949ms, Turnaround: 999ms, Thread: pool-40-thread-2
Processed Task 24 (HIGH) | Wait: 949ms, Turnaround: 999ms, Thread: pool-40-thread-1
Processed Task 67 (LOW) | Wait: 999ms, Turnaround: 1052ms, Thread: pool-40-thread-3
Processed Task 44 (MEDIUM) | Wait: 999ms, Turnaround: 1052ms, Thread: pool-40-thread-2
Processed Task 19 (HIGH) | Wait: 999ms, Turnaround: 1052ms, Thread: pool-40-thread-1
Processed Task 85 (LOW) | Wait: 1052ms, Turnaround: 1108ms, Thread: pool-40-thread-3
Processed Task 16 (HIGH) | Wait: 1052ms, Turnaround: 1108ms, Thread: pool-40-thread-1
Processed Task 48 (MEDIUM) | Wait: 1052ms, Turnaround: 1108ms, Thread: pool-40-thread-2
Processed Task 14 (HIGH) | Wait: 1108ms, Turnaround: 1173ms, Thread: pool-40-thread-1
Processed Task 49 (MEDIUM) | Wait: 1108ms, Turnaround: 1173ms, Thread: pool-40-thread-2
Processed Task 86 (LOW) | Wait: 1108ms, Turnaround: 1173ms, Thread: pool-40-thread-3
Processed Task 89 (LOW) | Wait: 1173ms, Turnaround: 1225ms, Thread: pool-40-thread-3
Processed Task 51 (MEDIUM) | Wait: 1173ms, Turnaround: 1225ms, Thread: pool-40-thread-2
Processed Task 10 (HIGH) | Wait: 1173ms, Turnaround: 1225ms, Thread: pool-40-thread-1
Processed Task 52 (MEDIUM) | Wait: 1225ms, Turnaround: 1282ms, Thread: pool-40-thread-2
Processed Task 90 (LOW) | Wait: 1225ms, Turnaround: 1282ms, Thread: pool-40-thread-3
Processed Task 9 (HIGH) | Wait: 1225ms, Turnaround: 1282ms, Thread: pool-40-thread-1
Processed Task 8 (HIGH) | Wait: 1282ms, Turnaround: 1346ms, Thread: pool-40-thread-1
Processed Task 92 (LOW) | Wait: 1282ms, Turnaround: 1346ms, Thread: pool-40-thread-3
Processed Task 55 (MEDIUM) | Wait: 1282ms, Turnaround: 1346ms, Thread: pool-40-thread-2
Processed Task 5 (HIGH) | Wait: 1346ms, Turnaround: 1406ms, Thread: pool-40-thread-1
Processed Task 93 (LOW) | Wait: 1346ms, Turnaround: 1406ms, Thread: pool-40-thread-3
Processed Task 57 (MEDIUM) | Wait: 1346ms, Turnaround: 1406ms, Thread: pool-40-thread-2
Processed Task 2 (HIGH) | Wait: 1406ms, Turnaround: 1476ms, Thread: pool-40-thread-1
Processed Task 59 (MEDIUM) | Wait: 1406ms, Turnaround: 1476ms, Thread: pool-40-thread-2
Processed Task 94 (LOW) | Wait: 1406ms, Turnaround: 1476ms, Thread: pool-40-thread-3
Processed Task 60 (MEDIUM) | Wait: 1476ms, Turnaround: 1530ms, Thread: pool-40-thread-2
Processed Task 96 (LOW) | Wait: 1476ms, Turnaround: 1530ms, Thread: pool-40-thread-3
Processed Task 1 (HIGH) | Wait: 1476ms, Turnaround: 1530ms, Thread: pool-40-thread-1
Processed Task 97 (LOW) | Wait: 1530ms, Turnaround: 1586ms, Thread: pool-40-thread-3
Processed Task 66 (MEDIUM) | Wait: 1530ms, Turnaround: 1586ms, Thread: pool-40-thread-2
Processed Task 68 (MEDIUM) | Wait: 1586ms, Turnaround: 1641ms, Thread: pool-40-thread-2
Processed Task 69 (MEDIUM) | Wait: 1641ms, Turnaround: 1691ms, Thread: pool-40-thread-2
Processed Task 71 (MEDIUM) | Wait: 1691ms, Turnaround: 1742ms, Thread: pool-40-thread-2
Processed Task 72 (MEDIUM) | Wait: 1742ms, Turnaround: 1799ms, Thread: pool-40-thread-2
Processed Task 77 (MEDIUM) | Wait: 1799ms, Turnaround: 1850ms, Thread: pool-40-thread-2
Processed Task 79 (MEDIUM) | Wait: 1850ms, Turnaround: 1907ms, Thread: pool-40-thread-2
Processed Task 80 (MEDIUM) | Wait: 1907ms, Turnaround: 1958ms, Thread: pool-40-thread-2
Processed Task 83 (MEDIUM) | Wait: 1958ms, Turnaround: 2023ms, Thread: pool-40-thread-2
Processed Task 87 (MEDIUM) | Wait: 2023ms, Turnaround: 2074ms, Thread: pool-40-thread-2
Processed Task 91 (MEDIUM) | Wait: 2074ms, Turnaround: 2138ms, Thread: pool-40-thread-2
Processed Task 95 (MEDIUM) | Wait: 2138ms, Turnaround: 2193ms, Thread: pool-40-thread-2
Processed Task 98 (MEDIUM) | Wait: 2193ms, Turnaround: 2244ms, Thread: pool-40-thread-2
Processed Task 99 (MEDIUM) | Wait: 2244ms, Turnaround: 2300ms, Thread: pool-40-thread-2
Processed Task 100 (MEDIUM) | Wait: 2300ms, Turnaround: 2354ms, Thread: pool-40-thread-2

----- RESULTS FOR THIS RUN -----
Tasks processed: 100
Total elapsed: 2.35 s
Throughput: 42.48 tasks/s

Wait Time (ms):
  Min = 0
  Max = 2300
  Avg = 905.18
  StdDev = 593.29

Turnaround Time (ms):
  Min = 53
  Max = 2354
  Avg = 959.88
  StdDev = 594.94
------------------------------


=============================
Starting run 40 of 50
=============================
Processed Task 3 (MEDIUM) | Wait: 0ms, Turnaround: 53ms, Thread: pool-41-thread-2
Processed Task 1 (LOW) | Wait: 0ms, Turnaround: 53ms, Thread: pool-41-thread-3
Processed Task 98 (HIGH) | Wait: 0ms, Turnaround: 53ms, Thread: pool-41-thread-1
Processed Task 4 (MEDIUM) | Wait: 53ms, Turnaround: 116ms, Thread: pool-41-thread-2
Processed Task 2 (LOW) | Wait: 53ms, Turnaround: 116ms, Thread: pool-41-thread-3
Processed Task 96 (HIGH) | Wait: 53ms, Turnaround: 116ms, Thread: pool-41-thread-1
Processed Task 9 (LOW) | Wait: 116ms, Turnaround: 169ms, Thread: pool-41-thread-3
Processed Task 14 (MEDIUM) | Wait: 116ms, Turnaround: 169ms, Thread: pool-41-thread-2
Processed Task 93 (HIGH) | Wait: 116ms, Turnaround: 169ms, Thread: pool-41-thread-1
Processed Task 89 (HIGH) | Wait: 169ms, Turnaround: 221ms, Thread: pool-41-thread-1
Processed Task 18 (MEDIUM) | Wait: 169ms, Turnaround: 221ms, Thread: pool-41-thread-2
Processed Task 10 (LOW) | Wait: 169ms, Turnaround: 221ms, Thread: pool-41-thread-3
Processed Task 87 (HIGH) | Wait: 221ms, Turnaround: 272ms, Thread: pool-41-thread-1
Processed Task 11 (LOW) | Wait: 221ms, Turnaround: 272ms, Thread: pool-41-thread-3
Processed Task 19 (MEDIUM) | Wait: 221ms, Turnaround: 272ms, Thread: pool-41-thread-2
Processed Task 17 (LOW) | Wait: 272ms, Turnaround: 329ms, Thread: pool-41-thread-3
Processed Task 25 (MEDIUM) | Wait: 272ms, Turnaround: 329ms, Thread: pool-41-thread-2
Processed Task 86 (HIGH) | Wait: 272ms, Turnaround: 329ms, Thread: pool-41-thread-1
Processed Task 27 (MEDIUM) | Wait: 329ms, Turnaround: 388ms, Thread: pool-41-thread-2
Processed Task 82 (HIGH) | Wait: 329ms, Turnaround: 388ms, Thread: pool-41-thread-1
Processed Task 20 (LOW) | Wait: 329ms, Turnaround: 388ms, Thread: pool-41-thread-3
Processed Task 77 (HIGH) | Wait: 388ms, Turnaround: 448ms, Thread: pool-41-thread-1
Processed Task 28 (MEDIUM) | Wait: 388ms, Turnaround: 448ms, Thread: pool-41-thread-2
Processed Task 21 (LOW) | Wait: 388ms, Turnaround: 448ms, Thread: pool-41-thread-3
Processed Task 73 (HIGH) | Wait: 448ms, Turnaround: 504ms, Thread: pool-41-thread-1
Processed Task 35 (MEDIUM) | Wait: 448ms, Turnaround: 504ms, Thread: pool-41-thread-2
Processed Task 23 (LOW) | Wait: 448ms, Turnaround: 504ms, Thread: pool-41-thread-3
Processed Task 72 (HIGH) | Wait: 504ms, Turnaround: 563ms, Thread: pool-41-thread-1
Processed Task 40 (MEDIUM) | Wait: 504ms, Turnaround: 563ms, Thread: pool-41-thread-2
Processed Task 24 (LOW) | Wait: 504ms, Turnaround: 563ms, Thread: pool-41-thread-3
Processed Task 41 (MEDIUM) | Wait: 563ms, Turnaround: 614ms, Thread: pool-41-thread-2
Processed Task 31 (LOW) | Wait: 563ms, Turnaround: 614ms, Thread: pool-41-thread-3
Processed Task 70 (HIGH) | Wait: 563ms, Turnaround: 614ms, Thread: pool-41-thread-1
Processed Task 46 (MEDIUM) | Wait: 614ms, Turnaround: 671ms, Thread: pool-41-thread-2
Processed Task 32 (LOW) | Wait: 614ms, Turnaround: 671ms, Thread: pool-41-thread-3
Processed Task 69 (HIGH) | Wait: 614ms, Turnaround: 671ms, Thread: pool-41-thread-1
Processed Task 33 (LOW) | Wait: 671ms, Turnaround: 722ms, Thread: pool-41-thread-3
Processed Task 61 (HIGH) | Wait: 671ms, Turnaround: 722ms, Thread: pool-41-thread-1
Processed Task 48 (MEDIUM) | Wait: 671ms, Turnaround: 722ms, Thread: pool-41-thread-2
Processed Task 59 (HIGH) | Wait: 722ms, Turnaround: 779ms, Thread: pool-41-thread-1
Processed Task 50 (MEDIUM) | Wait: 722ms, Turnaround: 779ms, Thread: pool-41-thread-2
Processed Task 37 (LOW) | Wait: 722ms, Turnaround: 779ms, Thread: pool-41-thread-3
Processed Task 57 (HIGH) | Wait: 779ms, Turnaround: 830ms, Thread: pool-41-thread-1
Processed Task 39 (LOW) | Wait: 779ms, Turnaround: 830ms, Thread: pool-41-thread-3
Processed Task 53 (MEDIUM) | Wait: 779ms, Turnaround: 830ms, Thread: pool-41-thread-2
Processed Task 54 (MEDIUM) | Wait: 830ms, Turnaround: 887ms, Thread: pool-41-thread-2
Processed Task 42 (LOW) | Wait: 830ms, Turnaround: 887ms, Thread: pool-41-thread-3
Processed Task 47 (HIGH) | Wait: 830ms, Turnaround: 887ms, Thread: pool-41-thread-1
Processed Task 45 (HIGH) | Wait: 887ms, Turnaround: 941ms, Thread: pool-41-thread-1
Processed Task 55 (MEDIUM) | Wait: 887ms, Turnaround: 941ms, Thread: pool-41-thread-2
Processed Task 49 (LOW) | Wait: 887ms, Turnaround: 941ms, Thread: pool-41-thread-3
Processed Task 44 (HIGH) | Wait: 941ms, Turnaround: 998ms, Thread: pool-41-thread-1
Processed Task 51 (LOW) | Wait: 941ms, Turnaround: 998ms, Thread: pool-41-thread-3
Processed Task 58 (MEDIUM) | Wait: 941ms, Turnaround: 998ms, Thread: pool-41-thread-2
Processed Task 60 (MEDIUM) | Wait: 998ms, Turnaround: 1049ms, Thread: pool-41-thread-2
Processed Task 52 (LOW) | Wait: 998ms, Turnaround: 1049ms, Thread: pool-41-thread-3
Processed Task 43 (HIGH) | Wait: 998ms, Turnaround: 1049ms, Thread: pool-41-thread-1
Processed Task 62 (MEDIUM) | Wait: 1049ms, Turnaround: 1106ms, Thread: pool-41-thread-2
Processed Task 56 (LOW) | Wait: 1049ms, Turnaround: 1106ms, Thread: pool-41-thread-3
Processed Task 38 (HIGH) | Wait: 1049ms, Turnaround: 1106ms, Thread: pool-41-thread-1
Processed Task 36 (HIGH) | Wait: 1106ms, Turnaround: 1157ms, Thread: pool-41-thread-1
Processed Task 64 (LOW) | Wait: 1106ms, Turnaround: 1157ms, Thread: pool-41-thread-3
Processed Task 63 (MEDIUM) | Wait: 1106ms, Turnaround: 1157ms, Thread: pool-41-thread-2
Processed Task 65 (LOW) | Wait: 1157ms, Turnaround: 1214ms, Thread: pool-41-thread-3
Processed Task 67 (MEDIUM) | Wait: 1157ms, Turnaround: 1214ms, Thread: pool-41-thread-2
Processed Task 34 (HIGH) | Wait: 1157ms, Turnaround: 1214ms, Thread: pool-41-thread-1
Processed Task 66 (LOW) | Wait: 1214ms, Turnaround: 1264ms, Thread: pool-41-thread-3
Processed Task 30 (HIGH) | Wait: 1214ms, Turnaround: 1264ms, Thread: pool-41-thread-1
Processed Task 71 (MEDIUM) | Wait: 1214ms, Turnaround: 1264ms, Thread: pool-41-thread-2
Processed Task 74 (MEDIUM) | Wait: 1264ms, Turnaround: 1321ms, Thread: pool-41-thread-2
Processed Task 68 (LOW) | Wait: 1264ms, Turnaround: 1321ms, Thread: pool-41-thread-3
Processed Task 29 (HIGH) | Wait: 1264ms, Turnaround: 1321ms, Thread: pool-41-thread-1
Processed Task 75 (MEDIUM) | Wait: 1321ms, Turnaround: 1372ms, Thread: pool-41-thread-2
Processed Task 76 (LOW) | Wait: 1321ms, Turnaround: 1372ms, Thread: pool-41-thread-3
Processed Task 26 (HIGH) | Wait: 1321ms, Turnaround: 1372ms, Thread: pool-41-thread-1
Processed Task 80 (MEDIUM) | Wait: 1372ms, Turnaround: 1428ms, Thread: pool-41-thread-2
Processed Task 78 (LOW) | Wait: 1372ms, Turnaround: 1428ms, Thread: pool-41-thread-3
Processed Task 22 (HIGH) | Wait: 1372ms, Turnaround: 1428ms, Thread: pool-41-thread-1
Processed Task 84 (MEDIUM) | Wait: 1428ms, Turnaround: 1482ms, Thread: pool-41-thread-2
Processed Task 16 (HIGH) | Wait: 1428ms, Turnaround: 1482ms, Thread: pool-41-thread-1
Processed Task 79 (LOW) | Wait: 1428ms, Turnaround: 1482ms, Thread: pool-41-thread-3
Processed Task 81 (LOW) | Wait: 1482ms, Turnaround: 1533ms, Thread: pool-41-thread-3
Processed Task 88 (MEDIUM) | Wait: 1482ms, Turnaround: 1533ms, Thread: pool-41-thread-2
Processed Task 15 (HIGH) | Wait: 1482ms, Turnaround: 1533ms, Thread: pool-41-thread-1
Processed Task 92 (MEDIUM) | Wait: 1533ms, Turnaround: 1589ms, Thread: pool-41-thread-2
Processed Task 13 (HIGH) | Wait: 1533ms, Turnaround: 1589ms, Thread: pool-41-thread-1
Processed Task 83 (LOW) | Wait: 1533ms, Turnaround: 1589ms, Thread: pool-41-thread-3
Processed Task 85 (LOW) | Wait: 1589ms, Turnaround: 1645ms, Thread: pool-41-thread-3
Processed Task 100 (MEDIUM) | Wait: 1589ms, Turnaround: 1645ms, Thread: pool-41-thread-2
Processed Task 12 (HIGH) | Wait: 1589ms, Turnaround: 1645ms, Thread: pool-41-thread-1
Processed Task 90 (LOW) | Wait: 1645ms, Turnaround: 1698ms, Thread: pool-41-thread-3
Processed Task 8 (HIGH) | Wait: 1645ms, Turnaround: 1698ms, Thread: pool-41-thread-1
Processed Task 91 (LOW) | Wait: 1698ms, Turnaround: 1753ms, Thread: pool-41-thread-3
Processed Task 7 (HIGH) | Wait: 1698ms, Turnaround: 1753ms, Thread: pool-41-thread-1
Processed Task 6 (HIGH) | Wait: 1753ms, Turnaround: 1809ms, Thread: pool-41-thread-1
Processed Task 94 (LOW) | Wait: 1753ms, Turnaround: 1809ms, Thread: pool-41-thread-3
Processed Task 95 (LOW) | Wait: 1809ms, Turnaround: 1864ms, Thread: pool-41-thread-3
Processed Task 5 (HIGH) | Wait: 1809ms, Turnaround: 1864ms, Thread: pool-41-thread-1
Processed Task 97 (LOW) | Wait: 1864ms, Turnaround: 1919ms, Thread: pool-41-thread-3
Processed Task 99 (LOW) | Wait: 1919ms, Turnaround: 1970ms, Thread: pool-41-thread-3

----- RESULTS FOR THIS RUN -----
Tasks processed: 100
Total elapsed: 1.97 s
Throughput: 50.76 tasks/s

Wait Time (ms):
  Min = 0
  Max = 1919
  Avg = 896.53
  StdDev = 534.76

Turnaround Time (ms):
  Min = 53
  Max = 1970
  Avg = 951.32
  StdDev = 534.17
------------------------------


=============================
Starting run 41 of 50
=============================
Processed Task 2 (MEDIUM) | Wait: 0ms, Turnaround: 54ms, Thread: pool-42-thread-2
Processed Task 100 (HIGH) | Wait: 0ms, Turnaround: 54ms, Thread: pool-42-thread-1
Processed Task 1 (LOW) | Wait: 0ms, Turnaround: 54ms, Thread: pool-42-thread-3
Processed Task 3 (LOW) | Wait: 54ms, Turnaround: 105ms, Thread: pool-42-thread-3
Processed Task 97 (HIGH) | Wait: 54ms, Turnaround: 105ms, Thread: pool-42-thread-1
Processed Task 4 (MEDIUM) | Wait: 54ms, Turnaround: 105ms, Thread: pool-42-thread-2
Processed Task 5 (LOW) | Wait: 105ms, Turnaround: 156ms, Thread: pool-42-thread-3
Processed Task 6 (MEDIUM) | Wait: 105ms, Turnaround: 156ms, Thread: pool-42-thread-2
Processed Task 96 (HIGH) | Wait: 105ms, Turnaround: 156ms, Thread: pool-42-thread-1
Processed Task 7 (MEDIUM) | Wait: 156ms, Turnaround: 208ms, Thread: pool-42-thread-2
Processed Task 89 (HIGH) | Wait: 156ms, Turnaround: 208ms, Thread: pool-42-thread-1
Processed Task 8 (LOW) | Wait: 156ms, Turnaround: 208ms, Thread: pool-42-thread-3
Processed Task 86 (HIGH) | Wait: 208ms, Turnaround: 261ms, Thread: pool-42-thread-1
Processed Task 17 (MEDIUM) | Wait: 208ms, Turnaround: 261ms, Thread: pool-42-thread-2
Processed Task 9 (LOW) | Wait: 208ms, Turnaround: 272ms, Thread: pool-42-thread-3
Processed Task 19 (MEDIUM) | Wait: 261ms, Turnaround: 320ms, Thread: pool-42-thread-2
Processed Task 85 (HIGH) | Wait: 261ms, Turnaround: 320ms, Thread: pool-42-thread-1
Processed Task 11 (LOW) | Wait: 272ms, Turnaround: 325ms, Thread: pool-42-thread-3
Processed Task 22 (MEDIUM) | Wait: 320ms, Turnaround: 375ms, Thread: pool-42-thread-2
Processed Task 81 (HIGH) | Wait: 320ms, Turnaround: 375ms, Thread: pool-42-thread-1
Processed Task 13 (LOW) | Wait: 325ms, Turnaround: 375ms, Thread: pool-42-thread-3
Processed Task 14 (LOW) | Wait: 375ms, Turnaround: 443ms, Thread: pool-42-thread-3
Processed Task 24 (MEDIUM) | Wait: 375ms, Turnaround: 443ms, Thread: pool-42-thread-2
Processed Task 75 (HIGH) | Wait: 375ms, Turnaround: 443ms, Thread: pool-42-thread-1
Processed Task 16 (LOW) | Wait: 443ms, Turnaround: 498ms, Thread: pool-42-thread-3
Processed Task 26 (MEDIUM) | Wait: 443ms, Turnaround: 498ms, Thread: pool-42-thread-2
Processed Task 73 (HIGH) | Wait: 443ms, Turnaround: 498ms, Thread: pool-42-thread-1
Processed Task 27 (MEDIUM) | Wait: 498ms, Turnaround: 554ms, Thread: pool-42-thread-2
Processed Task 21 (LOW) | Wait: 498ms, Turnaround: 554ms, Thread: pool-42-thread-3
Processed Task 72 (HIGH) | Wait: 498ms, Turnaround: 554ms, Thread: pool-42-thread-1
Processed Task 70 (HIGH) | Wait: 554ms, Turnaround: 610ms, Thread: pool-42-thread-1
Processed Task 23 (LOW) | Wait: 554ms, Turnaround: 610ms, Thread: pool-42-thread-3
Processed Task 28 (MEDIUM) | Wait: 554ms, Turnaround: 610ms, Thread: pool-42-thread-2
Processed Task 29 (MEDIUM) | Wait: 610ms, Turnaround: 665ms, Thread: pool-42-thread-2
Processed Task 33 (LOW) | Wait: 610ms, Turnaround: 665ms, Thread: pool-42-thread-3
Processed Task 65 (HIGH) | Wait: 610ms, Turnaround: 665ms, Thread: pool-42-thread-1
Processed Task 32 (MEDIUM) | Wait: 665ms, Turnaround: 720ms, Thread: pool-42-thread-2
Processed Task 36 (LOW) | Wait: 665ms, Turnaround: 720ms, Thread: pool-42-thread-3
Processed Task 60 (HIGH) | Wait: 665ms, Turnaround: 720ms, Thread: pool-42-thread-1
Processed Task 57 (HIGH) | Wait: 720ms, Turnaround: 776ms, Thread: pool-42-thread-1
Processed Task 38 (LOW) | Wait: 720ms, Turnaround: 776ms, Thread: pool-42-thread-3
Processed Task 34 (MEDIUM) | Wait: 720ms, Turnaround: 776ms, Thread: pool-42-thread-2
Processed Task 40 (LOW) | Wait: 776ms, Turnaround: 831ms, Thread: pool-42-thread-3
Processed Task 53 (HIGH) | Wait: 776ms, Turnaround: 831ms, Thread: pool-42-thread-1
Processed Task 37 (MEDIUM) | Wait: 776ms, Turnaround: 831ms, Thread: pool-42-thread-2
Processed Task 51 (HIGH) | Wait: 831ms, Turnaround: 887ms, Thread: pool-42-thread-1
Processed Task 39 (MEDIUM) | Wait: 831ms, Turnaround: 887ms, Thread: pool-42-thread-2
Processed Task 45 (LOW) | Wait: 831ms, Turnaround: 887ms, Thread: pool-42-thread-3
Processed Task 41 (MEDIUM) | Wait: 887ms, Turnaround: 943ms, Thread: pool-42-thread-2
Processed Task 48 (LOW) | Wait: 887ms, Turnaround: 943ms, Thread: pool-42-thread-3
Processed Task 49 (HIGH) | Wait: 887ms, Turnaround: 943ms, Thread: pool-42-thread-1
Processed Task 47 (HIGH) | Wait: 943ms, Turnaround: 999ms, Thread: pool-42-thread-1
Processed Task 52 (LOW) | Wait: 943ms, Turnaround: 999ms, Thread: pool-42-thread-3
Processed Task 50 (MEDIUM) | Wait: 943ms, Turnaround: 999ms, Thread: pool-42-thread-2
Processed Task 55 (MEDIUM) | Wait: 999ms, Turnaround: 1054ms, Thread: pool-42-thread-2
Processed Task 46 (HIGH) | Wait: 999ms, Turnaround: 1054ms, Thread: pool-42-thread-1
Processed Task 54 (LOW) | Wait: 999ms, Turnaround: 1054ms, Thread: pool-42-thread-3
Processed Task 56 (LOW) | Wait: 1054ms, Turnaround: 1111ms, Thread: pool-42-thread-3
Processed Task 44 (HIGH) | Wait: 1054ms, Turnaround: 1111ms, Thread: pool-42-thread-1
Processed Task 58 (MEDIUM) | Wait: 1054ms, Turnaround: 1111ms, Thread: pool-42-thread-2
Processed Task 43 (HIGH) | Wait: 1111ms, Turnaround: 1166ms, Thread: pool-42-thread-1
Processed Task 59 (MEDIUM) | Wait: 1111ms, Turnaround: 1166ms, Thread: pool-42-thread-2
Processed Task 69 (LOW) | Wait: 1111ms, Turnaround: 1166ms, Thread: pool-42-thread-3
Processed Task 78 (LOW) | Wait: 1166ms, Turnaround: 1220ms, Thread: pool-42-thread-3
Processed Task 42 (HIGH) | Wait: 1166ms, Turnaround: 1220ms, Thread: pool-42-thread-1
Processed Task 61 (MEDIUM) | Wait: 1166ms, Turnaround: 1220ms, Thread: pool-42-thread-2
Processed Task 62 (MEDIUM) | Wait: 1220ms, Turnaround: 1276ms, Thread: pool-42-thread-2
Processed Task 79 (LOW) | Wait: 1220ms, Turnaround: 1276ms, Thread: pool-42-thread-3
Processed Task 35 (HIGH) | Wait: 1220ms, Turnaround: 1291ms, Thread: pool-42-thread-1
Processed Task 63 (MEDIUM) | Wait: 1276ms, Turnaround: 1327ms, Thread: pool-42-thread-2
Processed Task 31 (HIGH) | Wait: 1291ms, Turnaround: 1343ms, Thread: pool-42-thread-1
Processed Task 82 (LOW) | Wait: 1286ms, Turnaround: 1343ms, Thread: pool-42-thread-3
Processed Task 64 (MEDIUM) | Wait: 1327ms, Turnaround: 1391ms, Thread: pool-42-thread-2
Processed Task 30 (HIGH) | Wait: 1343ms, Turnaround: 1406ms, Thread: pool-42-thread-1
Processed Task 87 (LOW) | Wait: 1343ms, Turnaround: 1406ms, Thread: pool-42-thread-3
Processed Task 66 (MEDIUM) | Wait: 1391ms, Turnaround: 1452ms, Thread: pool-42-thread-2
Processed Task 90 (LOW) | Wait: 1406ms, Turnaround: 1468ms, Thread: pool-42-thread-3
Processed Task 25 (HIGH) | Wait: 1406ms, Turnaround: 1468ms, Thread: pool-42-thread-1
Processed Task 67 (MEDIUM) | Wait: 1452ms, Turnaround: 1506ms, Thread: pool-42-thread-2
Processed Task 94 (LOW) | Wait: 1468ms, Turnaround: 1521ms, Thread: pool-42-thread-3
Processed Task 20 (HIGH) | Wait: 1468ms, Turnaround: 1521ms, Thread: pool-42-thread-1
Processed Task 68 (MEDIUM) | Wait: 1506ms, Turnaround: 1559ms, Thread: pool-42-thread-2
Processed Task 95 (LOW) | Wait: 1521ms, Turnaround: 1575ms, Thread: pool-42-thread-3
Processed Task 18 (HIGH) | Wait: 1521ms, Turnaround: 1575ms, Thread: pool-42-thread-1
Processed Task 71 (MEDIUM) | Wait: 1559ms, Turnaround: 1614ms, Thread: pool-42-thread-2
Processed Task 98 (LOW) | Wait: 1575ms, Turnaround: 1625ms, Thread: pool-42-thread-3
Processed Task 15 (HIGH) | Wait: 1575ms, Turnaround: 1627ms, Thread: pool-42-thread-1
Processed Task 74 (MEDIUM) | Wait: 1614ms, Turnaround: 1676ms, Thread: pool-42-thread-2
Processed Task 12 (HIGH) | Wait: 1627ms, Turnaround: 1692ms, Thread: pool-42-thread-1
Processed Task 10 (HIGH) | Wait: 1692ms, Turnaround: 1747ms, Thread: pool-42-thread-1
Processed Task 76 (MEDIUM) | Wait: 1676ms, Turnaround: 1747ms, Thread: pool-42-thread-2
Processed Task 77 (MEDIUM) | Wait: 1747ms, Turnaround: 1802ms, Thread: pool-42-thread-2
Processed Task 80 (MEDIUM) | Wait: 1802ms, Turnaround: 1868ms, Thread: pool-42-thread-2
Processed Task 83 (MEDIUM) | Wait: 1868ms, Turnaround: 1922ms, Thread: pool-42-thread-2
Processed Task 84 (MEDIUM) | Wait: 1922ms, Turnaround: 1972ms, Thread: pool-42-thread-2
Processed Task 88 (MEDIUM) | Wait: 1972ms, Turnaround: 2025ms, Thread: pool-42-thread-2
Processed Task 91 (MEDIUM) | Wait: 2025ms, Turnaround: 2078ms, Thread: pool-42-thread-2
Processed Task 92 (MEDIUM) | Wait: 2078ms, Turnaround: 2132ms, Thread: pool-42-thread-2
Processed Task 93 (MEDIUM) | Wait: 2132ms, Turnaround: 2184ms, Thread: pool-42-thread-2
Processed Task 99 (MEDIUM) | Wait: 2184ms, Turnaround: 2240ms, Thread: pool-42-thread-2

----- RESULTS FOR THIS RUN -----
Tasks processed: 100
Total elapsed: 2.24 s
Throughput: 44.64 tasks/s

Wait Time (ms):
  Min = 0
  Max = 2184
  Avg = 919.37
  StdDev = 577.36

Turnaround Time (ms):
  Min = 54
  Max = 2240
  Avg = 975.39
  StdDev = 577.97
------------------------------


=============================
Starting run 42 of 50
=============================
Processed Task 4 (LOW) | Wait: 0ms, Turnaround: 59ms, Thread: pool-43-thread-3
Processed Task 1 (MEDIUM) | Wait: 0ms, Turnaround: 59ms, Thread: pool-43-thread-2
Processed Task 95 (HIGH) | Wait: 0ms, Turnaround: 59ms, Thread: pool-43-thread-1
Processed Task 90 (HIGH) | Wait: 59ms, Turnaround: 115ms, Thread: pool-43-thread-1
Processed Task 3 (MEDIUM) | Wait: 59ms, Turnaround: 115ms, Thread: pool-43-thread-2
Processed Task 9 (LOW) | Wait: 59ms, Turnaround: 115ms, Thread: pool-43-thread-3
Processed Task 10 (LOW) | Wait: 115ms, Turnaround: 168ms, Thread: pool-43-thread-3
Processed Task 5 (MEDIUM) | Wait: 115ms, Turnaround: 168ms, Thread: pool-43-thread-2
Processed Task 83 (HIGH) | Wait: 115ms, Turnaround: 168ms, Thread: pool-43-thread-1
Processed Task 11 (MEDIUM) | Wait: 168ms, Turnaround: 224ms, Thread: pool-43-thread-2
Processed Task 75 (HIGH) | Wait: 168ms, Turnaround: 224ms, Thread: pool-43-thread-1
Processed Task 15 (LOW) | Wait: 168ms, Turnaround: 224ms, Thread: pool-43-thread-3
Processed Task 12 (MEDIUM) | Wait: 224ms, Turnaround: 278ms, Thread: pool-43-thread-2
Processed Task 16 (LOW) | Wait: 224ms, Turnaround: 278ms, Thread: pool-43-thread-3
Processed Task 72 (HIGH) | Wait: 224ms, Turnaround: 278ms, Thread: pool-43-thread-1
Processed Task 13 (MEDIUM) | Wait: 278ms, Turnaround: 329ms, Thread: pool-43-thread-2
Processed Task 18 (LOW) | Wait: 278ms, Turnaround: 329ms, Thread: pool-43-thread-3
Processed Task 70 (HIGH) | Wait: 279ms, Turnaround: 335ms, Thread: pool-43-thread-1
Processed Task 19 (MEDIUM) | Wait: 329ms, Turnaround: 385ms, Thread: pool-43-thread-2
Processed Task 21 (LOW) | Wait: 329ms, Turnaround: 385ms, Thread: pool-43-thread-3
Processed Task 68 (HIGH) | Wait: 335ms, Turnaround: 385ms, Thread: pool-43-thread-1
Processed Task 30 (LOW) | Wait: 385ms, Turnaround: 438ms, Thread: pool-43-thread-3
Processed Task 66 (HIGH) | Wait: 385ms, Turnaround: 438ms, Thread: pool-43-thread-1
Processed Task 22 (MEDIUM) | Wait: 385ms, Turnaround: 438ms, Thread: pool-43-thread-2
Processed Task 60 (HIGH) | Wait: 438ms, Turnaround: 508ms, Thread: pool-43-thread-1
Processed Task 31 (LOW) | Wait: 438ms, Turnaround: 508ms, Thread: pool-43-thread-3
Processed Task 25 (MEDIUM) | Wait: 438ms, Turnaround: 508ms, Thread: pool-43-thread-2
Processed Task 32 (LOW) | Wait: 508ms, Turnaround: 568ms, Thread: pool-43-thread-3
Processed Task 59 (HIGH) | Wait: 508ms, Turnaround: 568ms, Thread: pool-43-thread-1
Processed Task 28 (MEDIUM) | Wait: 508ms, Turnaround: 568ms, Thread: pool-43-thread-2
Processed Task 35 (LOW) | Wait: 568ms, Turnaround: 624ms, Thread: pool-43-thread-3
Processed Task 58 (HIGH) | Wait: 568ms, Turnaround: 624ms, Thread: pool-43-thread-1
Processed Task 29 (MEDIUM) | Wait: 568ms, Turnaround: 624ms, Thread: pool-43-thread-2
Processed Task 42 (LOW) | Wait: 624ms, Turnaround: 679ms, Thread: pool-43-thread-3
Processed Task 57 (HIGH) | Wait: 624ms, Turnaround: 679ms, Thread: pool-43-thread-1
Processed Task 33 (MEDIUM) | Wait: 624ms, Turnaround: 679ms, Thread: pool-43-thread-2
Processed Task 43 (LOW) | Wait: 679ms, Turnaround: 736ms, Thread: pool-43-thread-3
Processed Task 34 (MEDIUM) | Wait: 679ms, Turnaround: 736ms, Thread: pool-43-thread-2
Processed Task 56 (HIGH) | Wait: 679ms, Turnaround: 736ms, Thread: pool-43-thread-1
Processed Task 36 (MEDIUM) | Wait: 736ms, Turnaround: 790ms, Thread: pool-43-thread-2
Processed Task 55 (HIGH) | Wait: 736ms, Turnaround: 790ms, Thread: pool-43-thread-1
Processed Task 45 (LOW) | Wait: 736ms, Turnaround: 790ms, Thread: pool-43-thread-3
Processed Task 39 (MEDIUM) | Wait: 790ms, Turnaround: 847ms, Thread: pool-43-thread-2
Processed Task 47 (LOW) | Wait: 790ms, Turnaround: 847ms, Thread: pool-43-thread-3
Processed Task 50 (HIGH) | Wait: 790ms, Turnaround: 847ms, Thread: pool-43-thread-1
Processed Task 46 (HIGH) | Wait: 847ms, Turnaround: 902ms, Thread: pool-43-thread-1
Processed Task 51 (LOW) | Wait: 847ms, Turnaround: 902ms, Thread: pool-43-thread-3
Processed Task 48 (MEDIUM) | Wait: 847ms, Turnaround: 902ms, Thread: pool-43-thread-2
Processed Task 53 (LOW) | Wait: 902ms, Turnaround: 956ms, Thread: pool-43-thread-3
Processed Task 44 (HIGH) | Wait: 902ms, Turnaround: 956ms, Thread: pool-43-thread-1
Processed Task 49 (MEDIUM) | Wait: 902ms, Turnaround: 956ms, Thread: pool-43-thread-2
Processed Task 52 (MEDIUM) | Wait: 956ms, Turnaround: 1012ms, Thread: pool-43-thread-2
Processed Task 41 (HIGH) | Wait: 956ms, Turnaround: 1012ms, Thread: pool-43-thread-1
Processed Task 61 (LOW) | Wait: 956ms, Turnaround: 1012ms, Thread: pool-43-thread-3
Processed Task 65 (LOW) | Wait: 1012ms, Turnaround: 1067ms, Thread: pool-43-thread-3
Processed Task 54 (MEDIUM) | Wait: 1012ms, Turnaround: 1067ms, Thread: pool-43-thread-2
Processed Task 40 (HIGH) | Wait: 1012ms, Turnaround: 1067ms, Thread: pool-43-thread-1
Processed Task 38 (HIGH) | Wait: 1067ms, Turnaround: 1123ms, Thread: pool-43-thread-1
Processed Task 62 (MEDIUM) | Wait: 1067ms, Turnaround: 1123ms, Thread: pool-43-thread-2
Processed Task 71 (LOW) | Wait: 1067ms, Turnaround: 1123ms, Thread: pool-43-thread-3
Processed Task 63 (MEDIUM) | Wait: 1123ms, Turnaround: 1179ms, Thread: pool-43-thread-2
Processed Task 78 (LOW) | Wait: 1123ms, Turnaround: 1179ms, Thread: pool-43-thread-3
Processed Task 37 (HIGH) | Wait: 1123ms, Turnaround: 1179ms, Thread: pool-43-thread-1
Processed Task 64 (MEDIUM) | Wait: 1179ms, Turnaround: 1234ms, Thread: pool-43-thread-2
Processed Task 84 (LOW) | Wait: 1179ms, Turnaround: 1234ms, Thread: pool-43-thread-3
Processed Task 27 (HIGH) | Wait: 1179ms, Turnaround: 1234ms, Thread: pool-43-thread-1
Processed Task 85 (LOW) | Wait: 1235ms, Turnaround: 1290ms, Thread: pool-43-thread-3
Processed Task 67 (MEDIUM) | Wait: 1235ms, Turnaround: 1290ms, Thread: pool-43-thread-2
Processed Task 26 (HIGH) | Wait: 1235ms, Turnaround: 1297ms, Thread: pool-43-thread-1
Processed Task 69 (MEDIUM) | Wait: 1290ms, Turnaround: 1346ms, Thread: pool-43-thread-2
Processed Task 86 (LOW) | Wait: 1290ms, Turnaround: 1346ms, Thread: pool-43-thread-3
Processed Task 24 (HIGH) | Wait: 1297ms, Turnaround: 1353ms, Thread: pool-43-thread-1
Processed Task 73 (MEDIUM) | Wait: 1346ms, Turnaround: 1402ms, Thread: pool-43-thread-2
Processed Task 89 (LOW) | Wait: 1346ms, Turnaround: 1402ms, Thread: pool-43-thread-3
Processed Task 23 (HIGH) | Wait: 1353ms, Turnaround: 1409ms, Thread: pool-43-thread-1
Processed Task 91 (LOW) | Wait: 1402ms, Turnaround: 1458ms, Thread: pool-43-thread-3
Processed Task 74 (MEDIUM) | Wait: 1402ms, Turnaround: 1458ms, Thread: pool-43-thread-2
Processed Task 20 (HIGH) | Wait: 1409ms, Turnaround: 1460ms, Thread: pool-43-thread-1
Processed Task 76 (MEDIUM) | Wait: 1458ms, Turnaround: 1515ms, Thread: pool-43-thread-2
Processed Task 17 (HIGH) | Wait: 1460ms, Turnaround: 1515ms, Thread: pool-43-thread-1
Processed Task 92 (LOW) | Wait: 1458ms, Turnaround: 1515ms, Thread: pool-43-thread-3
Processed Task 93 (LOW) | Wait: 1515ms, Turnaround: 1566ms, Thread: pool-43-thread-3
Processed Task 77 (MEDIUM) | Wait: 1515ms, Turnaround: 1566ms, Thread: pool-43-thread-2
Processed Task 14 (HIGH) | Wait: 1515ms, Turnaround: 1566ms, Thread: pool-43-thread-1
Processed Task 94 (LOW) | Wait: 1566ms, Turnaround: 1623ms, Thread: pool-43-thread-3
Processed Task 79 (MEDIUM) | Wait: 1566ms, Turnaround: 1623ms, Thread: pool-43-thread-2
Processed Task 8 (HIGH) | Wait: 1566ms, Turnaround: 1623ms, Thread: pool-43-thread-1
Processed Task 96 (LOW) | Wait: 1623ms, Turnaround: 1687ms, Thread: pool-43-thread-3
Processed Task 80 (MEDIUM) | Wait: 1623ms, Turnaround: 1687ms, Thread: pool-43-thread-2
Processed Task 7 (HIGH) | Wait: 1623ms, Turnaround: 1687ms, Thread: pool-43-thread-1
Processed Task 6 (HIGH) | Wait: 1687ms, Turnaround: 1751ms, Thread: pool-43-thread-1
Processed Task 81 (MEDIUM) | Wait: 1687ms, Turnaround: 1751ms, Thread: pool-43-thread-2
Processed Task 97 (LOW) | Wait: 1687ms, Turnaround: 1751ms, Thread: pool-43-thread-3
Processed Task 82 (MEDIUM) | Wait: 1751ms, Turnaround: 1808ms, Thread: pool-43-thread-2
Processed Task 2 (HIGH) | Wait: 1751ms, Turnaround: 1808ms, Thread: pool-43-thread-1
Processed Task 98 (LOW) | Wait: 1751ms, Turnaround: 1808ms, Thread: pool-43-thread-3
Processed Task 87 (MEDIUM) | Wait: 1808ms, Turnaround: 1866ms, Thread: pool-43-thread-2
Processed Task 99 (LOW) | Wait: 1808ms, Turnaround: 1866ms, Thread: pool-43-thread-3
Processed Task 88 (MEDIUM) | Wait: 1866ms, Turnaround: 1921ms, Thread: pool-43-thread-2
Processed Task 100 (MEDIUM) | Wait: 1921ms, Turnaround: 1973ms, Thread: pool-43-thread-2

----- RESULTS FOR THIS RUN -----
Tasks processed: 100
Total elapsed: 1.97 s
Throughput: 50.68 tasks/s

Wait Time (ms):
  Min = 0
  Max = 1921
  Avg = 910.13
  StdDev = 543.42

Turnaround Time (ms):
  Min = 59
  Max = 1973
  Avg = 966.56
  StdDev = 543.84
------------------------------


=============================
Starting run 43 of 50
=============================
Processed Task 1 (LOW) | Wait: 0ms, Turnaround: 54ms, Thread: pool-44-thread-3
Processed Task 2 (MEDIUM) | Wait: 0ms, Turnaround: 54ms, Thread: pool-44-thread-2
Processed Task 94 (HIGH) | Wait: 0ms, Turnaround: 54ms, Thread: pool-44-thread-1
Processed Task 93 (HIGH) | Wait: 54ms, Turnaround: 106ms, Thread: pool-44-thread-1
Processed Task 5 (LOW) | Wait: 54ms, Turnaround: 106ms, Thread: pool-44-thread-3
Processed Task 3 (MEDIUM) | Wait: 54ms, Turnaround: 106ms, Thread: pool-44-thread-2
Processed Task 4 (MEDIUM) | Wait: 106ms, Turnaround: 159ms, Thread: pool-44-thread-2
Processed Task 92 (HIGH) | Wait: 106ms, Turnaround: 159ms, Thread: pool-44-thread-1
Processed Task 7 (LOW) | Wait: 106ms, Turnaround: 159ms, Thread: pool-44-thread-3
Processed Task 6 (MEDIUM) | Wait: 159ms, Turnaround: 215ms, Thread: pool-44-thread-2
Processed Task 10 (LOW) | Wait: 159ms, Turnaround: 215ms, Thread: pool-44-thread-3
Processed Task 91 (HIGH) | Wait: 159ms, Turnaround: 215ms, Thread: pool-44-thread-1
Processed Task 14 (LOW) | Wait: 215ms, Turnaround: 268ms, Thread: pool-44-thread-3
Processed Task 9 (MEDIUM) | Wait: 215ms, Turnaround: 268ms, Thread: pool-44-thread-2
Processed Task 89 (HIGH) | Wait: 215ms, Turnaround: 268ms, Thread: pool-44-thread-1
Processed Task 15 (LOW) | Wait: 268ms, Turnaround: 326ms, Thread: pool-44-thread-3
Processed Task 16 (MEDIUM) | Wait: 268ms, Turnaround: 326ms, Thread: pool-44-thread-2
Processed Task 81 (HIGH) | Wait: 268ms, Turnaround: 326ms, Thread: pool-44-thread-1
Processed Task 21 (LOW) | Wait: 326ms, Turnaround: 380ms, Thread: pool-44-thread-3
Processed Task 19 (MEDIUM) | Wait: 326ms, Turnaround: 380ms, Thread: pool-44-thread-2
Processed Task 80 (HIGH) | Wait: 326ms, Turnaround: 380ms, Thread: pool-44-thread-1
Processed Task 25 (LOW) | Wait: 380ms, Turnaround: 433ms, Thread: pool-44-thread-3
Processed Task 79 (HIGH) | Wait: 380ms, Turnaround: 433ms, Thread: pool-44-thread-1
Processed Task 24 (MEDIUM) | Wait: 380ms, Turnaround: 433ms, Thread: pool-44-thread-2
Processed Task 26 (MEDIUM) | Wait: 433ms, Turnaround: 488ms, Thread: pool-44-thread-2
Processed Task 78 (HIGH) | Wait: 433ms, Turnaround: 488ms, Thread: pool-44-thread-1
Processed Task 28 (LOW) | Wait: 433ms, Turnaround: 488ms, Thread: pool-44-thread-3
Processed Task 77 (HIGH) | Wait: 488ms, Turnaround: 547ms, Thread: pool-44-thread-1
Processed Task 29 (MEDIUM) | Wait: 488ms, Turnaround: 547ms, Thread: pool-44-thread-2
Processed Task 30 (LOW) | Wait: 488ms, Turnaround: 547ms, Thread: pool-44-thread-3
Processed Task 32 (LOW) | Wait: 547ms, Turnaround: 601ms, Thread: pool-44-thread-3
Processed Task 65 (HIGH) | Wait: 547ms, Turnaround: 601ms, Thread: pool-44-thread-1
Processed Task 31 (MEDIUM) | Wait: 547ms, Turnaround: 601ms, Thread: pool-44-thread-2
Processed Task 37 (MEDIUM) | Wait: 601ms, Turnaround: 657ms, Thread: pool-44-thread-2
Processed Task 33 (LOW) | Wait: 601ms, Turnaround: 657ms, Thread: pool-44-thread-3
Processed Task 63 (HIGH) | Wait: 601ms, Turnaround: 657ms, Thread: pool-44-thread-1
Processed Task 49 (MEDIUM) | Wait: 657ms, Turnaround: 712ms, Thread: pool-44-thread-2
Processed Task 62 (HIGH) | Wait: 657ms, Turnaround: 712ms, Thread: pool-44-thread-1
Processed Task 34 (LOW) | Wait: 657ms, Turnaround: 712ms, Thread: pool-44-thread-3
Processed Task 38 (LOW) | Wait: 712ms, Turnaround: 768ms, Thread: pool-44-thread-3
Processed Task 58 (HIGH) | Wait: 712ms, Turnaround: 768ms, Thread: pool-44-thread-1
Processed Task 51 (MEDIUM) | Wait: 712ms, Turnaround: 768ms, Thread: pool-44-thread-2
Processed Task 50 (HIGH) | Wait: 768ms, Turnaround: 823ms, Thread: pool-44-thread-1
Processed Task 41 (LOW) | Wait: 768ms, Turnaround: 823ms, Thread: pool-44-thread-3
Processed Task 53 (MEDIUM) | Wait: 768ms, Turnaround: 823ms, Thread: pool-44-thread-2
Processed Task 60 (MEDIUM) | Wait: 823ms, Turnaround: 879ms, Thread: pool-44-thread-2
Processed Task 42 (LOW) | Wait: 823ms, Turnaround: 879ms, Thread: pool-44-thread-3
Processed Task 48 (HIGH) | Wait: 823ms, Turnaround: 879ms, Thread: pool-44-thread-1
Processed Task 61 (MEDIUM) | Wait: 879ms, Turnaround: 934ms, Thread: pool-44-thread-2
Processed Task 47 (HIGH) | Wait: 879ms, Turnaround: 934ms, Thread: pool-44-thread-1
Processed Task 43 (LOW) | Wait: 879ms, Turnaround: 934ms, Thread: pool-44-thread-3
Processed Task 66 (MEDIUM) | Wait: 934ms, Turnaround: 989ms, Thread: pool-44-thread-2
Processed Task 46 (HIGH) | Wait: 934ms, Turnaround: 989ms, Thread: pool-44-thread-1
Processed Task 44 (LOW) | Wait: 934ms, Turnaround: 989ms, Thread: pool-44-thread-3
Processed Task 45 (LOW) | Wait: 989ms, Turnaround: 1047ms, Thread: pool-44-thread-3
Processed Task 40 (HIGH) | Wait: 989ms, Turnaround: 1047ms, Thread: pool-44-thread-1
Processed Task 67 (MEDIUM) | Wait: 989ms, Turnaround: 1047ms, Thread: pool-44-thread-2
Processed Task 39 (HIGH) | Wait: 1047ms, Turnaround: 1104ms, Thread: pool-44-thread-1
Processed Task 68 (MEDIUM) | Wait: 1047ms, Turnaround: 1104ms, Thread: pool-44-thread-2
Processed Task 52 (LOW) | Wait: 1047ms, Turnaround: 1104ms, Thread: pool-44-thread-3
Processed Task 36 (HIGH) | Wait: 1104ms, Turnaround: 1160ms, Thread: pool-44-thread-1
Processed Task 54 (LOW) | Wait: 1104ms, Turnaround: 1160ms, Thread: pool-44-thread-3
Processed Task 69 (MEDIUM) | Wait: 1104ms, Turnaround: 1160ms, Thread: pool-44-thread-2
Processed Task 35 (HIGH) | Wait: 1160ms, Turnaround: 1212ms, Thread: pool-44-thread-1
Processed Task 73 (MEDIUM) | Wait: 1160ms, Turnaround: 1212ms, Thread: pool-44-thread-2
Processed Task 55 (LOW) | Wait: 1160ms, Turnaround: 1212ms, Thread: pool-44-thread-3
Processed Task 56 (LOW) | Wait: 1212ms, Turnaround: 1275ms, Thread: pool-44-thread-3
Processed Task 27 (HIGH) | Wait: 1212ms, Turnaround: 1275ms, Thread: pool-44-thread-1
Processed Task 74 (MEDIUM) | Wait: 1212ms, Turnaround: 1275ms, Thread: pool-44-thread-2
Processed Task 23 (HIGH) | Wait: 1275ms, Turnaround: 1330ms, Thread: pool-44-thread-1
Processed Task 57 (LOW) | Wait: 1275ms, Turnaround: 1330ms, Thread: pool-44-thread-3
Processed Task 76 (MEDIUM) | Wait: 1275ms, Turnaround: 1330ms, Thread: pool-44-thread-2
Processed Task 59 (LOW) | Wait: 1330ms, Turnaround: 1393ms, Thread: pool-44-thread-3
Processed Task 22 (HIGH) | Wait: 1330ms, Turnaround: 1393ms, Thread: pool-44-thread-1
Processed Task 82 (MEDIUM) | Wait: 1330ms, Turnaround: 1393ms, Thread: pool-44-thread-2
Processed Task 84 (MEDIUM) | Wait: 1393ms, Turnaround: 1443ms, Thread: pool-44-thread-2
Processed Task 64 (LOW) | Wait: 1393ms, Turnaround: 1443ms, Thread: pool-44-thread-3
Processed Task 20 (HIGH) | Wait: 1393ms, Turnaround: 1443ms, Thread: pool-44-thread-1
Processed Task 85 (MEDIUM) | Wait: 1443ms, Turnaround: 1496ms, Thread: pool-44-thread-2
Processed Task 70 (LOW) | Wait: 1443ms, Turnaround: 1496ms, Thread: pool-44-thread-3
Processed Task 18 (HIGH) | Wait: 1443ms, Turnaround: 1496ms, Thread: pool-44-thread-1
Processed Task 71 (LOW) | Wait: 1496ms, Turnaround: 1547ms, Thread: pool-44-thread-3
Processed Task 17 (HIGH) | Wait: 1496ms, Turnaround: 1547ms, Thread: pool-44-thread-1
Processed Task 86 (MEDIUM) | Wait: 1496ms, Turnaround: 1547ms, Thread: pool-44-thread-2
Processed Task 87 (MEDIUM) | Wait: 1547ms, Turnaround: 1601ms, Thread: pool-44-thread-2
Processed Task 72 (LOW) | Wait: 1547ms, Turnaround: 1601ms, Thread: pool-44-thread-3
Processed Task 13 (HIGH) | Wait: 1547ms, Turnaround: 1601ms, Thread: pool-44-thread-1
Processed Task 88 (MEDIUM) | Wait: 1601ms, Turnaround: 1656ms, Thread: pool-44-thread-2
Processed Task 12 (HIGH) | Wait: 1601ms, Turnaround: 1656ms, Thread: pool-44-thread-1
Processed Task 75 (LOW) | Wait: 1601ms, Turnaround: 1656ms, Thread: pool-44-thread-3
Processed Task 83 (LOW) | Wait: 1656ms, Turnaround: 1722ms, Thread: pool-44-thread-3
Processed Task 11 (HIGH) | Wait: 1656ms, Turnaround: 1722ms, Thread: pool-44-thread-1
Processed Task 90 (MEDIUM) | Wait: 1656ms, Turnaround: 1722ms, Thread: pool-44-thread-2
Processed Task 8 (HIGH) | Wait: 1722ms, Turnaround: 1777ms, Thread: pool-44-thread-1
Processed Task 95 (MEDIUM) | Wait: 1722ms, Turnaround: 1777ms, Thread: pool-44-thread-2
Processed Task 96 (LOW) | Wait: 1722ms, Turnaround: 1777ms, Thread: pool-44-thread-3
Processed Task 98 (LOW) | Wait: 1777ms, Turnaround: 1842ms, Thread: pool-44-thread-3
Processed Task 97 (MEDIUM) | Wait: 1777ms, Turnaround: 1842ms, Thread: pool-44-thread-2
Processed Task 100 (LOW) | Wait: 1842ms, Turnaround: 1897ms, Thread: pool-44-thread-3
Processed Task 99 (MEDIUM) | Wait: 1842ms, Turnaround: 1897ms, Thread: pool-44-thread-2

----- RESULTS FOR THIS RUN -----
Tasks processed: 100
Total elapsed: 1.90 s
Throughput: 52.71 tasks/s

Wait Time (ms):
  Min = 0
  Max = 1842
  Avg = 892.13
  StdDev = 536.91

Turnaround Time (ms):
  Min = 54
  Max = 1897
  Avg = 947.84
  StdDev = 537.88
------------------------------


=============================
Starting run 44 of 50
=============================
Processed Task 99 (HIGH) | Wait: 0ms, Turnaround: 53ms, Thread: pool-45-thread-1
Processed Task 3 (MEDIUM) | Wait: 0ms, Turnaround: 54ms, Thread: pool-45-thread-2
Processed Task 1 (LOW) | Wait: 0ms, Turnaround: 54ms, Thread: pool-45-thread-3
Processed Task 98 (HIGH) | Wait: 53ms, Turnaround: 103ms, Thread: pool-45-thread-1
Processed Task 2 (LOW) | Wait: 54ms, Turnaround: 107ms, Thread: pool-45-thread-3
Processed Task 4 (MEDIUM) | Wait: 54ms, Turnaround: 107ms, Thread: pool-45-thread-2
Processed Task 5 (MEDIUM) | Wait: 107ms, Turnaround: 158ms, Thread: pool-45-thread-2
Processed Task 94 (HIGH) | Wait: 103ms, Turnaround: 158ms, Thread: pool-45-thread-1
Processed Task 6 (LOW) | Wait: 107ms, Turnaround: 158ms, Thread: pool-45-thread-3
Processed Task 7 (MEDIUM) | Wait: 158ms, Turnaround: 227ms, Thread: pool-45-thread-2
Processed Task 92 (HIGH) | Wait: 158ms, Turnaround: 227ms, Thread: pool-45-thread-1
Processed Task 8 (LOW) | Wait: 158ms, Turnaround: 227ms, Thread: pool-45-thread-3
Processed Task 90 (HIGH) | Wait: 227ms, Turnaround: 282ms, Thread: pool-45-thread-1
Processed Task 9 (LOW) | Wait: 227ms, Turnaround: 282ms, Thread: pool-45-thread-3
Processed Task 10 (MEDIUM) | Wait: 227ms, Turnaround: 282ms, Thread: pool-45-thread-2
Processed Task 12 (LOW) | Wait: 282ms, Turnaround: 336ms, Thread: pool-45-thread-3
Processed Task 11 (MEDIUM) | Wait: 282ms, Turnaround: 336ms, Thread: pool-45-thread-2
Processed Task 86 (HIGH) | Wait: 282ms, Turnaround: 336ms, Thread: pool-45-thread-1
Processed Task 81 (HIGH) | Wait: 336ms, Turnaround: 392ms, Thread: pool-45-thread-1
Processed Task 23 (MEDIUM) | Wait: 336ms, Turnaround: 392ms, Thread: pool-45-thread-2
Processed Task 13 (LOW) | Wait: 336ms, Turnaround: 392ms, Thread: pool-45-thread-3
Processed Task 80 (HIGH) | Wait: 392ms, Turnaround: 446ms, Thread: pool-45-thread-1
Processed Task 15 (LOW) | Wait: 392ms, Turnaround: 446ms, Thread: pool-45-thread-3
Processed Task 24 (MEDIUM) | Wait: 392ms, Turnaround: 446ms, Thread: pool-45-thread-2
Processed Task 79 (HIGH) | Wait: 446ms, Turnaround: 497ms, Thread: pool-45-thread-1
Processed Task 16 (LOW) | Wait: 446ms, Turnaround: 497ms, Thread: pool-45-thread-3
Processed Task 25 (MEDIUM) | Wait: 446ms, Turnaround: 514ms, Thread: pool-45-thread-2
Processed Task 17 (LOW) | Wait: 497ms, Turnaround: 547ms, Thread: pool-45-thread-3
Processed Task 78 (HIGH) | Wait: 497ms, Turnaround: 547ms, Thread: pool-45-thread-1
Processed Task 26 (MEDIUM) | Wait: 514ms, Turnaround: 565ms, Thread: pool-45-thread-2
Processed Task 20 (LOW) | Wait: 547ms, Turnaround: 597ms, Thread: pool-45-thread-3
Processed Task 74 (HIGH) | Wait: 547ms, Turnaround: 601ms, Thread: pool-45-thread-1
Processed Task 28 (MEDIUM) | Wait: 565ms, Turnaround: 620ms, Thread: pool-45-thread-2
Processed Task 21 (LOW) | Wait: 597ms, Turnaround: 652ms, Thread: pool-45-thread-3
Processed Task 72 (HIGH) | Wait: 601ms, Turnaround: 652ms, Thread: pool-45-thread-1
Processed Task 29 (MEDIUM) | Wait: 620ms, Turnaround: 675ms, Thread: pool-45-thread-2
Processed Task 27 (LOW) | Wait: 652ms, Turnaround: 711ms, Thread: pool-45-thread-3
Processed Task 71 (HIGH) | Wait: 652ms, Turnaround: 711ms, Thread: pool-45-thread-1
Processed Task 30 (MEDIUM) | Wait: 675ms, Turnaround: 728ms, Thread: pool-45-thread-2
Processed Task 69 (HIGH) | Wait: 711ms, Turnaround: 776ms, Thread: pool-45-thread-1
Processed Task 39 (LOW) | Wait: 711ms, Turnaround: 776ms, Thread: pool-45-thread-3
Processed Task 31 (MEDIUM) | Wait: 728ms, Turnaround: 778ms, Thread: pool-45-thread-2
Processed Task 40 (LOW) | Wait: 776ms, Turnaround: 834ms, Thread: pool-45-thread-3
Processed Task 33 (MEDIUM) | Wait: 778ms, Turnaround: 834ms, Thread: pool-45-thread-2
Processed Task 65 (HIGH) | Wait: 776ms, Turnaround: 834ms, Thread: pool-45-thread-1
Processed Task 58 (HIGH) | Wait: 834ms, Turnaround: 885ms, Thread: pool-45-thread-1
Processed Task 34 (MEDIUM) | Wait: 834ms, Turnaround: 885ms, Thread: pool-45-thread-2
Processed Task 42 (LOW) | Wait: 834ms, Turnaround: 885ms, Thread: pool-45-thread-3
Processed Task 36 (MEDIUM) | Wait: 885ms, Turnaround: 941ms, Thread: pool-45-thread-2
Processed Task 45 (LOW) | Wait: 885ms, Turnaround: 941ms, Thread: pool-45-thread-3
Processed Task 55 (HIGH) | Wait: 885ms, Turnaround: 941ms, Thread: pool-45-thread-1
Processed Task 50 (HIGH) | Wait: 941ms, Turnaround: 997ms, Thread: pool-45-thread-1
Processed Task 38 (MEDIUM) | Wait: 941ms, Turnaround: 997ms, Thread: pool-45-thread-2
Processed Task 47 (LOW) | Wait: 941ms, Turnaround: 997ms, Thread: pool-45-thread-3
Processed Task 49 (LOW) | Wait: 997ms, Turnaround: 1047ms, Thread: pool-45-thread-3
Processed Task 48 (HIGH) | Wait: 997ms, Turnaround: 1047ms, Thread: pool-45-thread-1
Processed Task 43 (MEDIUM) | Wait: 997ms, Turnaround: 1047ms, Thread: pool-45-thread-2
Processed Task 52 (MEDIUM) | Wait: 1047ms, Turnaround: 1098ms, Thread: pool-45-thread-2
Processed Task 46 (HIGH) | Wait: 1047ms, Turnaround: 1098ms, Thread: pool-45-thread-1
Processed Task 51 (LOW) | Wait: 1047ms, Turnaround: 1098ms, Thread: pool-45-thread-3
Processed Task 56 (LOW) | Wait: 1098ms, Turnaround: 1153ms, Thread: pool-45-thread-3
Processed Task 44 (HIGH) | Wait: 1098ms, Turnaround: 1153ms, Thread: pool-45-thread-1
Processed Task 53 (MEDIUM) | Wait: 1098ms, Turnaround: 1153ms, Thread: pool-45-thread-2
Processed Task 54 (MEDIUM) | Wait: 1153ms, Turnaround: 1204ms, Thread: pool-45-thread-2
Processed Task 60 (LOW) | Wait: 1153ms, Turnaround: 1204ms, Thread: pool-45-thread-3
Processed Task 41 (HIGH) | Wait: 1153ms, Turnaround: 1204ms, Thread: pool-45-thread-1
Processed Task 61 (LOW) | Wait: 1204ms, Turnaround: 1268ms, Thread: pool-45-thread-3
Processed Task 57 (MEDIUM) | Wait: 1204ms, Turnaround: 1268ms, Thread: pool-45-thread-2
Processed Task 37 (HIGH) | Wait: 1204ms, Turnaround: 1268ms, Thread: pool-45-thread-1
Processed Task 59 (MEDIUM) | Wait: 1268ms, Turnaround: 1319ms, Thread: pool-45-thread-2
Processed Task 35 (HIGH) | Wait: 1268ms, Turnaround: 1319ms, Thread: pool-45-thread-1
Processed Task 62 (LOW) | Wait: 1268ms, Turnaround: 1319ms, Thread: pool-45-thread-3
Processed Task 64 (MEDIUM) | Wait: 1319ms, Turnaround: 1383ms, Thread: pool-45-thread-2
Processed Task 63 (LOW) | Wait: 1319ms, Turnaround: 1383ms, Thread: pool-45-thread-3
Processed Task 32 (HIGH) | Wait: 1319ms, Turnaround: 1383ms, Thread: pool-45-thread-1
Processed Task 22 (HIGH) | Wait: 1383ms, Turnaround: 1434ms, Thread: pool-45-thread-1
Processed Task 67 (MEDIUM) | Wait: 1383ms, Turnaround: 1434ms, Thread: pool-45-thread-2
Processed Task 66 (LOW) | Wait: 1383ms, Turnaround: 1434ms, Thread: pool-45-thread-3
Processed Task 68 (LOW) | Wait: 1434ms, Turnaround: 1484ms, Thread: pool-45-thread-3
Processed Task 75 (MEDIUM) | Wait: 1434ms, Turnaround: 1484ms, Thread: pool-45-thread-2
Processed Task 19 (HIGH) | Wait: 1434ms, Turnaround: 1484ms, Thread: pool-45-thread-1
Processed Task 76 (MEDIUM) | Wait: 1484ms, Turnaround: 1535ms, Thread: pool-45-thread-2
Processed Task 18 (HIGH) | Wait: 1484ms, Turnaround: 1535ms, Thread: pool-45-thread-1
Processed Task 70 (LOW) | Wait: 1484ms, Turnaround: 1535ms, Thread: pool-45-thread-3
Processed Task 73 (LOW) | Wait: 1535ms, Turnaround: 1605ms, Thread: pool-45-thread-3
Processed Task 14 (HIGH) | Wait: 1535ms, Turnaround: 1605ms, Thread: pool-45-thread-1
Processed Task 84 (MEDIUM) | Wait: 1535ms, Turnaround: 1605ms, Thread: pool-45-thread-2
Processed Task 85 (MEDIUM) | Wait: 1605ms, Turnaround: 1659ms, Thread: pool-45-thread-2
Processed Task 77 (LOW) | Wait: 1605ms, Turnaround: 1659ms, Thread: pool-45-thread-3
Processed Task 82 (LOW) | Wait: 1659ms, Turnaround: 1713ms, Thread: pool-45-thread-3
Processed Task 89 (MEDIUM) | Wait: 1659ms, Turnaround: 1713ms, Thread: pool-45-thread-2
Processed Task 83 (LOW) | Wait: 1713ms, Turnaround: 1768ms, Thread: pool-45-thread-3
Processed Task 95 (MEDIUM) | Wait: 1713ms, Turnaround: 1768ms, Thread: pool-45-thread-2
Processed Task 87 (LOW) | Wait: 1768ms, Turnaround: 1821ms, Thread: pool-45-thread-3
Processed Task 97 (MEDIUM) | Wait: 1768ms, Turnaround: 1821ms, Thread: pool-45-thread-2
Processed Task 88 (LOW) | Wait: 1821ms, Turnaround: 1876ms, Thread: pool-45-thread-3
Processed Task 91 (LOW) | Wait: 1876ms, Turnaround: 1929ms, Thread: pool-45-thread-3
Processed Task 93 (LOW) | Wait: 1929ms, Turnaround: 1985ms, Thread: pool-45-thread-3
Processed Task 96 (LOW) | Wait: 1985ms, Turnaround: 2045ms, Thread: pool-45-thread-3
Processed Task 100 (LOW) | Wait: 2045ms, Turnaround: 2100ms, Thread: pool-45-thread-3

----- RESULTS FOR THIS RUN -----
Tasks processed: 100
Total elapsed: 2.10 s
Throughput: 47.62 tasks/s

Wait Time (ms):
  Min = 0
  Max = 2045
  Avg = 903.37
  StdDev = 548.92

Turnaround Time (ms):
  Min = 53
  Max = 2100
  Avg = 958.63
  StdDev = 549.04
------------------------------


=============================
Starting run 45 of 50
=============================
Processed Task 7 (MEDIUM) | Wait: 0ms, Turnaround: 53ms, Thread: pool-46-thread-2
Processed Task 96 (HIGH) | Wait: 0ms, Turnaround: 53ms, Thread: pool-46-thread-1
Processed Task 6 (LOW) | Wait: 0ms, Turnaround: 53ms, Thread: pool-46-thread-3
Processed Task 13 (LOW) | Wait: 53ms, Turnaround: 104ms, Thread: pool-46-thread-3
Processed Task 15 (MEDIUM) | Wait: 53ms, Turnaround: 104ms, Thread: pool-46-thread-2
Processed Task 95 (HIGH) | Wait: 53ms, Turnaround: 104ms, Thread: pool-46-thread-1
Processed Task 16 (LOW) | Wait: 104ms, Turnaround: 159ms, Thread: pool-46-thread-3
Processed Task 22 (MEDIUM) | Wait: 104ms, Turnaround: 159ms, Thread: pool-46-thread-2
Processed Task 93 (HIGH) | Wait: 104ms, Turnaround: 159ms, Thread: pool-46-thread-1
Processed Task 90 (HIGH) | Wait: 159ms, Turnaround: 220ms, Thread: pool-46-thread-1
Processed Task 18 (LOW) | Wait: 159ms, Turnaround: 220ms, Thread: pool-46-thread-3
Processed Task 29 (MEDIUM) | Wait: 159ms, Turnaround: 220ms, Thread: pool-46-thread-2
Processed Task 89 (HIGH) | Wait: 220ms, Turnaround: 277ms, Thread: pool-46-thread-1
Processed Task 32 (MEDIUM) | Wait: 220ms, Turnaround: 277ms, Thread: pool-46-thread-2
Processed Task 19 (LOW) | Wait: 220ms, Turnaround: 277ms, Thread: pool-46-thread-3
Processed Task 23 (LOW) | Wait: 277ms, Turnaround: 328ms, Thread: pool-46-thread-3
Processed Task 34 (MEDIUM) | Wait: 277ms, Turnaround: 328ms, Thread: pool-46-thread-2
Processed Task 82 (HIGH) | Wait: 277ms, Turnaround: 328ms, Thread: pool-46-thread-1
Processed Task 81 (HIGH) | Wait: 328ms, Turnaround: 384ms, Thread: pool-46-thread-1
Processed Task 25 (LOW) | Wait: 328ms, Turnaround: 384ms, Thread: pool-46-thread-3
Processed Task 36 (MEDIUM) | Wait: 328ms, Turnaround: 384ms, Thread: pool-46-thread-2
Processed Task 27 (LOW) | Wait: 384ms, Turnaround: 435ms, Thread: pool-46-thread-3
Processed Task 76 (HIGH) | Wait: 384ms, Turnaround: 435ms, Thread: pool-46-thread-1
Processed Task 38 (MEDIUM) | Wait: 384ms, Turnaround: 435ms, Thread: pool-46-thread-2
Processed Task 71 (HIGH) | Wait: 435ms, Turnaround: 508ms, Thread: pool-46-thread-1
Processed Task 28 (LOW) | Wait: 435ms, Turnaround: 508ms, Thread: pool-46-thread-3
Processed Task 41 (MEDIUM) | Wait: 435ms, Turnaround: 508ms, Thread: pool-46-thread-2
Processed Task 31 (LOW) | Wait: 508ms, Turnaround: 568ms, Thread: pool-46-thread-3
Processed Task 42 (MEDIUM) | Wait: 508ms, Turnaround: 568ms, Thread: pool-46-thread-2
Processed Task 70 (HIGH) | Wait: 508ms, Turnaround: 568ms, Thread: pool-46-thread-1
Processed Task 68 (HIGH) | Wait: 568ms, Turnaround: 624ms, Thread: pool-46-thread-1
Processed Task 56 (MEDIUM) | Wait: 568ms, Turnaround: 624ms, Thread: pool-46-thread-2
Processed Task 37 (LOW) | Wait: 568ms, Turnaround: 624ms, Thread: pool-46-thread-3
Processed Task 58 (MEDIUM) | Wait: 624ms, Turnaround: 674ms, Thread: pool-46-thread-2
Processed Task 66 (HIGH) | Wait: 624ms, Turnaround: 674ms, Thread: pool-46-thread-1
Processed Task 39 (LOW) | Wait: 624ms, Turnaround: 676ms, Thread: pool-46-thread-3
Processed Task 67 (MEDIUM) | Wait: 674ms, Turnaround: 733ms, Thread: pool-46-thread-2
Processed Task 43 (LOW) | Wait: 676ms, Turnaround: 733ms, Thread: pool-46-thread-3
Processed Task 65 (HIGH) | Wait: 674ms, Turnaround: 733ms, Thread: pool-46-thread-1
Processed Task 72 (MEDIUM) | Wait: 733ms, Turnaround: 785ms, Thread: pool-46-thread-2
Processed Task 44 (LOW) | Wait: 733ms, Turnaround: 785ms, Thread: pool-46-thread-3
Processed Task 62 (HIGH) | Wait: 733ms, Turnaround: 792ms, Thread: pool-46-thread-1
Processed Task 74 (MEDIUM) | Wait: 785ms, Turnaround: 850ms, Thread: pool-46-thread-2
Processed Task 46 (LOW) | Wait: 785ms, Turnaround: 850ms, Thread: pool-46-thread-3
Processed Task 60 (HIGH) | Wait: 792ms, Turnaround: 850ms, Thread: pool-46-thread-1
Processed Task 55 (HIGH) | Wait: 850ms, Turnaround: 909ms, Thread: pool-46-thread-1
Processed Task 47 (LOW) | Wait: 850ms, Turnaround: 909ms, Thread: pool-46-thread-3
Processed Task 77 (MEDIUM) | Wait: 850ms, Turnaround: 909ms, Thread: pool-46-thread-2
Processed Task 78 (MEDIUM) | Wait: 909ms, Turnaround: 960ms, Thread: pool-46-thread-2
Processed Task 48 (LOW) | Wait: 909ms, Turnaround: 960ms, Thread: pool-46-thread-3
Processed Task 54 (HIGH) | Wait: 909ms, Turnaround: 960ms, Thread: pool-46-thread-1
Processed Task 83 (MEDIUM) | Wait: 960ms, Turnaround: 1017ms, Thread: pool-46-thread-2
Processed Task 51 (HIGH) | Wait: 960ms, Turnaround: 1017ms, Thread: pool-46-thread-1
Processed Task 49 (LOW) | Wait: 960ms, Turnaround: 1017ms, Thread: pool-46-thread-3
Processed Task 45 (HIGH) | Wait: 1017ms, Turnaround: 1068ms, Thread: pool-46-thread-1
Processed Task 85 (MEDIUM) | Wait: 1017ms, Turnaround: 1068ms, Thread: pool-46-thread-2
Processed Task 50 (LOW) | Wait: 1017ms, Turnaround: 1068ms, Thread: pool-46-thread-3
Processed Task 52 (LOW) | Wait: 1068ms, Turnaround: 1125ms, Thread: pool-46-thread-3
Processed Task 40 (HIGH) | Wait: 1068ms, Turnaround: 1125ms, Thread: pool-46-thread-1
Processed Task 87 (MEDIUM) | Wait: 1068ms, Turnaround: 1125ms, Thread: pool-46-thread-2
Processed Task 94 (MEDIUM) | Wait: 1125ms, Turnaround: 1177ms, Thread: pool-46-thread-2
Processed Task 35 (HIGH) | Wait: 1125ms, Turnaround: 1177ms, Thread: pool-46-thread-1
Processed Task 53 (LOW) | Wait: 1125ms, Turnaround: 1177ms, Thread: pool-46-thread-3
Processed Task 33 (HIGH) | Wait: 1177ms, Turnaround: 1233ms, Thread: pool-46-thread-1
Processed Task 99 (MEDIUM) | Wait: 1177ms, Turnaround: 1233ms, Thread: pool-46-thread-2
Processed Task 57 (LOW) | Wait: 1177ms, Turnaround: 1233ms, Thread: pool-46-thread-3
Processed Task 59 (LOW) | Wait: 1233ms, Turnaround: 1284ms, Thread: pool-46-thread-3
Processed Task 30 (HIGH) | Wait: 1233ms, Turnaround: 1284ms, Thread: pool-46-thread-1
Processed Task 26 (HIGH) | Wait: 1284ms, Turnaround: 1341ms, Thread: pool-46-thread-1
Processed Task 61 (LOW) | Wait: 1284ms, Turnaround: 1341ms, Thread: pool-46-thread-3
Processed Task 24 (HIGH) | Wait: 1341ms, Turnaround: 1392ms, Thread: pool-46-thread-1
Processed Task 63 (LOW) | Wait: 1341ms, Turnaround: 1392ms, Thread: pool-46-thread-3
Processed Task 21 (HIGH) | Wait: 1392ms, Turnaround: 1449ms, Thread: pool-46-thread-1
Processed Task 64 (LOW) | Wait: 1392ms, Turnaround: 1449ms, Thread: pool-46-thread-3
Processed Task 69 (LOW) | Wait: 1449ms, Turnaround: 1500ms, Thread: pool-46-thread-3
Processed Task 20 (HIGH) | Wait: 1449ms, Turnaround: 1500ms, Thread: pool-46-thread-1
Processed Task 73 (LOW) | Wait: 1500ms, Turnaround: 1557ms, Thread: pool-46-thread-3
Processed Task 17 (HIGH) | Wait: 1500ms, Turnaround: 1557ms, Thread: pool-46-thread-1
Processed Task 75 (LOW) | Wait: 1557ms, Turnaround: 1608ms, Thread: pool-46-thread-3
Processed Task 14 (HIGH) | Wait: 1557ms, Turnaround: 1608ms, Thread: pool-46-thread-1
Processed Task 12 (HIGH) | Wait: 1608ms, Turnaround: 1665ms, Thread: pool-46-thread-1
Processed Task 79 (LOW) | Wait: 1608ms, Turnaround: 1665ms, Thread: pool-46-thread-3
Processed Task 11 (HIGH) | Wait: 1665ms, Turnaround: 1716ms, Thread: pool-46-thread-1
Processed Task 80 (LOW) | Wait: 1665ms, Turnaround: 1716ms, Thread: pool-46-thread-3
Processed Task 10 (HIGH) | Wait: 1716ms, Turnaround: 1774ms, Thread: pool-46-thread-1
Processed Task 84 (LOW) | Wait: 1716ms, Turnaround: 1774ms, Thread: pool-46-thread-3
Processed Task 9 (HIGH) | Wait: 1774ms, Turnaround: 1824ms, Thread: pool-46-thread-1
Processed Task 86 (LOW) | Wait: 1774ms, Turnaround: 1824ms, Thread: pool-46-thread-3
Processed Task 88 (LOW) | Wait: 1824ms, Turnaround: 1880ms, Thread: pool-46-thread-3
Processed Task 8 (HIGH) | Wait: 1824ms, Turnaround: 1880ms, Thread: pool-46-thread-1
Processed Task 5 (HIGH) | Wait: 1880ms, Turnaround: 1931ms, Thread: pool-46-thread-1
Processed Task 91 (LOW) | Wait: 1880ms, Turnaround: 1931ms, Thread: pool-46-thread-3
Processed Task 4 (HIGH) | Wait: 1931ms, Turnaround: 1988ms, Thread: pool-46-thread-1
Processed Task 92 (LOW) | Wait: 1931ms, Turnaround: 1988ms, Thread: pool-46-thread-3
Processed Task 97 (LOW) | Wait: 1988ms, Turnaround: 2039ms, Thread: pool-46-thread-3
Processed Task 3 (HIGH) | Wait: 1988ms, Turnaround: 2039ms, Thread: pool-46-thread-1
Processed Task 98 (LOW) | Wait: 2039ms, Turnaround: 2097ms, Thread: pool-46-thread-3
Processed Task 2 (HIGH) | Wait: 2039ms, Turnaround: 2097ms, Thread: pool-46-thread-1
Processed Task 1 (HIGH) | Wait: 2097ms, Turnaround: 2147ms, Thread: pool-46-thread-1
Processed Task 100 (LOW) | Wait: 2097ms, Turnaround: 2147ms, Thread: pool-46-thread-3

----- RESULTS FOR THIS RUN -----
Tasks processed: 100
Total elapsed: 2.15 s
Throughput: 46.58 tasks/s

Wait Time (ms):
  Min = 0
  Max = 2097
  Avg = 954.39
  StdDev = 606.84

Turnaround Time (ms):
  Min = 53
  Max = 2147
  Avg = 1009.66
  StdDev = 605.89
------------------------------


=============================
Starting run 46 of 50
=============================
Processed Task 3 (MEDIUM) | Wait: 0ms, Turnaround: 57ms, Thread: pool-47-thread-2
Processed Task 1 (LOW) | Wait: 0ms, Turnaround: 57ms, Thread: pool-47-thread-3
Processed Task 98 (HIGH) | Wait: 0ms, Turnaround: 57ms, Thread: pool-47-thread-1
Processed Task 96 (HIGH) | Wait: 57ms, Turnaround: 119ms, Thread: pool-47-thread-1
Processed Task 6 (LOW) | Wait: 57ms, Turnaround: 119ms, Thread: pool-47-thread-3
Processed Task 5 (MEDIUM) | Wait: 57ms, Turnaround: 119ms, Thread: pool-47-thread-2
Processed Task 10 (MEDIUM) | Wait: 119ms, Turnaround: 184ms, Thread: pool-47-thread-2
Processed Task 95 (HIGH) | Wait: 119ms, Turnaround: 184ms, Thread: pool-47-thread-1
Processed Task 7 (LOW) | Wait: 119ms, Turnaround: 184ms, Thread: pool-47-thread-3
Processed Task 8 (LOW) | Wait: 184ms, Turnaround: 240ms, Thread: pool-47-thread-3
Processed Task 92 (HIGH) | Wait: 184ms, Turnaround: 240ms, Thread: pool-47-thread-1
Processed Task 15 (MEDIUM) | Wait: 184ms, Turnaround: 240ms, Thread: pool-47-thread-2
Processed Task 14 (LOW) | Wait: 240ms, Turnaround: 293ms, Thread: pool-47-thread-3
Processed Task 89 (HIGH) | Wait: 240ms, Turnaround: 293ms, Thread: pool-47-thread-1
Processed Task 18 (MEDIUM) | Wait: 240ms, Turnaround: 293ms, Thread: pool-47-thread-2
Processed Task 20 (MEDIUM) | Wait: 293ms, Turnaround: 348ms, Thread: pool-47-thread-2
Processed Task 87 (HIGH) | Wait: 293ms, Turnaround: 348ms, Thread: pool-47-thread-1
Processed Task 19 (LOW) | Wait: 293ms, Turnaround: 348ms, Thread: pool-47-thread-3
Processed Task 23 (LOW) | Wait: 348ms, Turnaround: 408ms, Thread: pool-47-thread-3
Processed Task 32 (MEDIUM) | Wait: 348ms, Turnaround: 408ms, Thread: pool-47-thread-2
Processed Task 86 (HIGH) | Wait: 348ms, Turnaround: 408ms, Thread: pool-47-thread-1
Processed Task 34 (MEDIUM) | Wait: 408ms, Turnaround: 462ms, Thread: pool-47-thread-2
Processed Task 82 (HIGH) | Wait: 408ms, Turnaround: 462ms, Thread: pool-47-thread-1
Processed Task 24 (LOW) | Wait: 408ms, Turnaround: 462ms, Thread: pool-47-thread-3
Processed Task 36 (MEDIUM) | Wait: 462ms, Turnaround: 514ms, Thread: pool-47-thread-2
Processed Task 25 (LOW) | Wait: 462ms, Turnaround: 514ms, Thread: pool-47-thread-3
Processed Task 80 (HIGH) | Wait: 462ms, Turnaround: 514ms, Thread: pool-47-thread-1
Processed Task 26 (LOW) | Wait: 514ms, Turnaround: 580ms, Thread: pool-47-thread-3
Processed Task 37 (MEDIUM) | Wait: 514ms, Turnaround: 580ms, Thread: pool-47-thread-2
Processed Task 79 (HIGH) | Wait: 514ms, Turnaround: 580ms, Thread: pool-47-thread-1
Processed Task 40 (MEDIUM) | Wait: 580ms, Turnaround: 645ms, Thread: pool-47-thread-2
Processed Task 28 (LOW) | Wait: 580ms, Turnaround: 645ms, Thread: pool-47-thread-3
Processed Task 69 (HIGH) | Wait: 580ms, Turnaround: 645ms, Thread: pool-47-thread-1
Processed Task 29 (LOW) | Wait: 645ms, Turnaround: 707ms, Thread: pool-47-thread-3
Processed Task 68 (HIGH) | Wait: 645ms, Turnaround: 707ms, Thread: pool-47-thread-1
Processed Task 44 (MEDIUM) | Wait: 645ms, Turnaround: 707ms, Thread: pool-47-thread-2
Processed Task 46 (MEDIUM) | Wait: 707ms, Turnaround: 760ms, Thread: pool-47-thread-2
Processed Task 67 (HIGH) | Wait: 707ms, Turnaround: 760ms, Thread: pool-47-thread-1
Processed Task 30 (LOW) | Wait: 707ms, Turnaround: 760ms, Thread: pool-47-thread-3
Processed Task 39 (LOW) | Wait: 760ms, Turnaround: 812ms, Thread: pool-47-thread-3
Processed Task 61 (HIGH) | Wait: 760ms, Turnaround: 812ms, Thread: pool-47-thread-1
Processed Task 47 (MEDIUM) | Wait: 760ms, Turnaround: 812ms, Thread: pool-47-thread-2
Processed Task 60 (HIGH) | Wait: 812ms, Turnaround: 870ms, Thread: pool-47-thread-1
Processed Task 41 (LOW) | Wait: 812ms, Turnaround: 870ms, Thread: pool-47-thread-3
Processed Task 48 (MEDIUM) | Wait: 812ms, Turnaround: 870ms, Thread: pool-47-thread-2
Processed Task 45 (LOW) | Wait: 870ms, Turnaround: 928ms, Thread: pool-47-thread-3
Processed Task 49 (MEDIUM) | Wait: 870ms, Turnaround: 928ms, Thread: pool-47-thread-2
Processed Task 57 (HIGH) | Wait: 870ms, Turnaround: 928ms, Thread: pool-47-thread-1
Processed Task 50 (MEDIUM) | Wait: 928ms, Turnaround: 985ms, Thread: pool-47-thread-2
Processed Task 53 (LOW) | Wait: 928ms, Turnaround: 985ms, Thread: pool-47-thread-3
Processed Task 52 (HIGH) | Wait: 928ms, Turnaround: 985ms, Thread: pool-47-thread-1
Processed Task 51 (HIGH) | Wait: 985ms, Turnaround: 1044ms, Thread: pool-47-thread-1
Processed Task 56 (MEDIUM) | Wait: 985ms, Turnaround: 1044ms, Thread: pool-47-thread-2
Processed Task 54 (LOW) | Wait: 985ms, Turnaround: 1044ms, Thread: pool-47-thread-3
Processed Task 43 (HIGH) | Wait: 1044ms, Turnaround: 1101ms, Thread: pool-47-thread-1
Processed Task 55 (LOW) | Wait: 1044ms, Turnaround: 1101ms, Thread: pool-47-thread-3
Processed Task 58 (MEDIUM) | Wait: 1044ms, Turnaround: 1101ms, Thread: pool-47-thread-2
Processed Task 66 (LOW) | Wait: 1101ms, Turnaround: 1161ms, Thread: pool-47-thread-3
Processed Task 42 (HIGH) | Wait: 1101ms, Turnaround: 1161ms, Thread: pool-47-thread-1
Processed Task 59 (MEDIUM) | Wait: 1101ms, Turnaround: 1161ms, Thread: pool-47-thread-2
Processed Task 71 (LOW) | Wait: 1161ms, Turnaround: 1212ms, Thread: pool-47-thread-3
Processed Task 38 (HIGH) | Wait: 1161ms, Turnaround: 1212ms, Thread: pool-47-thread-1
Processed Task 62 (MEDIUM) | Wait: 1161ms, Turnaround: 1212ms, Thread: pool-47-thread-2
Processed Task 72 (LOW) | Wait: 1212ms, Turnaround: 1269ms, Thread: pool-47-thread-3
Processed Task 35 (HIGH) | Wait: 1212ms, Turnaround: 1269ms, Thread: pool-47-thread-1
Processed Task 63 (MEDIUM) | Wait: 1212ms, Turnaround: 1269ms, Thread: pool-47-thread-2
Processed Task 33 (HIGH) | Wait: 1269ms, Turnaround: 1319ms, Thread: pool-47-thread-1
Processed Task 74 (LOW) | Wait: 1269ms, Turnaround: 1319ms, Thread: pool-47-thread-3
Processed Task 64 (MEDIUM) | Wait: 1269ms, Turnaround: 1319ms, Thread: pool-47-thread-2
Processed Task 75 (LOW) | Wait: 1319ms, Turnaround: 1375ms, Thread: pool-47-thread-3
Processed Task 65 (MEDIUM) | Wait: 1319ms, Turnaround: 1375ms, Thread: pool-47-thread-2
Processed Task 31 (HIGH) | Wait: 1319ms, Turnaround: 1375ms, Thread: pool-47-thread-1
Processed Task 27 (HIGH) | Wait: 1375ms, Turnaround: 1430ms, Thread: pool-47-thread-1
Processed Task 77 (LOW) | Wait: 1375ms, Turnaround: 1430ms, Thread: pool-47-thread-3
Processed Task 70 (MEDIUM) | Wait: 1375ms, Turnaround: 1430ms, Thread: pool-47-thread-2
Processed Task 73 (MEDIUM) | Wait: 1430ms, Turnaround: 1480ms, Thread: pool-47-thread-2
Processed Task 22 (HIGH) | Wait: 1430ms, Turnaround: 1480ms, Thread: pool-47-thread-1
Processed Task 81 (LOW) | Wait: 1430ms, Turnaround: 1480ms, Thread: pool-47-thread-3
Processed Task 21 (HIGH) | Wait: 1480ms, Turnaround: 1532ms, Thread: pool-47-thread-1
Processed Task 76 (MEDIUM) | Wait: 1480ms, Turnaround: 1532ms, Thread: pool-47-thread-2
Processed Task 84 (LOW) | Wait: 1480ms, Turnaround: 1532ms, Thread: pool-47-thread-3
Processed Task 17 (HIGH) | Wait: 1532ms, Turnaround: 1589ms, Thread: pool-47-thread-1
Processed Task 78 (MEDIUM) | Wait: 1532ms, Turnaround: 1589ms, Thread: pool-47-thread-2
Processed Task 88 (LOW) | Wait: 1532ms, Turnaround: 1589ms, Thread: pool-47-thread-3
Processed Task 83 (MEDIUM) | Wait: 1589ms, Turnaround: 1641ms, Thread: pool-47-thread-2
Processed Task 16 (HIGH) | Wait: 1589ms, Turnaround: 1641ms, Thread: pool-47-thread-1
Processed Task 90 (LOW) | Wait: 1589ms, Turnaround: 1641ms, Thread: pool-47-thread-3
Processed Task 85 (MEDIUM) | Wait: 1641ms, Turnaround: 1698ms, Thread: pool-47-thread-2
Processed Task 13 (HIGH) | Wait: 1641ms, Turnaround: 1698ms, Thread: pool-47-thread-1
Processed Task 91 (LOW) | Wait: 1641ms, Turnaround: 1698ms, Thread: pool-47-thread-3
Processed Task 12 (HIGH) | Wait: 1698ms, Turnaround: 1749ms, Thread: pool-47-thread-1
Processed Task 93 (MEDIUM) | Wait: 1698ms, Turnaround: 1749ms, Thread: pool-47-thread-2
Processed Task 94 (LOW) | Wait: 1698ms, Turnaround: 1749ms, Thread: pool-47-thread-3
Processed Task 99 (LOW) | Wait: 1749ms, Turnaround: 1806ms, Thread: pool-47-thread-3
Processed Task 97 (MEDIUM) | Wait: 1749ms, Turnaround: 1806ms, Thread: pool-47-thread-2
Processed Task 11 (HIGH) | Wait: 1749ms, Turnaround: 1806ms, Thread: pool-47-thread-1
Processed Task 9 (HIGH) | Wait: 1806ms, Turnaround: 1861ms, Thread: pool-47-thread-1
Processed Task 100 (LOW) | Wait: 1806ms, Turnaround: 1861ms, Thread: pool-47-thread-3
Processed Task 4 (HIGH) | Wait: 1861ms, Turnaround: 1927ms, Thread: pool-47-thread-1
Processed Task 2 (HIGH) | Wait: 1927ms, Turnaround: 1980ms, Thread: pool-47-thread-1

----- RESULTS FOR THIS RUN -----
Tasks processed: 100
Total elapsed: 1.98 s
Throughput: 50.51 tasks/s

Wait Time (ms):
  Min = 0
  Max = 1927
  Avg = 929.36
  StdDev = 545.41

Turnaround Time (ms):
  Min = 57
  Max = 1980
  Avg = 985.83
  StdDev = 543.85
------------------------------


=============================
Starting run 47 of 50
=============================
Processed Task 1 (LOW) | Wait: 0ms, Turnaround: 61ms, Thread: pool-48-thread-3
Processed Task 91 (HIGH) | Wait: 0ms, Turnaround: 67ms, Thread: pool-48-thread-1
Processed Task 2 (MEDIUM) | Wait: 0ms, Turnaround: 69ms, Thread: pool-48-thread-2
Processed Task 5 (LOW) | Wait: 61ms, Turnaround: 114ms, Thread: pool-48-thread-3
Processed Task 86 (HIGH) | Wait: 67ms, Turnaround: 125ms, Thread: pool-48-thread-1
Processed Task 4 (MEDIUM) | Wait: 69ms, Turnaround: 125ms, Thread: pool-48-thread-2
Processed Task 6 (LOW) | Wait: 114ms, Turnaround: 166ms, Thread: pool-48-thread-3
Processed Task 8 (MEDIUM) | Wait: 125ms, Turnaround: 190ms, Thread: pool-48-thread-2
Processed Task 84 (HIGH) | Wait: 125ms, Turnaround: 190ms, Thread: pool-48-thread-1
Processed Task 7 (LOW) | Wait: 166ms, Turnaround: 222ms, Thread: pool-48-thread-3
Processed Task 13 (MEDIUM) | Wait: 190ms, Turnaround: 242ms, Thread: pool-48-thread-2
Processed Task 79 (HIGH) | Wait: 190ms, Turnaround: 242ms, Thread: pool-48-thread-1
Processed Task 9 (LOW) | Wait: 222ms, Turnaround: 282ms, Thread: pool-48-thread-3
Processed Task 73 (HIGH) | Wait: 242ms, Turnaround: 298ms, Thread: pool-48-thread-1
Processed Task 15 (MEDIUM) | Wait: 242ms, Turnaround: 298ms, Thread: pool-48-thread-2
Processed Task 10 (LOW) | Wait: 282ms, Turnaround: 337ms, Thread: pool-48-thread-3
Processed Task 17 (MEDIUM) | Wait: 298ms, Turnaround: 359ms, Thread: pool-48-thread-2
Processed Task 71 (HIGH) | Wait: 298ms, Turnaround: 359ms, Thread: pool-48-thread-1
Processed Task 11 (LOW) | Wait: 337ms, Turnaround: 391ms, Thread: pool-48-thread-3
Processed Task 25 (MEDIUM) | Wait: 359ms, Turnaround: 425ms, Thread: pool-48-thread-2
Processed Task 70 (HIGH) | Wait: 359ms, Turnaround: 425ms, Thread: pool-48-thread-1
Processed Task 16 (LOW) | Wait: 391ms, Turnaround: 448ms, Thread: pool-48-thread-3
Processed Task 27 (MEDIUM) | Wait: 425ms, Turnaround: 480ms, Thread: pool-48-thread-2
Processed Task 60 (HIGH) | Wait: 425ms, Turnaround: 480ms, Thread: pool-48-thread-1
Processed Task 18 (LOW) | Wait: 448ms, Turnaround: 512ms, Thread: pool-48-thread-3
Processed Task 30 (MEDIUM) | Wait: 480ms, Turnaround: 530ms, Thread: pool-48-thread-2
Processed Task 59 (HIGH) | Wait: 480ms, Turnaround: 530ms, Thread: pool-48-thread-1
Processed Task 21 (LOW) | Wait: 512ms, Turnaround: 570ms, Thread: pool-48-thread-3
Processed Task 31 (MEDIUM) | Wait: 530ms, Turnaround: 594ms, Thread: pool-48-thread-2
Processed Task 56 (HIGH) | Wait: 530ms, Turnaround: 594ms, Thread: pool-48-thread-1
Processed Task 22 (LOW) | Wait: 570ms, Turnaround: 627ms, Thread: pool-48-thread-3
Processed Task 37 (MEDIUM) | Wait: 594ms, Turnaround: 644ms, Thread: pool-48-thread-2
Processed Task 54 (HIGH) | Wait: 594ms, Turnaround: 644ms, Thread: pool-48-thread-1
Processed Task 23 (LOW) | Wait: 627ms, Turnaround: 679ms, Thread: pool-48-thread-3
Processed Task 52 (HIGH) | Wait: 644ms, Turnaround: 710ms, Thread: pool-48-thread-1
Processed Task 38 (MEDIUM) | Wait: 644ms, Turnaround: 710ms, Thread: pool-48-thread-2
Processed Task 28 (LOW) | Wait: 679ms, Turnaround: 742ms, Thread: pool-48-thread-3
Processed Task 51 (HIGH) | Wait: 710ms, Turnaround: 761ms, Thread: pool-48-thread-1
Processed Task 43 (MEDIUM) | Wait: 710ms, Turnaround: 761ms, Thread: pool-48-thread-2
Processed Task 32 (LOW) | Wait: 742ms, Turnaround: 797ms, Thread: pool-48-thread-3
Processed Task 44 (MEDIUM) | Wait: 761ms, Turnaround: 818ms, Thread: pool-48-thread-2
Processed Task 45 (HIGH) | Wait: 761ms, Turnaround: 818ms, Thread: pool-48-thread-1
Processed Task 33 (LOW) | Wait: 797ms, Turnaround: 850ms, Thread: pool-48-thread-3
Processed Task 46 (MEDIUM) | Wait: 818ms, Turnaround: 869ms, Thread: pool-48-thread-2
Processed Task 41 (HIGH) | Wait: 818ms, Turnaround: 869ms, Thread: pool-48-thread-1
Processed Task 35 (LOW) | Wait: 850ms, Turnaround: 903ms, Thread: pool-48-thread-3
Processed Task 47 (MEDIUM) | Wait: 869ms, Turnaround: 927ms, Thread: pool-48-thread-2
Processed Task 39 (HIGH) | Wait: 869ms, Turnaround: 927ms, Thread: pool-48-thread-1
Processed Task 36 (LOW) | Wait: 903ms, Turnaround: 959ms, Thread: pool-48-thread-3
Processed Task 34 (HIGH) | Wait: 927ms, Turnaround: 978ms, Thread: pool-48-thread-1
Processed Task 49 (MEDIUM) | Wait: 927ms, Turnaround: 978ms, Thread: pool-48-thread-2
Processed Task 40 (LOW) | Wait: 959ms, Turnaround: 1013ms, Thread: pool-48-thread-3
Processed Task 29 (HIGH) | Wait: 978ms, Turnaround: 1035ms, Thread: pool-48-thread-1
Processed Task 57 (MEDIUM) | Wait: 978ms, Turnaround: 1035ms, Thread: pool-48-thread-2
Processed Task 42 (LOW) | Wait: 1013ms, Turnaround: 1068ms, Thread: pool-48-thread-3
Processed Task 26 (HIGH) | Wait: 1035ms, Turnaround: 1086ms, Thread: pool-48-thread-1
Processed Task 61 (MEDIUM) | Wait: 1035ms, Turnaround: 1086ms, Thread: pool-48-thread-2
Processed Task 48 (LOW) | Wait: 1068ms, Turnaround: 1119ms, Thread: pool-48-thread-3
Processed Task 24 (HIGH) | Wait: 1086ms, Turnaround: 1143ms, Thread: pool-48-thread-1
Processed Task 65 (MEDIUM) | Wait: 1086ms, Turnaround: 1143ms, Thread: pool-48-thread-2
Processed Task 50 (LOW) | Wait: 1119ms, Turnaround: 1176ms, Thread: pool-48-thread-3
Processed Task 66 (MEDIUM) | Wait: 1143ms, Turnaround: 1194ms, Thread: pool-48-thread-2
Processed Task 20 (HIGH) | Wait: 1143ms, Turnaround: 1194ms, Thread: pool-48-thread-1
Processed Task 67 (MEDIUM) | Wait: 1194ms, Turnaround: 1251ms, Thread: pool-48-thread-2
Processed Task 19 (HIGH) | Wait: 1194ms, Turnaround: 1251ms, Thread: pool-48-thread-1
Processed Task 53 (LOW) | Wait: 1176ms, Turnaround: 1251ms, Thread: pool-48-thread-3
Processed Task 68 (MEDIUM) | Wait: 1251ms, Turnaround: 1302ms, Thread: pool-48-thread-2
Processed Task 55 (LOW) | Wait: 1251ms, Turnaround: 1302ms, Thread: pool-48-thread-3
Processed Task 14 (HIGH) | Wait: 1251ms, Turnaround: 1302ms, Thread: pool-48-thread-1
Processed Task 58 (LOW) | Wait: 1302ms, Turnaround: 1359ms, Thread: pool-48-thread-3
Processed Task 12 (HIGH) | Wait: 1302ms, Turnaround: 1359ms, Thread: pool-48-thread-1
Processed Task 72 (MEDIUM) | Wait: 1302ms, Turnaround: 1359ms, Thread: pool-48-thread-2
Processed Task 3 (HIGH) | Wait: 1359ms, Turnaround: 1410ms, Thread: pool-48-thread-1
Processed Task 74 (MEDIUM) | Wait: 1359ms, Turnaround: 1410ms, Thread: pool-48-thread-2
Processed Task 62 (LOW) | Wait: 1359ms, Turnaround: 1410ms, Thread: pool-48-thread-3
Processed Task 76 (MEDIUM) | Wait: 1410ms, Turnaround: 1474ms, Thread: pool-48-thread-2
Processed Task 63 (LOW) | Wait: 1410ms, Turnaround: 1474ms, Thread: pool-48-thread-3
Processed Task 64 (LOW) | Wait: 1474ms, Turnaround: 1526ms, Thread: pool-48-thread-3
Processed Task 77 (MEDIUM) | Wait: 1474ms, Turnaround: 1526ms, Thread: pool-48-thread-2
Processed Task 78 (MEDIUM) | Wait: 1526ms, Turnaround: 1583ms, Thread: pool-48-thread-2
Processed Task 69 (LOW) | Wait: 1526ms, Turnaround: 1583ms, Thread: pool-48-thread-3
Processed Task 75 (LOW) | Wait: 1583ms, Turnaround: 1634ms, Thread: pool-48-thread-3
Processed Task 80 (MEDIUM) | Wait: 1583ms, Turnaround: 1634ms, Thread: pool-48-thread-2
Processed Task 83 (LOW) | Wait: 1634ms, Turnaround: 1691ms, Thread: pool-48-thread-3
Processed Task 81 (MEDIUM) | Wait: 1634ms, Turnaround: 1691ms, Thread: pool-48-thread-2
Processed Task 87 (LOW) | Wait: 1691ms, Turnaround: 1742ms, Thread: pool-48-thread-3
Processed Task 82 (MEDIUM) | Wait: 1691ms, Turnaround: 1742ms, Thread: pool-48-thread-2
Processed Task 89 (LOW) | Wait: 1742ms, Turnaround: 1799ms, Thread: pool-48-thread-3
Processed Task 85 (MEDIUM) | Wait: 1742ms, Turnaround: 1799ms, Thread: pool-48-thread-2
Processed Task 88 (MEDIUM) | Wait: 1799ms, Turnaround: 1850ms, Thread: pool-48-thread-2
Processed Task 90 (LOW) | Wait: 1799ms, Turnaround: 1850ms, Thread: pool-48-thread-3
Processed Task 95 (LOW) | Wait: 1850ms, Turnaround: 1907ms, Thread: pool-48-thread-3
Processed Task 92 (MEDIUM) | Wait: 1850ms, Turnaround: 1907ms, Thread: pool-48-thread-2
Processed Task 93 (MEDIUM) | Wait: 1907ms, Turnaround: 1957ms, Thread: pool-48-thread-2
Processed Task 97 (LOW) | Wait: 1907ms, Turnaround: 1957ms, Thread: pool-48-thread-3
Processed Task 94 (MEDIUM) | Wait: 1957ms, Turnaround: 2014ms, Thread: pool-48-thread-2
Processed Task 98 (LOW) | Wait: 1957ms, Turnaround: 2014ms, Thread: pool-48-thread-3
Processed Task 96 (MEDIUM) | Wait: 2014ms, Turnaround: 2065ms, Thread: pool-48-thread-2
Processed Task 99 (MEDIUM) | Wait: 2065ms, Turnaround: 2122ms, Thread: pool-48-thread-2
Processed Task 100 (MEDIUM) | Wait: 2122ms, Turnaround: 2173ms, Thread: pool-48-thread-2

----- RESULTS FOR THIS RUN -----
Tasks processed: 100
Total elapsed: 2.17 s
Throughput: 46.00 tasks/s

Wait Time (ms):
  Min = 0
  Max = 2122
  Avg = 950.71
  StdDev = 581.83

Turnaround Time (ms):
  Min = 61
  Max = 2173
  Avg = 1006.68
  StdDev = 580.20
------------------------------


=============================
Starting run 48 of 50
=============================
Processed Task 4 (LOW) | Wait: 0ms, Turnaround: 56ms, Thread: pool-49-thread-3
Processed Task 1 (MEDIUM) | Wait: 0ms, Turnaround: 56ms, Thread: pool-49-thread-2
Processed Task 100 (HIGH) | Wait: 0ms, Turnaround: 56ms, Thread: pool-49-thread-1
Processed Task 99 (HIGH) | Wait: 56ms, Turnaround: 122ms, Thread: pool-49-thread-1
Processed Task 2 (MEDIUM) | Wait: 56ms, Turnaround: 122ms, Thread: pool-49-thread-2
Processed Task 5 (LOW) | Wait: 56ms, Turnaround: 122ms, Thread: pool-49-thread-3
Processed Task 94 (HIGH) | Wait: 122ms, Turnaround: 180ms, Thread: pool-49-thread-1
Processed Task 10 (LOW) | Wait: 122ms, Turnaround: 180ms, Thread: pool-49-thread-3
Processed Task 3 (MEDIUM) | Wait: 122ms, Turnaround: 180ms, Thread: pool-49-thread-2
Processed Task 14 (LOW) | Wait: 180ms, Turnaround: 235ms, Thread: pool-49-thread-3
Processed Task 6 (MEDIUM) | Wait: 180ms, Turnaround: 235ms, Thread: pool-49-thread-2
Processed Task 93 (HIGH) | Wait: 180ms, Turnaround: 235ms, Thread: pool-49-thread-1
Processed Task 7 (MEDIUM) | Wait: 235ms, Turnaround: 288ms, Thread: pool-49-thread-2
Processed Task 89 (HIGH) | Wait: 235ms, Turnaround: 288ms, Thread: pool-49-thread-1
Processed Task 19 (LOW) | Wait: 235ms, Turnaround: 288ms, Thread: pool-49-thread-3
Processed Task 87 (HIGH) | Wait: 288ms, Turnaround: 348ms, Thread: pool-49-thread-1
Processed Task 20 (LOW) | Wait: 288ms, Turnaround: 348ms, Thread: pool-49-thread-3
Processed Task 9 (MEDIUM) | Wait: 288ms, Turnaround: 348ms, Thread: pool-49-thread-2
Processed Task 86 (HIGH) | Wait: 348ms, Turnaround: 404ms, Thread: pool-49-thread-1
Processed Task 13 (MEDIUM) | Wait: 348ms, Turnaround: 404ms, Thread: pool-49-thread-2
Processed Task 23 (LOW) | Wait: 348ms, Turnaround: 404ms, Thread: pool-49-thread-3
Processed Task 26 (LOW) | Wait: 404ms, Turnaround: 458ms, Thread: pool-49-thread-3
Processed Task 82 (HIGH) | Wait: 404ms, Turnaround: 458ms, Thread: pool-49-thread-1
Processed Task 16 (MEDIUM) | Wait: 404ms, Turnaround: 458ms, Thread: pool-49-thread-2
Processed Task 27 (LOW) | Wait: 458ms, Turnaround: 517ms, Thread: pool-49-thread-3
Processed Task 76 (HIGH) | Wait: 458ms, Turnaround: 517ms, Thread: pool-49-thread-1
Processed Task 25 (MEDIUM) | Wait: 458ms, Turnaround: 517ms, Thread: pool-49-thread-2
Processed Task 74 (HIGH) | Wait: 517ms, Turnaround: 572ms, Thread: pool-49-thread-1
Processed Task 33 (LOW) | Wait: 517ms, Turnaround: 572ms, Thread: pool-49-thread-3
Processed Task 29 (MEDIUM) | Wait: 517ms, Turnaround: 572ms, Thread: pool-49-thread-2
Processed Task 39 (LOW) | Wait: 572ms, Turnaround: 625ms, Thread: pool-49-thread-3
Processed Task 67 (HIGH) | Wait: 572ms, Turnaround: 625ms, Thread: pool-49-thread-1
Processed Task 31 (MEDIUM) | Wait: 572ms, Turnaround: 625ms, Thread: pool-49-thread-2
Processed Task 41 (LOW) | Wait: 625ms, Turnaround: 680ms, Thread: pool-49-thread-3
Processed Task 32 (MEDIUM) | Wait: 625ms, Turnaround: 680ms, Thread: pool-49-thread-2
Processed Task 61 (HIGH) | Wait: 625ms, Turnaround: 680ms, Thread: pool-49-thread-1
Processed Task 34 (MEDIUM) | Wait: 680ms, Turnaround: 733ms, Thread: pool-49-thread-2
Processed Task 60 (HIGH) | Wait: 680ms, Turnaround: 733ms, Thread: pool-49-thread-1
Processed Task 46 (LOW) | Wait: 680ms, Turnaround: 733ms, Thread: pool-49-thread-3
Processed Task 57 (HIGH) | Wait: 733ms, Turnaround: 787ms, Thread: pool-49-thread-1
Processed Task 35 (MEDIUM) | Wait: 733ms, Turnaround: 787ms, Thread: pool-49-thread-2
Processed Task 48 (LOW) | Wait: 733ms, Turnaround: 787ms, Thread: pool-49-thread-3
Processed Task 58 (LOW) | Wait: 787ms, Turnaround: 840ms, Thread: pool-49-thread-3
Processed Task 56 (HIGH) | Wait: 787ms, Turnaround: 840ms, Thread: pool-49-thread-1
Processed Task 36 (MEDIUM) | Wait: 787ms, Turnaround: 840ms, Thread: pool-49-thread-2
Processed Task 55 (HIGH) | Wait: 840ms, Turnaround: 894ms, Thread: pool-49-thread-1
Processed Task 63 (LOW) | Wait: 840ms, Turnaround: 894ms, Thread: pool-49-thread-3
Processed Task 38 (MEDIUM) | Wait: 840ms, Turnaround: 894ms, Thread: pool-49-thread-2
Processed Task 42 (MEDIUM) | Wait: 894ms, Turnaround: 948ms, Thread: pool-49-thread-2
Processed Task 65 (LOW) | Wait: 894ms, Turnaround: 948ms, Thread: pool-49-thread-3
Processed Task 53 (HIGH) | Wait: 894ms, Turnaround: 948ms, Thread: pool-49-thread-1
Processed Task 44 (MEDIUM) | Wait: 948ms, Turnaround: 1003ms, Thread: pool-49-thread-2
Processed Task 52 (HIGH) | Wait: 948ms, Turnaround: 1003ms, Thread: pool-49-thread-1
Processed Task 69 (LOW) | Wait: 948ms, Turnaround: 1003ms, Thread: pool-49-thread-3
Processed Task 45 (MEDIUM) | Wait: 1003ms, Turnaround: 1056ms, Thread: pool-49-thread-2
Processed Task 72 (LOW) | Wait: 1003ms, Turnaround: 1056ms, Thread: pool-49-thread-3
Processed Task 51 (HIGH) | Wait: 1003ms, Turnaround: 1056ms, Thread: pool-49-thread-1
Processed Task 77 (LOW) | Wait: 1056ms, Turnaround: 1112ms, Thread: pool-49-thread-3
Processed Task 47 (MEDIUM) | Wait: 1056ms, Turnaround: 1112ms, Thread: pool-49-thread-2
Processed Task 50 (HIGH) | Wait: 1056ms, Turnaround: 1112ms, Thread: pool-49-thread-1
Processed Task 43 (HIGH) | Wait: 1112ms, Turnaround: 1164ms, Thread: pool-49-thread-1
Processed Task 78 (LOW) | Wait: 1112ms, Turnaround: 1164ms, Thread: pool-49-thread-3
Processed Task 49 (MEDIUM) | Wait: 1112ms, Turnaround: 1164ms, Thread: pool-49-thread-2
Processed Task 54 (MEDIUM) | Wait: 1164ms, Turnaround: 1219ms, Thread: pool-49-thread-2
Processed Task 40 (HIGH) | Wait: 1164ms, Turnaround: 1219ms, Thread: pool-49-thread-1
Processed Task 79 (LOW) | Wait: 1164ms, Turnaround: 1219ms, Thread: pool-49-thread-3
Processed Task 59 (MEDIUM) | Wait: 1219ms, Turnaround: 1273ms, Thread: pool-49-thread-2
Processed Task 37 (HIGH) | Wait: 1219ms, Turnaround: 1273ms, Thread: pool-49-thread-1
Processed Task 81 (LOW) | Wait: 1219ms, Turnaround: 1273ms, Thread: pool-49-thread-3
Processed Task 83 (LOW) | Wait: 1273ms, Turnaround: 1328ms, Thread: pool-49-thread-3
Processed Task 30 (HIGH) | Wait: 1273ms, Turnaround: 1328ms, Thread: pool-49-thread-1
Processed Task 62 (MEDIUM) | Wait: 1273ms, Turnaround: 1328ms, Thread: pool-49-thread-2
Processed Task 64 (MEDIUM) | Wait: 1328ms, Turnaround: 1381ms, Thread: pool-49-thread-2
Processed Task 90 (LOW) | Wait: 1328ms, Turnaround: 1381ms, Thread: pool-49-thread-3
Processed Task 28 (HIGH) | Wait: 1328ms, Turnaround: 1381ms, Thread: pool-49-thread-1
Processed Task 24 (HIGH) | Wait: 1381ms, Turnaround: 1436ms, Thread: pool-49-thread-1
Processed Task 91 (LOW) | Wait: 1381ms, Turnaround: 1436ms, Thread: pool-49-thread-3
Processed Task 66 (MEDIUM) | Wait: 1381ms, Turnaround: 1436ms, Thread: pool-49-thread-2
Processed Task 68 (MEDIUM) | Wait: 1436ms, Turnaround: 1489ms, Thread: pool-49-thread-2
Processed Task 22 (HIGH) | Wait: 1436ms, Turnaround: 1489ms, Thread: pool-49-thread-1
Processed Task 97 (LOW) | Wait: 1436ms, Turnaround: 1489ms, Thread: pool-49-thread-3
Processed Task 98 (LOW) | Wait: 1489ms, Turnaround: 1544ms, Thread: pool-49-thread-3
Processed Task 70 (MEDIUM) | Wait: 1489ms, Turnaround: 1544ms, Thread: pool-49-thread-2
Processed Task 21 (HIGH) | Wait: 1489ms, Turnaround: 1544ms, Thread: pool-49-thread-1
Processed Task 71 (MEDIUM) | Wait: 1544ms, Turnaround: 1597ms, Thread: pool-49-thread-2
Processed Task 18 (HIGH) | Wait: 1544ms, Turnaround: 1597ms, Thread: pool-49-thread-1
Processed Task 73 (MEDIUM) | Wait: 1597ms, Turnaround: 1652ms, Thread: pool-49-thread-2
Processed Task 17 (HIGH) | Wait: 1597ms, Turnaround: 1652ms, Thread: pool-49-thread-1
Processed Task 75 (MEDIUM) | Wait: 1652ms, Turnaround: 1706ms, Thread: pool-49-thread-2
Processed Task 15 (HIGH) | Wait: 1652ms, Turnaround: 1706ms, Thread: pool-49-thread-1
Processed Task 12 (HIGH) | Wait: 1706ms, Turnaround: 1761ms, Thread: pool-49-thread-1
Processed Task 80 (MEDIUM) | Wait: 1706ms, Turnaround: 1761ms, Thread: pool-49-thread-2
Processed Task 11 (HIGH) | Wait: 1761ms, Turnaround: 1814ms, Thread: pool-49-thread-1
Processed Task 84 (MEDIUM) | Wait: 1761ms, Turnaround: 1814ms, Thread: pool-49-thread-2
Processed Task 8 (HIGH) | Wait: 1814ms, Turnaround: 1869ms, Thread: pool-49-thread-1
Processed Task 85 (MEDIUM) | Wait: 1814ms, Turnaround: 1869ms, Thread: pool-49-thread-2
Processed Task 88 (MEDIUM) | Wait: 1869ms, Turnaround: 1922ms, Thread: pool-49-thread-2
Processed Task 92 (MEDIUM) | Wait: 1922ms, Turnaround: 1976ms, Thread: pool-49-thread-2
Processed Task 95 (MEDIUM) | Wait: 1976ms, Turnaround: 2031ms, Thread: pool-49-thread-2
Processed Task 96 (MEDIUM) | Wait: 2031ms, Turnaround: 2085ms, Thread: pool-49-thread-2

----- RESULTS FOR THIS RUN -----
Tasks processed: 100
Total elapsed: 2.09 s
Throughput: 47.96 tasks/s

Wait Time (ms):
  Min = 0
  Max = 2031
  Avg = 913.90
  StdDev = 547.77

Turnaround Time (ms):
  Min = 56
  Max = 2085
  Avg = 968.88
  StdDev = 546.60
------------------------------


=============================
Starting run 49 of 50
=============================
Processed Task 3 (MEDIUM) | Wait: 1ms, Turnaround: 60ms, Thread: pool-50-thread-2
Processed Task 1 (LOW) | Wait: 1ms, Turnaround: 60ms, Thread: pool-50-thread-3
Processed Task 99 (HIGH) | Wait: 0ms, Turnaround: 60ms, Thread: pool-50-thread-1
Processed Task 6 (MEDIUM) | Wait: 60ms, Turnaround: 122ms, Thread: pool-50-thread-2
Processed Task 97 (HIGH) | Wait: 60ms, Turnaround: 122ms, Thread: pool-50-thread-1
Processed Task 2 (LOW) | Wait: 60ms, Turnaround: 122ms, Thread: pool-50-thread-3
Processed Task 95 (HIGH) | Wait: 122ms, Turnaround: 175ms, Thread: pool-50-thread-1
Processed Task 7 (MEDIUM) | Wait: 122ms, Turnaround: 175ms, Thread: pool-50-thread-2
Processed Task 5 (LOW) | Wait: 122ms, Turnaround: 175ms, Thread: pool-50-thread-3
Processed Task 8 (LOW) | Wait: 175ms, Turnaround: 234ms, Thread: pool-50-thread-3
Processed Task 93 (HIGH) | Wait: 175ms, Turnaround: 234ms, Thread: pool-50-thread-1
Processed Task 10 (MEDIUM) | Wait: 175ms, Turnaround: 234ms, Thread: pool-50-thread-2
Processed Task 11 (MEDIUM) | Wait: 234ms, Turnaround: 289ms, Thread: pool-50-thread-2
Processed Task 9 (LOW) | Wait: 234ms, Turnaround: 289ms, Thread: pool-50-thread-3
Processed Task 91 (HIGH) | Wait: 234ms, Turnaround: 289ms, Thread: pool-50-thread-1
Processed Task 13 (LOW) | Wait: 289ms, Turnaround: 341ms, Thread: pool-50-thread-3
Processed Task 89 (HIGH) | Wait: 289ms, Turnaround: 341ms, Thread: pool-50-thread-1
Processed Task 12 (MEDIUM) | Wait: 289ms, Turnaround: 341ms, Thread: pool-50-thread-2
Processed Task 15 (LOW) | Wait: 341ms, Turnaround: 397ms, Thread: pool-50-thread-3
Processed Task 87 (HIGH) | Wait: 341ms, Turnaround: 397ms, Thread: pool-50-thread-1
Processed Task 24 (MEDIUM) | Wait: 341ms, Turnaround: 397ms, Thread: pool-50-thread-2
Processed Task 82 (HIGH) | Wait: 397ms, Turnaround: 448ms, Thread: pool-50-thread-1
Processed Task 16 (LOW) | Wait: 397ms, Turnaround: 448ms, Thread: pool-50-thread-3
Processed Task 27 (MEDIUM) | Wait: 397ms, Turnaround: 449ms, Thread: pool-50-thread-2
Processed Task 17 (LOW) | Wait: 448ms, Turnaround: 499ms, Thread: pool-50-thread-3
Processed Task 29 (MEDIUM) | Wait: 449ms, Turnaround: 499ms, Thread: pool-50-thread-2
Processed Task 80 (HIGH) | Wait: 448ms, Turnaround: 499ms, Thread: pool-50-thread-1
Processed Task 79 (HIGH) | Wait: 499ms, Turnaround: 553ms, Thread: pool-50-thread-1
Processed Task 37 (MEDIUM) | Wait: 499ms, Turnaround: 553ms, Thread: pool-50-thread-2
Processed Task 19 (LOW) | Wait: 499ms, Turnaround: 553ms, Thread: pool-50-thread-3
Processed Task 77 (HIGH) | Wait: 553ms, Turnaround: 609ms, Thread: pool-50-thread-1
Processed Task 21 (LOW) | Wait: 553ms, Turnaround: 609ms, Thread: pool-50-thread-3
Processed Task 39 (MEDIUM) | Wait: 553ms, Turnaround: 609ms, Thread: pool-50-thread-2
Processed Task 23 (LOW) | Wait: 609ms, Turnaround: 660ms, Thread: pool-50-thread-3
Processed Task 41 (MEDIUM) | Wait: 609ms, Turnaround: 662ms, Thread: pool-50-thread-2
Processed Task 73 (HIGH) | Wait: 609ms, Turnaround: 662ms, Thread: pool-50-thread-1
Processed Task 44 (MEDIUM) | Wait: 662ms, Turnaround: 716ms, Thread: pool-50-thread-2
Processed Task 25 (LOW) | Wait: 660ms, Turnaround: 716ms, Thread: pool-50-thread-3
Processed Task 70 (HIGH) | Wait: 662ms, Turnaround: 716ms, Thread: pool-50-thread-1
Processed Task 30 (LOW) | Wait: 716ms, Turnaround: 768ms, Thread: pool-50-thread-3
Processed Task 45 (MEDIUM) | Wait: 716ms, Turnaround: 768ms, Thread: pool-50-thread-2
Processed Task 68 (HIGH) | Wait: 716ms, Turnaround: 768ms, Thread: pool-50-thread-1
Processed Task 63 (HIGH) | Wait: 768ms, Turnaround: 821ms, Thread: pool-50-thread-1
Processed Task 50 (MEDIUM) | Wait: 768ms, Turnaround: 821ms, Thread: pool-50-thread-2
Processed Task 31 (LOW) | Wait: 768ms, Turnaround: 821ms, Thread: pool-50-thread-3
Processed Task 32 (LOW) | Wait: 821ms, Turnaround: 872ms, Thread: pool-50-thread-3
Processed Task 51 (MEDIUM) | Wait: 821ms, Turnaround: 872ms, Thread: pool-50-thread-2
Processed Task 61 (HIGH) | Wait: 821ms, Turnaround: 872ms, Thread: pool-50-thread-1
Processed Task 33 (LOW) | Wait: 872ms, Turnaround: 923ms, Thread: pool-50-thread-3
Processed Task 53 (MEDIUM) | Wait: 872ms, Turnaround: 923ms, Thread: pool-50-thread-2
Processed Task 57 (HIGH) | Wait: 872ms, Turnaround: 923ms, Thread: pool-50-thread-1
Processed Task 34 (LOW) | Wait: 923ms, Turnaround: 977ms, Thread: pool-50-thread-3
Processed Task 60 (MEDIUM) | Wait: 923ms, Turnaround: 977ms, Thread: pool-50-thread-2
Processed Task 56 (HIGH) | Wait: 923ms, Turnaround: 977ms, Thread: pool-50-thread-1
Processed Task 65 (MEDIUM) | Wait: 977ms, Turnaround: 1042ms, Thread: pool-50-thread-2
Processed Task 54 (HIGH) | Wait: 977ms, Turnaround: 1042ms, Thread: pool-50-thread-1
Processed Task 35 (LOW) | Wait: 977ms, Turnaround: 1042ms, Thread: pool-50-thread-3
Processed Task 36 (LOW) | Wait: 1042ms, Turnaround: 1103ms, Thread: pool-50-thread-3
Processed Task 66 (MEDIUM) | Wait: 1042ms, Turnaround: 1103ms, Thread: pool-50-thread-2
Processed Task 52 (HIGH) | Wait: 1042ms, Turnaround: 1103ms, Thread: pool-50-thread-1
Processed Task 47 (HIGH) | Wait: 1103ms, Turnaround: 1163ms, Thread: pool-50-thread-1
Processed Task 67 (MEDIUM) | Wait: 1103ms, Turnaround: 1163ms, Thread: pool-50-thread-2
Processed Task 46 (LOW) | Wait: 1103ms, Turnaround: 1163ms, Thread: pool-50-thread-3
Processed Task 48 (LOW) | Wait: 1163ms, Turnaround: 1222ms, Thread: pool-50-thread-3
Processed Task 43 (HIGH) | Wait: 1163ms, Turnaround: 1222ms, Thread: pool-50-thread-1
Processed Task 74 (MEDIUM) | Wait: 1163ms, Turnaround: 1222ms, Thread: pool-50-thread-2
Processed Task 42 (HIGH) | Wait: 1222ms, Turnaround: 1277ms, Thread: pool-50-thread-1
Processed Task 76 (MEDIUM) | Wait: 1222ms, Turnaround: 1277ms, Thread: pool-50-thread-2
Processed Task 49 (LOW) | Wait: 1222ms, Turnaround: 1277ms, Thread: pool-50-thread-3
Processed Task 55 (LOW) | Wait: 1277ms, Turnaround: 1348ms, Thread: pool-50-thread-3
Processed Task 78 (MEDIUM) | Wait: 1277ms, Turnaround: 1348ms, Thread: pool-50-thread-2
Processed Task 40 (HIGH) | Wait: 1277ms, Turnaround: 1348ms, Thread: pool-50-thread-1
Processed Task 81 (MEDIUM) | Wait: 1348ms, Turnaround: 1403ms, Thread: pool-50-thread-2
Processed Task 38 (HIGH) | Wait: 1348ms, Turnaround: 1403ms, Thread: pool-50-thread-1
Processed Task 58 (LOW) | Wait: 1348ms, Turnaround: 1403ms, Thread: pool-50-thread-3
Processed Task 59 (LOW) | Wait: 1403ms, Turnaround: 1456ms, Thread: pool-50-thread-3
Processed Task 85 (MEDIUM) | Wait: 1403ms, Turnaround: 1456ms, Thread: pool-50-thread-2
Processed Task 28 (HIGH) | Wait: 1403ms, Turnaround: 1456ms, Thread: pool-50-thread-1
Processed Task 62 (LOW) | Wait: 1456ms, Turnaround: 1511ms, Thread: pool-50-thread-3
Processed Task 26 (HIGH) | Wait: 1456ms, Turnaround: 1511ms, Thread: pool-50-thread-1
Processed Task 86 (MEDIUM) | Wait: 1456ms, Turnaround: 1511ms, Thread: pool-50-thread-2
Processed Task 22 (HIGH) | Wait: 1511ms, Turnaround: 1564ms, Thread: pool-50-thread-1
Processed Task 88 (MEDIUM) | Wait: 1511ms, Turnaround: 1564ms, Thread: pool-50-thread-2
Processed Task 64 (LOW) | Wait: 1511ms, Turnaround: 1564ms, Thread: pool-50-thread-3
Processed Task 20 (HIGH) | Wait: 1564ms, Turnaround: 1630ms, Thread: pool-50-thread-1
Processed Task 69 (LOW) | Wait: 1564ms, Turnaround: 1630ms, Thread: pool-50-thread-3
Processed Task 90 (MEDIUM) | Wait: 1564ms, Turnaround: 1630ms, Thread: pool-50-thread-2
Processed Task 18 (HIGH) | Wait: 1630ms, Turnaround: 1695ms, Thread: pool-50-thread-1
Processed Task 71 (LOW) | Wait: 1630ms, Turnaround: 1695ms, Thread: pool-50-thread-3
Processed Task 94 (MEDIUM) | Wait: 1630ms, Turnaround: 1695ms, Thread: pool-50-thread-2
Processed Task 14 (HIGH) | Wait: 1695ms, Turnaround: 1747ms, Thread: pool-50-thread-1
Processed Task 72 (LOW) | Wait: 1695ms, Turnaround: 1747ms, Thread: pool-50-thread-3
Processed Task 96 (MEDIUM) | Wait: 1695ms, Turnaround: 1747ms, Thread: pool-50-thread-2
Processed Task 4 (HIGH) | Wait: 1747ms, Turnaround: 1803ms, Thread: pool-50-thread-1
Processed Task 98 (MEDIUM) | Wait: 1747ms, Turnaround: 1803ms, Thread: pool-50-thread-2
Processed Task 75 (LOW) | Wait: 1747ms, Turnaround: 1803ms, Thread: pool-50-thread-3
Processed Task 83 (LOW) | Wait: 1803ms, Turnaround: 1854ms, Thread: pool-50-thread-3
Processed Task 84 (LOW) | Wait: 1854ms, Turnaround: 1911ms, Thread: pool-50-thread-3
Processed Task 92 (LOW) | Wait: 1911ms, Turnaround: 1963ms, Thread: pool-50-thread-3
Processed Task 100 (LOW) | Wait: 1963ms, Turnaround: 2019ms, Thread: pool-50-thread-3

----- RESULTS FOR THIS RUN -----
Tasks processed: 100
Total elapsed: 2.02 s
Throughput: 49.53 tasks/s

Wait Time (ms):
  Min = 0
  Max = 1963
  Avg = 904.13
  StdDev = 543.52

Turnaround Time (ms):
  Min = 60
  Max = 2019
  Avg = 960.36
  StdDev = 544.38
------------------------------


=============================
Starting run 50 of 50
=============================
Processed Task 98 (HIGH) | Wait: 0ms, Turnaround: 52ms, Thread: pool-51-thread-1
Processed Task 1 (MEDIUM) | Wait: 0ms, Turnaround: 53ms, Thread: pool-51-thread-2
Processed Task 6 (LOW) | Wait: 0ms, Turnaround: 53ms, Thread: pool-51-thread-3
Processed Task 97 (HIGH) | Wait: 52ms, Turnaround: 105ms, Thread: pool-51-thread-1
Processed Task 2 (MEDIUM) | Wait: 53ms, Turnaround: 105ms, Thread: pool-51-thread-2
Processed Task 9 (LOW) | Wait: 53ms, Turnaround: 108ms, Thread: pool-51-thread-3
Processed Task 90 (HIGH) | Wait: 105ms, Turnaround: 178ms, Thread: pool-51-thread-1
Processed Task 5 (MEDIUM) | Wait: 105ms, Turnaround: 178ms, Thread: pool-51-thread-2
Processed Task 11 (LOW) | Wait: 108ms, Turnaround: 178ms, Thread: pool-51-thread-3
Processed Task 89 (HIGH) | Wait: 178ms, Turnaround: 228ms, Thread: pool-51-thread-1
Processed Task 7 (MEDIUM) | Wait: 178ms, Turnaround: 228ms, Thread: pool-51-thread-2
Processed Task 12 (LOW) | Wait: 178ms, Turnaround: 228ms, Thread: pool-51-thread-3
Processed Task 13 (LOW) | Wait: 228ms, Turnaround: 285ms, Thread: pool-51-thread-3
Processed Task 86 (HIGH) | Wait: 228ms, Turnaround: 285ms, Thread: pool-51-thread-1
Processed Task 15 (MEDIUM) | Wait: 228ms, Turnaround: 285ms, Thread: pool-51-thread-2
Processed Task 18 (MEDIUM) | Wait: 285ms, Turnaround: 341ms, Thread: pool-51-thread-2
Processed Task 14 (LOW) | Wait: 285ms, Turnaround: 341ms, Thread: pool-51-thread-3
Processed Task 78 (HIGH) | Wait: 285ms, Turnaround: 341ms, Thread: pool-51-thread-1
Processed Task 20 (LOW) | Wait: 341ms, Turnaround: 392ms, Thread: pool-51-thread-3
Processed Task 19 (MEDIUM) | Wait: 341ms, Turnaround: 392ms, Thread: pool-51-thread-2
Processed Task 76 (HIGH) | Wait: 341ms, Turnaround: 392ms, Thread: pool-51-thread-1
Processed Task 75 (HIGH) | Wait: 392ms, Turnaround: 443ms, Thread: pool-51-thread-1
Processed Task 23 (LOW) | Wait: 392ms, Turnaround: 443ms, Thread: pool-51-thread-3
Processed Task 24 (MEDIUM) | Wait: 392ms, Turnaround: 443ms, Thread: pool-51-thread-2
Processed Task 26 (MEDIUM) | Wait: 443ms, Turnaround: 520ms, Thread: pool-51-thread-2
Processed Task 25 (LOW) | Wait: 443ms, Turnaround: 520ms, Thread: pool-51-thread-3
Processed Task 74 (HIGH) | Wait: 443ms, Turnaround: 520ms, Thread: pool-51-thread-1
Processed Task 28 (MEDIUM) | Wait: 520ms, Turnaround: 575ms, Thread: pool-51-thread-2
Processed Task 31 (LOW) | Wait: 520ms, Turnaround: 575ms, Thread: pool-51-thread-3
Processed Task 71 (HIGH) | Wait: 520ms, Turnaround: 575ms, Thread: pool-51-thread-1
Processed Task 32 (LOW) | Wait: 575ms, Turnaround: 628ms, Thread: pool-51-thread-3
Processed Task 34 (MEDIUM) | Wait: 575ms, Turnaround: 628ms, Thread: pool-51-thread-2
Processed Task 66 (HIGH) | Wait: 575ms, Turnaround: 628ms, Thread: pool-51-thread-1
Processed Task 33 (LOW) | Wait: 628ms, Turnaround: 683ms, Thread: pool-51-thread-3
Processed Task 35 (MEDIUM) | Wait: 628ms, Turnaround: 683ms, Thread: pool-51-thread-2
Processed Task 65 (HIGH) | Wait: 628ms, Turnaround: 683ms, Thread: pool-51-thread-1
Processed Task 64 (HIGH) | Wait: 683ms, Turnaround: 736ms, Thread: pool-51-thread-1
Processed Task 37 (MEDIUM) | Wait: 683ms, Turnaround: 736ms, Thread: pool-51-thread-2
Processed Task 36 (LOW) | Wait: 683ms, Turnaround: 736ms, Thread: pool-51-thread-3
Processed Task 38 (MEDIUM) | Wait: 736ms, Turnaround: 791ms, Thread: pool-51-thread-2
Processed Task 63 (HIGH) | Wait: 736ms, Turnaround: 791ms, Thread: pool-51-thread-1
Processed Task 40 (LOW) | Wait: 736ms, Turnaround: 791ms, Thread: pool-51-thread-3
Processed Task 41 (LOW) | Wait: 791ms, Turnaround: 844ms, Thread: pool-51-thread-3
Processed Task 61 (HIGH) | Wait: 791ms, Turnaround: 844ms, Thread: pool-51-thread-1
Processed Task 45 (MEDIUM) | Wait: 791ms, Turnaround: 844ms, Thread: pool-51-thread-2
Processed Task 49 (MEDIUM) | Wait: 844ms, Turnaround: 900ms, Thread: pool-51-thread-2
Processed Task 44 (LOW) | Wait: 844ms, Turnaround: 900ms, Thread: pool-51-thread-3
Processed Task 59 (HIGH) | Wait: 844ms, Turnaround: 900ms, Thread: pool-51-thread-1
Processed Task 48 (LOW) | Wait: 900ms, Turnaround: 952ms, Thread: pool-51-thread-3
Processed Task 57 (HIGH) | Wait: 900ms, Turnaround: 952ms, Thread: pool-51-thread-1
Processed Task 52 (MEDIUM) | Wait: 900ms, Turnaround: 952ms, Thread: pool-51-thread-2
Processed Task 50 (LOW) | Wait: 952ms, Turnaround: 1009ms, Thread: pool-51-thread-3
Processed Task 56 (HIGH) | Wait: 952ms, Turnaround: 1009ms, Thread: pool-51-thread-1
Processed Task 58 (MEDIUM) | Wait: 952ms, Turnaround: 1009ms, Thread: pool-51-thread-2
Processed Task 67 (MEDIUM) | Wait: 1009ms, Turnaround: 1069ms, Thread: pool-51-thread-2
Processed Task 51 (LOW) | Wait: 1009ms, Turnaround: 1069ms, Thread: pool-51-thread-3
Processed Task 55 (HIGH) | Wait: 1009ms, Turnaround: 1069ms, Thread: pool-51-thread-1
Processed Task 68 (MEDIUM) | Wait: 1069ms, Turnaround: 1124ms, Thread: pool-51-thread-2
Processed Task 54 (HIGH) | Wait: 1069ms, Turnaround: 1124ms, Thread: pool-51-thread-1
Processed Task 60 (LOW) | Wait: 1069ms, Turnaround: 1124ms, Thread: pool-51-thread-3
Processed Task 53 (HIGH) | Wait: 1124ms, Turnaround: 1177ms, Thread: pool-51-thread-1
Processed Task 62 (LOW) | Wait: 1124ms, Turnaround: 1177ms, Thread: pool-51-thread-3
Processed Task 70 (MEDIUM) | Wait: 1124ms, Turnaround: 1177ms, Thread: pool-51-thread-2
Processed Task 47 (HIGH) | Wait: 1177ms, Turnaround: 1232ms, Thread: pool-51-thread-1
Processed Task 72 (MEDIUM) | Wait: 1177ms, Turnaround: 1232ms, Thread: pool-51-thread-2
Processed Task 69 (LOW) | Wait: 1177ms, Turnaround: 1232ms, Thread: pool-51-thread-3
Processed Task 73 (MEDIUM) | Wait: 1232ms, Turnaround: 1285ms, Thread: pool-51-thread-2
Processed Task 79 (LOW) | Wait: 1232ms, Turnaround: 1285ms, Thread: pool-51-thread-3
Processed Task 46 (HIGH) | Wait: 1232ms, Turnaround: 1285ms, Thread: pool-51-thread-1
Processed Task 83 (LOW) | Wait: 1285ms, Turnaround: 1340ms, Thread: pool-51-thread-3
Processed Task 43 (HIGH) | Wait: 1285ms, Turnaround: 1340ms, Thread: pool-51-thread-1
Processed Task 77 (MEDIUM) | Wait: 1285ms, Turnaround: 1340ms, Thread: pool-51-thread-2
Processed Task 42 (HIGH) | Wait: 1340ms, Turnaround: 1394ms, Thread: pool-51-thread-1
Processed Task 87 (LOW) | Wait: 1340ms, Turnaround: 1394ms, Thread: pool-51-thread-3
Processed Task 80 (MEDIUM) | Wait: 1340ms, Turnaround: 1394ms, Thread: pool-51-thread-2
Processed Task 39 (HIGH) | Wait: 1394ms, Turnaround: 1449ms, Thread: pool-51-thread-1
Processed Task 91 (LOW) | Wait: 1394ms, Turnaround: 1449ms, Thread: pool-51-thread-3
Processed Task 81 (MEDIUM) | Wait: 1394ms, Turnaround: 1449ms, Thread: pool-51-thread-2
Processed Task 92 (LOW) | Wait: 1449ms, Turnaround: 1502ms, Thread: pool-51-thread-3
Processed Task 82 (MEDIUM) | Wait: 1449ms, Turnaround: 1502ms, Thread: pool-51-thread-2
Processed Task 30 (HIGH) | Wait: 1449ms, Turnaround: 1502ms, Thread: pool-51-thread-1
Processed Task 84 (MEDIUM) | Wait: 1502ms, Turnaround: 1557ms, Thread: pool-51-thread-2
Processed Task 29 (HIGH) | Wait: 1502ms, Turnaround: 1557ms, Thread: pool-51-thread-1
Processed Task 85 (MEDIUM) | Wait: 1557ms, Turnaround: 1610ms, Thread: pool-51-thread-2
Processed Task 27 (HIGH) | Wait: 1557ms, Turnaround: 1610ms, Thread: pool-51-thread-1
Processed Task 88 (MEDIUM) | Wait: 1610ms, Turnaround: 1666ms, Thread: pool-51-thread-2
Processed Task 22 (HIGH) | Wait: 1610ms, Turnaround: 1666ms, Thread: pool-51-thread-1
Processed Task 93 (MEDIUM) | Wait: 1666ms, Turnaround: 1718ms, Thread: pool-51-thread-2
Processed Task 21 (HIGH) | Wait: 1666ms, Turnaround: 1718ms, Thread: pool-51-thread-1
Processed Task 94 (MEDIUM) | Wait: 1718ms, Turnaround: 1774ms, Thread: pool-51-thread-2
Processed Task 17 (HIGH) | Wait: 1718ms, Turnaround: 1774ms, Thread: pool-51-thread-1
Processed Task 95 (MEDIUM) | Wait: 1774ms, Turnaround: 1827ms, Thread: pool-51-thread-2
Processed Task 16 (HIGH) | Wait: 1774ms, Turnaround: 1827ms, Thread: pool-51-thread-1
Processed Task 96 (MEDIUM) | Wait: 1827ms, Turnaround: 1881ms, Thread: pool-51-thread-2
Processed Task 10 (HIGH) | Wait: 1827ms, Turnaround: 1881ms, Thread: pool-51-thread-1
Processed Task 8 (HIGH) | Wait: 1881ms, Turnaround: 1935ms, Thread: pool-51-thread-1
Processed Task 99 (MEDIUM) | Wait: 1881ms, Turnaround: 1935ms, Thread: pool-51-thread-2
Processed Task 4 (HIGH) | Wait: 1935ms, Turnaround: 1989ms, Thread: pool-51-thread-1
Processed Task 100 (MEDIUM) | Wait: 1935ms, Turnaround: 1989ms, Thread: pool-51-thread-2
Processed Task 3 (HIGH) | Wait: 1989ms, Turnaround: 2043ms, Thread: pool-51-thread-1

----- RESULTS FOR THIS RUN -----
Tasks processed: 100
Total elapsed: 2.04 s
Throughput: 48.95 tasks/s

Wait Time (ms):
  Min = 0
  Max = 1989
  Avg = 921.30
  StdDev = 558.31

Turnaround Time (ms):
  Min = 52
  Max = 2043
  Avg = 976.64
  StdDev = 557.26
------------------------------


All 50 runs have completed.
]]></system-out>
  </testcase>
</testsuite>